2025-08-14 17:27:15,160 - INFO - 加载配置文件: /home/hypnosis/data/quant_base/backend/strategies_config.json
2025-08-14 17:27:15,162 - INFO - 配置加载成功: 5 个策略
2025-08-14 17:27:15,162 - INFO - 配置管理器初始化完成，配置文件: /home/hypnosis/data/quant_base/config/unified_strategy_config.json
2025-08-14 17:27:15,163 - INFO - 策略初始化: 周线金叉+日线MA v1.0
2025-08-14 17:27:15,164 - INFO - 发现策略: 周线金叉+日线MA_v1.0 (WeeklyGoldenCrossMaStrategy)
2025-08-14 17:27:15,164 - INFO - 策略初始化: MACD零轴启动 v1.0
2025-08-14 17:27:15,164 - INFO - 发现策略: MACD零轴启动_v1.0 (MacdZeroAxisStrategy)
2025-08-14 17:27:15,164 - ERROR - 加载策略文件失败 /home/hypnosis/data/quant_base/backend/strategies/abyss_bottoming_strategy.py: No module named 'backend'
2025-08-14 17:27:15,164 - INFO - 策略初始化: 临界金叉 v1.0
2025-08-14 17:27:15,164 - INFO - 发现策略: 临界金叉_v1.0 (PreCrossStrategy)
2025-08-14 17:27:15,164 - INFO - 策略初始化: 三重金叉 v1.0
2025-08-14 17:27:15,164 - INFO - 发现策略: 三重金叉_v1.0 (TripleCrossStrategy)
2025-08-14 17:27:15,164 - INFO - 策略管理器初始化完成，发现 4 个策略
2025-08-14 17:27:15,164 - INFO - 策略初始化: 周线金叉+日线MA v1.0
2025-08-14 17:27:15,164 - INFO - 发现策略: 周线金叉+日线MA_v1.0 (WeeklyGoldenCrossMaStrategy)
2025-08-14 17:27:15,164 - INFO - 策略初始化: MACD零轴启动 v1.0
2025-08-14 17:27:15,164 - INFO - 发现策略: MACD零轴启动_v1.0 (MacdZeroAxisStrategy)
2025-08-14 17:27:15,164 - ERROR - 加载策略文件失败 /home/hypnosis/data/quant_base/backend/strategies/abyss_bottoming_strategy.py: No module named 'backend'
2025-08-14 17:27:15,165 - INFO - 策略初始化: 临界金叉 v1.0
2025-08-14 17:27:15,165 - INFO - 发现策略: 临界金叉_v1.0 (PreCrossStrategy)
2025-08-14 17:27:15,165 - INFO - 策略初始化: 三重金叉 v1.0
2025-08-14 17:27:15,165 - INFO - 发现策略: 三重金叉_v1.0 (TripleCrossStrategy)
2025-08-14 17:27:15,165 - INFO - 策略管理器初始化完成，发现 4 个策略
2025-08-14 17:27:15,165 - INFO - 通用筛选器初始化完成
2025-08-14 17:27:15,165 - INFO - 策略初始化: 临界金叉 v1.0
2025-08-14 17:27:15,165 - INFO - 策略初始化: 三重金叉 v1.0
2025-08-14 17:27:15,165 - INFO - 策略初始化: MACD零轴启动 v1.0
2025-08-14 17:27:15,165 - INFO - 策略初始化: 周线金叉+日线MA v1.0
2025-08-14 17:27:15,165 - INFO - ===== 开始执行通用股票筛选 =====
2025-08-14 17:27:15,184 - INFO - 共找到 8973 个股票文件
2025-08-14 17:27:15,184 - INFO - 启用的策略: ['深渊筑底策略_v2.0', '临界金叉_v1.0', '三重金叉_v1.0', 'MACD零轴启动_v1.0', '周线金叉+日线MA_v1.0']
2025-08-14 17:27:15,197 - ERROR - 多进程处理失败: Can't pickle <class 'backend.strategies.weekly_golden_cross_ma_strategy.WeeklyGoldenCrossMaStrategy'>: import of module 'backend.strategies.weekly_golden_cross_ma_strategy' failed
2025-08-14 17:27:15,202 - ERROR - 策略未注册: 深渊筑底策略_v2.0
2025-08-14 17:27:15,202 - INFO - 策略初始化: 临界金叉 v1.0
2025-08-14 17:27:15,202 - INFO - 创建策略实例: 临界金叉_v1.0
2025-08-14 17:27:15,204 - INFO - 策略初始化: 三重金叉 v1.0
2025-08-14 17:27:15,204 - INFO - 创建策略实例: 三重金叉_v1.0
2025-08-14 17:27:15,206 - INFO - 策略初始化: MACD零轴启动 v1.0
2025-08-14 17:27:15,206 - INFO - 创建策略实例: MACD零轴启动_v1.0
2025-08-14 17:27:15,207 - INFO - 策略初始化: 周线金叉+日线MA v1.0
2025-08-14 17:27:15,207 - INFO - 创建策略实例: 周线金叉+日线MA_v1.0
2025-08-14 17:27:15,215 - ERROR - 策略未注册: 深渊筑底策略_v2.0
2025-08-14 17:27:15,226 - ERROR - 策略未注册: 深渊筑底策略_v2.0
2025-08-14 17:27:15,235 - ERROR - 策略未注册: 深渊筑底策略_v2.0
2025-08-14 17:27:15,245 - ERROR - 策略未注册: 深渊筑底策略_v2.0
2025-08-14 17:27:15,257 - ERROR - 策略未注册: 深渊筑底策略_v2.0
2025-08-14 17:27:15,269 - ERROR - 策略未注册: 深渊筑底策略_v2.0
2025-08-14 17:27:15,278 - ERROR - 策略未注册: 深渊筑底策略_v2.0
2025-08-14 17:27:15,291 - ERROR - 策略未注册: 深渊筑底策略_v2.0
2025-08-14 17:27:15,302 - ERROR - 策略未注册: 深渊筑底策略_v2.0
2025-08-14 17:27:15,313 - ERROR - 策略未注册: 深渊筑底策略_v2.0
2025-08-14 17:27:15,323 - ERROR - 策略未注册: 深渊筑底策略_v2.0
2025-08-14 17:27:15,332 - ERROR - 策略未注册: 深渊筑底策略_v2.0
2025-08-14 17:27:15,344 - ERROR - 策略未注册: 深渊筑底策略_v2.0
2025-08-14 17:27:15,355 - ERROR - 策略未注册: 深渊筑底策略_v2.0
2025-08-14 17:27:15,364 - ERROR - 策略未注册: 深渊筑底策略_v2.0
2025-08-14 17:27:15,375 - ERROR - 策略未注册: 深渊筑底策略_v2.0
2025-08-14 17:27:15,384 - ERROR - 策略未注册: 深渊筑底策略_v2.0
2025-08-14 17:27:15,395 - ERROR - 策略未注册: 深渊筑底策略_v2.0
2025-08-14 17:27:15,406 - ERROR - 策略未注册: 深渊筑底策略_v2.0
2025-08-14 17:27:15,417 - ERROR - 策略未注册: 深渊筑底策略_v2.0
2025-08-14 17:27:15,429 - ERROR - 策略未注册: 深渊筑底策略_v2.0
2025-08-14 17:27:15,440 - ERROR - 策略未注册: 深渊筑底策略_v2.0
2025-08-14 17:27:15,452 - ERROR - 策略未注册: 深渊筑底策略_v2.0
2025-08-14 17:27:15,464 - ERROR - 策略未注册: 深渊筑底策略_v2.0
2025-08-14 17:27:15,475 - ERROR - 策略未注册: 深渊筑底策略_v2.0
2025-08-14 17:27:15,487 - ERROR - 策略未注册: 深渊筑底策略_v2.0
2025-08-14 17:27:15,498 - ERROR - 策略未注册: 深渊筑底策略_v2.0
2025-08-14 17:27:15,510 - ERROR - 策略未注册: 深渊筑底策略_v2.0
2025-08-14 17:27:15,521 - ERROR - 策略未注册: 深渊筑底策略_v2.0
2025-08-14 17:27:15,532 - ERROR - 策略未注册: 深渊筑底策略_v2.0
2025-08-14 17:27:15,545 - ERROR - 策略未注册: 深渊筑底策略_v2.0
2025-08-14 17:27:15,557 - ERROR - 策略未注册: 深渊筑底策略_v2.0
2025-08-14 17:27:15,568 - ERROR - 策略未注册: 深渊筑底策略_v2.0
2025-08-14 17:27:15,577 - ERROR - 策略未注册: 深渊筑底策略_v2.0
2025-08-14 17:27:15,587 - ERROR - 策略未注册: 深渊筑底策略_v2.0
2025-08-14 17:27:15,599 - ERROR - 策略未注册: 深渊筑底策略_v2.0
2025-08-14 17:27:15,611 - ERROR - 策略未注册: 深渊筑底策略_v2.0
2025-08-14 17:27:15,624 - ERROR - 策略未注册: 深渊筑底策略_v2.0
2025-08-14 17:27:15,635 - ERROR - 策略未注册: 深渊筑底策略_v2.0
2025-08-14 17:27:15,645 - ERROR - 策略未注册: 深渊筑底策略_v2.0
2025-08-14 17:27:15,656 - ERROR - 策略未注册: 深渊筑底策略_v2.0
2025-08-14 17:27:15,668 - ERROR - 策略未注册: 深渊筑底策略_v2.0
2025-08-14 17:27:15,677 - ERROR - 策略未注册: 深渊筑底策略_v2.0
2025-08-14 17:27:15,688 - ERROR - 策略未注册: 深渊筑底策略_v2.0
2025-08-14 17:27:15,699 - ERROR - 策略未注册: 深渊筑底策略_v2.0
2025-08-14 17:27:15,709 - ERROR - 策略未注册: 深渊筑底策略_v2.0
2025-08-14 17:27:15,720 - ERROR - 策略未注册: 深渊筑底策略_v2.0
2025-08-14 17:27:15,730 - ERROR - 策略未注册: 深渊筑底策略_v2.0
2025-08-14 17:27:15,740 - ERROR - 策略未注册: 深渊筑底策略_v2.0
2025-08-14 17:27:15,751 - ERROR - 策略未注册: 深渊筑底策略_v2.0
2025-08-14 17:27:15,761 - ERROR - 策略未注册: 深渊筑底策略_v2.0
2025-08-14 17:27:15,770 - ERROR - 策略未注册: 深渊筑底策略_v2.0
2025-08-14 17:27:15,780 - ERROR - 策略未注册: 深渊筑底策略_v2.0
2025-08-14 17:27:15,790 - ERROR - 策略未注册: 深渊筑底策略_v2.0
2025-08-14 17:27:15,802 - ERROR - 策略未注册: 深渊筑底策略_v2.0
2025-08-14 17:27:15,811 - ERROR - 策略未注册: 深渊筑底策略_v2.0
2025-08-14 17:27:15,820 - ERROR - 策略未注册: 深渊筑底策略_v2.0
2025-08-14 17:27:15,826 - ERROR - 策略未注册: 深渊筑底策略_v2.0
2025-08-14 17:27:15,836 - ERROR - 策略未注册: 深渊筑底策略_v2.0
2025-08-14 17:27:15,847 - ERROR - 策略未注册: 深渊筑底策略_v2.0
2025-08-14 17:27:15,857 - ERROR - 策略未注册: 深渊筑底策略_v2.0
2025-08-14 17:27:15,868 - ERROR - 策略未注册: 深渊筑底策略_v2.0
2025-08-14 17:27:15,877 - ERROR - 策略未注册: 深渊筑底策略_v2.0
2025-08-14 17:27:15,884 - ERROR - 策略未注册: 深渊筑底策略_v2.0
2025-08-14 17:27:15,891 - ERROR - 策略未注册: 深渊筑底策略_v2.0
2025-08-14 17:27:15,900 - ERROR - 策略未注册: 深渊筑底策略_v2.0
2025-08-14 17:27:15,909 - ERROR - 策略未注册: 深渊筑底策略_v2.0
2025-08-14 17:27:15,920 - ERROR - 策略未注册: 深渊筑底策略_v2.0
2025-08-14 17:27:15,930 - ERROR - 策略未注册: 深渊筑底策略_v2.0
2025-08-14 17:27:15,942 - ERROR - 策略未注册: 深渊筑底策略_v2.0
2025-08-14 17:27:15,952 - ERROR - 策略未注册: 深渊筑底策略_v2.0
2025-08-14 17:27:15,961 - ERROR - 策略未注册: 深渊筑底策略_v2.0
2025-08-14 17:27:15,970 - ERROR - 策略未注册: 深渊筑底策略_v2.0
2025-08-14 17:27:15,982 - ERROR - 策略未注册: 深渊筑底策略_v2.0
2025-08-14 17:27:15,994 - ERROR - 策略未注册: 深渊筑底策略_v2.0
2025-08-14 17:27:16,005 - ERROR - 策略未注册: 深渊筑底策略_v2.0
2025-08-14 17:27:16,016 - ERROR - 策略未注册: 深渊筑底策略_v2.0
2025-08-14 17:27:16,027 - ERROR - 策略未注册: 深渊筑底策略_v2.0
2025-08-14 17:27:16,034 - ERROR - 策略未注册: 深渊筑底策略_v2.0
2025-08-14 17:27:16,039 - ERROR - 策略未注册: 深渊筑底策略_v2.0
2025-08-14 17:27:16,050 - ERROR - 策略未注册: 深渊筑底策略_v2.0
2025-08-14 17:27:16,060 - ERROR - 策略未注册: 深渊筑底策略_v2.0
2025-08-14 17:27:16,071 - ERROR - 策略未注册: 深渊筑底策略_v2.0
2025-08-14 17:27:16,080 - ERROR - 策略未注册: 深渊筑底策略_v2.0
2025-08-14 17:27:16,092 - ERROR - 策略未注册: 深渊筑底策略_v2.0
2025-08-14 17:27:16,104 - ERROR - 策略未注册: 深渊筑底策略_v2.0
2025-08-14 17:27:16,116 - ERROR - 策略未注册: 深渊筑底策略_v2.0
2025-08-14 17:27:16,127 - ERROR - 策略未注册: 深渊筑底策略_v2.0
2025-08-14 17:27:16,139 - ERROR - 策略未注册: 深渊筑底策略_v2.0
2025-08-14 17:27:16,150 - ERROR - 策略未注册: 深渊筑底策略_v2.0
2025-08-14 17:27:16,159 - ERROR - 策略未注册: 深渊筑底策略_v2.0
2025-08-14 17:27:16,166 - ERROR - 策略未注册: 深渊筑底策略_v2.0
2025-08-14 17:27:16,179 - ERROR - 策略未注册: 深渊筑底策略_v2.0
2025-08-14 17:27:16,191 - ERROR - 策略未注册: 深渊筑底策略_v2.0
2025-08-14 17:27:16,199 - ERROR - 策略未注册: 深渊筑底策略_v2.0
2025-08-14 17:27:16,209 - ERROR - 策略未注册: 深渊筑底策略_v2.0
2025-08-14 17:27:16,222 - ERROR - 策略未注册: 深渊筑底策略_v2.0
2025-08-14 17:27:16,233 - ERROR - 策略未注册: 深渊筑底策略_v2.0
2025-08-14 17:27:16,244 - ERROR - 策略未注册: 深渊筑底策略_v2.0
2025-08-14 17:27:16,259 - ERROR - 策略未注册: 深渊筑底策略_v2.0
2025-08-14 17:27:16,270 - ERROR - 策略未注册: 深渊筑底策略_v2.0
2025-08-14 17:27:16,282 - ERROR - 策略未注册: 深渊筑底策略_v2.0
2025-08-14 17:27:16,293 - ERROR - 策略未注册: 深渊筑底策略_v2.0
2025-08-14 17:27:16,305 - ERROR - 策略未注册: 深渊筑底策略_v2.0
2025-08-14 17:27:16,315 - ERROR - 策略未注册: 深渊筑底策略_v2.0
2025-08-14 17:27:16,327 - ERROR - 策略未注册: 深渊筑底策略_v2.0
2025-08-14 17:27:16,339 - ERROR - 策略未注册: 深渊筑底策略_v2.0
2025-08-14 17:27:16,348 - ERROR - 策略未注册: 深渊筑底策略_v2.0
2025-08-14 17:27:16,360 - ERROR - 策略未注册: 深渊筑底策略_v2.0
2025-08-14 17:27:16,372 - ERROR - 策略未注册: 深渊筑底策略_v2.0
2025-08-14 17:27:16,382 - ERROR - 策略未注册: 深渊筑底策略_v2.0
2025-08-14 17:27:16,394 - ERROR - 策略未注册: 深渊筑底策略_v2.0
2025-08-14 17:27:16,403 - ERROR - 策略未注册: 深渊筑底策略_v2.0
2025-08-14 17:27:16,409 - ERROR - 策略未注册: 深渊筑底策略_v2.0
2025-08-14 17:27:16,419 - ERROR - 策略未注册: 深渊筑底策略_v2.0
2025-08-14 17:27:16,428 - ERROR - 策略未注册: 深渊筑底策略_v2.0
2025-08-14 17:27:16,440 - ERROR - 策略未注册: 深渊筑底策略_v2.0
2025-08-14 17:27:16,452 - ERROR - 策略未注册: 深渊筑底策略_v2.0
2025-08-14 17:27:16,464 - ERROR - 策略未注册: 深渊筑底策略_v2.0
2025-08-14 17:27:16,476 - ERROR - 策略未注册: 深渊筑底策略_v2.0
2025-08-14 17:27:16,485 - ERROR - 策略未注册: 深渊筑底策略_v2.0
2025-08-14 17:27:16,496 - ERROR - 策略未注册: 深渊筑底策略_v2.0
2025-08-14 17:27:16,507 - ERROR - 策略未注册: 深渊筑底策略_v2.0
2025-08-14 17:27:16,520 - ERROR - 策略未注册: 深渊筑底策略_v2.0
2025-08-14 17:27:16,531 - ERROR - 策略未注册: 深渊筑底策略_v2.0
2025-08-14 17:27:16,548 - ERROR - 策略未注册: 深渊筑底策略_v2.0
2025-08-14 17:27:16,559 - ERROR - 策略未注册: 深渊筑底策略_v2.0
2025-08-14 17:27:16,570 - ERROR - 策略未注册: 深渊筑底策略_v2.0
2025-08-14 17:27:16,581 - ERROR - 策略未注册: 深渊筑底策略_v2.0
2025-08-14 17:27:16,592 - ERROR - 策略未注册: 深渊筑底策略_v2.0
2025-08-14 17:27:16,603 - ERROR - 策略未注册: 深渊筑底策略_v2.0
2025-08-14 17:27:16,616 - ERROR - 策略未注册: 深渊筑底策略_v2.0
2025-08-14 17:27:16,628 - ERROR - 策略未注册: 深渊筑底策略_v2.0
2025-08-14 17:27:16,639 - ERROR - 策略未注册: 深渊筑底策略_v2.0
2025-08-14 17:27:16,648 - ERROR - 策略未注册: 深渊筑底策略_v2.0
2025-08-14 17:27:16,657 - ERROR - 策略未注册: 深渊筑底策略_v2.0
2025-08-14 17:27:16,669 - ERROR - 策略未注册: 深渊筑底策略_v2.0
2025-08-14 17:27:16,678 - ERROR - 策略未注册: 深渊筑底策略_v2.0
2025-08-14 17:27:16,689 - ERROR - 策略未注册: 深渊筑底策略_v2.0
2025-08-14 17:27:16,694 - ERROR - 策略未注册: 深渊筑底策略_v2.0
2025-08-14 17:27:16,704 - ERROR - 策略未注册: 深渊筑底策略_v2.0
2025-08-14 17:27:16,714 - ERROR - 策略未注册: 深渊筑底策略_v2.0
2025-08-14 17:27:16,725 - ERROR - 策略未注册: 深渊筑底策略_v2.0
2025-08-14 17:27:16,737 - ERROR - 策略未注册: 深渊筑底策略_v2.0
2025-08-14 17:27:16,749 - ERROR - 策略未注册: 深渊筑底策略_v2.0
2025-08-14 17:27:16,762 - ERROR - 策略未注册: 深渊筑底策略_v2.0
2025-08-14 17:27:16,775 - ERROR - 策略未注册: 深渊筑底策略_v2.0
2025-08-14 17:27:16,786 - ERROR - 策略未注册: 深渊筑底策略_v2.0
2025-08-14 17:27:16,795 - ERROR - 策略未注册: 深渊筑底策略_v2.0
2025-08-14 17:27:16,806 - ERROR - 策略未注册: 深渊筑底策略_v2.0
2025-08-14 17:27:16,815 - ERROR - 策略未注册: 深渊筑底策略_v2.0
2025-08-14 17:27:16,825 - ERROR - 策略未注册: 深渊筑底策略_v2.0
2025-08-14 17:27:16,833 - INFO - 发现信号: sh603517 - 周线金叉+日线MA - BUY
2025-08-14 17:27:16,836 - ERROR - 策略未注册: 深渊筑底策略_v2.0
2025-08-14 17:27:16,847 - ERROR - 策略未注册: 深渊筑底策略_v2.0
2025-08-14 17:27:16,860 - ERROR - 策略未注册: 深渊筑底策略_v2.0
2025-08-14 17:27:16,871 - ERROR - 策略未注册: 深渊筑底策略_v2.0
2025-08-14 17:27:16,881 - ERROR - 策略未注册: 深渊筑底策略_v2.0
2025-08-14 17:27:16,892 - ERROR - 策略未注册: 深渊筑底策略_v2.0
2025-08-14 17:27:16,902 - ERROR - 策略未注册: 深渊筑底策略_v2.0
2025-08-14 17:27:16,911 - INFO - 发现信号: sh600171 - 周线金叉+日线MA - BUY
2025-08-14 17:27:16,913 - ERROR - 策略未注册: 深渊筑底策略_v2.0
2025-08-14 17:27:16,924 - ERROR - 策略未注册: 深渊筑底策略_v2.0
2025-08-14 17:27:16,937 - ERROR - 策略未注册: 深渊筑底策略_v2.0
2025-08-14 17:27:16,947 - ERROR - 策略未注册: 深渊筑底策略_v2.0
2025-08-14 17:27:16,959 - ERROR - 策略未注册: 深渊筑底策略_v2.0
2025-08-14 17:27:16,968 - ERROR - 策略未注册: 深渊筑底策略_v2.0
2025-08-14 17:27:16,978 - ERROR - 策略未注册: 深渊筑底策略_v2.0
2025-08-14 17:27:16,989 - ERROR - 策略未注册: 深渊筑底策略_v2.0
2025-08-14 17:27:17,000 - ERROR - 策略未注册: 深渊筑底策略_v2.0
2025-08-14 17:27:17,011 - ERROR - 策略未注册: 深渊筑底策略_v2.0
2025-08-14 17:27:17,023 - ERROR - 策略未注册: 深渊筑底策略_v2.0
2025-08-14 17:27:17,031 - ERROR - 策略未注册: 深渊筑底策略_v2.0
2025-08-14 17:27:17,036 - ERROR - 策略未注册: 深渊筑底策略_v2.0
2025-08-14 17:27:17,048 - ERROR - 策略未注册: 深渊筑底策略_v2.0
2025-08-14 17:27:17,060 - ERROR - 策略未注册: 深渊筑底策略_v2.0
2025-08-14 17:27:17,072 - ERROR - 策略未注册: 深渊筑底策略_v2.0
2025-08-14 17:27:17,083 - ERROR - 策略未注册: 深渊筑底策略_v2.0
2025-08-14 17:27:17,094 - ERROR - 策略未注册: 深渊筑底策略_v2.0
2025-08-14 17:27:17,103 - ERROR - 策略未注册: 深渊筑底策略_v2.0
2025-08-14 17:27:17,114 - ERROR - 策略未注册: 深渊筑底策略_v2.0
2025-08-14 17:27:17,125 - ERROR - 策略未注册: 深渊筑底策略_v2.0
2025-08-14 17:27:17,135 - ERROR - 策略未注册: 深渊筑底策略_v2.0
2025-08-14 17:27:17,145 - ERROR - 策略未注册: 深渊筑底策略_v2.0
2025-08-14 17:27:17,157 - ERROR - 策略未注册: 深渊筑底策略_v2.0
2025-08-14 17:27:17,167 - ERROR - 策略未注册: 深渊筑底策略_v2.0
2025-08-14 17:27:17,176 - ERROR - 策略未注册: 深渊筑底策略_v2.0
2025-08-14 17:27:17,186 - ERROR - 策略未注册: 深渊筑底策略_v2.0
2025-08-14 17:27:17,196 - ERROR - 策略未注册: 深渊筑底策略_v2.0
2025-08-14 17:27:17,208 - ERROR - 策略未注册: 深渊筑底策略_v2.0
2025-08-14 17:27:17,218 - ERROR - 策略未注册: 深渊筑底策略_v2.0
2025-08-14 17:27:17,227 - ERROR - 策略未注册: 深渊筑底策略_v2.0
2025-08-14 17:27:17,238 - ERROR - 策略未注册: 深渊筑底策略_v2.0
2025-08-14 17:27:17,248 - ERROR - 策略未注册: 深渊筑底策略_v2.0
2025-08-14 17:27:17,259 - ERROR - 策略未注册: 深渊筑底策略_v2.0
2025-08-14 17:27:17,272 - ERROR - 策略未注册: 深渊筑底策略_v2.0
2025-08-14 17:27:17,284 - ERROR - 策略未注册: 深渊筑底策略_v2.0
2025-08-14 17:27:17,294 - ERROR - 策略未注册: 深渊筑底策略_v2.0
2025-08-14 17:27:17,303 - ERROR - 策略未注册: 深渊筑底策略_v2.0
2025-08-14 17:27:17,312 - ERROR - 策略未注册: 深渊筑底策略_v2.0
2025-08-14 17:27:17,323 - ERROR - 策略未注册: 深渊筑底策略_v2.0
2025-08-14 17:27:17,335 - ERROR - 策略未注册: 深渊筑底策略_v2.0
2025-08-14 17:27:17,346 - ERROR - 策略未注册: 深渊筑底策略_v2.0
2025-08-14 17:27:17,356 - ERROR - 策略未注册: 深渊筑底策略_v2.0
2025-08-14 17:27:17,368 - ERROR - 策略未注册: 深渊筑底策略_v2.0
2025-08-14 17:27:17,379 - ERROR - 策略未注册: 深渊筑底策略_v2.0
2025-08-14 17:27:17,391 - ERROR - 策略未注册: 深渊筑底策略_v2.0
2025-08-14 17:27:17,402 - ERROR - 策略未注册: 深渊筑底策略_v2.0
2025-08-14 17:27:17,412 - ERROR - 策略未注册: 深渊筑底策略_v2.0
2025-08-14 17:27:17,423 - ERROR - 策略未注册: 深渊筑底策略_v2.0
2025-08-14 17:27:17,434 - ERROR - 策略未注册: 深渊筑底策略_v2.0
2025-08-14 17:27:17,445 - ERROR - 策略未注册: 深渊筑底策略_v2.0
2025-08-14 17:27:17,456 - ERROR - 策略未注册: 深渊筑底策略_v2.0
2025-08-14 17:27:17,467 - ERROR - 策略未注册: 深渊筑底策略_v2.0
2025-08-14 17:27:17,480 - ERROR - 策略未注册: 深渊筑底策略_v2.0
2025-08-14 17:27:17,491 - ERROR - 策略未注册: 深渊筑底策略_v2.0
2025-08-14 17:27:17,501 - ERROR - 策略未注册: 深渊筑底策略_v2.0
2025-08-14 17:27:17,511 - ERROR - 策略未注册: 深渊筑底策略_v2.0
2025-08-14 17:27:17,521 - ERROR - 策略未注册: 深渊筑底策略_v2.0
2025-08-14 17:27:17,533 - ERROR - 策略未注册: 深渊筑底策略_v2.0
2025-08-14 17:27:17,544 - ERROR - 策略未注册: 深渊筑底策略_v2.0
2025-08-14 17:27:17,554 - ERROR - 策略未注册: 深渊筑底策略_v2.0
2025-08-14 17:27:17,565 - ERROR - 策略未注册: 深渊筑底策略_v2.0
2025-08-14 17:27:17,575 - ERROR - 策略未注册: 深渊筑底策略_v2.0
2025-08-14 17:27:17,584 - ERROR - 策略未注册: 深渊筑底策略_v2.0
2025-08-14 17:27:17,593 - ERROR - 策略未注册: 深渊筑底策略_v2.0
2025-08-14 17:27:17,602 - ERROR - 策略未注册: 深渊筑底策略_v2.0
2025-08-14 17:27:17,614 - ERROR - 策略未注册: 深渊筑底策略_v2.0
2025-08-14 17:27:17,625 - ERROR - 策略未注册: 深渊筑底策略_v2.0
2025-08-14 17:27:17,636 - ERROR - 策略未注册: 深渊筑底策略_v2.0
2025-08-14 17:27:17,647 - ERROR - 策略未注册: 深渊筑底策略_v2.0
2025-08-14 17:27:17,659 - ERROR - 策略未注册: 深渊筑底策略_v2.0
2025-08-14 17:27:17,671 - ERROR - 策略未注册: 深渊筑底策略_v2.0
2025-08-14 17:27:17,681 - ERROR - 策略未注册: 深渊筑底策略_v2.0
2025-08-14 17:27:17,693 - ERROR - 策略未注册: 深渊筑底策略_v2.0
2025-08-14 17:27:17,705 - ERROR - 策略未注册: 深渊筑底策略_v2.0
2025-08-14 17:27:17,717 - ERROR - 策略未注册: 深渊筑底策略_v2.0
2025-08-14 17:27:17,726 - ERROR - 策略未注册: 深渊筑底策略_v2.0
2025-08-14 17:27:17,735 - ERROR - 策略未注册: 深渊筑底策略_v2.0
2025-08-14 17:27:17,744 - ERROR - 策略未注册: 深渊筑底策略_v2.0
2025-08-14 17:27:17,756 - ERROR - 策略未注册: 深渊筑底策略_v2.0
2025-08-14 17:27:17,766 - ERROR - 策略未注册: 深渊筑底策略_v2.0
2025-08-14 17:27:17,776 - ERROR - 策略未注册: 深渊筑底策略_v2.0
2025-08-14 17:27:17,786 - ERROR - 策略未注册: 深渊筑底策略_v2.0
2025-08-14 17:27:17,796 - ERROR - 策略未注册: 深渊筑底策略_v2.0
2025-08-14 17:27:17,807 - ERROR - 策略未注册: 深渊筑底策略_v2.0
2025-08-14 17:27:17,816 - ERROR - 策略未注册: 深渊筑底策略_v2.0
2025-08-14 17:27:17,826 - ERROR - 策略未注册: 深渊筑底策略_v2.0
2025-08-14 17:27:17,836 - ERROR - 策略未注册: 深渊筑底策略_v2.0
2025-08-14 17:27:17,848 - ERROR - 策略未注册: 深渊筑底策略_v2.0
2025-08-14 17:27:17,860 - ERROR - 策略未注册: 深渊筑底策略_v2.0
2025-08-14 17:27:17,871 - ERROR - 策略未注册: 深渊筑底策略_v2.0
2025-08-14 17:27:17,883 - ERROR - 策略未注册: 深渊筑底策略_v2.0
2025-08-14 17:27:17,892 - ERROR - 策略未注册: 深渊筑底策略_v2.0
2025-08-14 17:27:17,903 - ERROR - 策略未注册: 深渊筑底策略_v2.0
2025-08-14 17:27:17,913 - ERROR - 策略未注册: 深渊筑底策略_v2.0
2025-08-14 17:27:17,924 - ERROR - 策略未注册: 深渊筑底策略_v2.0
2025-08-14 17:27:17,935 - ERROR - 策略未注册: 深渊筑底策略_v2.0
2025-08-14 17:27:17,947 - ERROR - 策略未注册: 深渊筑底策略_v2.0
2025-08-14 17:27:17,958 - ERROR - 策略未注册: 深渊筑底策略_v2.0
2025-08-14 17:27:17,968 - ERROR - 策略未注册: 深渊筑底策略_v2.0
2025-08-14 17:27:17,978 - ERROR - 策略未注册: 深渊筑底策略_v2.0
2025-08-14 17:27:17,990 - ERROR - 策略未注册: 深渊筑底策略_v2.0
2025-08-14 17:27:18,001 - ERROR - 策略未注册: 深渊筑底策略_v2.0
2025-08-14 17:27:18,012 - ERROR - 策略未注册: 深渊筑底策略_v2.0
2025-08-14 17:27:18,025 - ERROR - 策略未注册: 深渊筑底策略_v2.0
2025-08-14 17:27:18,036 - ERROR - 策略未注册: 深渊筑底策略_v2.0
2025-08-14 17:27:18,046 - ERROR - 策略未注册: 深渊筑底策略_v2.0
2025-08-14 17:27:18,056 - ERROR - 策略未注册: 深渊筑底策略_v2.0
2025-08-14 17:27:18,066 - ERROR - 策略未注册: 深渊筑底策略_v2.0
2025-08-14 17:27:18,078 - ERROR - 策略未注册: 深渊筑底策略_v2.0
2025-08-14 17:27:18,089 - ERROR - 策略未注册: 深渊筑底策略_v2.0
2025-08-14 17:27:18,099 - ERROR - 策略未注册: 深渊筑底策略_v2.0
2025-08-14 17:27:18,110 - ERROR - 策略未注册: 深渊筑底策略_v2.0
2025-08-14 17:27:18,120 - ERROR - 策略未注册: 深渊筑底策略_v2.0
2025-08-14 17:27:18,129 - ERROR - 策略未注册: 深渊筑底策略_v2.0
2025-08-14 17:27:18,139 - ERROR - 策略未注册: 深渊筑底策略_v2.0
