2025-08-15 17:47:25,663 - INFO - 加载配置文件: /home/hypnosis/data/quant_base/backend/strategies_config.json
2025-08-15 17:47:25,663 - INFO - 配置加载成功: 5 个策略
2025-08-15 17:47:25,663 - INFO - 配置管理器初始化完成，配置文件: /home/hypnosis/data/quant_base/config/unified_strategy_config.json
2025-08-15 17:47:25,664 - INFO - 通用筛选器初始化完成
2025-08-15 17:47:25,664 - INFO - ===== 开始执行通用股票筛选 =====
2025-08-15 17:47:25,683 - INFO - 共找到 11839 个股票文件
2025-08-15 17:47:25,683 - INFO - 启用的策略: ['深渊筑底策略_v2.0', '临界金叉_v1.0', '三重金叉_v1.0', 'MACD零轴启动_v1.0', '周线金叉+日线MA_v1.0']
2025-08-15 17:47:53,819 - INFO - 对 395 个信号结果进行回测摘要分析...
2025-08-15 17:47:53,819 - INFO - 回测分析 [1/395]: 31#06633
2025-08-15 17:47:53,823 - WARNING - 策略ID 深渊筑底策略 未找到，使用替代ID: 深渊筑底策略_v2.0
2025-08-15 17:47:53,826 - INFO - 回测分析 [2/395]: sh600546
2025-08-15 17:47:53,828 - WARNING - 策略ID 深渊筑底策略 未找到，使用替代ID: 深渊筑底策略_v2.0
2025-08-15 17:47:53,831 - INFO - 回测分析 [3/395]: sz001300
2025-08-15 17:47:53,833 - WARNING - 策略ID 深渊筑底策略 未找到，使用替代ID: 深渊筑底策略_v2.0
2025-08-15 17:47:53,835 - INFO - 回测分析 [4/395]: 31#01652
2025-08-15 17:47:53,837 - WARNING - 策略ID 深渊筑底策略 未找到，使用替代ID: 深渊筑底策略_v2.0
2025-08-15 17:47:53,839 - INFO - 回测分析 [5/395]: 31#00162
2025-08-15 17:47:53,840 - WARNING - 策略ID 深渊筑底策略 未找到，使用替代ID: 深渊筑底策略_v2.0
2025-08-15 17:47:53,842 - INFO - 回测分析 [6/395]: 31#02422
2025-08-15 17:47:53,843 - WARNING - 策略ID 深渊筑底策略 未找到，使用替代ID: 深渊筑底策略_v2.0
2025-08-15 17:47:53,845 - INFO - 回测分析 [7/395]: 31#00195
2025-08-15 17:47:53,846 - WARNING - 策略ID 深渊筑底策略 未找到，使用替代ID: 深渊筑底策略_v2.0
2025-08-15 17:47:53,848 - INFO - 回测分析 [8/395]: 31#06093
2025-08-15 17:47:53,850 - WARNING - 策略ID 深渊筑底策略 未找到，使用替代ID: 深渊筑底策略_v2.0
2025-08-15 17:47:53,852 - INFO - 回测分析 [9/395]: 48#08392
2025-08-15 17:47:53,854 - WARNING - 策略ID 深渊筑底策略 未找到，使用替代ID: 深渊筑底策略_v2.0
2025-08-15 17:47:53,856 - INFO - 回测分析 [10/395]: 31#00110
2025-08-15 17:47:53,857 - WARNING - 策略ID 深渊筑底策略 未找到，使用替代ID: 深渊筑底策略_v2.0
2025-08-15 17:47:53,858 - INFO - 回测分析 [11/395]: 31#01121
2025-08-15 17:47:53,860 - WARNING - 策略ID 深渊筑底策略 未找到，使用替代ID: 深渊筑底策略_v2.0
2025-08-15 17:47:53,862 - INFO - 回测分析 [12/395]: 31#02521
2025-08-15 17:47:53,863 - WARNING - 策略ID 深渊筑底策略 未找到，使用替代ID: 深渊筑底策略_v2.0
2025-08-15 17:47:53,865 - INFO - 回测分析 [13/395]: 48#08620
2025-08-15 17:47:53,866 - WARNING - 策略ID 深渊筑底策略 未找到，使用替代ID: 深渊筑底策略_v2.0
2025-08-15 17:47:53,868 - INFO - 回测分析 [14/395]: 31#01996
2025-08-15 17:47:53,870 - WARNING - 策略ID 深渊筑底策略 未找到，使用替代ID: 深渊筑底策略_v2.0
2025-08-15 17:47:53,872 - INFO - 回测分析 [15/395]: 31#01490
2025-08-15 17:47:53,874 - WARNING - 策略ID 深渊筑底策略 未找到，使用替代ID: 深渊筑底策略_v2.0
2025-08-15 17:47:53,875 - INFO - 回测分析 [16/395]: 31#02258
2025-08-15 17:47:53,877 - WARNING - 策略ID 深渊筑底策略 未找到，使用替代ID: 深渊筑底策略_v2.0
2025-08-15 17:47:53,878 - INFO - 回测分析 [17/395]: 31#02260
2025-08-15 17:47:53,880 - WARNING - 策略ID 深渊筑底策略 未找到，使用替代ID: 深渊筑底策略_v2.0
2025-08-15 17:47:53,881 - INFO - 回测分析 [18/395]: sh600199
2025-08-15 17:47:53,883 - WARNING - 策略ID 深渊筑底策略 未找到，使用替代ID: 深渊筑底策略_v2.0
2025-08-15 17:47:53,886 - INFO - 回测分析 [19/395]: 31#02223
2025-08-15 17:47:53,887 - WARNING - 策略ID 深渊筑底策略 未找到，使用替代ID: 深渊筑底策略_v2.0
2025-08-15 17:47:53,889 - INFO - 回测分析 [20/395]: 31#02199
2025-08-15 17:47:53,891 - WARNING - 策略ID 深渊筑底策略 未找到，使用替代ID: 深渊筑底策略_v2.0
2025-08-15 17:47:53,893 - INFO - 回测分析 [21/395]: 31#01107
2025-08-15 17:47:53,894 - WARNING - 策略ID 深渊筑底策略 未找到，使用替代ID: 深渊筑底策略_v2.0
2025-08-15 17:47:53,896 - INFO - 回测分析 [22/395]: 31#00599
2025-08-15 17:47:53,897 - WARNING - 策略ID 深渊筑底策略 未找到，使用替代ID: 深渊筑底策略_v2.0
2025-08-15 17:47:53,898 - INFO - 回测分析 [23/395]: 31#01028
2025-08-15 17:47:53,900 - WARNING - 策略ID 深渊筑底策略 未找到，使用替代ID: 深渊筑底策略_v2.0
2025-08-15 17:47:53,902 - INFO - 回测分析 [24/395]: 31#09983
2025-08-15 17:47:53,904 - WARNING - 策略ID 深渊筑底策略 未找到，使用替代ID: 深渊筑底策略_v2.0
2025-08-15 17:47:53,905 - INFO - 回测分析 [25/395]: 31#01082
2025-08-15 17:47:53,907 - WARNING - 策略ID 深渊筑底策略 未找到，使用替代ID: 深渊筑底策略_v2.0
2025-08-15 17:47:53,909 - INFO - 回测分析 [26/395]: 31#02135
2025-08-15 17:47:53,911 - WARNING - 策略ID 深渊筑底策略 未找到，使用替代ID: 深渊筑底策略_v2.0
2025-08-15 17:47:53,912 - INFO - 回测分析 [27/395]: 31#01832
2025-08-15 17:47:53,914 - WARNING - 策略ID 深渊筑底策略 未找到，使用替代ID: 深渊筑底策略_v2.0
2025-08-15 17:47:53,915 - INFO - 回测分析 [28/395]: sz000518
2025-08-15 17:47:53,917 - WARNING - 策略ID 深渊筑底策略 未找到，使用替代ID: 深渊筑底策略_v2.0
2025-08-15 17:47:53,920 - INFO - 回测分析 [29/395]: sh600123
2025-08-15 17:47:53,922 - WARNING - 策略ID 深渊筑底策略 未找到，使用替代ID: 深渊筑底策略_v2.0
2025-08-15 17:47:53,924 - INFO - 回测分析 [30/395]: sz001378
2025-08-15 17:47:53,925 - WARNING - 策略ID 深渊筑底策略 未找到，使用替代ID: 深渊筑底策略_v2.0
2025-08-15 17:47:53,927 - INFO - 回测分析 [31/395]: sz300268
2025-08-15 17:47:53,929 - WARNING - 策略ID 深渊筑底策略 未找到，使用替代ID: 深渊筑底策略_v2.0
2025-08-15 17:47:53,931 - INFO - 回测分析 [32/395]: 31#06036
2025-08-15 17:47:53,933 - WARNING - 策略ID 深渊筑底策略 未找到，使用替代ID: 深渊筑底策略_v2.0
2025-08-15 17:47:53,935 - INFO - 回测分析 [33/395]: 31#00852
2025-08-15 17:47:53,936 - WARNING - 策略ID 深渊筑底策略 未找到，使用替代ID: 深渊筑底策略_v2.0
2025-08-15 17:47:53,938 - INFO - 回测分析 [34/395]: 31#01959
2025-08-15 17:47:53,939 - WARNING - 策略ID 深渊筑底策略 未找到，使用替代ID: 深渊筑底策略_v2.0
2025-08-15 17:47:53,941 - INFO - 回测分析 [35/395]: 48#08262
2025-08-15 17:47:53,943 - WARNING - 策略ID 深渊筑底策略 未找到，使用替代ID: 深渊筑底策略_v2.0
2025-08-15 17:47:53,944 - INFO - 回测分析 [36/395]: 31#01909
2025-08-15 17:47:53,946 - WARNING - 策略ID 深渊筑底策略 未找到，使用替代ID: 深渊筑底策略_v2.0
2025-08-15 17:47:53,948 - INFO - 回测分析 [37/395]: 31#01865
2025-08-15 17:47:53,950 - WARNING - 策略ID 深渊筑底策略 未找到，使用替代ID: 深渊筑底策略_v2.0
2025-08-15 17:47:53,951 - INFO - 回测分析 [38/395]: 31#02325
2025-08-15 17:47:53,953 - WARNING - 策略ID 深渊筑底策略 未找到，使用替代ID: 深渊筑底策略_v2.0
2025-08-15 17:47:53,954 - INFO - 回测分析 [39/395]: sz000521
2025-08-15 17:47:53,957 - WARNING - 策略ID 深渊筑底策略 未找到，使用替代ID: 深渊筑底策略_v2.0
2025-08-15 17:47:53,959 - INFO - 回测分析 [40/395]: 48#08527
2025-08-15 17:47:53,961 - WARNING - 策略ID 深渊筑底策略 未找到，使用替代ID: 深渊筑底策略_v2.0
2025-08-15 17:47:53,963 - INFO - 回测分析 [41/395]: 31#00589
2025-08-15 17:47:53,964 - WARNING - 策略ID 深渊筑底策略 未找到，使用替代ID: 深渊筑底策略_v2.0
2025-08-15 17:47:53,966 - INFO - 回测分析 [42/395]: 31#06108
2025-08-15 17:47:53,967 - WARNING - 策略ID 深渊筑底策略 未找到，使用替代ID: 深渊筑底策略_v2.0
2025-08-15 17:47:53,969 - INFO - 回测分析 [43/395]: 31#03650
2025-08-15 17:47:53,970 - WARNING - 策略ID 深渊筑底策略 未找到，使用替代ID: 深渊筑底策略_v2.0
2025-08-15 17:47:53,972 - INFO - 回测分析 [44/395]: 31#01442
2025-08-15 17:47:53,973 - WARNING - 策略ID 深渊筑底策略 未找到，使用替代ID: 深渊筑底策略_v2.0
2025-08-15 17:47:53,975 - INFO - 回测分析 [45/395]: 31#01463
2025-08-15 17:47:53,977 - WARNING - 策略ID 深渊筑底策略 未找到，使用替代ID: 深渊筑底策略_v2.0
2025-08-15 17:47:53,979 - INFO - 回测分析 [46/395]: 31#00126
2025-08-15 17:47:53,980 - WARNING - 策略ID 深渊筑底策略 未找到，使用替代ID: 深渊筑底策略_v2.0
2025-08-15 17:47:53,982 - INFO - 回测分析 [47/395]: sh603609
2025-08-15 17:47:53,984 - WARNING - 策略ID 周线金叉+日线MA 未找到，使用替代ID: 周线金叉+日线MA_v1.0
2025-08-15 17:47:53,991 - INFO - 回测分析 [48/395]: 31#00174
2025-08-15 17:47:53,992 - WARNING - 策略ID 深渊筑底策略 未找到，使用替代ID: 深渊筑底策略_v2.0
2025-08-15 17:47:53,994 - INFO - 回测分析 [49/395]: 48#08311
2025-08-15 17:47:53,995 - WARNING - 策略ID 深渊筑底策略 未找到，使用替代ID: 深渊筑底策略_v2.0
2025-08-15 17:47:53,996 - INFO - 回测分析 [50/395]: sz000595
2025-08-15 17:47:53,998 - WARNING - 策略ID 深渊筑底策略 未找到，使用替代ID: 深渊筑底策略_v2.0
2025-08-15 17:47:54,001 - INFO - 回测分析 [51/395]: 48#08523
2025-08-15 17:47:54,002 - WARNING - 策略ID 深渊筑底策略 未找到，使用替代ID: 深渊筑底策略_v2.0
2025-08-15 17:47:54,004 - INFO - 回测分析 [52/395]: 31#01849
2025-08-15 17:47:54,007 - WARNING - 策略ID 深渊筑底策略 未找到，使用替代ID: 深渊筑底策略_v2.0
2025-08-15 17:47:54,009 - INFO - 回测分析 [53/395]: 31#01975
2025-08-15 17:47:54,011 - WARNING - 策略ID 深渊筑底策略 未找到，使用替代ID: 深渊筑底策略_v2.0
2025-08-15 17:47:54,013 - INFO - 回测分析 [54/395]: 31#02153
2025-08-15 17:47:54,015 - WARNING - 策略ID 深渊筑底策略 未找到，使用替代ID: 深渊筑底策略_v2.0
2025-08-15 17:47:54,016 - INFO - 回测分析 [55/395]: 48#08167
2025-08-15 17:47:54,018 - WARNING - 策略ID 深渊筑底策略 未找到，使用替代ID: 深渊筑底策略_v2.0
2025-08-15 17:47:54,021 - INFO - 回测分析 [56/395]: 31#01323
2025-08-15 17:47:54,024 - WARNING - 策略ID 深渊筑底策略 未找到，使用替代ID: 深渊筑底策略_v2.0
2025-08-15 17:47:54,025 - INFO - 回测分析 [57/395]: 48#08130
2025-08-15 17:47:54,027 - WARNING - 策略ID 深渊筑底策略 未找到，使用替代ID: 深渊筑底策略_v2.0
2025-08-15 17:47:54,029 - INFO - 回测分析 [58/395]: 31#00603
2025-08-15 17:47:54,031 - WARNING - 策略ID 深渊筑底策略 未找到，使用替代ID: 深渊筑底策略_v2.0
2025-08-15 17:47:54,033 - INFO - 回测分析 [59/395]: 31#01733
2025-08-15 17:47:54,035 - WARNING - 策略ID 深渊筑底策略 未找到，使用替代ID: 深渊筑底策略_v2.0
2025-08-15 17:47:54,038 - INFO - 回测分析 [60/395]: sh600810
2025-08-15 17:47:54,041 - WARNING - 策略ID 周线金叉+日线MA 未找到，使用替代ID: 周线金叉+日线MA_v1.0
2025-08-15 17:47:54,047 - INFO - 回测分析 [61/395]: sz002581
2025-08-15 17:47:54,049 - WARNING - 策略ID 深渊筑底策略 未找到，使用替代ID: 深渊筑底策略_v2.0
2025-08-15 17:47:54,051 - INFO - 回测分析 [62/395]: 31#06958
2025-08-15 17:47:54,053 - WARNING - 策略ID 深渊筑底策略 未找到，使用替代ID: 深渊筑底策略_v2.0
2025-08-15 17:47:54,055 - INFO - 回测分析 [63/395]: 31#00822
2025-08-15 17:47:54,057 - WARNING - 策略ID 深渊筑底策略 未找到，使用替代ID: 深渊筑底策略_v2.0
2025-08-15 17:47:54,059 - INFO - 回测分析 [64/395]: 31#03798
2025-08-15 17:47:54,061 - WARNING - 策略ID 深渊筑底策略 未找到，使用替代ID: 深渊筑底策略_v2.0
2025-08-15 17:47:54,062 - INFO - 回测分析 [65/395]: 31#03333
2025-08-15 17:47:54,064 - WARNING - 策略ID 深渊筑底策略 未找到，使用替代ID: 深渊筑底策略_v2.0
2025-08-15 17:47:54,065 - INFO - 回测分析 [66/395]: sz000820
2025-08-15 17:47:54,067 - WARNING - 策略ID 深渊筑底策略 未找到，使用替代ID: 深渊筑底策略_v2.0
2025-08-15 17:47:54,070 - INFO - 回测分析 [67/395]: 48#08627
2025-08-15 17:47:54,072 - WARNING - 策略ID 深渊筑底策略 未找到，使用替代ID: 深渊筑底策略_v2.0
2025-08-15 17:47:54,074 - INFO - 回测分析 [68/395]: 31#01660
2025-08-15 17:47:54,076 - WARNING - 策略ID 深渊筑底策略 未找到，使用替代ID: 深渊筑底策略_v2.0
2025-08-15 17:47:54,077 - INFO - 回测分析 [69/395]: 31#09963
2025-08-15 17:47:54,078 - WARNING - 策略ID 深渊筑底策略 未找到，使用替代ID: 深渊筑底策略_v2.0
2025-08-15 17:47:54,080 - INFO - 回测分析 [70/395]: 31#01701
2025-08-15 17:47:54,082 - WARNING - 策略ID 深渊筑底策略 未找到，使用替代ID: 深渊筑底策略_v2.0
2025-08-15 17:47:54,083 - INFO - 回测分析 [71/395]: 31#03336
2025-08-15 17:47:54,085 - WARNING - 策略ID 深渊筑底策略 未找到，使用替代ID: 深渊筑底策略_v2.0
2025-08-15 17:47:54,087 - INFO - 回测分析 [72/395]: 48#08152
2025-08-15 17:47:54,088 - WARNING - 策略ID 深渊筑底策略 未找到，使用替代ID: 深渊筑底策略_v2.0
2025-08-15 17:47:54,090 - INFO - 回测分析 [73/395]: 31#03300
2025-08-15 17:47:54,092 - WARNING - 策略ID 深渊筑底策略 未找到，使用替代ID: 深渊筑底策略_v2.0
2025-08-15 17:47:54,094 - INFO - 回测分析 [74/395]: 31#01317
2025-08-15 17:47:54,110 - WARNING - 策略ID 深渊筑底策略 未找到，使用替代ID: 深渊筑底策略_v2.0
2025-08-15 17:47:54,112 - INFO - 回测分析 [75/395]: 31#01498
2025-08-15 17:47:54,114 - WARNING - 策略ID 深渊筑底策略 未找到，使用替代ID: 深渊筑底策略_v2.0
2025-08-15 17:47:54,116 - INFO - 回测分析 [76/395]: 31#02399
2025-08-15 17:47:54,118 - WARNING - 策略ID 深渊筑底策略 未找到，使用替代ID: 深渊筑底策略_v2.0
2025-08-15 17:47:54,120 - INFO - 回测分析 [77/395]: 48#08526
2025-08-15 17:47:54,121 - WARNING - 策略ID 深渊筑底策略 未找到，使用替代ID: 深渊筑底策略_v2.0
2025-08-15 17:47:54,123 - INFO - 回测分析 [78/395]: 31#01029
2025-08-15 17:47:54,126 - WARNING - 策略ID 深渊筑底策略 未找到，使用替代ID: 深渊筑底策略_v2.0
2025-08-15 17:47:54,128 - INFO - 回测分析 [79/395]: 48#08659
2025-08-15 17:47:54,130 - WARNING - 策略ID 深渊筑底策略 未找到，使用替代ID: 深渊筑底策略_v2.0
2025-08-15 17:47:54,132 - INFO - 回测分析 [80/395]: 31#06677
2025-08-15 17:47:54,133 - WARNING - 策略ID 深渊筑底策略 未找到，使用替代ID: 深渊筑底策略_v2.0
2025-08-15 17:47:54,135 - INFO - 回测分析 [81/395]: 48#08238
2025-08-15 17:47:54,137 - WARNING - 策略ID 深渊筑底策略 未找到，使用替代ID: 深渊筑底策略_v2.0
2025-08-15 17:47:54,139 - INFO - 回测分析 [82/395]: 31#02448
2025-08-15 17:47:54,141 - WARNING - 策略ID 深渊筑底策略 未找到，使用替代ID: 深渊筑底策略_v2.0
2025-08-15 17:47:54,143 - INFO - 回测分析 [83/395]: 31#02180
2025-08-15 17:47:54,145 - WARNING - 策略ID 深渊筑底策略 未找到，使用替代ID: 深渊筑底策略_v2.0
2025-08-15 17:47:54,147 - INFO - 回测分析 [84/395]: 31#02193
2025-08-15 17:47:54,148 - WARNING - 策略ID 深渊筑底策略 未找到，使用替代ID: 深渊筑底策略_v2.0
2025-08-15 17:47:54,150 - INFO - 回测分析 [85/395]: 48#08487
2025-08-15 17:47:54,152 - WARNING - 策略ID 深渊筑底策略 未找到，使用替代ID: 深渊筑底策略_v2.0
2025-08-15 17:47:54,154 - INFO - 回测分析 [86/395]: 31#01655
2025-08-15 17:47:54,156 - WARNING - 策略ID 深渊筑底策略 未找到，使用替代ID: 深渊筑底策略_v2.0
2025-08-15 17:47:54,157 - INFO - 回测分析 [87/395]: 31#00137
2025-08-15 17:47:54,159 - WARNING - 策略ID 深渊筑底策略 未找到，使用替代ID: 深渊筑底策略_v2.0
2025-08-15 17:47:54,161 - INFO - 回测分析 [88/395]: 48#08452
2025-08-15 17:47:54,162 - WARNING - 策略ID 深渊筑底策略 未找到，使用替代ID: 深渊筑底策略_v2.0
2025-08-15 17:47:54,163 - INFO - 回测分析 [89/395]: 31#02182
2025-08-15 17:47:54,165 - WARNING - 策略ID 深渊筑底策略 未找到，使用替代ID: 深渊筑底策略_v2.0
2025-08-15 17:47:54,166 - INFO - 回测分析 [90/395]: 31#02623
2025-08-15 17:47:54,168 - WARNING - 策略ID 深渊筑底策略 未找到，使用替代ID: 深渊筑底策略_v2.0
2025-08-15 17:47:54,170 - INFO - 回测分析 [91/395]: 31#00726
2025-08-15 17:47:54,172 - WARNING - 策略ID 深渊筑底策略 未找到，使用替代ID: 深渊筑底策略_v2.0
2025-08-15 17:47:54,174 - INFO - 回测分析 [92/395]: 31#01058
2025-08-15 17:47:54,175 - WARNING - 策略ID 深渊筑底策略 未找到，使用替代ID: 深渊筑底策略_v2.0
2025-08-15 17:47:54,177 - INFO - 回测分析 [93/395]: 31#00733
2025-08-15 17:47:54,179 - WARNING - 策略ID 深渊筑底策略 未找到，使用替代ID: 深渊筑底策略_v2.0
2025-08-15 17:47:54,180 - INFO - 回测分析 [94/395]: 48#08241
2025-08-15 17:47:54,182 - WARNING - 策略ID 深渊筑底策略 未找到，使用替代ID: 深渊筑底策略_v2.0
2025-08-15 17:47:54,183 - INFO - 回测分析 [95/395]: 31#06163
2025-08-15 17:47:54,185 - WARNING - 策略ID 深渊筑底策略 未找到，使用替代ID: 深渊筑底策略_v2.0
2025-08-15 17:47:54,186 - INFO - 回测分析 [96/395]: 31#02708
2025-08-15 17:47:54,188 - WARNING - 策略ID 深渊筑底策略 未找到，使用替代ID: 深渊筑底策略_v2.0
2025-08-15 17:47:54,190 - INFO - 回测分析 [97/395]: 31#02168
2025-08-15 17:47:54,192 - WARNING - 策略ID 深渊筑底策略 未找到，使用替代ID: 深渊筑底策略_v2.0
2025-08-15 17:47:54,194 - INFO - 回测分析 [98/395]: 31#00663
2025-08-15 17:47:54,195 - WARNING - 策略ID 深渊筑底策略 未找到，使用替代ID: 深渊筑底策略_v2.0
2025-08-15 17:47:54,197 - INFO - 回测分析 [99/395]: 31#02798
2025-08-15 17:47:54,199 - WARNING - 策略ID 深渊筑底策略 未找到，使用替代ID: 深渊筑底策略_v2.0
2025-08-15 17:47:54,201 - INFO - 回测分析 [100/395]: 31#09929
2025-08-15 17:47:54,202 - WARNING - 策略ID 深渊筑底策略 未找到，使用替代ID: 深渊筑底策略_v2.0
2025-08-15 17:47:54,204 - INFO - 回测分析 [101/395]: 31#00810
2025-08-15 17:47:54,206 - WARNING - 策略ID 深渊筑底策略 未找到，使用替代ID: 深渊筑底策略_v2.0
2025-08-15 17:47:54,208 - INFO - 回测分析 [102/395]: 31#01185
2025-08-15 17:47:54,209 - WARNING - 策略ID 深渊筑底策略 未找到，使用替代ID: 深渊筑底策略_v2.0
2025-08-15 17:47:54,211 - INFO - 回测分析 [103/395]: sh603261
2025-08-15 17:47:54,212 - WARNING - 策略ID 深渊筑底策略 未找到，使用替代ID: 深渊筑底策略_v2.0
2025-08-15 17:47:54,215 - INFO - 回测分析 [104/395]: 31#00873
2025-08-15 17:47:54,217 - WARNING - 策略ID 深渊筑底策略 未找到，使用替代ID: 深渊筑底策略_v2.0
2025-08-15 17:47:54,218 - INFO - 回测分析 [105/395]: 31#06698
2025-08-15 17:47:54,220 - WARNING - 策略ID 深渊筑底策略 未找到，使用替代ID: 深渊筑底策略_v2.0
2025-08-15 17:47:54,222 - INFO - 回测分析 [106/395]: 48#08091
2025-08-15 17:47:54,223 - WARNING - 策略ID 深渊筑底策略 未找到，使用替代ID: 深渊筑底策略_v2.0
2025-08-15 17:47:54,225 - INFO - 回测分析 [107/395]: 48#08203
2025-08-15 17:47:54,226 - WARNING - 策略ID 深渊筑底策略 未找到，使用替代ID: 深渊筑底策略_v2.0
2025-08-15 17:47:54,228 - INFO - 回测分析 [108/395]: 48#08328
2025-08-15 17:47:54,230 - WARNING - 策略ID 深渊筑底策略 未找到，使用替代ID: 深渊筑底策略_v2.0
2025-08-15 17:47:54,232 - INFO - 回测分析 [109/395]: 31#09663
2025-08-15 17:47:54,233 - WARNING - 策略ID 深渊筑底策略 未找到，使用替代ID: 深渊筑底策略_v2.0
2025-08-15 17:47:54,234 - INFO - 回测分析 [110/395]: 31#01645
2025-08-15 17:47:54,236 - WARNING - 策略ID 深渊筑底策略 未找到，使用替代ID: 深渊筑底策略_v2.0
2025-08-15 17:47:54,238 - INFO - 回测分析 [111/395]: 31#09686
2025-08-15 17:47:54,239 - WARNING - 策略ID 深渊筑底策略 未找到，使用替代ID: 深渊筑底策略_v2.0
2025-08-15 17:47:54,241 - INFO - 回测分析 [112/395]: 31#01406
2025-08-15 17:47:54,242 - WARNING - 策略ID 深渊筑底策略 未找到，使用替代ID: 深渊筑底策略_v2.0
2025-08-15 17:47:54,244 - INFO - 回测分析 [113/395]: 48#08291
2025-08-15 17:47:54,245 - WARNING - 策略ID 深渊筑底策略 未找到，使用替代ID: 深渊筑底策略_v2.0
2025-08-15 17:47:54,247 - INFO - 回测分析 [114/395]: 31#02436
2025-08-15 17:47:54,248 - WARNING - 策略ID 深渊筑底策略 未找到，使用替代ID: 深渊筑底策略_v2.0
2025-08-15 17:47:54,249 - INFO - 回测分析 [115/395]: sz003032
2025-08-15 17:47:54,251 - WARNING - 策略ID 深渊筑底策略 未找到，使用替代ID: 深渊筑底策略_v2.0
2025-08-15 17:47:54,254 - INFO - 回测分析 [116/395]: 31#00122
2025-08-15 17:47:54,256 - WARNING - 策略ID 深渊筑底策略 未找到，使用替代ID: 深渊筑底策略_v2.0
2025-08-15 17:47:54,258 - INFO - 回测分析 [117/395]: 31#03390
2025-08-15 17:47:54,260 - WARNING - 策略ID 深渊筑底策略 未找到，使用替代ID: 深渊筑底策略_v2.0
2025-08-15 17:47:54,261 - INFO - 回测分析 [118/395]: 48#08047
2025-08-15 17:47:54,263 - WARNING - 策略ID 深渊筑底策略 未找到，使用替代ID: 深渊筑底策略_v2.0
2025-08-15 17:47:54,265 - INFO - 回测分析 [119/395]: 31#02226
2025-08-15 17:47:54,266 - WARNING - 策略ID 深渊筑底策略 未找到，使用替代ID: 深渊筑底策略_v2.0
2025-08-15 17:47:54,268 - INFO - 回测分析 [120/395]: sz002529
2025-08-15 17:47:54,270 - WARNING - 策略ID 深渊筑底策略 未找到，使用替代ID: 深渊筑底策略_v2.0
2025-08-15 17:47:54,273 - INFO - 回测分析 [121/395]: 31#00894
2025-08-15 17:47:54,275 - WARNING - 策略ID 深渊筑底策略 未找到，使用替代ID: 深渊筑底策略_v2.0
2025-08-15 17:47:54,276 - INFO - 回测分析 [122/395]: 31#00052
2025-08-15 17:47:54,279 - WARNING - 策略ID 深渊筑底策略 未找到，使用替代ID: 深渊筑底策略_v2.0
2025-08-15 17:47:54,280 - INFO - 回测分析 [123/395]: 31#01255
2025-08-15 17:47:54,282 - WARNING - 策略ID 深渊筑底策略 未找到，使用替代ID: 深渊筑底策略_v2.0
2025-08-15 17:47:54,283 - INFO - 回测分析 [124/395]: 31#06610
2025-08-15 17:47:54,285 - WARNING - 策略ID 深渊筑底策略 未找到，使用替代ID: 深渊筑底策略_v2.0
2025-08-15 17:47:54,286 - INFO - 回测分析 [125/395]: sz003004
2025-08-15 17:47:54,288 - WARNING - 策略ID 深渊筑底策略 未找到，使用替代ID: 深渊筑底策略_v2.0
2025-08-15 17:47:54,291 - INFO - 回测分析 [126/395]: sh603348
2025-08-15 17:47:54,293 - WARNING - 策略ID 深渊筑底策略 未找到，使用替代ID: 深渊筑底策略_v2.0
2025-08-15 17:47:54,296 - INFO - 回测分析 [127/395]: 31#06988
2025-08-15 17:47:54,298 - WARNING - 策略ID 深渊筑底策略 未找到，使用替代ID: 深渊筑底策略_v2.0
2025-08-15 17:47:54,299 - INFO - 回测分析 [128/395]: sh600026
2025-08-15 17:47:54,301 - WARNING - 策略ID 深渊筑底策略 未找到，使用替代ID: 深渊筑底策略_v2.0
2025-08-15 17:47:54,304 - INFO - 回测分析 [129/395]: 31#01362
2025-08-15 17:47:54,305 - WARNING - 策略ID 深渊筑底策略 未找到，使用替代ID: 深渊筑底策略_v2.0
2025-08-15 17:47:54,307 - INFO - 回测分析 [130/395]: 31#06900
2025-08-15 17:47:54,308 - WARNING - 策略ID 深渊筑底策略 未找到，使用替代ID: 深渊筑底策略_v2.0
2025-08-15 17:47:54,310 - INFO - 回测分析 [131/395]: 48#08495
2025-08-15 17:47:54,311 - WARNING - 策略ID 深渊筑底策略 未找到，使用替代ID: 深渊筑底策略_v2.0
2025-08-15 17:47:54,313 - INFO - 回测分析 [132/395]: 31#01161
2025-08-15 17:47:54,315 - WARNING - 策略ID 深渊筑底策略 未找到，使用替代ID: 深渊筑底策略_v2.0
2025-08-15 17:47:54,317 - INFO - 回测分析 [133/395]: 31#02175
2025-08-15 17:47:54,318 - WARNING - 策略ID 深渊筑底策略 未找到，使用替代ID: 深渊筑底策略_v2.0
2025-08-15 17:47:54,320 - INFO - 回测分析 [134/395]: 31#06833
2025-08-15 17:47:54,322 - WARNING - 策略ID 深渊筑底策略 未找到，使用替代ID: 深渊筑底策略_v2.0
2025-08-15 17:47:54,323 - INFO - 回测分析 [135/395]: 31#00936
2025-08-15 17:47:54,324 - WARNING - 策略ID 深渊筑底策略 未找到，使用替代ID: 深渊筑底策略_v2.0
2025-08-15 17:47:54,326 - INFO - 回测分析 [136/395]: 31#03628
2025-08-15 17:47:54,327 - WARNING - 策略ID 深渊筑底策略 未找到，使用替代ID: 深渊筑底策略_v2.0
2025-08-15 17:47:54,329 - INFO - 回测分析 [137/395]: 31#02459
2025-08-15 17:47:54,330 - WARNING - 策略ID 深渊筑底策略 未找到，使用替代ID: 深渊筑底策略_v2.0
2025-08-15 17:47:54,331 - INFO - 回测分析 [138/395]: 31#09982
2025-08-15 17:47:54,333 - WARNING - 策略ID 深渊筑底策略 未找到，使用替代ID: 深渊筑底策略_v2.0
2025-08-15 17:47:54,334 - INFO - 回测分析 [139/395]: 31#01246
2025-08-15 17:47:54,336 - WARNING - 策略ID 深渊筑底策略 未找到，使用替代ID: 深渊筑底策略_v2.0
2025-08-15 17:47:54,338 - INFO - 回测分析 [140/395]: 31#01417
2025-08-15 17:47:54,339 - WARNING - 策略ID 深渊筑底策略 未找到，使用替代ID: 深渊筑底策略_v2.0
2025-08-15 17:47:54,341 - INFO - 回测分析 [141/395]: 31#01204
2025-08-15 17:47:54,342 - WARNING - 策略ID 深渊筑底策略 未找到，使用替代ID: 深渊筑底策略_v2.0
2025-08-15 17:47:54,344 - INFO - 回测分析 [142/395]: 31#03603
2025-08-15 17:47:54,346 - WARNING - 策略ID 深渊筑底策略 未找到，使用替代ID: 深渊筑底策略_v2.0
2025-08-15 17:47:54,347 - INFO - 回测分析 [143/395]: 31#00830
2025-08-15 17:47:54,349 - WARNING - 策略ID 深渊筑底策略 未找到，使用替代ID: 深渊筑底策略_v2.0
2025-08-15 17:47:54,351 - INFO - 回测分析 [144/395]: sz002531
2025-08-15 17:47:54,353 - WARNING - 策略ID 深渊筑底策略 未找到，使用替代ID: 深渊筑底策略_v2.0
2025-08-15 17:47:54,356 - INFO - 回测分析 [145/395]: 31#06199
2025-08-15 17:47:54,358 - WARNING - 策略ID 深渊筑底策略 未找到，使用替代ID: 深渊筑底策略_v2.0
2025-08-15 17:47:54,359 - INFO - 回测分析 [146/395]: 31#01897
2025-08-15 17:47:54,361 - WARNING - 策略ID 深渊筑底策略 未找到，使用替代ID: 深渊筑底策略_v2.0
2025-08-15 17:47:54,363 - INFO - 回测分析 [147/395]: 31#01987
2025-08-15 17:47:54,365 - WARNING - 策略ID 深渊筑底策略 未找到，使用替代ID: 深渊筑底策略_v2.0
2025-08-15 17:47:54,366 - INFO - 回测分析 [148/395]: 48#08001
2025-08-15 17:47:54,367 - WARNING - 策略ID 深渊筑底策略 未找到，使用替代ID: 深渊筑底策略_v2.0
2025-08-15 17:47:54,369 - INFO - 回测分析 [149/395]: 31#01284
2025-08-15 17:47:54,370 - WARNING - 策略ID 深渊筑底策略 未找到，使用替代ID: 深渊筑底策略_v2.0
2025-08-15 17:47:54,372 - INFO - 回测分析 [150/395]: 31#00724
2025-08-15 17:47:54,373 - WARNING - 策略ID 深渊筑底策略 未找到，使用替代ID: 深渊筑底策略_v2.0
2025-08-15 17:47:54,375 - INFO - 回测分析 [151/395]: 31#01410
2025-08-15 17:47:54,377 - WARNING - 策略ID 深渊筑底策略 未找到，使用替代ID: 深渊筑底策略_v2.0
2025-08-15 17:47:54,379 - INFO - 回测分析 [152/395]: 31#01845
2025-08-15 17:47:54,380 - WARNING - 策略ID 深渊筑底策略 未找到，使用替代ID: 深渊筑底策略_v2.0
2025-08-15 17:47:54,382 - INFO - 回测分析 [153/395]: 31#01332
2025-08-15 17:47:54,384 - WARNING - 策略ID 深渊筑底策略 未找到，使用替代ID: 深渊筑底策略_v2.0
2025-08-15 17:47:54,385 - INFO - 回测分析 [154/395]: 31#02439
2025-08-15 17:47:54,386 - WARNING - 策略ID 深渊筑底策略 未找到，使用替代ID: 深渊筑底策略_v2.0
2025-08-15 17:47:54,388 - INFO - 回测分析 [155/395]: 31#09689
2025-08-15 17:47:54,389 - WARNING - 策略ID 深渊筑底策略 未找到，使用替代ID: 深渊筑底策略_v2.0
2025-08-15 17:47:54,391 - INFO - 回测分析 [156/395]: 31#01495
2025-08-15 17:47:54,392 - WARNING - 策略ID 深渊筑底策略 未找到，使用替代ID: 深渊筑底策略_v2.0
2025-08-15 17:47:54,394 - INFO - 回测分析 [157/395]: 31#02120
2025-08-15 17:47:54,396 - WARNING - 策略ID 深渊筑底策略 未找到，使用替代ID: 深渊筑底策略_v2.0
2025-08-15 17:47:54,397 - INFO - 回测分析 [158/395]: 31#00361
2025-08-15 17:47:54,399 - WARNING - 策略ID 深渊筑底策略 未找到，使用替代ID: 深渊筑底策略_v2.0
2025-08-15 17:47:54,401 - INFO - 回测分析 [159/395]: 31#00606
2025-08-15 17:47:54,403 - WARNING - 策略ID 深渊筑底策略 未找到，使用替代ID: 深渊筑底策略_v2.0
2025-08-15 17:47:54,404 - INFO - 回测分析 [160/395]: 31#06913
2025-08-15 17:47:54,406 - WARNING - 策略ID 深渊筑底策略 未找到，使用替代ID: 深渊筑底策略_v2.0
2025-08-15 17:47:54,408 - INFO - 回测分析 [161/395]: 31#01008
2025-08-15 17:47:54,409 - WARNING - 策略ID 深渊筑底策略 未找到，使用替代ID: 深渊筑底策略_v2.0
2025-08-15 17:47:54,411 - INFO - 回测分析 [162/395]: sz000736
2025-08-15 17:47:54,413 - WARNING - 策略ID 深渊筑底策略 未找到，使用替代ID: 深渊筑底策略_v2.0
2025-08-15 17:47:54,416 - INFO - 回测分析 [163/395]: 31#00118
2025-08-15 17:47:54,417 - WARNING - 策略ID 深渊筑底策略 未找到，使用替代ID: 深渊筑底策略_v2.0
2025-08-15 17:47:54,419 - INFO - 回测分析 [164/395]: 31#01739
2025-08-15 17:47:54,421 - WARNING - 策略ID 深渊筑底策略 未找到，使用替代ID: 深渊筑底策略_v2.0
2025-08-15 17:47:54,422 - INFO - 回测分析 [165/395]: sz002521
2025-08-15 17:47:54,424 - WARNING - 策略ID 深渊筑底策略 未找到，使用替代ID: 深渊筑底策略_v2.0
2025-08-15 17:47:54,427 - INFO - 回测分析 [166/395]: 31#00382
2025-08-15 17:47:54,429 - WARNING - 策略ID 深渊筑底策略 未找到，使用替代ID: 深渊筑底策略_v2.0
2025-08-15 17:47:54,431 - INFO - 回测分析 [167/395]: 31#06918
2025-08-15 17:47:54,433 - WARNING - 策略ID 深渊筑底策略 未找到，使用替代ID: 深渊筑底策略_v2.0
2025-08-15 17:47:54,435 - INFO - 回测分析 [168/395]: 31#02372
2025-08-15 17:47:54,436 - WARNING - 策略ID 深渊筑底策略 未找到，使用替代ID: 深渊筑底策略_v2.0
2025-08-15 17:47:54,437 - INFO - 回测分析 [169/395]: 31#00438
2025-08-15 17:47:54,440 - WARNING - 策略ID 深渊筑底策略 未找到，使用替代ID: 深渊筑底策略_v2.0
2025-08-15 17:47:54,441 - INFO - 回测分析 [170/395]: sz001358
2025-08-15 17:47:54,442 - WARNING - 策略ID 深渊筑底策略 未找到，使用替代ID: 深渊筑底策略_v2.0
2025-08-15 17:47:54,445 - INFO - 回测分析 [171/395]: 31#02383
2025-08-15 17:47:54,447 - WARNING - 策略ID 深渊筑底策略 未找到，使用替代ID: 深渊筑底策略_v2.0
2025-08-15 17:47:54,448 - INFO - 回测分析 [172/395]: 31#02237
2025-08-15 17:47:54,450 - WARNING - 策略ID 深渊筑底策略 未找到，使用替代ID: 深渊筑底策略_v2.0
2025-08-15 17:47:54,451 - INFO - 回测分析 [173/395]: 31#09998
2025-08-15 17:47:54,453 - WARNING - 策略ID 深渊筑底策略 未找到，使用替代ID: 深渊筑底策略_v2.0
2025-08-15 17:47:54,454 - INFO - 回测分析 [174/395]: 31#01183
2025-08-15 17:47:54,457 - WARNING - 策略ID 深渊筑底策略 未找到，使用替代ID: 深渊筑底策略_v2.0
2025-08-15 17:47:54,458 - INFO - 回测分析 [175/395]: 31#09857
2025-08-15 17:47:54,460 - WARNING - 策略ID 深渊筑底策略 未找到，使用替代ID: 深渊筑底策略_v2.0
2025-08-15 17:47:54,461 - INFO - 回测分析 [176/395]: 48#08069
2025-08-15 17:47:54,463 - WARNING - 策略ID 深渊筑底策略 未找到，使用替代ID: 深渊筑底策略_v2.0
2025-08-15 17:47:54,465 - INFO - 回测分析 [177/395]: 31#02340
2025-08-15 17:47:54,467 - WARNING - 策略ID 深渊筑底策略 未找到，使用替代ID: 深渊筑底策略_v2.0
2025-08-15 17:47:54,468 - INFO - 回测分析 [178/395]: 31#06968
2025-08-15 17:47:54,470 - WARNING - 策略ID 深渊筑底策略 未找到，使用替代ID: 深渊筑底策略_v2.0
2025-08-15 17:47:54,472 - INFO - 回测分析 [179/395]: 31#00918
2025-08-15 17:47:54,474 - WARNING - 策略ID 深渊筑底策略 未找到，使用替代ID: 深渊筑底策略_v2.0
2025-08-15 17:47:54,475 - INFO - 回测分析 [180/395]: 31#06830
2025-08-15 17:47:54,478 - WARNING - 策略ID 深渊筑底策略 未找到，使用替代ID: 深渊筑底策略_v2.0
2025-08-15 17:47:54,479 - INFO - 回测分析 [181/395]: 48#08218
2025-08-15 17:47:54,480 - WARNING - 策略ID 深渊筑底策略 未找到，使用替代ID: 深渊筑底策略_v2.0
2025-08-15 17:47:54,482 - INFO - 回测分析 [182/395]: 31#00750
2025-08-15 17:47:54,484 - WARNING - 策略ID 深渊筑底策略 未找到，使用替代ID: 深渊筑底策略_v2.0
2025-08-15 17:47:54,486 - INFO - 回测分析 [183/395]: 31#01383
2025-08-15 17:47:54,487 - WARNING - 策略ID 深渊筑底策略 未找到，使用替代ID: 深渊筑底策略_v2.0
2025-08-15 17:47:54,489 - INFO - 回测分析 [184/395]: 48#08250
2025-08-15 17:47:54,491 - WARNING - 策略ID 深渊筑底策略 未找到，使用替代ID: 深渊筑底策略_v2.0
2025-08-15 17:47:54,493 - INFO - 回测分析 [185/395]: 48#08413
2025-08-15 17:47:54,495 - WARNING - 策略ID 深渊筑底策略 未找到，使用替代ID: 深渊筑底策略_v2.0
2025-08-15 17:47:54,496 - INFO - 回测分析 [186/395]: 31#02215
2025-08-15 17:47:54,498 - WARNING - 策略ID 深渊筑底策略 未找到，使用替代ID: 深渊筑底策略_v2.0
2025-08-15 17:47:54,499 - INFO - 回测分析 [187/395]: 31#01560
2025-08-15 17:47:54,501 - WARNING - 策略ID 深渊筑底策略 未找到，使用替代ID: 深渊筑底策略_v2.0
2025-08-15 17:47:54,502 - INFO - 回测分析 [188/395]: 31#01575
2025-08-15 17:47:54,504 - WARNING - 策略ID 深渊筑底策略 未找到，使用替代ID: 深渊筑底策略_v2.0
2025-08-15 17:47:54,506 - INFO - 回测分析 [189/395]: 31#06063
2025-08-15 17:47:54,508 - WARNING - 策略ID 深渊筑底策略 未找到，使用替代ID: 深渊筑底策略_v2.0
2025-08-15 17:47:54,509 - INFO - 回测分析 [190/395]: sz000420
2025-08-15 17:47:54,511 - WARNING - 策略ID 周线金叉+日线MA 未找到，使用替代ID: 周线金叉+日线MA_v1.0
2025-08-15 17:47:54,519 - INFO - 回测分析 [191/395]: 31#01955
2025-08-15 17:47:54,521 - WARNING - 策略ID 深渊筑底策略 未找到，使用替代ID: 深渊筑底策略_v2.0
2025-08-15 17:47:54,522 - INFO - 回测分析 [192/395]: 31#01224
2025-08-15 17:47:54,524 - WARNING - 策略ID 深渊筑底策略 未找到，使用替代ID: 深渊筑底策略_v2.0
2025-08-15 17:47:54,526 - INFO - 回测分析 [193/395]: 31#01953
2025-08-15 17:47:54,528 - WARNING - 策略ID 深渊筑底策略 未找到，使用替代ID: 深渊筑底策略_v2.0
2025-08-15 17:47:54,530 - INFO - 回测分析 [194/395]: 31#01351
2025-08-15 17:47:54,531 - WARNING - 策略ID 深渊筑底策略 未找到，使用替代ID: 深渊筑底策略_v2.0
2025-08-15 17:47:54,533 - INFO - 回测分析 [195/395]: 31#01566
2025-08-15 17:47:54,535 - WARNING - 策略ID 深渊筑底策略 未找到，使用替代ID: 深渊筑底策略_v2.0
2025-08-15 17:47:54,536 - INFO - 回测分析 [196/395]: 31#01820
2025-08-15 17:47:54,539 - WARNING - 策略ID 深渊筑底策略 未找到，使用替代ID: 深渊筑底策略_v2.0
2025-08-15 17:47:54,540 - INFO - 回测分析 [197/395]: 31#01343
2025-08-15 17:47:54,542 - WARNING - 策略ID 深渊筑底策略 未找到，使用替代ID: 深渊筑底策略_v2.0
2025-08-15 17:47:54,544 - INFO - 回测分析 [198/395]: 31#00929
2025-08-15 17:47:54,545 - WARNING - 策略ID 深渊筑底策略 未找到，使用替代ID: 深渊筑底策略_v2.0
2025-08-15 17:47:54,547 - INFO - 回测分析 [199/395]: sh603178
2025-08-15 17:47:54,549 - WARNING - 策略ID 深渊筑底策略 未找到，使用替代ID: 深渊筑底策略_v2.0
2025-08-15 17:47:54,552 - INFO - 回测分析 [200/395]: 31#02101
2025-08-15 17:47:54,554 - WARNING - 策略ID 深渊筑底策略 未找到，使用替代ID: 深渊筑底策略_v2.0
2025-08-15 17:47:54,555 - INFO - 回测分析 [201/395]: 31#01348
2025-08-15 17:47:54,557 - WARNING - 策略ID 深渊筑底策略 未找到，使用替代ID: 深渊筑底策略_v2.0
2025-08-15 17:47:54,559 - INFO - 回测分析 [202/395]: 48#08516
2025-08-15 17:47:54,561 - WARNING - 策略ID 深渊筑底策略 未找到，使用替代ID: 深渊筑底策略_v2.0
2025-08-15 17:47:54,562 - INFO - 回测分析 [203/395]: 31#01771
2025-08-15 17:47:54,564 - WARNING - 策略ID 深渊筑底策略 未找到，使用替代ID: 深渊筑底策略_v2.0
2025-08-15 17:47:54,566 - INFO - 回测分析 [204/395]: 31#00007
2025-08-15 17:47:54,567 - WARNING - 策略ID 深渊筑底策略 未找到，使用替代ID: 深渊筑底策略_v2.0
2025-08-15 17:47:54,569 - INFO - 回测分析 [205/395]: 31#00483
2025-08-15 17:47:54,571 - WARNING - 策略ID 深渊筑底策略 未找到，使用替代ID: 深渊筑底策略_v2.0
2025-08-15 17:47:54,572 - INFO - 回测分析 [206/395]: 48#08451
2025-08-15 17:47:54,574 - WARNING - 策略ID 深渊筑底策略 未找到，使用替代ID: 深渊筑底策略_v2.0
2025-08-15 17:47:54,575 - INFO - 回测分析 [207/395]: sz300338
2025-08-15 17:47:54,578 - WARNING - 策略ID 深渊筑底策略 未找到，使用替代ID: 深渊筑底策略_v2.0
2025-08-15 17:47:54,579 - INFO - 回测分析 [208/395]: 31#09869
2025-08-15 17:47:54,581 - WARNING - 策略ID 深渊筑底策略 未找到，使用替代ID: 深渊筑底策略_v2.0
2025-08-15 17:47:54,583 - INFO - 回测分析 [209/395]: 48#08613
2025-08-15 17:47:54,584 - WARNING - 策略ID 深渊筑底策略 未找到，使用替代ID: 深渊筑底策略_v2.0
2025-08-15 17:47:54,586 - INFO - 回测分析 [210/395]: 31#01547
2025-08-15 17:47:54,587 - WARNING - 策略ID 深渊筑底策略 未找到，使用替代ID: 深渊筑底策略_v2.0
2025-08-15 17:47:54,589 - INFO - 回测分析 [211/395]: 31#06939
2025-08-15 17:47:54,590 - WARNING - 策略ID 深渊筑底策略 未找到，使用替代ID: 深渊筑底策略_v2.0
2025-08-15 17:47:54,592 - INFO - 回测分析 [212/395]: 31#00765
2025-08-15 17:47:54,593 - WARNING - 策略ID 深渊筑底策略 未找到，使用替代ID: 深渊筑底策略_v2.0
2025-08-15 17:47:54,595 - INFO - 回测分析 [213/395]: 31#01719
2025-08-15 17:47:54,596 - WARNING - 策略ID 深渊筑底策略 未找到，使用替代ID: 深渊筑底策略_v2.0
2025-08-15 17:47:54,598 - INFO - 回测分析 [214/395]: 31#01489
2025-08-15 17:47:54,599 - WARNING - 策略ID 深渊筑底策略 未找到，使用替代ID: 深渊筑底策略_v2.0
2025-08-15 17:47:54,601 - INFO - 回测分析 [215/395]: sz002762
2025-08-15 17:47:54,603 - WARNING - 策略ID 深渊筑底策略 未找到，使用替代ID: 深渊筑底策略_v2.0
2025-08-15 17:47:54,606 - INFO - 回测分析 [216/395]: 31#01727
2025-08-15 17:47:54,608 - WARNING - 策略ID 深渊筑底策略 未找到，使用替代ID: 深渊筑底策略_v2.0
2025-08-15 17:47:54,610 - INFO - 回测分析 [217/395]: 31#00093
2025-08-15 17:47:54,611 - WARNING - 策略ID 深渊筑底策略 未找到，使用替代ID: 深渊筑底策略_v2.0
2025-08-15 17:47:54,612 - INFO - 回测分析 [218/395]: 31#00302
2025-08-15 17:47:54,615 - WARNING - 策略ID 深渊筑底策略 未找到，使用替代ID: 深渊筑底策略_v2.0
2025-08-15 17:47:54,616 - INFO - 回测分析 [219/395]: 31#03309
2025-08-15 17:47:54,618 - WARNING - 策略ID 深渊筑底策略 未找到，使用替代ID: 深渊筑底策略_v2.0
2025-08-15 17:47:54,620 - INFO - 回测分析 [220/395]: 31#00009
2025-08-15 17:47:54,622 - WARNING - 策略ID 深渊筑底策略 未找到，使用替代ID: 深渊筑底策略_v2.0
2025-08-15 17:47:54,623 - INFO - 回测分析 [221/395]: 31#00593
2025-08-15 17:47:54,625 - WARNING - 策略ID 深渊筑底策略 未找到，使用替代ID: 深渊筑底策略_v2.0
2025-08-15 17:47:54,626 - INFO - 回测分析 [222/395]: 31#09938
2025-08-15 17:47:54,628 - WARNING - 策略ID 深渊筑底策略 未找到，使用替代ID: 深渊筑底策略_v2.0
2025-08-15 17:47:54,629 - INFO - 回测分析 [223/395]: sh600702
2025-08-15 17:47:54,632 - WARNING - 策略ID 深渊筑底策略 未找到，使用替代ID: 深渊筑底策略_v2.0
2025-08-15 17:47:54,634 - INFO - 回测分析 [224/395]: 31#02361
2025-08-15 17:47:54,635 - WARNING - 策略ID 深渊筑底策略 未找到，使用替代ID: 深渊筑底策略_v2.0
2025-08-15 17:47:54,637 - INFO - 回测分析 [225/395]: 31#01638
2025-08-15 17:47:54,639 - WARNING - 策略ID 深渊筑底策略 未找到，使用替代ID: 深渊筑底策略_v2.0
2025-08-15 17:47:54,641 - INFO - 回测分析 [226/395]: sz002630
2025-08-15 17:47:54,643 - WARNING - 策略ID 深渊筑底策略 未找到，使用替代ID: 深渊筑底策略_v2.0
2025-08-15 17:47:54,646 - INFO - 回测分析 [227/395]: 31#00389
2025-08-15 17:47:54,647 - WARNING - 策略ID 深渊筑底策略 未找到，使用替代ID: 深渊筑底策略_v2.0
2025-08-15 17:47:54,649 - INFO - 回测分析 [228/395]: 31#09916
2025-08-15 17:47:54,651 - WARNING - 策略ID 深渊筑底策略 未找到，使用替代ID: 深渊筑底策略_v2.0
2025-08-15 17:47:54,653 - INFO - 回测分析 [229/395]: 31#06878
2025-08-15 17:47:54,655 - WARNING - 策略ID 深渊筑底策略 未找到，使用替代ID: 深渊筑底策略_v2.0
2025-08-15 17:47:54,657 - INFO - 回测分析 [230/395]: 48#08496
2025-08-15 17:47:54,658 - WARNING - 策略ID 深渊筑底策略 未找到，使用替代ID: 深渊筑底策略_v2.0
2025-08-15 17:47:54,660 - INFO - 回测分析 [231/395]: 31#00520
2025-08-15 17:47:54,662 - WARNING - 策略ID 深渊筑底策略 未找到，使用替代ID: 深渊筑底策略_v2.0
2025-08-15 17:47:54,664 - INFO - 回测分析 [232/395]: 31#00034
2025-08-15 17:47:54,666 - WARNING - 策略ID 深渊筑底策略 未找到，使用替代ID: 深渊筑底策略_v2.0
2025-08-15 17:47:54,668 - INFO - 回测分析 [233/395]: 31#00550
2025-08-15 17:47:54,669 - WARNING - 策略ID 深渊筑底策略 未找到，使用替代ID: 深渊筑底策略_v2.0
2025-08-15 17:47:54,670 - INFO - 回测分析 [234/395]: 31#01869
2025-08-15 17:47:54,672 - WARNING - 策略ID 深渊筑底策略 未找到，使用替代ID: 深渊筑底策略_v2.0
2025-08-15 17:47:54,674 - INFO - 回测分析 [235/395]: 31#01846
2025-08-15 17:47:54,676 - WARNING - 策略ID 深渊筑底策略 未找到，使用替代ID: 深渊筑底策略_v2.0
2025-08-15 17:47:54,678 - INFO - 回测分析 [236/395]: 31#01569
2025-08-15 17:47:54,680 - WARNING - 策略ID 深渊筑底策略 未找到，使用替代ID: 深渊筑底策略_v2.0
2025-08-15 17:47:54,682 - INFO - 回测分析 [237/395]: 48#08437
2025-08-15 17:47:54,683 - WARNING - 策略ID 深渊筑底策略 未找到，使用替代ID: 深渊筑底策略_v2.0
2025-08-15 17:47:54,685 - INFO - 回测分析 [238/395]: 31#02147
2025-08-15 17:47:54,686 - WARNING - 策略ID 深渊筑底策略 未找到，使用替代ID: 深渊筑底策略_v2.0
2025-08-15 17:47:54,688 - INFO - 回测分析 [239/395]: 31#01429
2025-08-15 17:47:54,689 - WARNING - 策略ID 深渊筑底策略 未找到，使用替代ID: 深渊筑底策略_v2.0
2025-08-15 17:47:54,691 - INFO - 回测分析 [240/395]: 31#00171
2025-08-15 17:47:54,693 - WARNING - 策略ID 深渊筑底策略 未找到，使用替代ID: 深渊筑底策略_v2.0
2025-08-15 17:47:54,695 - INFO - 回测分析 [241/395]: 31#03913
2025-08-15 17:47:54,697 - WARNING - 策略ID 深渊筑底策略 未找到，使用替代ID: 深渊筑底策略_v2.0
2025-08-15 17:47:54,698 - INFO - 回测分析 [242/395]: 31#00286
2025-08-15 17:47:54,700 - WARNING - 策略ID 深渊筑底策略 未找到，使用替代ID: 深渊筑底策略_v2.0
2025-08-15 17:47:54,702 - INFO - 回测分析 [243/395]: 31#01894
2025-08-15 17:47:54,703 - WARNING - 策略ID 深渊筑底策略 未找到，使用替代ID: 深渊筑底策略_v2.0
2025-08-15 17:47:54,705 - INFO - 回测分析 [244/395]: 48#08489
2025-08-15 17:47:54,707 - WARNING - 策略ID 深渊筑底策略 未找到，使用替代ID: 深渊筑底策略_v2.0
2025-08-15 17:47:54,708 - INFO - 回测分析 [245/395]: 31#00310
2025-08-15 17:47:54,710 - WARNING - 策略ID 深渊筑底策略 未找到，使用替代ID: 深渊筑底策略_v2.0
2025-08-15 17:47:54,711 - INFO - 回测分析 [246/395]: 31#06606
2025-08-15 17:47:54,713 - WARNING - 策略ID 深渊筑底策略 未找到，使用替代ID: 深渊筑底策略_v2.0
2025-08-15 17:47:54,714 - INFO - 回测分析 [247/395]: 48#08341
2025-08-15 17:47:54,716 - WARNING - 策略ID 深渊筑底策略 未找到，使用替代ID: 深渊筑底策略_v2.0
2025-08-15 17:47:54,717 - INFO - 回测分析 [248/395]: 31#01543
2025-08-15 17:47:54,719 - WARNING - 策略ID 深渊筑底策略 未找到，使用替代ID: 深渊筑底策略_v2.0
2025-08-15 17:47:54,721 - INFO - 回测分析 [249/395]: 48#08423
2025-08-15 17:47:54,722 - WARNING - 策略ID 深渊筑底策略 未找到，使用替代ID: 深渊筑底策略_v2.0
2025-08-15 17:47:54,724 - INFO - 回测分析 [250/395]: 31#01598
2025-08-15 17:47:54,726 - WARNING - 策略ID 深渊筑底策略 未找到，使用替代ID: 深渊筑底策略_v2.0
2025-08-15 17:47:54,728 - INFO - 回测分析 [251/395]: 31#01854
2025-08-15 17:47:54,729 - WARNING - 策略ID 深渊筑底策略 未找到，使用替代ID: 深渊筑底策略_v2.0
2025-08-15 17:47:54,731 - INFO - 回测分析 [252/395]: 48#08445
2025-08-15 17:47:54,733 - WARNING - 策略ID 深渊筑底策略 未找到，使用替代ID: 深渊筑底策略_v2.0
2025-08-15 17:47:54,734 - INFO - 回测分析 [253/395]: 31#01708
2025-08-15 17:47:54,736 - WARNING - 策略ID 深渊筑底策略 未找到，使用替代ID: 深渊筑底策略_v2.0
2025-08-15 17:47:54,738 - INFO - 回测分析 [254/395]: sh603721
2025-08-15 17:47:54,740 - WARNING - 策略ID 深渊筑底策略 未找到，使用替代ID: 深渊筑底策略_v2.0
2025-08-15 17:47:54,742 - INFO - 回测分析 [255/395]: 31#06812
2025-08-15 17:47:54,744 - WARNING - 策略ID 深渊筑底策略 未找到，使用替代ID: 深渊筑底策略_v2.0
2025-08-15 17:47:54,746 - INFO - 回测分析 [256/395]: 31#06899
2025-08-15 17:47:54,747 - WARNING - 策略ID 深渊筑底策略 未找到，使用替代ID: 深渊筑底策略_v2.0
2025-08-15 17:47:54,749 - INFO - 回测分析 [257/395]: 48#08225
2025-08-15 17:47:54,751 - WARNING - 策略ID 深渊筑底策略 未找到，使用替代ID: 深渊筑底策略_v2.0
2025-08-15 17:47:54,752 - INFO - 回测分析 [258/395]: 31#01692
2025-08-15 17:47:54,754 - WARNING - 策略ID 深渊筑底策略 未找到，使用替代ID: 深渊筑底策略_v2.0
2025-08-15 17:47:54,756 - INFO - 回测分析 [259/395]: 31#02482
2025-08-15 17:47:54,757 - WARNING - 策略ID 深渊筑底策略 未找到，使用替代ID: 深渊筑底策略_v2.0
2025-08-15 17:47:54,759 - INFO - 回测分析 [260/395]: 31#00720
2025-08-15 17:47:54,760 - WARNING - 策略ID 深渊筑底策略 未找到，使用替代ID: 深渊筑底策略_v2.0
2025-08-15 17:47:54,762 - INFO - 回测分析 [261/395]: 31#00030
2025-08-15 17:47:54,764 - WARNING - 策略ID 深渊筑底策略 未找到，使用替代ID: 深渊筑底策略_v2.0
2025-08-15 17:47:54,765 - INFO - 回测分析 [262/395]: 48#08347
2025-08-15 17:47:54,767 - WARNING - 策略ID 深渊筑底策略 未找到，使用替代ID: 深渊筑底策略_v2.0
2025-08-15 17:47:54,769 - INFO - 回测分析 [263/395]: 31#02385
2025-08-15 17:47:54,770 - WARNING - 策略ID 深渊筑底策略 未找到，使用替代ID: 深渊筑底策略_v2.0
2025-08-15 17:47:54,772 - INFO - 回测分析 [264/395]: 31#03997
2025-08-15 17:47:54,773 - WARNING - 策略ID 深渊筑底策略 未找到，使用替代ID: 深渊筑底策略_v2.0
2025-08-15 17:47:54,775 - INFO - 回测分析 [265/395]: 31#03616
2025-08-15 17:47:54,776 - WARNING - 策略ID 深渊筑底策略 未找到，使用替代ID: 深渊筑底策略_v2.0
2025-08-15 17:47:54,778 - INFO - 回测分析 [266/395]: 31#01971
2025-08-15 17:47:54,780 - WARNING - 策略ID 深渊筑底策略 未找到，使用替代ID: 深渊筑底策略_v2.0
2025-08-15 17:47:54,781 - INFO - 回测分析 [267/395]: 31#01399
2025-08-15 17:47:54,783 - WARNING - 策略ID 深渊筑底策略 未找到，使用替代ID: 深渊筑底策略_v2.0
2025-08-15 17:47:54,785 - INFO - 回测分析 [268/395]: 31#00368
2025-08-15 17:47:54,786 - WARNING - 策略ID 深渊筑底策略 未找到，使用替代ID: 深渊筑底策略_v2.0
2025-08-15 17:47:54,788 - INFO - 回测分析 [269/395]: 48#08429
2025-08-15 17:47:54,789 - WARNING - 策略ID 深渊筑底策略 未找到，使用替代ID: 深渊筑底策略_v2.0
2025-08-15 17:47:54,791 - INFO - 回测分析 [270/395]: 31#02078
2025-08-15 17:47:54,793 - WARNING - 策略ID 深渊筑底策略 未找到，使用替代ID: 深渊筑底策略_v2.0
2025-08-15 17:47:54,795 - INFO - 回测分析 [271/395]: 48#08612
2025-08-15 17:47:54,796 - WARNING - 策略ID 深渊筑底策略 未找到，使用替代ID: 深渊筑底策略_v2.0
2025-08-15 17:47:54,798 - INFO - 回测分析 [272/395]: sh603366
2025-08-15 17:47:54,800 - WARNING - 策略ID 深渊筑底策略 未找到，使用替代ID: 深渊筑底策略_v2.0
2025-08-15 17:47:54,803 - INFO - 回测分析 [273/395]: 31#06190
2025-08-15 17:47:54,804 - WARNING - 策略ID 深渊筑底策略 未找到，使用替代ID: 深渊筑底策略_v2.0
2025-08-15 17:47:54,806 - INFO - 回测分析 [274/395]: 31#02231
2025-08-15 17:47:54,807 - WARNING - 策略ID 深渊筑底策略 未找到，使用替代ID: 深渊筑底策略_v2.0
2025-08-15 17:47:54,809 - INFO - 回测分析 [275/395]: 48#08081
2025-08-15 17:47:54,811 - WARNING - 策略ID 深渊筑底策略 未找到，使用替代ID: 深渊筑底策略_v2.0
2025-08-15 17:47:54,813 - INFO - 回测分析 [276/395]: 31#01960
2025-08-15 17:47:54,815 - WARNING - 策略ID 深渊筑底策略 未找到，使用替代ID: 深渊筑底策略_v2.0
2025-08-15 17:47:54,816 - INFO - 回测分析 [277/395]: 31#02187
2025-08-15 17:47:54,818 - WARNING - 策略ID 深渊筑底策略 未找到，使用替代ID: 深渊筑底策略_v2.0
2025-08-15 17:47:54,820 - INFO - 回测分析 [278/395]: 31#03718
2025-08-15 17:47:54,822 - WARNING - 策略ID 深渊筑底策略 未找到，使用替代ID: 深渊筑底策略_v2.0
2025-08-15 17:47:54,824 - INFO - 回测分析 [279/395]: 31#00738
2025-08-15 17:47:54,825 - WARNING - 策略ID 深渊筑底策略 未找到，使用替代ID: 深渊筑底策略_v2.0
2025-08-15 17:47:54,827 - INFO - 回测分析 [280/395]: 31#02019
2025-08-15 17:47:54,829 - WARNING - 策略ID 深渊筑底策略 未找到，使用替代ID: 深渊筑底策略_v2.0
2025-08-15 17:47:54,831 - INFO - 回测分析 [281/395]: 31#01895
2025-08-15 17:47:54,832 - WARNING - 策略ID 深渊筑底策略 未找到，使用替代ID: 深渊筑底策略_v2.0
2025-08-15 17:47:54,833 - INFO - 回测分析 [282/395]: 31#00037
2025-08-15 17:47:54,835 - WARNING - 策略ID 深渊筑底策略 未找到，使用替代ID: 深渊筑底策略_v2.0
2025-08-15 17:47:54,837 - INFO - 回测分析 [283/395]: 31#01002
2025-08-15 17:47:54,839 - WARNING - 策略ID 深渊筑底策略 未找到，使用替代ID: 深渊筑底策略_v2.0
2025-08-15 17:47:54,841 - INFO - 回测分析 [284/395]: 48#08536
2025-08-15 17:47:54,843 - WARNING - 策略ID 深渊筑底策略 未找到，使用替代ID: 深渊筑底策略_v2.0
2025-08-15 17:47:54,845 - INFO - 回测分析 [285/395]: 31#01004
2025-08-15 17:47:54,846 - WARNING - 策略ID 深渊筑底策略 未找到，使用替代ID: 深渊筑底策略_v2.0
2025-08-15 17:47:54,847 - INFO - 回测分析 [286/395]: 31#00997
2025-08-15 17:47:54,850 - WARNING - 策略ID 深渊筑底策略 未找到，使用替代ID: 深渊筑底策略_v2.0
2025-08-15 17:47:54,852 - INFO - 回测分析 [287/395]: 31#02427
2025-08-15 17:47:54,853 - WARNING - 策略ID 深渊筑底策略 未找到，使用替代ID: 深渊筑底策略_v2.0
2025-08-15 17:47:54,855 - INFO - 回测分析 [288/395]: 31#01703
2025-08-15 17:47:54,856 - WARNING - 策略ID 深渊筑底策略 未找到，使用替代ID: 深渊筑底策略_v2.0
2025-08-15 17:47:54,858 - INFO - 回测分析 [289/395]: 31#01163
2025-08-15 17:47:54,860 - WARNING - 策略ID 深渊筑底策略 未找到，使用替代ID: 深渊筑底策略_v2.0
2025-08-15 17:47:54,861 - INFO - 回测分析 [290/395]: 31#01699
2025-08-15 17:47:54,863 - WARNING - 策略ID 深渊筑底策略 未找到，使用替代ID: 深渊筑底策略_v2.0
2025-08-15 17:47:54,864 - INFO - 回测分析 [291/395]: 31#00018
2025-08-15 17:47:54,866 - WARNING - 策略ID 深渊筑底策略 未找到，使用替代ID: 深渊筑底策略_v2.0
2025-08-15 17:47:54,868 - INFO - 回测分析 [292/395]: 31#01034
2025-08-15 17:47:54,870 - WARNING - 策略ID 深渊筑底策略 未找到，使用替代ID: 深渊筑底策略_v2.0
2025-08-15 17:47:54,871 - INFO - 回测分析 [293/395]: 31#00459
2025-08-15 17:47:54,873 - WARNING - 策略ID 深渊筑底策略 未找到，使用替代ID: 深渊筑底策略_v2.0
2025-08-15 17:47:54,875 - INFO - 回测分析 [294/395]: 31#01360
2025-08-15 17:47:54,877 - WARNING - 策略ID 深渊筑底策略 未找到，使用替代ID: 深渊筑底策略_v2.0
2025-08-15 17:47:54,878 - INFO - 回测分析 [295/395]: 31#03683
2025-08-15 17:47:54,880 - WARNING - 策略ID 深渊筑底策略 未找到，使用替代ID: 深渊筑底策略_v2.0
2025-08-15 17:47:54,882 - INFO - 回测分析 [296/395]: 48#08475
2025-08-15 17:47:54,883 - WARNING - 策略ID 深渊筑底策略 未找到，使用替代ID: 深渊筑底策略_v2.0
2025-08-15 17:47:54,885 - INFO - 回测分析 [297/395]: 31#01563
2025-08-15 17:47:54,887 - WARNING - 策略ID 深渊筑底策略 未找到，使用替代ID: 深渊筑底策略_v2.0
2025-08-15 17:47:54,889 - INFO - 回测分析 [298/395]: 31#01650
2025-08-15 17:47:54,890 - WARNING - 策略ID 深渊筑底策略 未找到，使用替代ID: 深渊筑底策略_v2.0
2025-08-15 17:47:54,892 - INFO - 回测分析 [299/395]: 31#01830
2025-08-15 17:47:54,894 - WARNING - 策略ID 深渊筑底策略 未找到，使用替代ID: 深渊筑底策略_v2.0
2025-08-15 17:47:54,896 - INFO - 回测分析 [300/395]: 48#08208
2025-08-15 17:47:54,898 - WARNING - 策略ID 深渊筑底策略 未找到，使用替代ID: 深渊筑底策略_v2.0
2025-08-15 17:47:54,899 - INFO - 回测分析 [301/395]: 48#08422
2025-08-15 17:47:54,901 - WARNING - 策略ID 深渊筑底策略 未找到，使用替代ID: 深渊筑底策略_v2.0
2025-08-15 17:47:54,902 - INFO - 回测分析 [302/395]: 31#00542
2025-08-15 17:47:54,904 - WARNING - 策略ID 深渊筑底策略 未找到，使用替代ID: 深渊筑底策略_v2.0
2025-08-15 17:47:54,906 - INFO - 回测分析 [303/395]: 31#00186
2025-08-15 17:47:54,907 - WARNING - 策略ID 深渊筑底策略 未找到，使用替代ID: 深渊筑底策略_v2.0
2025-08-15 17:47:54,909 - INFO - 回测分析 [304/395]: 48#08472
2025-08-15 17:47:54,910 - WARNING - 策略ID 深渊筑底策略 未找到，使用替代ID: 深渊筑底策略_v2.0
2025-08-15 17:47:54,912 - INFO - 回测分析 [305/395]: 31#00812
2025-08-15 17:47:54,914 - WARNING - 策略ID 深渊筑底策略 未找到，使用替代ID: 深渊筑底策略_v2.0
2025-08-15 17:47:54,915 - INFO - 回测分析 [306/395]: 31#01472
2025-08-15 17:47:54,917 - WARNING - 策略ID 深渊筑底策略 未找到，使用替代ID: 深渊筑底策略_v2.0
2025-08-15 17:47:54,919 - INFO - 回测分析 [307/395]: sh605108
2025-08-15 17:47:54,921 - WARNING - 策略ID 深渊筑底策略 未找到，使用替代ID: 深渊筑底策略_v2.0
2025-08-15 17:47:54,923 - INFO - 回测分析 [308/395]: 31#00185
2025-08-15 17:47:54,925 - WARNING - 策略ID 深渊筑底策略 未找到，使用替代ID: 深渊筑底策略_v2.0
2025-08-15 17:47:54,926 - INFO - 回测分析 [309/395]: 31#03363
2025-08-15 17:47:54,927 - WARNING - 策略ID 深渊筑底策略 未找到，使用替代ID: 深渊筑底策略_v2.0
2025-08-15 17:47:54,929 - INFO - 回测分析 [310/395]: 31#01231
2025-08-15 17:47:54,930 - WARNING - 策略ID 深渊筑底策略 未找到，使用替代ID: 深渊筑底策略_v2.0
2025-08-15 17:47:54,932 - INFO - 回测分析 [311/395]: 31#09977
2025-08-15 17:47:54,933 - WARNING - 策略ID 深渊筑底策略 未找到，使用替代ID: 深渊筑底策略_v2.0
2025-08-15 17:47:54,935 - INFO - 回测分析 [312/395]: 31#02370
2025-08-15 17:47:54,936 - WARNING - 策略ID 深渊筑底策略 未找到，使用替代ID: 深渊筑底策略_v2.0
2025-08-15 17:47:54,937 - INFO - 回测分析 [313/395]: sz002789
2025-08-15 17:47:54,940 - WARNING - 策略ID 深渊筑底策略 未找到，使用替代ID: 深渊筑底策略_v2.0
2025-08-15 17:47:54,942 - INFO - 回测分析 [314/395]: 48#08616
2025-08-15 17:47:54,944 - WARNING - 策略ID 深渊筑底策略 未找到，使用替代ID: 深渊筑底策略_v2.0
2025-08-15 17:47:54,946 - INFO - 回测分析 [315/395]: 31#01937
2025-08-15 17:47:54,948 - WARNING - 策略ID 深渊筑底策略 未找到，使用替代ID: 深渊筑底策略_v2.0
2025-08-15 17:47:54,949 - INFO - 回测分析 [316/395]: 31#00253
2025-08-15 17:47:54,951 - WARNING - 策略ID 深渊筑底策略 未找到，使用替代ID: 深渊筑底策略_v2.0
2025-08-15 17:47:54,952 - INFO - 回测分析 [317/395]: 31#00079
2025-08-15 17:47:54,953 - WARNING - 策略ID 深渊筑底策略 未找到，使用替代ID: 深渊筑底策略_v2.0
2025-08-15 17:47:54,955 - INFO - 回测分析 [318/395]: sh688526
2025-08-15 17:47:54,957 - WARNING - 策略ID 周线金叉+日线MA 未找到，使用替代ID: 周线金叉+日线MA_v1.0
2025-08-15 17:47:54,962 - INFO - 回测分析 [319/395]: 31#00410
2025-08-15 17:47:54,964 - WARNING - 策略ID 深渊筑底策略 未找到，使用替代ID: 深渊筑底策略_v2.0
2025-08-15 17:47:54,966 - INFO - 回测分析 [320/395]: 31#00191
2025-08-15 17:47:54,967 - WARNING - 策略ID 深渊筑底策略 未找到，使用替代ID: 深渊筑底策略_v2.0
2025-08-15 17:47:54,969 - INFO - 回测分析 [321/395]: 31#00102
2025-08-15 17:47:54,971 - WARNING - 策略ID 深渊筑底策略 未找到，使用替代ID: 深渊筑底策略_v2.0
2025-08-15 17:47:54,972 - INFO - 回测分析 [322/395]: 31#01817
2025-08-15 17:47:54,974 - WARNING - 策略ID 深渊筑底策略 未找到，使用替代ID: 深渊筑底策略_v2.0
2025-08-15 17:47:54,976 - INFO - 回测分析 [323/395]: 31#02416
2025-08-15 17:47:54,977 - WARNING - 策略ID 深渊筑底策略 未找到，使用替代ID: 深渊筑底策略_v2.0
2025-08-15 17:47:54,979 - INFO - 回测分析 [324/395]: 31#02212
2025-08-15 17:47:54,980 - WARNING - 策略ID 深渊筑底策略 未找到，使用替代ID: 深渊筑底策略_v2.0
2025-08-15 17:47:54,982 - INFO - 回测分析 [325/395]: 31#01189
2025-08-15 17:47:54,984 - WARNING - 策略ID 深渊筑底策略 未找到，使用替代ID: 深渊筑底策略_v2.0
2025-08-15 17:47:54,985 - INFO - 回测分析 [326/395]: 31#00383
2025-08-15 17:47:54,987 - WARNING - 策略ID 深渊筑底策略 未找到，使用替代ID: 深渊筑底策略_v2.0
2025-08-15 17:47:54,989 - INFO - 回测分析 [327/395]: 31#01416
2025-08-15 17:47:54,990 - WARNING - 策略ID 深渊筑底策略 未找到，使用替代ID: 深渊筑底策略_v2.0
2025-08-15 17:47:54,992 - INFO - 回测分析 [328/395]: 31#01622
2025-08-15 17:47:54,994 - WARNING - 策略ID 深渊筑底策略 未找到，使用替代ID: 深渊筑底策略_v2.0
2025-08-15 17:47:54,995 - INFO - 回测分析 [329/395]: 31#01222
2025-08-15 17:47:54,997 - WARNING - 策略ID 深渊筑底策略 未找到，使用替代ID: 深渊筑底策略_v2.0
2025-08-15 17:47:54,999 - INFO - 回测分析 [330/395]: 31#01156
2025-08-15 17:47:55,000 - WARNING - 策略ID 深渊筑底策略 未找到，使用替代ID: 深渊筑底策略_v2.0
2025-08-15 17:47:55,002 - INFO - 回测分析 [331/395]: 48#08412
2025-08-15 17:47:55,004 - WARNING - 策略ID 深渊筑底策略 未找到，使用替代ID: 深渊筑底策略_v2.0
2025-08-15 17:47:55,005 - INFO - 回测分析 [332/395]: 48#08057
2025-08-15 17:47:55,007 - WARNING - 策略ID 深渊筑底策略 未找到，使用替代ID: 深渊筑底策略_v2.0
2025-08-15 17:47:55,009 - INFO - 回测分析 [333/395]: 31#00674
2025-08-15 17:47:55,010 - WARNING - 策略ID 深渊筑底策略 未找到，使用替代ID: 深渊筑底策略_v2.0
2025-08-15 17:47:55,012 - INFO - 回测分析 [334/395]: 31#03662
2025-08-15 17:47:55,014 - WARNING - 策略ID 深渊筑底策略 未找到，使用替代ID: 深渊筑底策略_v2.0
2025-08-15 17:47:55,015 - INFO - 回测分析 [335/395]: 31#01206
2025-08-15 17:47:55,017 - WARNING - 策略ID 深渊筑底策略 未找到，使用替代ID: 深渊筑底策略_v2.0
2025-08-15 17:47:55,019 - INFO - 回测分析 [336/395]: sz300208
2025-08-15 17:47:55,021 - WARNING - 策略ID 深渊筑底策略 未找到，使用替代ID: 深渊筑底策略_v2.0
2025-08-15 17:47:55,023 - INFO - 回测分析 [337/395]: 48#08063
2025-08-15 17:47:55,024 - WARNING - 策略ID 深渊筑底策略 未找到，使用替代ID: 深渊筑底策略_v2.0
2025-08-15 17:47:55,026 - INFO - 回测分析 [338/395]: 31#01827
2025-08-15 17:47:55,027 - WARNING - 策略ID 深渊筑底策略 未找到，使用替代ID: 深渊筑底策略_v2.0
2025-08-15 17:47:55,029 - INFO - 回测分析 [339/395]: 31#06999
2025-08-15 17:47:55,030 - WARNING - 策略ID 深渊筑底策略 未找到，使用替代ID: 深渊筑底策略_v2.0
2025-08-15 17:47:55,032 - INFO - 回测分析 [340/395]: 31#00422
2025-08-15 17:47:55,034 - WARNING - 策略ID 深渊筑底策略 未找到，使用替代ID: 深渊筑底策略_v2.0
2025-08-15 17:47:55,035 - INFO - 回测分析 [341/395]: 31#01983
2025-08-15 17:47:55,036 - WARNING - 策略ID 深渊筑底策略 未找到，使用替代ID: 深渊筑底策略_v2.0
2025-08-15 17:47:55,038 - INFO - 回测分析 [342/395]: 48#08657
2025-08-15 17:47:55,039 - WARNING - 策略ID 深渊筑底策略 未找到，使用替代ID: 深渊筑底策略_v2.0
2025-08-15 17:47:55,041 - INFO - 回测分析 [343/395]: 31#01597
2025-08-15 17:47:55,043 - WARNING - 策略ID 深渊筑底策略 未找到，使用替代ID: 深渊筑底策略_v2.0
2025-08-15 17:47:55,044 - INFO - 回测分析 [344/395]: sh600054
2025-08-15 17:47:55,046 - WARNING - 策略ID 周线金叉+日线MA 未找到，使用替代ID: 周线金叉+日线MA_v1.0
2025-08-15 17:47:55,052 - INFO - 回测分析 [345/395]: 31#00431
2025-08-15 17:47:55,054 - WARNING - 策略ID 深渊筑底策略 未找到，使用替代ID: 深渊筑底策略_v2.0
2025-08-15 17:47:55,056 - INFO - 回测分析 [346/395]: 31#01965
2025-08-15 17:47:55,057 - WARNING - 策略ID 深渊筑底策略 未找到，使用替代ID: 深渊筑底策略_v2.0
2025-08-15 17:47:55,059 - INFO - 回测分析 [347/395]: 31#01198
2025-08-15 17:47:55,060 - WARNING - 策略ID 深渊筑底策略 未找到，使用替代ID: 深渊筑底策略_v2.0
2025-08-15 17:47:55,062 - INFO - 回测分析 [348/395]: 31#06689
2025-08-15 17:47:55,063 - WARNING - 策略ID 深渊筑底策略 未找到，使用替代ID: 深渊筑底策略_v2.0
2025-08-15 17:47:55,065 - INFO - 回测分析 [349/395]: sz002455
2025-08-15 17:47:55,067 - WARNING - 策略ID 深渊筑底策略 未找到，使用替代ID: 深渊筑底策略_v2.0
2025-08-15 17:47:55,069 - INFO - 回测分析 [350/395]: 48#08126
2025-08-15 17:47:55,071 - WARNING - 策略ID 深渊筑底策略 未找到，使用替代ID: 深渊筑底策略_v2.0
2025-08-15 17:47:55,072 - INFO - 回测分析 [351/395]: 31#01143
2025-08-15 17:47:55,074 - WARNING - 策略ID 深渊筑底策略 未找到，使用替代ID: 深渊筑底策略_v2.0
2025-08-15 17:47:55,076 - INFO - 回测分析 [352/395]: 31#01271
2025-08-15 17:47:55,078 - WARNING - 策略ID 深渊筑底策略 未找到，使用替代ID: 深渊筑底策略_v2.0
2025-08-15 17:47:55,080 - INFO - 回测分析 [353/395]: 31#02222
2025-08-15 17:47:55,082 - WARNING - 策略ID 深渊筑底策略 未找到，使用替代ID: 深渊筑底策略_v2.0
2025-08-15 17:47:55,083 - INFO - 回测分析 [354/395]: 31#01765
2025-08-15 17:47:55,086 - WARNING - 策略ID 深渊筑底策略 未找到，使用替代ID: 深渊筑底策略_v2.0
2025-08-15 17:47:55,087 - INFO - 回测分析 [355/395]: 31#02098
2025-08-15 17:47:55,089 - WARNING - 策略ID 深渊筑底策略 未找到，使用替代ID: 深渊筑底策略_v2.0
2025-08-15 17:47:55,091 - INFO - 回测分析 [356/395]: 48#08645
2025-08-15 17:47:55,093 - WARNING - 策略ID 深渊筑底策略 未找到，使用替代ID: 深渊筑底策略_v2.0
2025-08-15 17:47:55,095 - INFO - 回测分析 [357/395]: sz002224
2025-08-15 17:47:55,097 - WARNING - 策略ID 周线金叉+日线MA 未找到，使用替代ID: 周线金叉+日线MA_v1.0
2025-08-15 17:47:55,104 - INFO - 回测分析 [358/395]: 31#02060
2025-08-15 17:47:55,106 - WARNING - 策略ID 深渊筑底策略 未找到，使用替代ID: 深渊筑底策略_v2.0
2025-08-15 17:47:55,108 - INFO - 回测分析 [359/395]: 31#01408
2025-08-15 17:47:55,109 - WARNING - 策略ID 深渊筑底策略 未找到，使用替代ID: 深渊筑底策略_v2.0
2025-08-15 17:47:55,111 - INFO - 回测分析 [360/395]: 48#08191
2025-08-15 17:47:55,113 - WARNING - 策略ID 深渊筑底策略 未找到，使用替代ID: 深渊筑底策略_v2.0
2025-08-15 17:47:55,114 - INFO - 回测分析 [361/395]: 31#00251
2025-08-15 17:47:55,116 - WARNING - 策略ID 深渊筑底策略 未找到，使用替代ID: 深渊筑底策略_v2.0
2025-08-15 17:47:55,117 - INFO - 回测分析 [362/395]: 31#02486
2025-08-15 17:47:55,119 - WARNING - 策略ID 深渊筑底策略 未找到，使用替代ID: 深渊筑底策略_v2.0
2025-08-15 17:47:55,120 - INFO - 回测分析 [363/395]: 31#00587
2025-08-15 17:47:55,122 - WARNING - 策略ID 深渊筑底策略 未找到，使用替代ID: 深渊筑底策略_v2.0
2025-08-15 17:47:55,123 - INFO - 回测分析 [364/395]: 31#00556
2025-08-15 17:47:55,125 - WARNING - 策略ID 深渊筑底策略 未找到，使用替代ID: 深渊筑底策略_v2.0
2025-08-15 17:47:55,127 - INFO - 回测分析 [365/395]: 31#01978
2025-08-15 17:47:55,129 - WARNING - 策略ID 深渊筑底策略 未找到，使用替代ID: 深渊筑底策略_v2.0
2025-08-15 17:47:55,131 - INFO - 回测分析 [366/395]: 31#00082
2025-08-15 17:47:55,133 - WARNING - 策略ID 深渊筑底策略 未找到，使用替代ID: 深渊筑底策略_v2.0
2025-08-15 17:47:55,134 - INFO - 回测分析 [367/395]: 31#01707
2025-08-15 17:47:55,136 - WARNING - 策略ID 深渊筑底策略 未找到，使用替代ID: 深渊筑底策略_v2.0
2025-08-15 17:47:55,139 - INFO - 回测分析 [368/395]: 31#01936
2025-08-15 17:47:55,142 - WARNING - 策略ID 深渊筑底策略 未找到，使用替代ID: 深渊筑底策略_v2.0
2025-08-15 17:47:55,145 - INFO - 回测分析 [369/395]: 31#00488
2025-08-15 17:47:55,147 - WARNING - 策略ID 深渊筑底策略 未找到，使用替代ID: 深渊筑底策略_v2.0
2025-08-15 17:47:55,149 - INFO - 回测分析 [370/395]: 31#00831
2025-08-15 17:47:55,152 - WARNING - 策略ID 深渊筑底策略 未找到，使用替代ID: 深渊筑底策略_v2.0
2025-08-15 17:47:55,154 - INFO - 回测分析 [371/395]: 31#00442
2025-08-15 17:47:55,155 - WARNING - 策略ID 深渊筑底策略 未找到，使用替代ID: 深渊筑底策略_v2.0
2025-08-15 17:47:55,158 - INFO - 回测分析 [372/395]: sz300175
2025-08-15 17:47:55,161 - WARNING - 策略ID 深渊筑底策略 未找到，使用替代ID: 深渊筑底策略_v2.0
2025-08-15 17:47:55,164 - INFO - 回测分析 [373/395]: 31#00685
2025-08-15 17:47:55,166 - WARNING - 策略ID 深渊筑底策略 未找到，使用替代ID: 深渊筑底策略_v2.0
2025-08-15 17:47:55,168 - INFO - 回测分析 [374/395]: 31#01922
2025-08-15 17:47:55,170 - WARNING - 策略ID 深渊筑底策略 未找到，使用替代ID: 深渊筑底策略_v2.0
2025-08-15 17:47:55,172 - INFO - 回测分析 [375/395]: 31#02127
2025-08-15 17:47:55,174 - WARNING - 策略ID 深渊筑底策略 未找到，使用替代ID: 深渊筑底策略_v2.0
2025-08-15 17:47:55,176 - INFO - 回测分析 [376/395]: 31#00827
2025-08-15 17:47:55,178 - WARNING - 策略ID 深渊筑底策略 未找到，使用替代ID: 深渊筑底策略_v2.0
2025-08-15 17:47:55,179 - INFO - 回测分析 [377/395]: 31#02017
2025-08-15 17:47:55,181 - WARNING - 策略ID 深渊筑底策略 未找到，使用替代ID: 深渊筑底策略_v2.0
2025-08-15 17:47:55,182 - INFO - 回测分析 [378/395]: 31#00802
2025-08-15 17:47:55,184 - WARNING - 策略ID 深渊筑底策略 未找到，使用替代ID: 深渊筑底策略_v2.0
2025-08-15 17:47:55,185 - INFO - 回测分析 [379/395]: 31#00201
2025-08-15 17:47:55,187 - WARNING - 策略ID 深渊筑底策略 未找到，使用替代ID: 深渊筑底策略_v2.0
2025-08-15 17:47:55,189 - INFO - 回测分析 [380/395]: 31#01245
2025-08-15 17:47:55,190 - WARNING - 策略ID 深渊筑底策略 未找到，使用替代ID: 深渊筑底策略_v2.0
2025-08-15 17:47:55,192 - INFO - 回测分析 [381/395]: 31#02405
2025-08-15 17:47:55,193 - WARNING - 策略ID 深渊筑底策略 未找到，使用替代ID: 深渊筑底策略_v2.0
2025-08-15 17:47:55,195 - INFO - 回测分析 [382/395]: 31#01790
2025-08-15 17:47:55,196 - WARNING - 策略ID 深渊筑底策略 未找到，使用替代ID: 深渊筑底策略_v2.0
2025-08-15 17:47:55,198 - INFO - 回测分析 [383/395]: 31#00333
2025-08-15 17:47:55,199 - WARNING - 策略ID 深渊筑底策略 未找到，使用替代ID: 深渊筑底策略_v2.0
2025-08-15 17:47:55,201 - INFO - 回测分析 [384/395]: 31#00834
2025-08-15 17:47:55,202 - WARNING - 策略ID 深渊筑底策略 未找到，使用替代ID: 深渊筑底策略_v2.0
2025-08-15 17:47:55,204 - INFO - 回测分析 [385/395]: 31#01111
2025-08-15 17:47:55,205 - WARNING - 策略ID 深渊筑底策略 未找到，使用替代ID: 深渊筑底策略_v2.0
2025-08-15 17:47:55,206 - INFO - 回测分析 [386/395]: 31#03773
2025-08-15 17:47:55,208 - WARNING - 策略ID 深渊筑底策略 未找到，使用替代ID: 深渊筑底策略_v2.0
2025-08-15 17:47:55,210 - INFO - 回测分析 [387/395]: sh605577
2025-08-15 17:47:55,212 - WARNING - 策略ID 深渊筑底策略 未找到，使用替代ID: 深渊筑底策略_v2.0
2025-08-15 17:47:55,215 - INFO - 回测分析 [388/395]: 31#01262
2025-08-15 17:47:55,217 - WARNING - 策略ID 深渊筑底策略 未找到，使用替代ID: 深渊筑底策略_v2.0
2025-08-15 17:47:55,218 - INFO - 回测分析 [389/395]: 31#00214
2025-08-15 17:47:55,220 - WARNING - 策略ID 深渊筑底策略 未找到，使用替代ID: 深渊筑底策略_v2.0
2025-08-15 17:47:55,222 - INFO - 回测分析 [390/395]: 48#08431
2025-08-15 17:47:55,223 - WARNING - 策略ID 深渊筑底策略 未找到，使用替代ID: 深渊筑底策略_v2.0
2025-08-15 17:47:55,225 - INFO - 回测分析 [391/395]: 48#08411
2025-08-15 17:47:55,226 - WARNING - 策略ID 深渊筑底策略 未找到，使用替代ID: 深渊筑底策略_v2.0
2025-08-15 17:47:55,228 - INFO - 回测分析 [392/395]: 31#01532
2025-08-15 17:47:55,230 - WARNING - 策略ID 深渊筑底策略 未找到，使用替代ID: 深渊筑底策略_v2.0
2025-08-15 17:47:55,231 - INFO - 回测分析 [393/395]: 31#06966
2025-08-15 17:47:55,232 - WARNING - 策略ID 深渊筑底策略 未找到，使用替代ID: 深渊筑底策略_v2.0
2025-08-15 17:47:55,234 - INFO - 回测分析 [394/395]: 31#01542
2025-08-15 17:47:55,235 - WARNING - 策略ID 深渊筑底策略 未找到，使用替代ID: 深渊筑底策略_v2.0
2025-08-15 17:47:55,237 - INFO - 回测分析 [395/395]: 31#03389
2025-08-15 17:47:55,239 - WARNING - 策略ID 深渊筑底策略 未找到，使用替代ID: 深渊筑底策略_v2.0
2025-08-15 17:47:55,241 - INFO - 筛选完成，发现 395 个信号，耗时 29.58 秒
2025-08-15 17:47:55,274 - INFO - 结果已保存至: /home/hypnosis/data/quant_base/data/result/UNIVERSAL_SCREENING
