2025-08-14 18:15:54,980 - INFO - 配置加载成功: 5 个策略
2025-08-14 18:15:54,980 - INFO - 配置管理器初始化完成，配置文件: /home/hypnosis/data/quant_base/config/unified_strategy_config.json
2025-08-14 18:15:54,983 - INFO - 加载配置文件: /home/hypnosis/data/quant_base/backend/strategies_config.json
2025-08-14 18:15:54,983 - INFO - 通用筛选器初始化完成
2025-08-14 18:15:54,988 - INFO - 获取策略股票列表: MACD零轴启动_v1.0
2025-08-14 18:15:54,988 - INFO - 开始运行策略筛选: MACD零轴启动_v1.0
2025-08-14 18:15:54,988 - INFO - ===== 开始执行通用股票筛选 =====
2025-08-14 18:15:54,989 - INFO - 配置保存成功
2025-08-14 18:15:54,989 - INFO - 启用策略: MACD零轴启动_v1.0
2025-08-14 18:15:54,989 - INFO - 启用策略: MACD零轴启动_v1.0
2025-08-14 18:15:54,995 - INFO - 共找到 8973 个股票文件
2025-08-14 18:15:54,995 - INFO - 启用的策略: ['深渊筑底策略_v2.0', '临界金叉_v1.0', '三重金叉_v1.0', 'MACD零轴启动_v1.0', '周线金叉+日线MA_v1.0']
2025-08-14 18:16:03,831 - INFO - 筛选完成，发现 54 个信号，耗时 8.84 秒
2025-08-14 18:16:03,831 - INFO - 配置保存成功
2025-08-14 18:16:03,831 - INFO - 禁用策略: 周线金叉+日线MA_v1.0
2025-08-14 18:16:03,831 - INFO - 禁用策略: 周线金叉+日线MA_v1.0
2025-08-14 18:16:03,831 - INFO - 配置保存成功
2025-08-14 18:16:03,831 - INFO - 禁用策略: MACD零轴启动_v1.0
2025-08-14 18:16:03,831 - INFO - 禁用策略: MACD零轴启动_v1.0
2025-08-14 18:16:03,831 - INFO - 配置保存成功
2025-08-14 18:16:03,831 - INFO - 禁用策略: 深渊筑底策略_v2.0
2025-08-14 18:16:03,831 - INFO - 禁用策略: 深渊筑底策略_v2.0
2025-08-14 18:16:03,832 - INFO - 配置保存成功
2025-08-14 18:16:03,832 - INFO - 禁用策略: 临界金叉_v1.0
2025-08-14 18:16:03,832 - INFO - 禁用策略: 临界金叉_v1.0
2025-08-14 18:16:03,832 - INFO - 配置保存成功
2025-08-14 18:16:03,832 - INFO - 禁用策略: 三重金叉_v1.0
2025-08-14 18:16:03,832 - INFO - 禁用策略: 三重金叉_v1.0
2025-08-14 18:16:03,832 - INFO - 配置保存成功
2025-08-14 18:16:03,832 - INFO - 启用策略: 深渊筑底策略_v2.0
2025-08-14 18:16:03,832 - INFO - 启用策略: 深渊筑底策略_v2.0
2025-08-14 18:16:03,832 - INFO - 配置保存成功
2025-08-14 18:16:03,832 - INFO - 启用策略: 临界金叉_v1.0
2025-08-14 18:16:03,832 - INFO - 启用策略: 临界金叉_v1.0
2025-08-14 18:16:03,832 - INFO - 配置保存成功
2025-08-14 18:16:03,832 - INFO - 启用策略: 三重金叉_v1.0
2025-08-14 18:16:03,832 - INFO - 启用策略: 三重金叉_v1.0
2025-08-14 18:16:03,833 - INFO - 配置保存成功
2025-08-14 18:16:03,833 - INFO - 启用策略: MACD零轴启动_v1.0
2025-08-14 18:16:03,833 - INFO - 启用策略: MACD零轴启动_v1.0
2025-08-14 18:16:03,833 - INFO - 配置保存成功
2025-08-14 18:16:03,833 - INFO - 启用策略: 周线金叉+日线MA_v1.0
2025-08-14 18:16:03,833 - INFO - 启用策略: 周线金叉+日线MA_v1.0
2025-08-14 18:16:03,833 - INFO - 筛选完成，获得 54 个结果
2025-08-14 18:16:03,834 - INFO - 获取策略股票列表: 三重金叉_v1.0
2025-08-14 18:16:03,834 - INFO - 开始运行策略筛选: 三重金叉_v1.0
2025-08-14 18:16:03,834 - INFO - ===== 开始执行通用股票筛选 =====
2025-08-14 18:16:03,835 - INFO - 配置保存成功
2025-08-14 18:16:03,835 - INFO - 启用策略: 三重金叉_v1.0
2025-08-14 18:16:03,835 - INFO - 启用策略: 三重金叉_v1.0
2025-08-14 18:16:03,840 - INFO - 共找到 8973 个股票文件
2025-08-14 18:16:03,840 - INFO - 启用的策略: ['深渊筑底策略_v2.0', '临界金叉_v1.0', '三重金叉_v1.0', 'MACD零轴启动_v1.0', '周线金叉+日线MA_v1.0']
2025-08-14 18:16:12,714 - INFO - 筛选完成，发现 54 个信号，耗时 8.88 秒
2025-08-14 18:16:12,715 - INFO - 配置保存成功
2025-08-14 18:16:12,715 - INFO - 禁用策略: 周线金叉+日线MA_v1.0
2025-08-14 18:16:12,715 - INFO - 禁用策略: 周线金叉+日线MA_v1.0
2025-08-14 18:16:12,740 - INFO - 配置保存成功
2025-08-14 18:16:12,740 - INFO - 禁用策略: MACD零轴启动_v1.0
2025-08-14 18:16:12,740 - INFO - 禁用策略: MACD零轴启动_v1.0
2025-08-14 18:16:12,740 - INFO - 配置保存成功
2025-08-14 18:16:12,740 - INFO - 禁用策略: 深渊筑底策略_v2.0
2025-08-14 18:16:12,740 - INFO - 禁用策略: 深渊筑底策略_v2.0
2025-08-14 18:16:12,741 - INFO - 配置保存成功
2025-08-14 18:16:12,741 - INFO - 禁用策略: 临界金叉_v1.0
2025-08-14 18:16:12,741 - INFO - 禁用策略: 临界金叉_v1.0
2025-08-14 18:16:12,741 - INFO - 配置保存成功
2025-08-14 18:16:12,741 - INFO - 禁用策略: 三重金叉_v1.0
2025-08-14 18:16:12,741 - INFO - 禁用策略: 三重金叉_v1.0
2025-08-14 18:16:12,741 - INFO - 配置保存成功
2025-08-14 18:16:12,741 - INFO - 启用策略: 深渊筑底策略_v2.0
2025-08-14 18:16:12,741 - INFO - 启用策略: 深渊筑底策略_v2.0
2025-08-14 18:16:12,742 - INFO - 配置保存成功
2025-08-14 18:16:12,742 - INFO - 启用策略: 临界金叉_v1.0
2025-08-14 18:16:12,742 - INFO - 启用策略: 临界金叉_v1.0
2025-08-14 18:16:12,742 - INFO - 配置保存成功
2025-08-14 18:16:12,742 - INFO - 启用策略: 三重金叉_v1.0
2025-08-14 18:16:12,742 - INFO - 启用策略: 三重金叉_v1.0
2025-08-14 18:16:12,742 - INFO - 配置保存成功
2025-08-14 18:16:12,742 - INFO - 启用策略: MACD零轴启动_v1.0
2025-08-14 18:16:12,742 - INFO - 启用策略: MACD零轴启动_v1.0
2025-08-14 18:16:12,742 - INFO - 配置保存成功
2025-08-14 18:16:12,742 - INFO - 启用策略: 周线金叉+日线MA_v1.0
2025-08-14 18:16:12,742 - INFO - 启用策略: 周线金叉+日线MA_v1.0
2025-08-14 18:16:12,743 - INFO - 筛选完成，获得 54 个结果
2025-08-14 18:16:12,744 - INFO - ===== 开始执行通用股票筛选 =====
2025-08-14 18:16:12,744 - INFO - 配置保存成功
2025-08-14 18:16:12,744 - INFO - 启用策略: 临界金叉_v1.0
2025-08-14 18:16:12,744 - INFO - 启用策略: 临界金叉_v1.0
2025-08-14 18:16:12,750 - INFO - 共找到 8973 个股票文件
2025-08-14 18:16:12,750 - INFO - 启用的策略: ['深渊筑底策略_v2.0', '临界金叉_v1.0', '三重金叉_v1.0', 'MACD零轴启动_v1.0', '周线金叉+日线MA_v1.0']
2025-08-14 18:16:21,646 - INFO - 筛选完成，发现 54 个信号，耗时 8.90 秒
2025-08-14 18:16:21,647 - INFO - 配置保存成功
2025-08-14 18:16:21,647 - INFO - 禁用策略: 周线金叉+日线MA_v1.0
2025-08-14 18:16:21,647 - INFO - 禁用策略: 周线金叉+日线MA_v1.0
2025-08-14 18:16:21,654 - INFO - 配置保存成功
2025-08-14 18:16:21,654 - INFO - 禁用策略: MACD零轴启动_v1.0
2025-08-14 18:16:21,654 - INFO - 禁用策略: MACD零轴启动_v1.0
2025-08-14 18:16:21,654 - INFO - 配置保存成功
2025-08-14 18:16:21,654 - INFO - 禁用策略: 深渊筑底策略_v2.0
2025-08-14 18:16:21,654 - INFO - 禁用策略: 深渊筑底策略_v2.0
2025-08-14 18:16:21,654 - INFO - 配置保存成功
2025-08-14 18:16:21,655 - INFO - 禁用策略: 临界金叉_v1.0
2025-08-14 18:16:21,655 - INFO - 禁用策略: 临界金叉_v1.0
2025-08-14 18:16:21,655 - INFO - 配置保存成功
2025-08-14 18:16:21,655 - INFO - 禁用策略: 三重金叉_v1.0
2025-08-14 18:16:21,655 - INFO - 禁用策略: 三重金叉_v1.0
2025-08-14 18:16:21,655 - INFO - 配置保存成功
2025-08-14 18:16:21,655 - INFO - 启用策略: 深渊筑底策略_v2.0
2025-08-14 18:16:21,655 - INFO - 启用策略: 深渊筑底策略_v2.0
2025-08-14 18:16:21,655 - INFO - 配置保存成功
2025-08-14 18:16:21,655 - INFO - 启用策略: 临界金叉_v1.0
2025-08-14 18:16:21,655 - INFO - 启用策略: 临界金叉_v1.0
2025-08-14 18:16:21,655 - INFO - 配置保存成功
2025-08-14 18:16:21,655 - INFO - 启用策略: 三重金叉_v1.0
2025-08-14 18:16:21,655 - INFO - 启用策略: 三重金叉_v1.0
2025-08-14 18:16:21,655 - INFO - 配置保存成功
2025-08-14 18:16:21,655 - INFO - 启用策略: MACD零轴启动_v1.0
2025-08-14 18:16:21,655 - INFO - 启用策略: MACD零轴启动_v1.0
2025-08-14 18:16:21,655 - INFO - 配置保存成功
2025-08-14 18:16:21,655 - INFO - 启用策略: 周线金叉+日线MA_v1.0
2025-08-14 18:16:21,655 - INFO - 启用策略: 周线金叉+日线MA_v1.0
2025-08-14 18:16:21,657 - INFO - ===== 开始执行通用股票筛选 =====
2025-08-14 18:16:21,657 - INFO - 配置保存成功
2025-08-14 18:16:21,657 - INFO - 启用策略: 三重金叉_v1.0
2025-08-14 18:16:21,657 - INFO - 启用策略: 三重金叉_v1.0
2025-08-14 18:16:21,663 - INFO - 共找到 8973 个股票文件
2025-08-14 18:16:21,663 - INFO - 启用的策略: ['深渊筑底策略_v2.0', '临界金叉_v1.0', '三重金叉_v1.0', 'MACD零轴启动_v1.0', '周线金叉+日线MA_v1.0']
2025-08-14 18:16:30,459 - INFO - 筛选完成，发现 54 个信号，耗时 8.80 秒
2025-08-14 18:16:30,460 - INFO - 配置保存成功
2025-08-14 18:16:30,460 - INFO - 禁用策略: 周线金叉+日线MA_v1.0
2025-08-14 18:16:30,460 - INFO - 禁用策略: 周线金叉+日线MA_v1.0
2025-08-14 18:16:30,467 - INFO - 配置保存成功
2025-08-14 18:16:30,467 - INFO - 禁用策略: MACD零轴启动_v1.0
2025-08-14 18:16:30,467 - INFO - 禁用策略: MACD零轴启动_v1.0
2025-08-14 18:16:30,467 - INFO - 配置保存成功
2025-08-14 18:16:30,467 - INFO - 禁用策略: 深渊筑底策略_v2.0
2025-08-14 18:16:30,467 - INFO - 禁用策略: 深渊筑底策略_v2.0
2025-08-14 18:16:30,467 - INFO - 配置保存成功
2025-08-14 18:16:30,467 - INFO - 禁用策略: 临界金叉_v1.0
2025-08-14 18:16:30,467 - INFO - 禁用策略: 临界金叉_v1.0
2025-08-14 18:16:30,468 - INFO - 配置保存成功
2025-08-14 18:16:30,468 - INFO - 禁用策略: 三重金叉_v1.0
2025-08-14 18:16:30,468 - INFO - 禁用策略: 三重金叉_v1.0
2025-08-14 18:16:30,468 - INFO - 配置保存成功
2025-08-14 18:16:30,468 - INFO - 启用策略: 深渊筑底策略_v2.0
2025-08-14 18:16:30,468 - INFO - 启用策略: 深渊筑底策略_v2.0
2025-08-14 18:16:30,468 - INFO - 配置保存成功
2025-08-14 18:16:30,468 - INFO - 启用策略: 临界金叉_v1.0
2025-08-14 18:16:30,468 - INFO - 启用策略: 临界金叉_v1.0
2025-08-14 18:16:30,468 - INFO - 配置保存成功
2025-08-14 18:16:30,468 - INFO - 启用策略: 三重金叉_v1.0
2025-08-14 18:16:30,468 - INFO - 启用策略: 三重金叉_v1.0
2025-08-14 18:16:30,468 - INFO - 配置保存成功
2025-08-14 18:16:30,468 - INFO - 启用策略: MACD零轴启动_v1.0
2025-08-14 18:16:30,468 - INFO - 启用策略: MACD零轴启动_v1.0
2025-08-14 18:16:30,468 - INFO - 配置保存成功
2025-08-14 18:16:30,468 - INFO - 启用策略: 周线金叉+日线MA_v1.0
2025-08-14 18:16:30,468 - INFO - 启用策略: 周线金叉+日线MA_v1.0
