2025-08-15 15:21:13,841 - INFO - 加载配置文件: /home/hypnosis/data/quant_base/backend/strategies_config.json
2025-08-15 15:21:13,842 - INFO - 配置加载成功: 5 个策略
2025-08-15 15:21:13,842 - INFO - 配置管理器初始化完成，配置文件: /home/hypnosis/data/quant_base/config/unified_strategy_config.json
2025-08-15 15:21:13,843 - INFO - 通用筛选器初始化完成
2025-08-15 15:21:13,843 - INFO - ===== 开始执行通用股票筛选 =====
2025-08-15 15:21:13,862 - INFO - 共找到 11839 个股票文件
2025-08-15 15:21:13,862 - INFO - 启用的策略: ['深渊筑底策略_v2.0', '临界金叉_v1.0', '三重金叉_v1.0', 'MACD零轴启动_v1.0', '周线金叉+日线MA_v1.0']
2025-08-15 15:21:30,888 - INFO - 对 50 个信号结果进行回测摘要分析...
2025-08-15 15:21:30,888 - INFO - 回测分析 [1/50]: sz001378
2025-08-15 15:21:30,892 - ERROR - 策略未注册: 深渊筑底策略
2025-08-15 15:21:30,892 - INFO - 回测分析 [2/50]: sz300175
2025-08-15 15:21:30,894 - ERROR - 策略未注册: 深渊筑底策略
2025-08-15 15:21:30,894 - INFO - 回测分析 [3/50]: sz003004
2025-08-15 15:21:30,897 - ERROR - 策略未注册: 深渊筑底策略
2025-08-15 15:21:30,897 - INFO - 回测分析 [4/50]: sz000521
2025-08-15 15:21:30,899 - ERROR - 策略未注册: 深渊筑底策略
2025-08-15 15:21:30,899 - INFO - 回测分析 [5/50]: sz002239
2025-08-15 15:21:30,901 - ERROR - 策略未注册: 周线金叉+日线MA
2025-08-15 15:21:30,901 - INFO - 回测分析 [6/50]: sh603231
2025-08-15 15:21:30,902 - ERROR - 策略未注册: 深渊筑底策略
2025-08-15 15:21:30,902 - INFO - 回测分析 [7/50]: sh603721
2025-08-15 15:21:30,904 - ERROR - 策略未注册: 深渊筑底策略
2025-08-15 15:21:30,904 - INFO - 回测分析 [8/50]: sz000810
2025-08-15 15:21:30,906 - ERROR - 策略未注册: 周线金叉+日线MA
2025-08-15 15:21:30,906 - INFO - 回测分析 [9/50]: sz000536
2025-08-15 15:21:30,908 - ERROR - 策略未注册: 周线金叉+日线MA
2025-08-15 15:21:30,908 - INFO - 回测分析 [10/50]: sh605108
2025-08-15 15:21:30,910 - ERROR - 策略未注册: 深渊筑底策略
2025-08-15 15:21:30,910 - INFO - 回测分析 [11/50]: sz001300
2025-08-15 15:21:30,911 - ERROR - 策略未注册: 深渊筑底策略
2025-08-15 15:21:30,911 - INFO - 回测分析 [12/50]: sz002789
2025-08-15 15:21:30,913 - ERROR - 策略未注册: 深渊筑底策略
2025-08-15 15:21:30,913 - INFO - 回测分析 [13/50]: sz000723
2025-08-15 15:21:30,915 - ERROR - 策略未注册: 深渊筑底策略
2025-08-15 15:21:30,915 - INFO - 回测分析 [14/50]: sz300908
2025-08-15 15:21:30,917 - ERROR - 策略未注册: 周线金叉+日线MA
2025-08-15 15:21:30,917 - INFO - 回测分析 [15/50]: sz001333
2025-08-15 15:21:30,918 - ERROR - 策略未注册: 周线金叉+日线MA
2025-08-15 15:21:30,918 - INFO - 回测分析 [16/50]: sz300208
2025-08-15 15:21:30,920 - ERROR - 策略未注册: 深渊筑底策略
2025-08-15 15:21:30,920 - INFO - 回测分析 [17/50]: sz300603
2025-08-15 15:21:30,922 - ERROR - 策略未注册: 周线金叉+日线MA
2025-08-15 15:21:30,922 - INFO - 回测分析 [18/50]: sh600054
2025-08-15 15:21:30,924 - ERROR - 策略未注册: 周线金叉+日线MA
2025-08-15 15:21:30,924 - INFO - 回测分析 [19/50]: sh603348
2025-08-15 15:21:30,926 - ERROR - 策略未注册: 深渊筑底策略
2025-08-15 15:21:30,927 - INFO - 回测分析 [20/50]: sz002101
2025-08-15 15:21:30,929 - ERROR - 策略未注册: 周线金叉+日线MA
2025-08-15 15:21:30,929 - INFO - 回测分析 [21/50]: sh603366
2025-08-15 15:21:30,931 - ERROR - 策略未注册: 深渊筑底策略
2025-08-15 15:21:30,931 - INFO - 回测分析 [22/50]: sz300338
2025-08-15 15:21:30,933 - ERROR - 策略未注册: 深渊筑底策略
2025-08-15 15:21:30,933 - INFO - 回测分析 [23/50]: sz002630
2025-08-15 15:21:30,935 - ERROR - 策略未注册: 深渊筑底策略
2025-08-15 15:21:30,935 - INFO - 回测分析 [24/50]: sz000518
2025-08-15 15:21:30,937 - ERROR - 策略未注册: 深渊筑底策略
2025-08-15 15:21:30,937 - INFO - 回测分析 [25/50]: sh600171
2025-08-15 15:21:30,939 - ERROR - 策略未注册: 周线金叉+日线MA
2025-08-15 15:21:30,939 - INFO - 回测分析 [26/50]: sz002521
2025-08-15 15:21:30,941 - ERROR - 策略未注册: 深渊筑底策略
2025-08-15 15:21:30,941 - INFO - 回测分析 [27/50]: sz000736
2025-08-15 15:21:30,944 - ERROR - 策略未注册: 深渊筑底策略
2025-08-15 15:21:30,944 - INFO - 回测分析 [28/50]: sh600546
2025-08-15 15:21:30,946 - ERROR - 策略未注册: 深渊筑底策略
2025-08-15 15:21:30,946 - INFO - 回测分析 [29/50]: sh605577
2025-08-15 15:21:30,948 - ERROR - 策略未注册: 深渊筑底策略
2025-08-15 15:21:30,948 - INFO - 回测分析 [30/50]: sz300268
2025-08-15 15:21:30,950 - ERROR - 策略未注册: 深渊筑底策略
2025-08-15 15:21:30,950 - INFO - 回测分析 [31/50]: sh600199
2025-08-15 15:21:30,952 - ERROR - 策略未注册: 深渊筑底策略
2025-08-15 15:21:30,952 - INFO - 回测分析 [32/50]: sh600026
2025-08-15 15:21:30,954 - ERROR - 策略未注册: 深渊筑底策略
2025-08-15 15:21:30,954 - INFO - 回测分析 [33/50]: sz002762
2025-08-15 15:21:30,956 - ERROR - 策略未注册: 深渊筑底策略
2025-08-15 15:21:30,956 - INFO - 回测分析 [34/50]: sh600355
2025-08-15 15:21:30,958 - ERROR - 策略未注册: 深渊筑底策略
2025-08-15 15:21:30,958 - INFO - 回测分析 [35/50]: sh600860
2025-08-15 15:21:30,960 - ERROR - 策略未注册: 周线金叉+日线MA
2025-08-15 15:21:30,960 - INFO - 回测分析 [36/50]: sz002662
2025-08-15 15:21:30,962 - ERROR - 策略未注册: 周线金叉+日线MA
2025-08-15 15:21:30,962 - INFO - 回测分析 [37/50]: sz002529
2025-08-15 15:21:30,965 - ERROR - 策略未注册: 深渊筑底策略
2025-08-15 15:21:30,965 - INFO - 回测分析 [38/50]: sh603261
2025-08-15 15:21:30,966 - ERROR - 策略未注册: 深渊筑底策略
2025-08-15 15:21:30,966 - INFO - 回测分析 [39/50]: sz000595
2025-08-15 15:21:30,968 - ERROR - 策略未注册: 深渊筑底策略
2025-08-15 15:21:30,968 - INFO - 回测分析 [40/50]: sz000820
2025-08-15 15:21:30,971 - ERROR - 策略未注册: 深渊筑底策略
2025-08-15 15:21:30,971 - INFO - 回测分析 [41/50]: sh600756
2025-08-15 15:21:30,973 - ERROR - 策略未注册: 周线金叉+日线MA
2025-08-15 15:21:30,973 - INFO - 回测分析 [42/50]: sz002531
2025-08-15 15:21:30,975 - ERROR - 策略未注册: 深渊筑底策略
2025-08-15 15:21:30,975 - INFO - 回测分析 [43/50]: sz003032
2025-08-15 15:21:30,977 - ERROR - 策略未注册: 深渊筑底策略
2025-08-15 15:21:30,977 - INFO - 回测分析 [44/50]: sh688209
2025-08-15 15:21:30,978 - ERROR - 策略未注册: 周线金叉+日线MA
2025-08-15 15:21:30,978 - INFO - 回测分析 [45/50]: sh603517
2025-08-15 15:21:30,981 - ERROR - 策略未注册: 周线金叉+日线MA
2025-08-15 15:21:30,981 - INFO - 回测分析 [46/50]: sh600702
2025-08-15 15:21:30,983 - ERROR - 策略未注册: 深渊筑底策略
2025-08-15 15:21:30,983 - INFO - 回测分析 [47/50]: sz002581
2025-08-15 15:21:30,985 - ERROR - 策略未注册: 深渊筑底策略
2025-08-15 15:21:30,985 - INFO - 回测分析 [48/50]: sh600123
2025-08-15 15:21:30,987 - ERROR - 策略未注册: 深渊筑底策略
2025-08-15 15:21:30,987 - INFO - 回测分析 [49/50]: sh603178
2025-08-15 15:21:30,989 - ERROR - 策略未注册: 深渊筑底策略
2025-08-15 15:21:30,989 - INFO - 回测分析 [50/50]: sz003025
2025-08-15 15:21:30,991 - ERROR - 策略未注册: 周线金叉+日线MA
2025-08-15 15:21:30,991 - INFO - 筛选完成，发现 50 个信号，耗时 17.15 秒
2025-08-15 15:21:30,997 - INFO - 结果已保存至: /home/hypnosis/data/quant_base/data/result/UNIVERSAL_SCREENING
