2025-08-14 16:36:52,749 - INFO - 加载配置文件: /home/hypnosis/data/quant_base/backend/strategies_config.json
2025-08-14 16:36:52,749 - INFO - 通用筛选器初始化完成
2025-08-14 16:36:52,749 - INFO - 策略初始化: 深渊筑底策略 v2.0
2025-08-14 16:36:52,749 - INFO - 策略初始化: 临界金叉 v1.0
2025-08-14 16:36:52,749 - INFO - 策略初始化: 三重金叉 v1.0
2025-08-14 16:36:52,749 - INFO - ===== 开始执行通用股票筛选 =====
2025-08-14 16:36:52,756 - INFO - 共找到 8973 个股票文件
2025-08-14 16:36:52,756 - INFO - 启用的策略: ['深渊筑底策略_v2.0', '临界金叉_v1.0', '三重金叉_v1.0', 'macd零轴启动_v1.0', '周线金叉+日线ma_v1.0']
2025-08-14 16:36:52,772 - ERROR - 多进程处理失败: Can't pickle <class 'strategies.weekly_golden_cross_ma_strategy.WeeklyGoldenCrossMaStrategy'>: it's not the same object as strategies.weekly_golden_cross_ma_strategy.WeeklyGoldenCrossMaStrategy
2025-08-14 16:36:52,777 - INFO - 策略初始化: 深渊筑底策略 v2.0
2025-08-14 16:36:52,777 - INFO - 创建策略实例: 深渊筑底策略_v2.0
2025-08-14 16:36:52,780 - INFO - 策略初始化: 临界金叉 v1.0
2025-08-14 16:36:52,780 - INFO - 创建策略实例: 临界金叉_v1.0
2025-08-14 16:36:52,782 - INFO - 策略初始化: 三重金叉 v1.0
2025-08-14 16:36:52,782 - INFO - 创建策略实例: 三重金叉_v1.0
2025-08-14 16:36:52,783 - ERROR - 策略未注册: macd零轴启动_v1.0
2025-08-14 16:36:52,783 - ERROR - 策略未注册: 周线金叉+日线ma_v1.0
2025-08-14 16:36:52,791 - ERROR - 策略未注册: macd零轴启动_v1.0
2025-08-14 16:36:52,791 - ERROR - 策略未注册: 周线金叉+日线ma_v1.0
2025-08-14 16:36:52,797 - ERROR - 策略未注册: macd零轴启动_v1.0
2025-08-14 16:36:52,797 - ERROR - 策略未注册: 周线金叉+日线ma_v1.0
2025-08-14 16:36:52,805 - ERROR - 策略未注册: macd零轴启动_v1.0
2025-08-14 16:36:52,805 - ERROR - 策略未注册: 周线金叉+日线ma_v1.0
2025-08-14 16:36:52,812 - ERROR - 策略未注册: macd零轴启动_v1.0
2025-08-14 16:36:52,813 - ERROR - 策略未注册: 周线金叉+日线ma_v1.0
2025-08-14 16:36:52,821 - ERROR - 策略未注册: macd零轴启动_v1.0
2025-08-14 16:36:52,821 - ERROR - 策略未注册: 周线金叉+日线ma_v1.0
2025-08-14 16:36:52,829 - ERROR - 策略未注册: macd零轴启动_v1.0
2025-08-14 16:36:52,829 - ERROR - 策略未注册: 周线金叉+日线ma_v1.0
2025-08-14 16:36:52,839 - ERROR - 策略未注册: macd零轴启动_v1.0
2025-08-14 16:36:52,839 - ERROR - 策略未注册: 周线金叉+日线ma_v1.0
2025-08-14 16:36:52,847 - ERROR - 策略未注册: macd零轴启动_v1.0
2025-08-14 16:36:52,847 - ERROR - 策略未注册: 周线金叉+日线ma_v1.0
2025-08-14 16:36:52,856 - ERROR - 策略未注册: macd零轴启动_v1.0
2025-08-14 16:36:52,856 - ERROR - 策略未注册: 周线金叉+日线ma_v1.0
2025-08-14 16:36:52,864 - ERROR - 策略未注册: macd零轴启动_v1.0
2025-08-14 16:36:52,864 - ERROR - 策略未注册: 周线金叉+日线ma_v1.0
2025-08-14 16:36:52,872 - ERROR - 策略未注册: macd零轴启动_v1.0
2025-08-14 16:36:52,872 - ERROR - 策略未注册: 周线金叉+日线ma_v1.0
2025-08-14 16:36:52,880 - ERROR - 策略未注册: macd零轴启动_v1.0
2025-08-14 16:36:52,880 - ERROR - 策略未注册: 周线金叉+日线ma_v1.0
2025-08-14 16:36:52,887 - ERROR - 策略未注册: macd零轴启动_v1.0
2025-08-14 16:36:52,887 - ERROR - 策略未注册: 周线金叉+日线ma_v1.0
2025-08-14 16:36:52,894 - ERROR - 策略未注册: macd零轴启动_v1.0
2025-08-14 16:36:52,894 - ERROR - 策略未注册: 周线金叉+日线ma_v1.0
2025-08-14 16:36:52,903 - ERROR - 策略未注册: macd零轴启动_v1.0
2025-08-14 16:36:52,903 - ERROR - 策略未注册: 周线金叉+日线ma_v1.0
2025-08-14 16:36:52,911 - ERROR - 策略未注册: macd零轴启动_v1.0
2025-08-14 16:36:52,911 - ERROR - 策略未注册: 周线金叉+日线ma_v1.0
2025-08-14 16:36:52,919 - ERROR - 策略未注册: macd零轴启动_v1.0
2025-08-14 16:36:52,919 - ERROR - 策略未注册: 周线金叉+日线ma_v1.0
2025-08-14 16:36:52,926 - ERROR - 策略未注册: macd零轴启动_v1.0
2025-08-14 16:36:52,926 - ERROR - 策略未注册: 周线金叉+日线ma_v1.0
2025-08-14 16:36:52,933 - ERROR - 策略未注册: macd零轴启动_v1.0
2025-08-14 16:36:52,933 - ERROR - 策略未注册: 周线金叉+日线ma_v1.0
2025-08-14 16:36:52,942 - ERROR - 策略未注册: macd零轴启动_v1.0
2025-08-14 16:36:52,942 - ERROR - 策略未注册: 周线金叉+日线ma_v1.0
2025-08-14 16:36:52,950 - ERROR - 策略未注册: macd零轴启动_v1.0
2025-08-14 16:36:52,950 - ERROR - 策略未注册: 周线金叉+日线ma_v1.0
2025-08-14 16:36:52,958 - ERROR - 策略未注册: macd零轴启动_v1.0
2025-08-14 16:36:52,958 - ERROR - 策略未注册: 周线金叉+日线ma_v1.0
2025-08-14 16:36:52,966 - ERROR - 策略未注册: macd零轴启动_v1.0
2025-08-14 16:36:52,966 - ERROR - 策略未注册: 周线金叉+日线ma_v1.0
2025-08-14 16:36:52,973 - ERROR - 策略未注册: macd零轴启动_v1.0
2025-08-14 16:36:52,973 - ERROR - 策略未注册: 周线金叉+日线ma_v1.0
2025-08-14 16:36:52,980 - ERROR - 策略未注册: macd零轴启动_v1.0
2025-08-14 16:36:52,980 - ERROR - 策略未注册: 周线金叉+日线ma_v1.0
2025-08-14 16:36:52,988 - ERROR - 策略未注册: macd零轴启动_v1.0
2025-08-14 16:36:52,988 - ERROR - 策略未注册: 周线金叉+日线ma_v1.0
2025-08-14 16:36:52,995 - ERROR - 策略未注册: macd零轴启动_v1.0
2025-08-14 16:36:52,995 - ERROR - 策略未注册: 周线金叉+日线ma_v1.0
2025-08-14 16:36:53,002 - ERROR - 策略未注册: macd零轴启动_v1.0
2025-08-14 16:36:53,002 - ERROR - 策略未注册: 周线金叉+日线ma_v1.0
2025-08-14 16:36:53,010 - ERROR - 策略未注册: macd零轴启动_v1.0
2025-08-14 16:36:53,010 - ERROR - 策略未注册: 周线金叉+日线ma_v1.0
2025-08-14 16:36:53,017 - ERROR - 策略未注册: macd零轴启动_v1.0
2025-08-14 16:36:53,017 - ERROR - 策略未注册: 周线金叉+日线ma_v1.0
2025-08-14 16:36:53,024 - ERROR - 策略未注册: macd零轴启动_v1.0
2025-08-14 16:36:53,025 - ERROR - 策略未注册: 周线金叉+日线ma_v1.0
2025-08-14 16:36:53,032 - ERROR - 策略未注册: macd零轴启动_v1.0
2025-08-14 16:36:53,033 - ERROR - 策略未注册: 周线金叉+日线ma_v1.0
2025-08-14 16:36:53,039 - ERROR - 策略未注册: macd零轴启动_v1.0
2025-08-14 16:36:53,039 - ERROR - 策略未注册: 周线金叉+日线ma_v1.0
2025-08-14 16:36:53,045 - ERROR - 策略未注册: macd零轴启动_v1.0
2025-08-14 16:36:53,045 - ERROR - 策略未注册: 周线金叉+日线ma_v1.0
2025-08-14 16:36:53,052 - ERROR - 策略未注册: macd零轴启动_v1.0
2025-08-14 16:36:53,053 - ERROR - 策略未注册: 周线金叉+日线ma_v1.0
2025-08-14 16:36:53,060 - ERROR - 策略未注册: macd零轴启动_v1.0
2025-08-14 16:36:53,060 - ERROR - 策略未注册: 周线金叉+日线ma_v1.0
2025-08-14 16:36:53,067 - ERROR - 策略未注册: macd零轴启动_v1.0
2025-08-14 16:36:53,067 - ERROR - 策略未注册: 周线金叉+日线ma_v1.0
2025-08-14 16:36:53,075 - ERROR - 策略未注册: macd零轴启动_v1.0
2025-08-14 16:36:53,075 - ERROR - 策略未注册: 周线金叉+日线ma_v1.0
2025-08-14 16:36:53,082 - ERROR - 策略未注册: macd零轴启动_v1.0
2025-08-14 16:36:53,083 - ERROR - 策略未注册: 周线金叉+日线ma_v1.0
2025-08-14 16:36:53,090 - ERROR - 策略未注册: macd零轴启动_v1.0
2025-08-14 16:36:53,090 - ERROR - 策略未注册: 周线金叉+日线ma_v1.0
2025-08-14 16:36:53,098 - ERROR - 策略未注册: macd零轴启动_v1.0
2025-08-14 16:36:53,098 - ERROR - 策略未注册: 周线金叉+日线ma_v1.0
2025-08-14 16:36:53,105 - ERROR - 策略未注册: macd零轴启动_v1.0
2025-08-14 16:36:53,105 - ERROR - 策略未注册: 周线金叉+日线ma_v1.0
2025-08-14 16:36:53,113 - ERROR - 策略未注册: macd零轴启动_v1.0
2025-08-14 16:36:53,113 - ERROR - 策略未注册: 周线金叉+日线ma_v1.0
2025-08-14 16:36:53,120 - ERROR - 策略未注册: macd零轴启动_v1.0
2025-08-14 16:36:53,121 - ERROR - 策略未注册: 周线金叉+日线ma_v1.0
2025-08-14 16:36:53,128 - ERROR - 策略未注册: macd零轴启动_v1.0
2025-08-14 16:36:53,128 - ERROR - 策略未注册: 周线金叉+日线ma_v1.0
2025-08-14 16:36:53,137 - ERROR - 策略未注册: macd零轴启动_v1.0
2025-08-14 16:36:53,137 - ERROR - 策略未注册: 周线金叉+日线ma_v1.0
2025-08-14 16:36:53,145 - ERROR - 策略未注册: macd零轴启动_v1.0
2025-08-14 16:36:53,145 - ERROR - 策略未注册: 周线金叉+日线ma_v1.0
2025-08-14 16:36:53,153 - ERROR - 策略未注册: macd零轴启动_v1.0
2025-08-14 16:36:53,153 - ERROR - 策略未注册: 周线金叉+日线ma_v1.0
2025-08-14 16:36:53,160 - ERROR - 策略未注册: macd零轴启动_v1.0
2025-08-14 16:36:53,160 - ERROR - 策略未注册: 周线金叉+日线ma_v1.0
2025-08-14 16:36:53,167 - ERROR - 策略未注册: macd零轴启动_v1.0
2025-08-14 16:36:53,167 - ERROR - 策略未注册: 周线金叉+日线ma_v1.0
2025-08-14 16:36:53,173 - ERROR - 策略未注册: macd零轴启动_v1.0
2025-08-14 16:36:53,173 - ERROR - 策略未注册: 周线金叉+日线ma_v1.0
2025-08-14 16:36:53,180 - ERROR - 策略未注册: macd零轴启动_v1.0
2025-08-14 16:36:53,180 - ERROR - 策略未注册: 周线金叉+日线ma_v1.0
2025-08-14 16:36:53,186 - ERROR - 策略未注册: macd零轴启动_v1.0
2025-08-14 16:36:53,186 - ERROR - 策略未注册: 周线金叉+日线ma_v1.0
2025-08-14 16:36:53,193 - ERROR - 策略未注册: macd零轴启动_v1.0
2025-08-14 16:36:53,193 - ERROR - 策略未注册: 周线金叉+日线ma_v1.0
2025-08-14 16:36:53,200 - ERROR - 策略未注册: macd零轴启动_v1.0
2025-08-14 16:36:53,200 - ERROR - 策略未注册: 周线金叉+日线ma_v1.0
2025-08-14 16:36:53,208 - ERROR - 策略未注册: macd零轴启动_v1.0
2025-08-14 16:36:53,208 - ERROR - 策略未注册: 周线金叉+日线ma_v1.0
2025-08-14 16:36:53,211 - ERROR - 策略未注册: macd零轴启动_v1.0
2025-08-14 16:36:53,211 - ERROR - 策略未注册: 周线金叉+日线ma_v1.0
2025-08-14 16:36:53,219 - ERROR - 策略未注册: macd零轴启动_v1.0
2025-08-14 16:36:53,219 - ERROR - 策略未注册: 周线金叉+日线ma_v1.0
2025-08-14 16:36:53,226 - ERROR - 策略未注册: macd零轴启动_v1.0
2025-08-14 16:36:53,226 - ERROR - 策略未注册: 周线金叉+日线ma_v1.0
2025-08-14 16:36:53,234 - ERROR - 策略未注册: macd零轴启动_v1.0
2025-08-14 16:36:53,234 - ERROR - 策略未注册: 周线金叉+日线ma_v1.0
2025-08-14 16:36:53,243 - ERROR - 策略未注册: macd零轴启动_v1.0
2025-08-14 16:36:53,243 - ERROR - 策略未注册: 周线金叉+日线ma_v1.0
2025-08-14 16:36:53,251 - ERROR - 策略未注册: macd零轴启动_v1.0
2025-08-14 16:36:53,251 - ERROR - 策略未注册: 周线金叉+日线ma_v1.0
2025-08-14 16:36:53,257 - ERROR - 策略未注册: macd零轴启动_v1.0
2025-08-14 16:36:53,257 - ERROR - 策略未注册: 周线金叉+日线ma_v1.0
2025-08-14 16:36:53,261 - ERROR - 策略未注册: macd零轴启动_v1.0
2025-08-14 16:36:53,261 - ERROR - 策略未注册: 周线金叉+日线ma_v1.0
2025-08-14 16:36:53,267 - ERROR - 策略未注册: macd零轴启动_v1.0
2025-08-14 16:36:53,267 - ERROR - 策略未注册: 周线金叉+日线ma_v1.0
2025-08-14 16:36:53,274 - ERROR - 策略未注册: macd零轴启动_v1.0
2025-08-14 16:36:53,274 - ERROR - 策略未注册: 周线金叉+日线ma_v1.0
2025-08-14 16:36:53,282 - ERROR - 策略未注册: macd零轴启动_v1.0
2025-08-14 16:36:53,282 - ERROR - 策略未注册: 周线金叉+日线ma_v1.0
2025-08-14 16:36:53,289 - ERROR - 策略未注册: macd零轴启动_v1.0
2025-08-14 16:36:53,289 - ERROR - 策略未注册: 周线金叉+日线ma_v1.0
2025-08-14 16:36:53,297 - ERROR - 策略未注册: macd零轴启动_v1.0
2025-08-14 16:36:53,297 - ERROR - 策略未注册: 周线金叉+日线ma_v1.0
2025-08-14 16:36:53,305 - ERROR - 策略未注册: macd零轴启动_v1.0
2025-08-14 16:36:53,305 - ERROR - 策略未注册: 周线金叉+日线ma_v1.0
2025-08-14 16:36:53,312 - ERROR - 策略未注册: macd零轴启动_v1.0
2025-08-14 16:36:53,312 - ERROR - 策略未注册: 周线金叉+日线ma_v1.0
2025-08-14 16:36:53,319 - ERROR - 策略未注册: macd零轴启动_v1.0
2025-08-14 16:36:53,319 - ERROR - 策略未注册: 周线金叉+日线ma_v1.0
2025-08-14 16:36:53,326 - ERROR - 策略未注册: macd零轴启动_v1.0
2025-08-14 16:36:53,327 - ERROR - 策略未注册: 周线金叉+日线ma_v1.0
2025-08-14 16:36:53,338 - ERROR - 策略未注册: macd零轴启动_v1.0
2025-08-14 16:36:53,338 - ERROR - 策略未注册: 周线金叉+日线ma_v1.0
2025-08-14 16:36:53,347 - ERROR - 策略未注册: macd零轴启动_v1.0
2025-08-14 16:36:53,347 - ERROR - 策略未注册: 周线金叉+日线ma_v1.0
2025-08-14 16:36:53,355 - ERROR - 策略未注册: macd零轴启动_v1.0
2025-08-14 16:36:53,355 - ERROR - 策略未注册: 周线金叉+日线ma_v1.0
2025-08-14 16:36:53,363 - ERROR - 策略未注册: macd零轴启动_v1.0
2025-08-14 16:36:53,364 - ERROR - 策略未注册: 周线金叉+日线ma_v1.0
2025-08-14 16:36:53,370 - ERROR - 策略未注册: macd零轴启动_v1.0
2025-08-14 16:36:53,370 - ERROR - 策略未注册: 周线金叉+日线ma_v1.0
2025-08-14 16:36:53,375 - ERROR - 策略未注册: macd零轴启动_v1.0
2025-08-14 16:36:53,375 - ERROR - 策略未注册: 周线金叉+日线ma_v1.0
2025-08-14 16:36:53,383 - ERROR - 策略未注册: macd零轴启动_v1.0
2025-08-14 16:36:53,383 - ERROR - 策略未注册: 周线金叉+日线ma_v1.0
2025-08-14 16:36:53,391 - ERROR - 策略未注册: macd零轴启动_v1.0
2025-08-14 16:36:53,391 - ERROR - 策略未注册: 周线金叉+日线ma_v1.0
2025-08-14 16:36:53,398 - ERROR - 策略未注册: macd零轴启动_v1.0
2025-08-14 16:36:53,398 - ERROR - 策略未注册: 周线金叉+日线ma_v1.0
2025-08-14 16:36:53,405 - ERROR - 策略未注册: macd零轴启动_v1.0
2025-08-14 16:36:53,406 - ERROR - 策略未注册: 周线金叉+日线ma_v1.0
2025-08-14 16:36:53,415 - ERROR - 策略未注册: macd零轴启动_v1.0
2025-08-14 16:36:53,415 - ERROR - 策略未注册: 周线金叉+日线ma_v1.0
2025-08-14 16:36:53,422 - ERROR - 策略未注册: macd零轴启动_v1.0
2025-08-14 16:36:53,422 - ERROR - 策略未注册: 周线金叉+日线ma_v1.0
2025-08-14 16:36:53,430 - ERROR - 策略未注册: macd零轴启动_v1.0
2025-08-14 16:36:53,430 - ERROR - 策略未注册: 周线金叉+日线ma_v1.0
2025-08-14 16:36:53,438 - ERROR - 策略未注册: macd零轴启动_v1.0
2025-08-14 16:36:53,438 - ERROR - 策略未注册: 周线金叉+日线ma_v1.0
2025-08-14 16:36:53,447 - ERROR - 策略未注册: macd零轴启动_v1.0
2025-08-14 16:36:53,447 - ERROR - 策略未注册: 周线金叉+日线ma_v1.0
2025-08-14 16:36:53,454 - ERROR - 策略未注册: macd零轴启动_v1.0
2025-08-14 16:36:53,454 - ERROR - 策略未注册: 周线金叉+日线ma_v1.0
2025-08-14 16:36:53,460 - ERROR - 策略未注册: macd零轴启动_v1.0
2025-08-14 16:36:53,460 - ERROR - 策略未注册: 周线金叉+日线ma_v1.0
2025-08-14 16:36:53,464 - ERROR - 策略未注册: macd零轴启动_v1.0
2025-08-14 16:36:53,464 - ERROR - 策略未注册: 周线金叉+日线ma_v1.0
2025-08-14 16:36:53,470 - ERROR - 策略未注册: macd零轴启动_v1.0
2025-08-14 16:36:53,470 - ERROR - 策略未注册: 周线金叉+日线ma_v1.0
2025-08-14 16:36:53,477 - ERROR - 策略未注册: macd零轴启动_v1.0
2025-08-14 16:36:53,477 - ERROR - 策略未注册: 周线金叉+日线ma_v1.0
2025-08-14 16:36:53,480 - INFO - 发现信号: sh603276 - 深渊筑底策略 - BUY
2025-08-14 16:36:53,483 - ERROR - 策略未注册: macd零轴启动_v1.0
2025-08-14 16:36:53,483 - ERROR - 策略未注册: 周线金叉+日线ma_v1.0
2025-08-14 16:36:53,489 - ERROR - 策略未注册: macd零轴启动_v1.0
2025-08-14 16:36:53,489 - ERROR - 策略未注册: 周线金叉+日线ma_v1.0
2025-08-14 16:36:53,496 - ERROR - 策略未注册: macd零轴启动_v1.0
2025-08-14 16:36:53,496 - ERROR - 策略未注册: 周线金叉+日线ma_v1.0
2025-08-14 16:36:53,503 - ERROR - 策略未注册: macd零轴启动_v1.0
2025-08-14 16:36:53,503 - ERROR - 策略未注册: 周线金叉+日线ma_v1.0
2025-08-14 16:36:53,509 - ERROR - 策略未注册: macd零轴启动_v1.0
2025-08-14 16:36:53,509 - ERROR - 策略未注册: 周线金叉+日线ma_v1.0
2025-08-14 16:36:53,516 - ERROR - 策略未注册: macd零轴启动_v1.0
2025-08-14 16:36:53,516 - ERROR - 策略未注册: 周线金叉+日线ma_v1.0
2025-08-14 16:36:53,522 - ERROR - 策略未注册: macd零轴启动_v1.0
2025-08-14 16:36:53,522 - ERROR - 策略未注册: 周线金叉+日线ma_v1.0
2025-08-14 16:36:53,529 - ERROR - 策略未注册: macd零轴启动_v1.0
2025-08-14 16:36:53,529 - ERROR - 策略未注册: 周线金叉+日线ma_v1.0
2025-08-14 16:36:53,536 - ERROR - 策略未注册: macd零轴启动_v1.0
2025-08-14 16:36:53,536 - ERROR - 策略未注册: 周线金叉+日线ma_v1.0
2025-08-14 16:36:53,543 - ERROR - 策略未注册: macd零轴启动_v1.0
2025-08-14 16:36:53,543 - ERROR - 策略未注册: 周线金叉+日线ma_v1.0
2025-08-14 16:36:53,549 - ERROR - 策略未注册: macd零轴启动_v1.0
2025-08-14 16:36:53,549 - ERROR - 策略未注册: 周线金叉+日线ma_v1.0
2025-08-14 16:36:53,556 - ERROR - 策略未注册: macd零轴启动_v1.0
2025-08-14 16:36:53,556 - ERROR - 策略未注册: 周线金叉+日线ma_v1.0
2025-08-14 16:36:53,563 - ERROR - 策略未注册: macd零轴启动_v1.0
2025-08-14 16:36:53,563 - ERROR - 策略未注册: 周线金叉+日线ma_v1.0
2025-08-14 16:36:53,571 - ERROR - 策略未注册: macd零轴启动_v1.0
2025-08-14 16:36:53,571 - ERROR - 策略未注册: 周线金叉+日线ma_v1.0
2025-08-14 16:36:53,579 - ERROR - 策略未注册: macd零轴启动_v1.0
2025-08-14 16:36:53,579 - ERROR - 策略未注册: 周线金叉+日线ma_v1.0
2025-08-14 16:36:53,585 - ERROR - 策略未注册: macd零轴启动_v1.0
2025-08-14 16:36:53,585 - ERROR - 策略未注册: 周线金叉+日线ma_v1.0
2025-08-14 16:36:53,592 - ERROR - 策略未注册: macd零轴启动_v1.0
2025-08-14 16:36:53,592 - ERROR - 策略未注册: 周线金叉+日线ma_v1.0
2025-08-14 16:36:53,599 - ERROR - 策略未注册: macd零轴启动_v1.0
2025-08-14 16:36:53,599 - ERROR - 策略未注册: 周线金叉+日线ma_v1.0
2025-08-14 16:36:53,606 - ERROR - 策略未注册: macd零轴启动_v1.0
2025-08-14 16:36:53,606 - ERROR - 策略未注册: 周线金叉+日线ma_v1.0
2025-08-14 16:36:53,609 - ERROR - 策略未注册: macd零轴启动_v1.0
2025-08-14 16:36:53,609 - ERROR - 策略未注册: 周线金叉+日线ma_v1.0
2025-08-14 16:36:53,616 - ERROR - 策略未注册: macd零轴启动_v1.0
2025-08-14 16:36:53,616 - ERROR - 策略未注册: 周线金叉+日线ma_v1.0
2025-08-14 16:36:53,622 - ERROR - 策略未注册: macd零轴启动_v1.0
2025-08-14 16:36:53,622 - ERROR - 策略未注册: 周线金叉+日线ma_v1.0
2025-08-14 16:36:53,629 - ERROR - 策略未注册: macd零轴启动_v1.0
2025-08-14 16:36:53,629 - ERROR - 策略未注册: 周线金叉+日线ma_v1.0
2025-08-14 16:36:53,636 - ERROR - 策略未注册: macd零轴启动_v1.0
2025-08-14 16:36:53,636 - ERROR - 策略未注册: 周线金叉+日线ma_v1.0
2025-08-14 16:36:53,642 - ERROR - 策略未注册: macd零轴启动_v1.0
2025-08-14 16:36:53,642 - ERROR - 策略未注册: 周线金叉+日线ma_v1.0
2025-08-14 16:36:53,649 - ERROR - 策略未注册: macd零轴启动_v1.0
2025-08-14 16:36:53,649 - ERROR - 策略未注册: 周线金叉+日线ma_v1.0
2025-08-14 16:36:53,655 - ERROR - 策略未注册: macd零轴启动_v1.0
2025-08-14 16:36:53,655 - ERROR - 策略未注册: 周线金叉+日线ma_v1.0
2025-08-14 16:36:53,662 - ERROR - 策略未注册: macd零轴启动_v1.0
2025-08-14 16:36:53,662 - ERROR - 策略未注册: 周线金叉+日线ma_v1.0
2025-08-14 16:36:53,668 - ERROR - 策略未注册: macd零轴启动_v1.0
2025-08-14 16:36:53,668 - ERROR - 策略未注册: 周线金叉+日线ma_v1.0
2025-08-14 16:36:53,675 - ERROR - 策略未注册: macd零轴启动_v1.0
2025-08-14 16:36:53,675 - ERROR - 策略未注册: 周线金叉+日线ma_v1.0
2025-08-14 16:36:53,682 - ERROR - 策略未注册: macd零轴启动_v1.0
2025-08-14 16:36:53,682 - ERROR - 策略未注册: 周线金叉+日线ma_v1.0
2025-08-14 16:36:53,689 - ERROR - 策略未注册: macd零轴启动_v1.0
2025-08-14 16:36:53,689 - ERROR - 策略未注册: 周线金叉+日线ma_v1.0
2025-08-14 16:36:53,696 - ERROR - 策略未注册: macd零轴启动_v1.0
2025-08-14 16:36:53,696 - ERROR - 策略未注册: 周线金叉+日线ma_v1.0
2025-08-14 16:36:53,702 - ERROR - 策略未注册: macd零轴启动_v1.0
2025-08-14 16:36:53,702 - ERROR - 策略未注册: 周线金叉+日线ma_v1.0
2025-08-14 16:36:53,709 - ERROR - 策略未注册: macd零轴启动_v1.0
2025-08-14 16:36:53,709 - ERROR - 策略未注册: 周线金叉+日线ma_v1.0
2025-08-14 16:36:53,715 - ERROR - 策略未注册: macd零轴启动_v1.0
2025-08-14 16:36:53,715 - ERROR - 策略未注册: 周线金叉+日线ma_v1.0
2025-08-14 16:36:53,722 - ERROR - 策略未注册: macd零轴启动_v1.0
2025-08-14 16:36:53,722 - ERROR - 策略未注册: 周线金叉+日线ma_v1.0
2025-08-14 16:36:53,728 - ERROR - 策略未注册: macd零轴启动_v1.0
2025-08-14 16:36:53,728 - ERROR - 策略未注册: 周线金叉+日线ma_v1.0
2025-08-14 16:36:53,735 - ERROR - 策略未注册: macd零轴启动_v1.0
2025-08-14 16:36:53,735 - ERROR - 策略未注册: 周线金叉+日线ma_v1.0
2025-08-14 16:36:53,742 - ERROR - 策略未注册: macd零轴启动_v1.0
2025-08-14 16:36:53,742 - ERROR - 策略未注册: 周线金叉+日线ma_v1.0
2025-08-14 16:36:53,748 - ERROR - 策略未注册: macd零轴启动_v1.0
2025-08-14 16:36:53,748 - ERROR - 策略未注册: 周线金叉+日线ma_v1.0
2025-08-14 16:36:53,754 - ERROR - 策略未注册: macd零轴启动_v1.0
2025-08-14 16:36:53,754 - ERROR - 策略未注册: 周线金叉+日线ma_v1.0
2025-08-14 16:36:53,761 - ERROR - 策略未注册: macd零轴启动_v1.0
2025-08-14 16:36:53,761 - ERROR - 策略未注册: 周线金叉+日线ma_v1.0
2025-08-14 16:36:53,767 - ERROR - 策略未注册: macd零轴启动_v1.0
2025-08-14 16:36:53,767 - ERROR - 策略未注册: 周线金叉+日线ma_v1.0
2025-08-14 16:36:53,774 - ERROR - 策略未注册: macd零轴启动_v1.0
2025-08-14 16:36:53,774 - ERROR - 策略未注册: 周线金叉+日线ma_v1.0
2025-08-14 16:36:53,777 - ERROR - 策略未注册: macd零轴启动_v1.0
2025-08-14 16:36:53,777 - ERROR - 策略未注册: 周线金叉+日线ma_v1.0
2025-08-14 16:36:53,784 - ERROR - 策略未注册: macd零轴启动_v1.0
2025-08-14 16:36:53,784 - ERROR - 策略未注册: 周线金叉+日线ma_v1.0
2025-08-14 16:36:53,790 - ERROR - 策略未注册: macd零轴启动_v1.0
2025-08-14 16:36:53,790 - ERROR - 策略未注册: 周线金叉+日线ma_v1.0
2025-08-14 16:36:53,796 - ERROR - 策略未注册: macd零轴启动_v1.0
2025-08-14 16:36:53,796 - ERROR - 策略未注册: 周线金叉+日线ma_v1.0
2025-08-14 16:36:53,803 - ERROR - 策略未注册: macd零轴启动_v1.0
2025-08-14 16:36:53,803 - ERROR - 策略未注册: 周线金叉+日线ma_v1.0
2025-08-14 16:36:53,810 - ERROR - 策略未注册: macd零轴启动_v1.0
2025-08-14 16:36:53,810 - ERROR - 策略未注册: 周线金叉+日线ma_v1.0
2025-08-14 16:36:53,816 - ERROR - 策略未注册: macd零轴启动_v1.0
2025-08-14 16:36:53,816 - ERROR - 策略未注册: 周线金叉+日线ma_v1.0
2025-08-14 16:36:53,823 - ERROR - 策略未注册: macd零轴启动_v1.0
2025-08-14 16:36:53,823 - ERROR - 策略未注册: 周线金叉+日线ma_v1.0
2025-08-14 16:36:53,830 - ERROR - 策略未注册: macd零轴启动_v1.0
2025-08-14 16:36:53,830 - ERROR - 策略未注册: 周线金叉+日线ma_v1.0
2025-08-14 16:36:53,836 - ERROR - 策略未注册: macd零轴启动_v1.0
2025-08-14 16:36:53,836 - ERROR - 策略未注册: 周线金叉+日线ma_v1.0
2025-08-14 16:36:53,843 - ERROR - 策略未注册: macd零轴启动_v1.0
2025-08-14 16:36:53,843 - ERROR - 策略未注册: 周线金叉+日线ma_v1.0
2025-08-14 16:36:53,849 - ERROR - 策略未注册: macd零轴启动_v1.0
2025-08-14 16:36:53,849 - ERROR - 策略未注册: 周线金叉+日线ma_v1.0
2025-08-14 16:36:53,856 - ERROR - 策略未注册: macd零轴启动_v1.0
2025-08-14 16:36:53,856 - ERROR - 策略未注册: 周线金叉+日线ma_v1.0
2025-08-14 16:36:53,862 - ERROR - 策略未注册: macd零轴启动_v1.0
2025-08-14 16:36:53,862 - ERROR - 策略未注册: 周线金叉+日线ma_v1.0
2025-08-14 16:36:53,869 - ERROR - 策略未注册: macd零轴启动_v1.0
2025-08-14 16:36:53,869 - ERROR - 策略未注册: 周线金叉+日线ma_v1.0
2025-08-14 16:36:53,876 - ERROR - 策略未注册: macd零轴启动_v1.0
2025-08-14 16:36:53,876 - ERROR - 策略未注册: 周线金叉+日线ma_v1.0
2025-08-14 16:36:53,882 - ERROR - 策略未注册: macd零轴启动_v1.0
2025-08-14 16:36:53,882 - ERROR - 策略未注册: 周线金叉+日线ma_v1.0
2025-08-14 16:36:53,889 - ERROR - 策略未注册: macd零轴启动_v1.0
2025-08-14 16:36:53,889 - ERROR - 策略未注册: 周线金叉+日线ma_v1.0
2025-08-14 16:36:53,896 - ERROR - 策略未注册: macd零轴启动_v1.0
2025-08-14 16:36:53,896 - ERROR - 策略未注册: 周线金叉+日线ma_v1.0
2025-08-14 16:36:53,903 - ERROR - 策略未注册: macd零轴启动_v1.0
2025-08-14 16:36:53,903 - ERROR - 策略未注册: 周线金叉+日线ma_v1.0
2025-08-14 16:36:53,910 - ERROR - 策略未注册: macd零轴启动_v1.0
2025-08-14 16:36:53,910 - ERROR - 策略未注册: 周线金叉+日线ma_v1.0
2025-08-14 16:36:53,917 - ERROR - 策略未注册: macd零轴启动_v1.0
2025-08-14 16:36:53,917 - ERROR - 策略未注册: 周线金叉+日线ma_v1.0
2025-08-14 16:36:53,924 - ERROR - 策略未注册: macd零轴启动_v1.0
2025-08-14 16:36:53,924 - ERROR - 策略未注册: 周线金叉+日线ma_v1.0
2025-08-14 16:36:53,931 - ERROR - 策略未注册: macd零轴启动_v1.0
2025-08-14 16:36:53,932 - ERROR - 策略未注册: 周线金叉+日线ma_v1.0
2025-08-14 16:36:53,939 - ERROR - 策略未注册: macd零轴启动_v1.0
2025-08-14 16:36:53,939 - ERROR - 策略未注册: 周线金叉+日线ma_v1.0
2025-08-14 16:36:53,945 - ERROR - 策略未注册: macd零轴启动_v1.0
2025-08-14 16:36:53,945 - ERROR - 策略未注册: 周线金叉+日线ma_v1.0
2025-08-14 16:36:53,952 - ERROR - 策略未注册: macd零轴启动_v1.0
2025-08-14 16:36:53,952 - ERROR - 策略未注册: 周线金叉+日线ma_v1.0
2025-08-14 16:36:53,959 - ERROR - 策略未注册: macd零轴启动_v1.0
2025-08-14 16:36:53,959 - ERROR - 策略未注册: 周线金叉+日线ma_v1.0
2025-08-14 16:36:53,966 - ERROR - 策略未注册: macd零轴启动_v1.0
2025-08-14 16:36:53,966 - ERROR - 策略未注册: 周线金叉+日线ma_v1.0
2025-08-14 16:36:53,973 - ERROR - 策略未注册: macd零轴启动_v1.0
2025-08-14 16:36:53,973 - ERROR - 策略未注册: 周线金叉+日线ma_v1.0
2025-08-14 16:36:53,980 - ERROR - 策略未注册: macd零轴启动_v1.0
2025-08-14 16:36:53,980 - ERROR - 策略未注册: 周线金叉+日线ma_v1.0
2025-08-14 16:36:53,986 - ERROR - 策略未注册: macd零轴启动_v1.0
2025-08-14 16:36:53,986 - ERROR - 策略未注册: 周线金叉+日线ma_v1.0
