2025-08-15 15:25:26,635 - INFO - 加载配置文件: /home/hypnosis/data/quant_base/backend/strategies_config.json
2025-08-15 15:25:26,635 - INFO - 配置加载成功: 5 个策略
2025-08-15 15:25:26,635 - INFO - 配置管理器初始化完成，配置文件: /home/hypnosis/data/quant_base/config/unified_strategy_config.json
2025-08-15 15:25:26,636 - INFO - 通用筛选器初始化完成
2025-08-15 15:25:26,636 - INFO - ===== 开始执行通用股票筛选 =====
2025-08-15 15:25:26,657 - INFO - 共找到 11839 个股票文件
2025-08-15 15:25:26,658 - INFO - 启用的策略: ['深渊筑底策略_v2.0', '临界金叉_v1.0', '三重金叉_v1.0', 'MACD零轴启动_v1.0', '周线金叉+日线MA_v1.0']
2025-08-15 15:25:43,668 - INFO - 对 50 个信号结果进行回测摘要分析...
2025-08-15 15:25:43,669 - INFO - 回测分析 [1/50]: sz003025
2025-08-15 15:25:43,673 - ERROR - 策略未注册: 周线金叉+日线MA
2025-08-15 15:25:43,673 - INFO - 回测分析 [2/50]: sh600702
2025-08-15 15:25:43,675 - ERROR - 策略未注册: 深渊筑底策略
2025-08-15 15:25:43,675 - INFO - 回测分析 [3/50]: sz002630
2025-08-15 15:25:43,678 - ERROR - 策略未注册: 深渊筑底策略
2025-08-15 15:25:43,678 - INFO - 回测分析 [4/50]: sh600355
2025-08-15 15:25:43,680 - ERROR - 策略未注册: 深渊筑底策略
2025-08-15 15:25:43,680 - INFO - 回测分析 [5/50]: sz002239
2025-08-15 15:25:43,682 - ERROR - 策略未注册: 周线金叉+日线MA
2025-08-15 15:25:43,682 - INFO - 回测分析 [6/50]: sz001333
2025-08-15 15:25:43,683 - ERROR - 策略未注册: 周线金叉+日线MA
2025-08-15 15:25:43,683 - INFO - 回测分析 [7/50]: sz003032
2025-08-15 15:25:43,685 - ERROR - 策略未注册: 深渊筑底策略
2025-08-15 15:25:43,685 - INFO - 回测分析 [8/50]: sz002529
2025-08-15 15:25:43,687 - ERROR - 策略未注册: 深渊筑底策略
2025-08-15 15:25:43,687 - INFO - 回测分析 [9/50]: sh600123
2025-08-15 15:25:43,689 - ERROR - 策略未注册: 深渊筑底策略
2025-08-15 15:25:43,689 - INFO - 回测分析 [10/50]: sh603348
2025-08-15 15:25:43,691 - ERROR - 策略未注册: 深渊筑底策略
2025-08-15 15:25:43,691 - INFO - 回测分析 [11/50]: sz002101
2025-08-15 15:25:43,693 - ERROR - 策略未注册: 周线金叉+日线MA
2025-08-15 15:25:43,693 - INFO - 回测分析 [12/50]: sz002531
2025-08-15 15:25:43,695 - ERROR - 策略未注册: 深渊筑底策略
2025-08-15 15:25:43,695 - INFO - 回测分析 [13/50]: sh603517
2025-08-15 15:25:43,697 - ERROR - 策略未注册: 周线金叉+日线MA
2025-08-15 15:25:43,697 - INFO - 回测分析 [14/50]: sz300208
2025-08-15 15:25:43,699 - ERROR - 策略未注册: 深渊筑底策略
2025-08-15 15:25:43,699 - INFO - 回测分析 [15/50]: sh603231
2025-08-15 15:25:43,700 - ERROR - 策略未注册: 深渊筑底策略
2025-08-15 15:25:43,700 - INFO - 回测分析 [16/50]: sz001378
2025-08-15 15:25:43,701 - ERROR - 策略未注册: 深渊筑底策略
2025-08-15 15:25:43,701 - INFO - 回测分析 [17/50]: sz000536
2025-08-15 15:25:43,703 - ERROR - 策略未注册: 周线金叉+日线MA
2025-08-15 15:25:43,703 - INFO - 回测分析 [18/50]: sz002762
2025-08-15 15:25:43,705 - ERROR - 策略未注册: 深渊筑底策略
2025-08-15 15:25:43,705 - INFO - 回测分析 [19/50]: sz000518
2025-08-15 15:25:43,708 - ERROR - 策略未注册: 深渊筑底策略
2025-08-15 15:25:43,708 - INFO - 回测分析 [20/50]: sz002789
2025-08-15 15:25:43,710 - ERROR - 策略未注册: 深渊筑底策略
2025-08-15 15:25:43,710 - INFO - 回测分析 [21/50]: sh600546
2025-08-15 15:25:43,712 - ERROR - 策略未注册: 深渊筑底策略
2025-08-15 15:25:43,712 - INFO - 回测分析 [22/50]: sh603721
2025-08-15 15:25:43,714 - ERROR - 策略未注册: 深渊筑底策略
2025-08-15 15:25:43,714 - INFO - 回测分析 [23/50]: sh600756
2025-08-15 15:25:43,716 - ERROR - 策略未注册: 周线金叉+日线MA
2025-08-15 15:25:43,716 - INFO - 回测分析 [24/50]: sz002521
2025-08-15 15:25:43,718 - ERROR - 策略未注册: 深渊筑底策略
2025-08-15 15:25:43,718 - INFO - 回测分析 [25/50]: sh600054
2025-08-15 15:25:43,720 - ERROR - 策略未注册: 周线金叉+日线MA
2025-08-15 15:25:43,720 - INFO - 回测分析 [26/50]: sh603261
2025-08-15 15:25:43,721 - ERROR - 策略未注册: 深渊筑底策略
2025-08-15 15:25:43,721 - INFO - 回测分析 [27/50]: sz300338
2025-08-15 15:25:43,723 - ERROR - 策略未注册: 深渊筑底策略
2025-08-15 15:25:43,724 - INFO - 回测分析 [28/50]: sh600199
2025-08-15 15:25:43,726 - ERROR - 策略未注册: 深渊筑底策略
2025-08-15 15:25:43,726 - INFO - 回测分析 [29/50]: sz300908
2025-08-15 15:25:43,727 - ERROR - 策略未注册: 周线金叉+日线MA
2025-08-15 15:25:43,727 - INFO - 回测分析 [30/50]: sh603178
2025-08-15 15:25:43,729 - ERROR - 策略未注册: 深渊筑底策略
2025-08-15 15:25:43,729 - INFO - 回测分析 [31/50]: sz300603
2025-08-15 15:25:43,731 - ERROR - 策略未注册: 周线金叉+日线MA
2025-08-15 15:25:43,731 - INFO - 回测分析 [32/50]: sh688209
2025-08-15 15:25:43,733 - ERROR - 策略未注册: 周线金叉+日线MA
2025-08-15 15:25:43,733 - INFO - 回测分析 [33/50]: sz300268
2025-08-15 15:25:43,735 - ERROR - 策略未注册: 深渊筑底策略
2025-08-15 15:25:43,735 - INFO - 回测分析 [34/50]: sh603366
2025-08-15 15:25:43,737 - ERROR - 策略未注册: 深渊筑底策略
2025-08-15 15:25:43,737 - INFO - 回测分析 [35/50]: sz001300
2025-08-15 15:25:43,738 - ERROR - 策略未注册: 深渊筑底策略
2025-08-15 15:25:43,738 - INFO - 回测分析 [36/50]: sz000810
2025-08-15 15:25:43,740 - ERROR - 策略未注册: 周线金叉+日线MA
2025-08-15 15:25:43,740 - INFO - 回测分析 [37/50]: sz300175
2025-08-15 15:25:43,743 - ERROR - 策略未注册: 深渊筑底策略
2025-08-15 15:25:43,743 - INFO - 回测分析 [38/50]: sz000595
2025-08-15 15:25:43,745 - ERROR - 策略未注册: 深渊筑底策略
2025-08-15 15:25:43,745 - INFO - 回测分析 [39/50]: sz002581
2025-08-15 15:25:43,747 - ERROR - 策略未注册: 深渊筑底策略
2025-08-15 15:25:43,747 - INFO - 回测分析 [40/50]: sh600171
2025-08-15 15:25:43,749 - ERROR - 策略未注册: 周线金叉+日线MA
2025-08-15 15:25:43,749 - INFO - 回测分析 [41/50]: sz000723
2025-08-15 15:25:43,751 - ERROR - 策略未注册: 深渊筑底策略
2025-08-15 15:25:43,751 - INFO - 回测分析 [42/50]: sh600026
2025-08-15 15:25:43,753 - ERROR - 策略未注册: 深渊筑底策略
2025-08-15 15:25:43,753 - INFO - 回测分析 [43/50]: sh600860
2025-08-15 15:25:43,755 - ERROR - 策略未注册: 周线金叉+日线MA
2025-08-15 15:25:43,755 - INFO - 回测分析 [44/50]: sz003004
2025-08-15 15:25:43,757 - ERROR - 策略未注册: 深渊筑底策略
2025-08-15 15:25:43,757 - INFO - 回测分析 [45/50]: sz000521
2025-08-15 15:25:43,759 - ERROR - 策略未注册: 深渊筑底策略
2025-08-15 15:25:43,759 - INFO - 回测分析 [46/50]: sz000820
2025-08-15 15:25:43,761 - ERROR - 策略未注册: 深渊筑底策略
2025-08-15 15:25:43,761 - INFO - 回测分析 [47/50]: sh605108
2025-08-15 15:25:43,763 - ERROR - 策略未注册: 深渊筑底策略
2025-08-15 15:25:43,763 - INFO - 回测分析 [48/50]: sz000736
2025-08-15 15:25:43,765 - ERROR - 策略未注册: 深渊筑底策略
2025-08-15 15:25:43,765 - INFO - 回测分析 [49/50]: sz002662
2025-08-15 15:25:43,767 - ERROR - 策略未注册: 周线金叉+日线MA
2025-08-15 15:25:43,767 - INFO - 回测分析 [50/50]: sh605577
2025-08-15 15:25:43,768 - ERROR - 策略未注册: 深渊筑底策略
2025-08-15 15:25:43,768 - INFO - 筛选完成，发现 50 个信号，耗时 17.13 秒
2025-08-15 15:25:43,775 - INFO - 结果已保存至: /home/hypnosis/data/quant_base/data/result/UNIVERSAL_SCREENING
