2025-08-15 15:29:07,443 - INFO - 加载配置文件: /home/hypnosis/data/quant_base/backend/strategies_config.json
2025-08-15 15:29:07,443 - INFO - 配置加载成功: 5 个策略
2025-08-15 15:29:07,443 - INFO - 配置管理器初始化完成，配置文件: /home/hypnosis/data/quant_base/config/unified_strategy_config.json
2025-08-15 15:29:07,444 - INFO - 通用筛选器初始化完成
2025-08-15 15:29:07,444 - INFO - ===== 开始执行通用股票筛选 =====
2025-08-15 15:29:07,464 - INFO - 共找到 11839 个股票文件
2025-08-15 15:29:07,464 - INFO - 启用的策略: ['深渊筑底策略_v2.0', '临界金叉_v1.0', '三重金叉_v1.0', 'MACD零轴启动_v1.0', '周线金叉+日线MA_v1.0']
2025-08-15 15:29:24,590 - INFO - 对 50 个信号结果进行回测摘要分析...
2025-08-15 15:29:24,590 - INFO - 回测分析 [1/50]: sh603348
2025-08-15 15:29:24,595 - WARNING - 策略ID 深渊筑底策略 未找到，使用替代ID: 深渊筑底策略_v2.0
2025-08-15 15:29:24,599 - INFO - 回测分析 [2/50]: sz003032
2025-08-15 15:29:24,601 - WARNING - 策略ID 深渊筑底策略 未找到，使用替代ID: 深渊筑底策略_v2.0
2025-08-15 15:29:24,604 - INFO - 回测分析 [3/50]: sh603517
2025-08-15 15:29:24,606 - WARNING - 策略ID 周线金叉+日线MA 未找到，使用替代ID: 周线金叉+日线MA_v1.0
2025-08-15 15:29:24,615 - INFO - 回测分析 [4/50]: sh603366
2025-08-15 15:29:24,618 - WARNING - 策略ID 深渊筑底策略 未找到，使用替代ID: 深渊筑底策略_v2.0
2025-08-15 15:29:24,622 - INFO - 回测分析 [5/50]: sh600123
2025-08-15 15:29:24,625 - WARNING - 策略ID 深渊筑底策略 未找到，使用替代ID: 深渊筑底策略_v2.0
2025-08-15 15:29:24,627 - INFO - 回测分析 [6/50]: sz002581
2025-08-15 15:29:24,630 - WARNING - 策略ID 深渊筑底策略 未找到，使用替代ID: 深渊筑底策略_v2.0
2025-08-15 15:29:24,633 - INFO - 回测分析 [7/50]: sz003025
2025-08-15 15:29:24,635 - WARNING - 策略ID 周线金叉+日线MA 未找到，使用替代ID: 周线金叉+日线MA_v1.0
2025-08-15 15:29:24,640 - INFO - 回测分析 [8/50]: sz001378
2025-08-15 15:29:24,642 - WARNING - 策略ID 深渊筑底策略 未找到，使用替代ID: 深渊筑底策略_v2.0
2025-08-15 15:29:24,644 - INFO - 回测分析 [9/50]: sh603178
2025-08-15 15:29:24,646 - WARNING - 策略ID 深渊筑底策略 未找到，使用替代ID: 深渊筑底策略_v2.0
2025-08-15 15:29:24,649 - INFO - 回测分析 [10/50]: sh600756
2025-08-15 15:29:24,651 - WARNING - 策略ID 周线金叉+日线MA 未找到，使用替代ID: 周线金叉+日线MA_v1.0
2025-08-15 15:29:24,657 - INFO - 回测分析 [11/50]: sz002662
2025-08-15 15:29:24,659 - WARNING - 策略ID 周线金叉+日线MA 未找到，使用替代ID: 周线金叉+日线MA_v1.0
2025-08-15 15:29:24,665 - INFO - 回测分析 [12/50]: sz000521
2025-08-15 15:29:24,667 - WARNING - 策略ID 深渊筑底策略 未找到，使用替代ID: 深渊筑底策略_v2.0
2025-08-15 15:29:24,670 - INFO - 回测分析 [13/50]: sz300175
2025-08-15 15:29:24,672 - WARNING - 策略ID 深渊筑底策略 未找到，使用替代ID: 深渊筑底策略_v2.0
2025-08-15 15:29:24,675 - INFO - 回测分析 [14/50]: sh605577
2025-08-15 15:29:24,676 - WARNING - 策略ID 深渊筑底策略 未找到，使用替代ID: 深渊筑底策略_v2.0
2025-08-15 15:29:24,679 - INFO - 回测分析 [15/50]: sh600026
2025-08-15 15:29:24,681 - WARNING - 策略ID 深渊筑底策略 未找到，使用替代ID: 深渊筑底策略_v2.0
2025-08-15 15:29:24,683 - INFO - 回测分析 [16/50]: sh600546
2025-08-15 15:29:24,685 - WARNING - 策略ID 深渊筑底策略 未找到，使用替代ID: 深渊筑底策略_v2.0
2025-08-15 15:29:24,688 - INFO - 回测分析 [17/50]: sz300208
2025-08-15 15:29:24,690 - WARNING - 策略ID 深渊筑底策略 未找到，使用替代ID: 深渊筑底策略_v2.0
2025-08-15 15:29:24,692 - INFO - 回测分析 [18/50]: sz300603
2025-08-15 15:29:24,694 - WARNING - 策略ID 周线金叉+日线MA 未找到，使用替代ID: 周线金叉+日线MA_v1.0
2025-08-15 15:29:24,699 - INFO - 回测分析 [19/50]: sh688209
2025-08-15 15:29:24,701 - WARNING - 策略ID 周线金叉+日线MA 未找到，使用替代ID: 周线金叉+日线MA_v1.0
2025-08-15 15:29:24,705 - INFO - 回测分析 [20/50]: sz001333
2025-08-15 15:29:24,706 - WARNING - 策略ID 周线金叉+日线MA 未找到，使用替代ID: 周线金叉+日线MA_v1.0
2025-08-15 15:29:24,710 - INFO - 回测分析 [21/50]: sz002789
2025-08-15 15:29:24,712 - WARNING - 策略ID 深渊筑底策略 未找到，使用替代ID: 深渊筑底策略_v2.0
2025-08-15 15:29:24,714 - INFO - 回测分析 [22/50]: sz001300
2025-08-15 15:29:24,716 - WARNING - 策略ID 深渊筑底策略 未找到，使用替代ID: 深渊筑底策略_v2.0
2025-08-15 15:29:24,718 - INFO - 回测分析 [23/50]: sh600171
2025-08-15 15:29:24,720 - WARNING - 策略ID 周线金叉+日线MA 未找到，使用替代ID: 周线金叉+日线MA_v1.0
2025-08-15 15:29:24,726 - INFO - 回测分析 [24/50]: sz000536
2025-08-15 15:29:24,728 - WARNING - 策略ID 周线金叉+日线MA 未找到，使用替代ID: 周线金叉+日线MA_v1.0
2025-08-15 15:29:24,734 - INFO - 回测分析 [25/50]: sh603231
2025-08-15 15:29:24,735 - WARNING - 策略ID 深渊筑底策略 未找到，使用替代ID: 深渊筑底策略_v2.0
2025-08-15 15:29:24,737 - INFO - 回测分析 [26/50]: sh600355
2025-08-15 15:29:24,739 - WARNING - 策略ID 深渊筑底策略 未找到，使用替代ID: 深渊筑底策略_v2.0
2025-08-15 15:29:24,742 - INFO - 回测分析 [27/50]: sh603721
2025-08-15 15:29:24,744 - WARNING - 策略ID 深渊筑底策略 未找到，使用替代ID: 深渊筑底策略_v2.0
2025-08-15 15:29:24,747 - INFO - 回测分析 [28/50]: sz000518
2025-08-15 15:29:24,749 - WARNING - 策略ID 深渊筑底策略 未找到，使用替代ID: 深渊筑底策略_v2.0
2025-08-15 15:29:24,751 - INFO - 回测分析 [29/50]: sh600054
2025-08-15 15:29:24,753 - WARNING - 策略ID 周线金叉+日线MA 未找到，使用替代ID: 周线金叉+日线MA_v1.0
2025-08-15 15:29:24,759 - INFO - 回测分析 [30/50]: sz002101
2025-08-15 15:29:24,761 - WARNING - 策略ID 周线金叉+日线MA 未找到，使用替代ID: 周线金叉+日线MA_v1.0
2025-08-15 15:29:24,766 - INFO - 回测分析 [31/50]: sz002239
2025-08-15 15:29:24,768 - WARNING - 策略ID 周线金叉+日线MA 未找到，使用替代ID: 周线金叉+日线MA_v1.0
2025-08-15 15:29:24,774 - INFO - 回测分析 [32/50]: sz002531
2025-08-15 15:29:24,776 - WARNING - 策略ID 深渊筑底策略 未找到，使用替代ID: 深渊筑底策略_v2.0
2025-08-15 15:29:24,779 - INFO - 回测分析 [33/50]: sz003004
2025-08-15 15:29:24,781 - WARNING - 策略ID 深渊筑底策略 未找到，使用替代ID: 深渊筑底策略_v2.0
2025-08-15 15:29:24,783 - INFO - 回测分析 [34/50]: sz300338
2025-08-15 15:29:24,785 - WARNING - 策略ID 深渊筑底策略 未找到，使用替代ID: 深渊筑底策略_v2.0
2025-08-15 15:29:24,787 - INFO - 回测分析 [35/50]: sz002630
2025-08-15 15:29:24,789 - WARNING - 策略ID 深渊筑底策略 未找到，使用替代ID: 深渊筑底策略_v2.0
2025-08-15 15:29:24,792 - INFO - 回测分析 [36/50]: sz000723
2025-08-15 15:29:24,794 - WARNING - 策略ID 深渊筑底策略 未找到，使用替代ID: 深渊筑底策略_v2.0
2025-08-15 15:29:24,797 - INFO - 回测分析 [37/50]: sz000820
2025-08-15 15:29:24,799 - WARNING - 策略ID 深渊筑底策略 未找到，使用替代ID: 深渊筑底策略_v2.0
2025-08-15 15:29:24,802 - INFO - 回测分析 [38/50]: sh600199
2025-08-15 15:29:24,804 - WARNING - 策略ID 深渊筑底策略 未找到，使用替代ID: 深渊筑底策略_v2.0
2025-08-15 15:29:24,806 - INFO - 回测分析 [39/50]: sz002762
2025-08-15 15:29:24,808 - WARNING - 策略ID 深渊筑底策略 未找到，使用替代ID: 深渊筑底策略_v2.0
2025-08-15 15:29:24,811 - INFO - 回测分析 [40/50]: sh600860
2025-08-15 15:29:24,813 - WARNING - 策略ID 周线金叉+日线MA 未找到，使用替代ID: 周线金叉+日线MA_v1.0
2025-08-15 15:29:24,820 - INFO - 回测分析 [41/50]: sz000810
2025-08-15 15:29:24,822 - WARNING - 策略ID 周线金叉+日线MA 未找到，使用替代ID: 周线金叉+日线MA_v1.0
2025-08-15 15:29:24,828 - INFO - 回测分析 [42/50]: sh600702
2025-08-15 15:29:24,830 - WARNING - 策略ID 深渊筑底策略 未找到，使用替代ID: 深渊筑底策略_v2.0
2025-08-15 15:29:24,834 - INFO - 回测分析 [43/50]: sz002529
2025-08-15 15:29:24,837 - WARNING - 策略ID 深渊筑底策略 未找到，使用替代ID: 深渊筑底策略_v2.0
2025-08-15 15:29:24,840 - INFO - 回测分析 [44/50]: sh603261
2025-08-15 15:29:24,842 - WARNING - 策略ID 深渊筑底策略 未找到，使用替代ID: 深渊筑底策略_v2.0
2025-08-15 15:29:24,845 - INFO - 回测分析 [45/50]: sz300268
2025-08-15 15:29:24,847 - WARNING - 策略ID 深渊筑底策略 未找到，使用替代ID: 深渊筑底策略_v2.0
2025-08-15 15:29:24,849 - INFO - 回测分析 [46/50]: sz000736
2025-08-15 15:29:24,851 - WARNING - 策略ID 深渊筑底策略 未找到，使用替代ID: 深渊筑底策略_v2.0
2025-08-15 15:29:24,855 - INFO - 回测分析 [47/50]: sz300908
2025-08-15 15:29:24,872 - WARNING - 策略ID 周线金叉+日线MA 未找到，使用替代ID: 周线金叉+日线MA_v1.0
2025-08-15 15:29:24,877 - INFO - 回测分析 [48/50]: sz002521
2025-08-15 15:29:24,879 - WARNING - 策略ID 深渊筑底策略 未找到，使用替代ID: 深渊筑底策略_v2.0
2025-08-15 15:29:24,882 - INFO - 回测分析 [49/50]: sh605108
2025-08-15 15:29:24,884 - WARNING - 策略ID 深渊筑底策略 未找到，使用替代ID: 深渊筑底策略_v2.0
2025-08-15 15:29:24,886 - INFO - 回测分析 [50/50]: sz000595
2025-08-15 15:29:24,888 - WARNING - 策略ID 深渊筑底策略 未找到，使用替代ID: 深渊筑底策略_v2.0
2025-08-15 15:29:24,891 - INFO - 筛选完成，发现 50 个信号，耗时 17.45 秒
2025-08-15 15:29:24,896 - INFO - 结果已保存至: /home/hypnosis/data/quant_base/data/result/UNIVERSAL_SCREENING
