2025-08-15 16:47:04,279 - INFO - 加载配置文件: /home/hypnosis/data/quant_base/backend/strategies_config.json
2025-08-15 16:47:04,279 - INFO - 配置加载成功: 5 个策略
2025-08-15 16:47:04,279 - INFO - 配置管理器初始化完成，配置文件: /home/hypnosis/data/quant_base/config/unified_strategy_config.json
2025-08-15 16:47:04,281 - INFO - 通用筛选器初始化完成
2025-08-15 16:47:04,281 - INFO - ===== 开始执行通用股票筛选 =====
2025-08-15 16:47:04,300 - INFO - 共找到 11839 个股票文件
2025-08-15 16:47:04,300 - INFO - 启用的策略: ['深渊筑底策略_v2.0', '临界金叉_v1.0', '三重金叉_v1.0', 'MACD零轴启动_v1.0', '周线金叉+日线MA_v1.0']
2025-08-15 16:47:32,419 - INFO - 对 405 个信号结果进行回测摘要分析...
2025-08-15 16:47:32,419 - INFO - 回测分析 [1/405]: 31#01650
2025-08-15 16:47:32,423 - WARNING - 策略ID 深渊筑底策略 未找到，使用替代ID: 深渊筑底策略_v2.0
2025-08-15 16:47:32,426 - INFO - 回测分析 [2/405]: 31#01566
2025-08-15 16:47:32,428 - WARNING - 策略ID 深渊筑底策略 未找到，使用替代ID: 深渊筑底策略_v2.0
2025-08-15 16:47:32,430 - INFO - 回测分析 [3/405]: 31#06093
2025-08-15 16:47:32,433 - WARNING - 策略ID 深渊筑底策略 未找到，使用替代ID: 深渊筑底策略_v2.0
2025-08-15 16:47:32,435 - INFO - 回测分析 [4/405]: 48#08203
2025-08-15 16:47:32,436 - WARNING - 策略ID 深渊筑底策略 未找到，使用替代ID: 深渊筑底策略_v2.0
2025-08-15 16:47:32,438 - INFO - 回测分析 [5/405]: 31#00442
2025-08-15 16:47:32,439 - WARNING - 策略ID 深渊筑底策略 未找到，使用替代ID: 深渊筑底策略_v2.0
2025-08-15 16:47:32,441 - INFO - 回测分析 [6/405]: 31#00251
2025-08-15 16:47:32,442 - WARNING - 策略ID 深渊筑底策略 未找到，使用替代ID: 深渊筑底策略_v2.0
2025-08-15 16:47:32,444 - INFO - 回测分析 [7/405]: sz003025
2025-08-15 16:47:32,446 - WARNING - 策略ID 周线金叉+日线MA 未找到，使用替代ID: 周线金叉+日线MA_v1.0
2025-08-15 16:47:32,452 - INFO - 回测分析 [8/405]: 31#01733
2025-08-15 16:47:32,454 - WARNING - 策略ID 深渊筑底策略 未找到，使用替代ID: 深渊筑底策略_v2.0
2025-08-15 16:47:32,456 - INFO - 回测分析 [9/405]: 31#01894
2025-08-15 16:47:32,457 - WARNING - 策略ID 深渊筑底策略 未找到，使用替代ID: 深渊筑底策略_v2.0
2025-08-15 16:47:32,459 - INFO - 回测分析 [10/405]: 31#01832
2025-08-15 16:47:32,460 - WARNING - 策略ID 深渊筑底策略 未找到，使用替代ID: 深渊筑底策略_v2.0
2025-08-15 16:47:32,462 - INFO - 回测分析 [11/405]: 31#01198
2025-08-15 16:47:32,463 - WARNING - 策略ID 深渊筑底策略 未找到，使用替代ID: 深渊筑底策略_v2.0
2025-08-15 16:47:32,465 - INFO - 回测分析 [12/405]: 48#08445
2025-08-15 16:47:32,466 - WARNING - 策略ID 深渊筑底策略 未找到，使用替代ID: 深渊筑底策略_v2.0
2025-08-15 16:47:32,468 - INFO - 回测分析 [13/405]: 31#01638
2025-08-15 16:47:32,470 - WARNING - 策略ID 深渊筑底策略 未找到，使用替代ID: 深渊筑底策略_v2.0
2025-08-15 16:47:32,472 - INFO - 回测分析 [14/405]: 31#06036
2025-08-15 16:47:32,474 - WARNING - 策略ID 深渊筑底策略 未找到，使用替代ID: 深渊筑底策略_v2.0
2025-08-15 16:47:32,475 - INFO - 回测分析 [15/405]: 31#01660
2025-08-15 16:47:32,478 - WARNING - 策略ID 深渊筑底策略 未找到，使用替代ID: 深渊筑底策略_v2.0
2025-08-15 16:47:32,479 - INFO - 回测分析 [16/405]: sz003032
2025-08-15 16:47:32,481 - WARNING - 策略ID 深渊筑底策略 未找到，使用替代ID: 深渊筑底策略_v2.0
2025-08-15 16:47:32,484 - INFO - 回测分析 [17/405]: 31#00606
2025-08-15 16:47:32,485 - WARNING - 策略ID 深渊筑底策略 未找到，使用替代ID: 深渊筑底策略_v2.0
2025-08-15 16:47:32,487 - INFO - 回测分析 [18/405]: 31#02486
2025-08-15 16:47:32,488 - WARNING - 策略ID 深渊筑底策略 未找到，使用替代ID: 深渊筑底策略_v2.0
2025-08-15 16:47:32,490 - INFO - 回测分析 [19/405]: 31#01699
2025-08-15 16:47:32,491 - WARNING - 策略ID 深渊筑底策略 未找到，使用替代ID: 深渊筑底策略_v2.0
2025-08-15 16:47:32,493 - INFO - 回测分析 [20/405]: 48#08516
2025-08-15 16:47:32,495 - WARNING - 策略ID 深渊筑底策略 未找到，使用替代ID: 深渊筑底策略_v2.0
2025-08-15 16:47:32,496 - INFO - 回测分析 [21/405]: 48#08627
2025-08-15 16:47:32,498 - WARNING - 策略ID 深渊筑底策略 未找到，使用替代ID: 深渊筑底策略_v2.0
2025-08-15 16:47:32,500 - INFO - 回测分析 [22/405]: 31#02383
2025-08-15 16:47:32,502 - WARNING - 策略ID 深渊筑底策略 未找到，使用替代ID: 深渊筑底策略_v2.0
2025-08-15 16:47:32,503 - INFO - 回测分析 [23/405]: 48#08347
2025-08-15 16:47:32,505 - WARNING - 策略ID 深渊筑底策略 未找到，使用替代ID: 深渊筑底策略_v2.0
2025-08-15 16:47:32,507 - INFO - 回测分析 [24/405]: 31#00018
2025-08-15 16:47:32,509 - WARNING - 策略ID 深渊筑底策略 未找到，使用替代ID: 深渊筑底策略_v2.0
2025-08-15 16:47:32,511 - INFO - 回测分析 [25/405]: sz002762
2025-08-15 16:47:32,513 - WARNING - 策略ID 深渊筑底策略 未找到，使用替代ID: 深渊筑底策略_v2.0
2025-08-15 16:47:32,515 - INFO - 回测分析 [26/405]: 31#01417
2025-08-15 16:47:32,517 - WARNING - 策略ID 深渊筑底策略 未找到，使用替代ID: 深渊筑底策略_v2.0
2025-08-15 16:47:32,518 - INFO - 回测分析 [27/405]: 31#01360
2025-08-15 16:47:32,520 - WARNING - 策略ID 深渊筑底策略 未找到，使用替代ID: 深渊筑底策略_v2.0
2025-08-15 16:47:32,522 - INFO - 回测分析 [28/405]: 31#01701
2025-08-15 16:47:32,523 - WARNING - 策略ID 深渊筑底策略 未找到，使用替代ID: 深渊筑底策略_v2.0
2025-08-15 16:47:32,525 - INFO - 回测分析 [29/405]: 31#06199
2025-08-15 16:47:32,527 - WARNING - 策略ID 深渊筑底策略 未找到，使用替代ID: 深渊筑底策略_v2.0
2025-08-15 16:47:32,528 - INFO - 回测分析 [30/405]: 48#08620
2025-08-15 16:47:32,530 - WARNING - 策略ID 深渊筑底策略 未找到，使用替代ID: 深渊筑底策略_v2.0
2025-08-15 16:47:32,532 - INFO - 回测分析 [31/405]: 31#00310
2025-08-15 16:47:32,533 - WARNING - 策略ID 深渊筑底策略 未找到，使用替代ID: 深渊筑底策略_v2.0
2025-08-15 16:47:32,534 - INFO - 回测分析 [32/405]: sz300268
2025-08-15 16:47:32,537 - WARNING - 策略ID 深渊筑底策略 未找到，使用替代ID: 深渊筑底策略_v2.0
2025-08-15 16:47:32,538 - INFO - 回测分析 [33/405]: 31#01771
2025-08-15 16:47:32,540 - WARNING - 策略ID 深渊筑底策略 未找到，使用替代ID: 深渊筑底策略_v2.0
2025-08-15 16:47:32,541 - INFO - 回测分析 [34/405]: 31#06999
2025-08-15 16:47:32,543 - WARNING - 策略ID 深渊筑底策略 未找到，使用替代ID: 深渊筑底策略_v2.0
2025-08-15 16:47:32,545 - INFO - 回测分析 [35/405]: 31#01204
2025-08-15 16:47:32,546 - WARNING - 策略ID 深渊筑底策略 未找到，使用替代ID: 深渊筑底策略_v2.0
2025-08-15 16:47:32,548 - INFO - 回测分析 [36/405]: 31#03363
2025-08-15 16:47:32,549 - WARNING - 策略ID 深渊筑底策略 未找到，使用替代ID: 深渊筑底策略_v2.0
2025-08-15 16:47:32,550 - INFO - 回测分析 [37/405]: 31#01846
2025-08-15 16:47:32,552 - WARNING - 策略ID 深渊筑底策略 未找到，使用替代ID: 深渊筑底策略_v2.0
2025-08-15 16:47:32,554 - INFO - 回测分析 [38/405]: 31#01323
2025-08-15 16:47:32,556 - WARNING - 策略ID 深渊筑底策略 未找到，使用替代ID: 深渊筑底策略_v2.0
2025-08-15 16:47:32,558 - INFO - 回测分析 [39/405]: 31#01246
2025-08-15 16:47:32,559 - WARNING - 策略ID 深渊筑底策略 未找到，使用替代ID: 深渊筑底策略_v2.0
2025-08-15 16:47:32,561 - INFO - 回测分析 [40/405]: sh603261
2025-08-15 16:47:32,562 - WARNING - 策略ID 深渊筑底策略 未找到，使用替代ID: 深渊筑底策略_v2.0
2025-08-15 16:47:32,565 - INFO - 回测分析 [41/405]: 31#09857
2025-08-15 16:47:32,566 - WARNING - 策略ID 深渊筑底策略 未找到，使用替代ID: 深渊筑底策略_v2.0
2025-08-15 16:47:32,568 - INFO - 回测分析 [42/405]: 31#01897
2025-08-15 16:47:32,570 - WARNING - 策略ID 深渊筑底策略 未找到，使用替代ID: 深渊筑底策略_v2.0
2025-08-15 16:47:32,571 - INFO - 回测分析 [43/405]: 31#00162
2025-08-15 16:47:32,573 - WARNING - 策略ID 深渊筑底策略 未找到，使用替代ID: 深渊筑底策略_v2.0
2025-08-15 16:47:32,574 - INFO - 回测分析 [44/405]: 31#00750
2025-08-15 16:47:32,577 - WARNING - 策略ID 深渊筑底策略 未找到，使用替代ID: 深渊筑底策略_v2.0
2025-08-15 16:47:32,578 - INFO - 回测分析 [45/405]: 48#08613
2025-08-15 16:47:32,580 - WARNING - 策略ID 深渊筑底策略 未找到，使用替代ID: 深渊筑底策略_v2.0
2025-08-15 16:47:32,582 - INFO - 回测分析 [46/405]: 31#06812
2025-08-15 16:47:32,583 - WARNING - 策略ID 深渊筑底策略 未找到，使用替代ID: 深渊筑底策略_v2.0
2025-08-15 16:47:32,585 - INFO - 回测分析 [47/405]: 31#00137
2025-08-15 16:47:32,586 - WARNING - 策略ID 深渊筑底策略 未找到，使用替代ID: 深渊筑底策略_v2.0
2025-08-15 16:47:32,588 - INFO - 回测分析 [48/405]: 31#09982
2025-08-15 16:47:32,589 - WARNING - 策略ID 深渊筑底策略 未找到，使用替代ID: 深渊筑底策略_v2.0
2025-08-15 16:47:32,591 - INFO - 回测分析 [49/405]: 31#01655
2025-08-15 16:47:32,592 - WARNING - 策略ID 深渊筑底策略 未找到，使用替代ID: 深渊筑底策略_v2.0
2025-08-15 16:47:32,594 - INFO - 回测分析 [50/405]: 31#02180
2025-08-15 16:47:32,596 - WARNING - 策略ID 深渊筑底策略 未找到，使用替代ID: 深渊筑底策略_v2.0
2025-08-15 16:47:32,597 - INFO - 回测分析 [51/405]: 48#08423
2025-08-15 16:47:32,599 - WARNING - 策略ID 深渊筑底策略 未找到，使用替代ID: 深渊筑底策略_v2.0
2025-08-15 16:47:32,601 - INFO - 回测分析 [52/405]: 48#08429
2025-08-15 16:47:32,602 - WARNING - 策略ID 深渊筑底策略 未找到，使用替代ID: 深渊筑底策略_v2.0
2025-08-15 16:47:32,604 - INFO - 回测分析 [53/405]: sh603231
2025-08-15 16:47:32,605 - WARNING - 策略ID 深渊筑底策略 未找到，使用替代ID: 深渊筑底策略_v2.0
2025-08-15 16:47:32,607 - INFO - 回测分析 [54/405]: sh600199
2025-08-15 16:47:32,609 - WARNING - 策略ID 深渊筑底策略 未找到，使用替代ID: 深渊筑底策略_v2.0
2025-08-15 16:47:32,612 - INFO - 回测分析 [55/405]: 31#00483
2025-08-15 16:47:32,614 - WARNING - 策略ID 深渊筑底策略 未找到，使用替代ID: 深渊筑底策略_v2.0
2025-08-15 16:47:32,615 - INFO - 回测分析 [56/405]: 31#00663
2025-08-15 16:47:32,617 - WARNING - 策略ID 深渊筑底策略 未找到，使用替代ID: 深渊筑底策略_v2.0
2025-08-15 16:47:32,619 - INFO - 回测分析 [57/405]: 31#06918
2025-08-15 16:47:32,621 - WARNING - 策略ID 深渊筑底策略 未找到，使用替代ID: 深渊筑底策略_v2.0
2025-08-15 16:47:32,622 - INFO - 回测分析 [58/405]: 31#01820
2025-08-15 16:47:32,624 - WARNING - 策略ID 深渊筑底策略 未找到，使用替代ID: 深渊筑底策略_v2.0
2025-08-15 16:47:32,626 - INFO - 回测分析 [59/405]: sz000736
2025-08-15 16:47:32,628 - WARNING - 策略ID 深渊筑底策略 未找到，使用替代ID: 深渊筑底策略_v2.0
2025-08-15 16:47:32,631 - INFO - 回测分析 [60/405]: 31#01597
2025-08-15 16:47:32,633 - WARNING - 策略ID 深渊筑底策略 未找到，使用替代ID: 深渊筑底策略_v2.0
2025-08-15 16:47:32,634 - INFO - 回测分析 [61/405]: sz002101
2025-08-15 16:47:32,636 - WARNING - 策略ID 周线金叉+日线MA 未找到，使用替代ID: 周线金叉+日线MA_v1.0
2025-08-15 16:47:32,642 - INFO - 回测分析 [62/405]: 31#01845
2025-08-15 16:47:32,644 - WARNING - 策略ID 深渊筑底策略 未找到，使用替代ID: 深渊筑底策略_v2.0
2025-08-15 16:47:32,645 - INFO - 回测分析 [63/405]: 31#00286
2025-08-15 16:47:32,647 - WARNING - 策略ID 深渊筑底策略 未找到，使用替代ID: 深渊筑底策略_v2.0
2025-08-15 16:47:32,649 - INFO - 回测分析 [64/405]: sz002239
2025-08-15 16:47:32,651 - WARNING - 策略ID 周线金叉+日线MA 未找到，使用替代ID: 周线金叉+日线MA_v1.0
2025-08-15 16:47:32,657 - INFO - 回测分析 [65/405]: 31#00459
2025-08-15 16:47:32,659 - WARNING - 策略ID 深渊筑底策略 未找到，使用替代ID: 深渊筑底策略_v2.0
2025-08-15 16:47:32,661 - INFO - 回测分析 [66/405]: 31#02101
2025-08-15 16:47:32,663 - WARNING - 策略ID 深渊筑底策略 未找到，使用替代ID: 深渊筑底策略_v2.0
2025-08-15 16:47:32,664 - INFO - 回测分析 [67/405]: 48#08250
2025-08-15 16:47:32,666 - WARNING - 策略ID 深渊筑底策略 未找到，使用替代ID: 深渊筑底策略_v2.0
2025-08-15 16:47:32,668 - INFO - 回测分析 [68/405]: sz300908
2025-08-15 16:47:32,670 - WARNING - 策略ID 周线金叉+日线MA 未找到，使用替代ID: 周线金叉+日线MA_v1.0
2025-08-15 16:47:32,675 - INFO - 回测分析 [69/405]: 31#00738
2025-08-15 16:47:32,676 - WARNING - 策略ID 深渊筑底策略 未找到，使用替代ID: 深渊筑底策略_v2.0
2025-08-15 16:47:32,678 - INFO - 回测分析 [70/405]: 31#01953
2025-08-15 16:47:32,680 - WARNING - 策略ID 深渊筑底策略 未找到，使用替代ID: 深渊筑底策略_v2.0
2025-08-15 16:47:32,681 - INFO - 回测分析 [71/405]: 48#08472
2025-08-15 16:47:32,683 - WARNING - 策略ID 深渊筑底策略 未找到，使用替代ID: 深渊筑底策略_v2.0
2025-08-15 16:47:32,685 - INFO - 回测分析 [72/405]: sh603721
2025-08-15 16:47:32,687 - WARNING - 策略ID 深渊筑底策略 未找到，使用替代ID: 深渊筑底策略_v2.0
2025-08-15 16:47:32,690 - INFO - 回测分析 [73/405]: 31#02399
2025-08-15 16:47:32,709 - WARNING - 策略ID 深渊筑底策略 未找到，使用替代ID: 深渊筑底策略_v2.0
2025-08-15 16:47:32,711 - INFO - 回测分析 [74/405]: 31#00034
2025-08-15 16:47:32,713 - WARNING - 策略ID 深渊筑底策略 未找到，使用替代ID: 深渊筑底策略_v2.0
2025-08-15 16:47:32,715 - INFO - 回测分析 [75/405]: 31#00520
2025-08-15 16:47:32,717 - WARNING - 策略ID 深渊筑底策略 未找到，使用替代ID: 深渊筑底策略_v2.0
2025-08-15 16:47:32,719 - INFO - 回测分析 [76/405]: 31#01869
2025-08-15 16:47:32,721 - WARNING - 策略ID 深渊筑底策略 未找到，使用替代ID: 深渊筑底策略_v2.0
2025-08-15 16:47:32,723 - INFO - 回测分析 [77/405]: 31#02427
2025-08-15 16:47:32,724 - WARNING - 策略ID 深渊筑底策略 未找到，使用替代ID: 深渊筑底策略_v2.0
2025-08-15 16:47:32,726 - INFO - 回测分析 [78/405]: 31#02260
2025-08-15 16:47:32,727 - WARNING - 策略ID 深渊筑底策略 未找到，使用替代ID: 深渊筑底策略_v2.0
2025-08-15 16:47:32,729 - INFO - 回测分析 [79/405]: 31#01489
2025-08-15 16:47:32,730 - WARNING - 策略ID 深渊筑底策略 未找到，使用替代ID: 深渊筑底策略_v2.0
2025-08-15 16:47:32,731 - INFO - 回测分析 [80/405]: sh603178
2025-08-15 16:47:32,734 - WARNING - 策略ID 深渊筑底策略 未找到，使用替代ID: 深渊筑底策略_v2.0
2025-08-15 16:47:32,736 - INFO - 回测分析 [81/405]: 31#06163
2025-08-15 16:47:32,738 - WARNING - 策略ID 深渊筑底策略 未找到，使用替代ID: 深渊筑底策略_v2.0
2025-08-15 16:47:32,739 - INFO - 回测分析 [82/405]: 48#08659
2025-08-15 16:47:32,741 - WARNING - 策略ID 深渊筑底策略 未找到，使用替代ID: 深渊筑底策略_v2.0
2025-08-15 16:47:32,743 - INFO - 回测分析 [83/405]: sz002531
2025-08-15 16:47:32,745 - WARNING - 策略ID 深渊筑底策略 未找到，使用替代ID: 深渊筑底策略_v2.0
2025-08-15 16:47:32,748 - INFO - 回测分析 [84/405]: 31#03683
2025-08-15 16:47:32,750 - WARNING - 策略ID 深渊筑底策略 未找到，使用替代ID: 深渊筑底策略_v2.0
2025-08-15 16:47:32,751 - INFO - 回测分析 [85/405]: 31#00593
2025-08-15 16:47:32,752 - WARNING - 策略ID 深渊筑底策略 未找到，使用替代ID: 深渊筑底策略_v2.0
2025-08-15 16:47:32,754 - INFO - 回测分析 [86/405]: 31#03718
2025-08-15 16:47:32,756 - WARNING - 策略ID 深渊筑底策略 未找到，使用替代ID: 深渊筑底策略_v2.0
2025-08-15 16:47:32,758 - INFO - 回测分析 [87/405]: 31#06968
2025-08-15 16:47:32,760 - WARNING - 策略ID 深渊筑底策略 未找到，使用替代ID: 深渊筑底策略_v2.0
2025-08-15 16:47:32,762 - INFO - 回测分析 [88/405]: 31#01827
2025-08-15 16:47:32,763 - WARNING - 策略ID 深渊筑底策略 未找到，使用替代ID: 深渊筑底策略_v2.0
2025-08-15 16:47:32,765 - INFO - 回测分析 [89/405]: 31#00830
2025-08-15 16:47:32,767 - WARNING - 策略ID 深渊筑底策略 未找到，使用替代ID: 深渊筑底策略_v2.0
2025-08-15 16:47:32,769 - INFO - 回测分析 [90/405]: 31#02135
2025-08-15 16:47:32,770 - WARNING - 策略ID 深渊筑底策略 未找到，使用替代ID: 深渊筑底策略_v2.0
2025-08-15 16:47:32,772 - INFO - 回测分析 [91/405]: 48#08526
2025-08-15 16:47:32,774 - WARNING - 策略ID 深渊筑底策略 未找到，使用替代ID: 深渊筑底策略_v2.0
2025-08-15 16:47:32,775 - INFO - 回测分析 [92/405]: 48#08069
2025-08-15 16:47:32,777 - WARNING - 策略ID 深渊筑底策略 未找到，使用替代ID: 深渊筑底策略_v2.0
2025-08-15 16:47:32,779 - INFO - 回测分析 [93/405]: 31#02436
2025-08-15 16:47:32,780 - WARNING - 策略ID 深渊筑底策略 未找到，使用替代ID: 深渊筑底策略_v2.0
2025-08-15 16:47:32,782 - INFO - 回测分析 [94/405]: 31#01495
2025-08-15 16:47:32,783 - WARNING - 策略ID 深渊筑底策略 未找到，使用替代ID: 深渊筑底策略_v2.0
2025-08-15 16:47:32,785 - INFO - 回测分析 [95/405]: 31#09963
2025-08-15 16:47:32,786 - WARNING - 策略ID 深渊筑底策略 未找到，使用替代ID: 深渊筑底策略_v2.0
2025-08-15 16:47:32,788 - INFO - 回测分析 [96/405]: 48#08413
2025-08-15 16:47:32,789 - WARNING - 策略ID 深渊筑底策略 未找到，使用替代ID: 深渊筑底策略_v2.0
2025-08-15 16:47:32,791 - INFO - 回测分析 [97/405]: 31#01008
2025-08-15 16:47:32,793 - WARNING - 策略ID 深渊筑底策略 未找到，使用替代ID: 深渊筑底策略_v2.0
2025-08-15 16:47:32,794 - INFO - 回测分析 [98/405]: 48#08452
2025-08-15 16:47:32,795 - WARNING - 策略ID 深渊筑底策略 未找到，使用替代ID: 深渊筑底策略_v2.0
2025-08-15 16:47:32,797 - INFO - 回测分析 [99/405]: sz300338
2025-08-15 16:47:32,799 - WARNING - 策略ID 深渊筑底策略 未找到，使用替代ID: 深渊筑底策略_v2.0
2025-08-15 16:47:32,801 - INFO - 回测分析 [100/405]: 48#08291
2025-08-15 16:47:32,802 - WARNING - 策略ID 深渊筑底策略 未找到，使用替代ID: 深渊筑底策略_v2.0
2025-08-15 16:47:32,804 - INFO - 回测分析 [101/405]: 31#02199
2025-08-15 16:47:32,806 - WARNING - 策略ID 深渊筑底策略 未找到，使用替代ID: 深渊筑底策略_v2.0
2025-08-15 16:47:32,807 - INFO - 回测分析 [102/405]: 31#01284
2025-08-15 16:47:32,809 - WARNING - 策略ID 深渊筑底策略 未找到，使用替代ID: 深渊筑底策略_v2.0
2025-08-15 16:47:32,810 - INFO - 回测分析 [103/405]: 48#08191
2025-08-15 16:47:32,812 - WARNING - 策略ID 深渊筑底策略 未找到，使用替代ID: 深渊筑底策略_v2.0
2025-08-15 16:47:32,813 - INFO - 回测分析 [104/405]: 31#01004
2025-08-15 16:47:32,814 - WARNING - 策略ID 深渊筑底策略 未找到，使用替代ID: 深渊筑底策略_v2.0
2025-08-15 16:47:32,816 - INFO - 回测分析 [105/405]: 31#01029
2025-08-15 16:47:32,818 - WARNING - 策略ID 深渊筑底策略 未找到，使用替代ID: 深渊筑底策略_v2.0
2025-08-15 16:47:32,820 - INFO - 回测分析 [106/405]: 48#08238
2025-08-15 16:47:32,821 - WARNING - 策略ID 深渊筑底策略 未找到，使用替代ID: 深渊筑底策略_v2.0
2025-08-15 16:47:32,823 - INFO - 回测分析 [107/405]: sz300208
2025-08-15 16:47:32,825 - WARNING - 策略ID 深渊筑底策略 未找到，使用替代ID: 深渊筑底策略_v2.0
2025-08-15 16:47:32,827 - INFO - 回测分析 [108/405]: sz300603
2025-08-15 16:47:32,829 - WARNING - 策略ID 周线金叉+日线MA 未找到，使用替代ID: 周线金叉+日线MA_v1.0
2025-08-15 16:47:32,835 - INFO - 回测分析 [109/405]: 31#02370
2025-08-15 16:47:32,836 - WARNING - 策略ID 深渊筑底策略 未找到，使用替代ID: 深渊筑底策略_v2.0
2025-08-15 16:47:32,837 - INFO - 回测分析 [110/405]: 31#06988
2025-08-15 16:47:32,839 - WARNING - 策略ID 深渊筑底策略 未找到，使用替代ID: 深渊筑底策略_v2.0
2025-08-15 16:47:32,841 - INFO - 回测分析 [111/405]: 31#01543
2025-08-15 16:47:32,843 - WARNING - 策略ID 深渊筑底策略 未找到，使用替代ID: 深渊筑底策略_v2.0
2025-08-15 16:47:32,844 - INFO - 回测分析 [112/405]: 31#01569
2025-08-15 16:47:32,846 - WARNING - 策略ID 深渊筑底策略 未找到，使用替代ID: 深渊筑底策略_v2.0
2025-08-15 16:47:32,848 - INFO - 回测分析 [113/405]: 31#00997
2025-08-15 16:47:32,850 - WARNING - 策略ID 深渊筑底策略 未找到，使用替代ID: 深渊筑底策略_v2.0
2025-08-15 16:47:32,852 - INFO - 回测分析 [114/405]: 48#08091
2025-08-15 16:47:32,853 - WARNING - 策略ID 深渊筑底策略 未找到，使用替代ID: 深渊筑底策略_v2.0
2025-08-15 16:47:32,855 - INFO - 回测分析 [115/405]: sz000723
2025-08-15 16:47:32,857 - WARNING - 策略ID 深渊筑底策略 未找到，使用替代ID: 深渊筑底策略_v2.0
2025-08-15 16:47:32,859 - INFO - 回测分析 [116/405]: 31#01472
2025-08-15 16:47:32,861 - WARNING - 策略ID 深渊筑底策略 未找到，使用替代ID: 深渊筑底策略_v2.0
2025-08-15 16:47:32,863 - INFO - 回测分析 [117/405]: 31#03997
2025-08-15 16:47:32,865 - WARNING - 策略ID 深渊筑底策略 未找到，使用替代ID: 深渊筑底策略_v2.0
2025-08-15 16:47:32,866 - INFO - 回测分析 [118/405]: sh600355
2025-08-15 16:47:32,868 - WARNING - 策略ID 深渊筑底策略 未找到，使用替代ID: 深渊筑底策略_v2.0
2025-08-15 16:47:32,871 - INFO - 回测分析 [119/405]: 31#01317
2025-08-15 16:47:32,873 - WARNING - 策略ID 深渊筑底策略 未找到，使用替代ID: 深渊筑底策略_v2.0
2025-08-15 16:47:32,874 - INFO - 回测分析 [120/405]: 31#03662
2025-08-15 16:47:32,876 - WARNING - 策略ID 深渊筑底策略 未找到，使用替代ID: 深渊筑底策略_v2.0
2025-08-15 16:47:32,878 - INFO - 回测分析 [121/405]: 31#00009
2025-08-15 16:47:32,880 - WARNING - 策略ID 深渊筑底策略 未找到，使用替代ID: 深渊筑底策略_v2.0
2025-08-15 16:47:32,881 - INFO - 回测分析 [122/405]: 31#01983
2025-08-15 16:47:32,882 - WARNING - 策略ID 深渊筑底策略 未找到，使用替代ID: 深渊筑底策略_v2.0
2025-08-15 16:47:32,884 - INFO - 回测分析 [123/405]: 31#00382
2025-08-15 16:47:32,886 - WARNING - 策略ID 深渊筑底策略 未找到，使用替代ID: 深渊筑底策略_v2.0
2025-08-15 16:47:32,888 - INFO - 回测分析 [124/405]: 31#00368
2025-08-15 16:47:32,889 - WARNING - 策略ID 深渊筑底策略 未找到，使用替代ID: 深渊筑底策略_v2.0
2025-08-15 16:47:32,891 - INFO - 回测分析 [125/405]: 31#01865
2025-08-15 16:47:32,893 - WARNING - 策略ID 深渊筑底策略 未找到，使用替代ID: 深渊筑底策略_v2.0
2025-08-15 16:47:32,895 - INFO - 回测分析 [126/405]: 31#00822
2025-08-15 16:47:32,897 - WARNING - 策略ID 深渊筑底策略 未找到，使用替代ID: 深渊筑底策略_v2.0
2025-08-15 16:47:32,898 - INFO - 回测分析 [127/405]: 31#01498
2025-08-15 16:47:32,900 - WARNING - 策略ID 深渊筑底策略 未找到，使用替代ID: 深渊筑底策略_v2.0
2025-08-15 16:47:32,902 - INFO - 回测分析 [128/405]: 31#01121
2025-08-15 16:47:32,904 - WARNING - 策略ID 深渊筑底策略 未找到，使用替代ID: 深渊筑底策略_v2.0
2025-08-15 16:47:32,906 - INFO - 回测分析 [129/405]: 31#09686
2025-08-15 16:47:32,907 - WARNING - 策略ID 深渊筑底策略 未找到，使用替代ID: 深渊筑底策略_v2.0
2025-08-15 16:47:32,908 - INFO - 回测分析 [130/405]: 31#00186
2025-08-15 16:47:32,909 - WARNING - 策略ID 深渊筑底策略 未找到，使用替代ID: 深渊筑底策略_v2.0
2025-08-15 16:47:32,911 - INFO - 回测分析 [131/405]: 31#03390
2025-08-15 16:47:32,913 - WARNING - 策略ID 深渊筑底策略 未找到，使用替代ID: 深渊筑底策略_v2.0
2025-08-15 16:47:32,915 - INFO - 回测分析 [132/405]: 31#02222
2025-08-15 16:47:32,916 - WARNING - 策略ID 深渊筑底策略 未找到，使用替代ID: 深渊筑底策略_v2.0
2025-08-15 16:47:32,918 - INFO - 回测分析 [133/405]: sh600026
2025-08-15 16:47:32,920 - WARNING - 策略ID 深渊筑底策略 未找到，使用替代ID: 深渊筑底策略_v2.0
2025-08-15 16:47:32,923 - INFO - 回测分析 [134/405]: 48#08241
2025-08-15 16:47:32,925 - WARNING - 策略ID 深渊筑底策略 未找到，使用替代ID: 深渊筑底策略_v2.0
2025-08-15 16:47:32,926 - INFO - 回测分析 [135/405]: 31#01575
2025-08-15 16:47:32,928 - WARNING - 策略ID 深渊筑底策略 未找到，使用替代ID: 深渊筑底策略_v2.0
2025-08-15 16:47:32,930 - INFO - 回测分析 [136/405]: 31#02231
2025-08-15 16:47:32,931 - WARNING - 策略ID 深渊筑底策略 未找到，使用替代ID: 深渊筑底策略_v2.0
2025-08-15 16:47:32,933 - INFO - 回测分析 [137/405]: 31#01463
2025-08-15 16:47:32,935 - WARNING - 策略ID 深渊筑底策略 未找到，使用替代ID: 深渊筑底策略_v2.0
2025-08-15 16:47:32,936 - INFO - 回测分析 [138/405]: sz000595
2025-08-15 16:47:32,938 - WARNING - 策略ID 深渊筑底策略 未找到，使用替代ID: 深渊筑底策略_v2.0
2025-08-15 16:47:32,941 - INFO - 回测分析 [139/405]: 31#00918
2025-08-15 16:47:32,943 - WARNING - 策略ID 深渊筑底策略 未找到，使用替代ID: 深渊筑底策略_v2.0
2025-08-15 16:47:32,944 - INFO - 回测分析 [140/405]: 31#01163
2025-08-15 16:47:32,946 - WARNING - 策略ID 深渊筑底策略 未找到，使用替代ID: 深渊筑底策略_v2.0
2025-08-15 16:47:32,948 - INFO - 回测分析 [141/405]: 31#01245
2025-08-15 16:47:32,949 - WARNING - 策略ID 深渊筑底策略 未找到，使用替代ID: 深渊筑底策略_v2.0
2025-08-15 16:47:32,951 - INFO - 回测分析 [142/405]: 31#02385
2025-08-15 16:47:32,952 - WARNING - 策略ID 深渊筑底策略 未找到，使用替代ID: 深渊筑底策略_v2.0
2025-08-15 16:47:32,954 - INFO - 回测分析 [143/405]: 31#03309
2025-08-15 16:47:32,956 - WARNING - 策略ID 深渊筑底策略 未找到，使用替代ID: 深渊筑底策略_v2.0
2025-08-15 16:47:32,958 - INFO - 回测分析 [144/405]: 31#01185
2025-08-15 16:47:32,959 - WARNING - 策略ID 深渊筑底策略 未找到，使用替代ID: 深渊筑底策略_v2.0
2025-08-15 16:47:32,961 - INFO - 回测分析 [145/405]: 31#03798
2025-08-15 16:47:32,963 - WARNING - 策略ID 深渊筑底策略 未找到，使用替代ID: 深渊筑底策略_v2.0
2025-08-15 16:47:32,965 - INFO - 回测分析 [146/405]: sh603366
2025-08-15 16:47:32,967 - WARNING - 策略ID 深渊筑底策略 未找到，使用替代ID: 深渊筑底策略_v2.0
2025-08-15 16:47:32,969 - INFO - 回测分析 [147/405]: sz002581
2025-08-15 16:47:32,972 - WARNING - 策略ID 深渊筑底策略 未找到，使用替代ID: 深渊筑底策略_v2.0
2025-08-15 16:47:32,974 - INFO - 回测分析 [148/405]: 31#00587
2025-08-15 16:47:32,976 - WARNING - 策略ID 深渊筑底策略 未找到，使用替代ID: 深渊筑底策略_v2.0
2025-08-15 16:47:32,977 - INFO - 回测分析 [149/405]: 48#08047
2025-08-15 16:47:32,979 - WARNING - 策略ID 深渊筑底策略 未找到，使用替代ID: 深渊筑底策略_v2.0
2025-08-15 16:47:32,981 - INFO - 回测分析 [150/405]: 31#00302
2025-08-15 16:47:32,983 - WARNING - 策略ID 深渊筑底策略 未找到，使用替代ID: 深渊筑底策略_v2.0
2025-08-15 16:47:32,984 - INFO - 回测分析 [151/405]: 31#00093
2025-08-15 16:47:32,986 - WARNING - 策略ID 深渊筑底策略 未找到，使用替代ID: 深渊筑底策略_v2.0
2025-08-15 16:47:32,987 - INFO - 回测分析 [152/405]: 31#00389
2025-08-15 16:47:32,989 - WARNING - 策略ID 深渊筑底策略 未找到，使用替代ID: 深渊筑底策略_v2.0
2025-08-15 16:47:32,991 - INFO - 回测分析 [153/405]: 48#08130
2025-08-15 16:47:32,993 - WARNING - 策略ID 深渊筑底策略 未找到，使用替代ID: 深渊筑底策略_v2.0
2025-08-15 16:47:32,994 - INFO - 回测分析 [154/405]: 48#08152
2025-08-15 16:47:32,995 - WARNING - 策略ID 深渊筑底策略 未找到，使用替代ID: 深渊筑底策略_v2.0
2025-08-15 16:47:32,997 - INFO - 回测分析 [155/405]: 31#01399
2025-08-15 16:47:32,999 - WARNING - 策略ID 深渊筑底策略 未找到，使用替代ID: 深渊筑底策略_v2.0
2025-08-15 16:47:33,001 - INFO - 回测分析 [156/405]: 31#00253
2025-08-15 16:47:33,002 - WARNING - 策略ID 深渊筑底策略 未找到，使用替代ID: 深渊筑底策略_v2.0
2025-08-15 16:47:33,003 - INFO - 回测分析 [157/405]: 31#02120
2025-08-15 16:47:33,005 - WARNING - 策略ID 深渊筑底策略 未找到，使用替代ID: 深渊筑底策略_v2.0
2025-08-15 16:47:33,007 - INFO - 回测分析 [158/405]: 31#01224
2025-08-15 16:47:33,009 - WARNING - 策略ID 深渊筑底策略 未找到，使用替代ID: 深渊筑底策略_v2.0
2025-08-15 16:47:33,010 - INFO - 回测分析 [159/405]: sz000518
2025-08-15 16:47:33,013 - WARNING - 策略ID 深渊筑底策略 未找到，使用替代ID: 深渊筑底策略_v2.0
2025-08-15 16:47:33,015 - INFO - 回测分析 [160/405]: 31#02127
2025-08-15 16:47:33,017 - WARNING - 策略ID 深渊筑底策略 未找到，使用替代ID: 深渊筑底策略_v2.0
2025-08-15 16:47:33,019 - INFO - 回测分析 [161/405]: 31#00037
2025-08-15 16:47:33,021 - WARNING - 策略ID 深渊筑底策略 未找到，使用替代ID: 深渊筑底策略_v2.0
2025-08-15 16:47:33,022 - INFO - 回测分析 [162/405]: sh688209
2025-08-15 16:47:33,024 - WARNING - 策略ID 周线金叉+日线MA 未找到，使用替代ID: 周线金叉+日线MA_v1.0
2025-08-15 16:47:33,028 - INFO - 回测分析 [163/405]: 31#00007
2025-08-15 16:47:33,030 - WARNING - 策略ID 深渊筑底策略 未找到，使用替代ID: 深渊筑底策略_v2.0
2025-08-15 16:47:33,031 - INFO - 回测分析 [164/405]: 31#00810
2025-08-15 16:47:33,033 - WARNING - 策略ID 深渊筑底策略 未找到，使用替代ID: 深渊筑底策略_v2.0
2025-08-15 16:47:33,035 - INFO - 回测分析 [165/405]: sh603348
2025-08-15 16:47:33,037 - WARNING - 策略ID 深渊筑底策略 未找到，使用替代ID: 深渊筑底策略_v2.0
2025-08-15 16:47:33,040 - INFO - 回测分析 [166/405]: 31#02798
2025-08-15 16:47:33,042 - WARNING - 策略ID 深渊筑底策略 未找到，使用替代ID: 深渊筑底策略_v2.0
2025-08-15 16:47:33,044 - INFO - 回测分析 [167/405]: 31#00765
2025-08-15 16:47:33,045 - WARNING - 策略ID 深渊筑底策略 未找到，使用替代ID: 深渊筑底策略_v2.0
2025-08-15 16:47:33,047 - INFO - 回测分析 [168/405]: 31#00126
2025-08-15 16:47:33,048 - WARNING - 策略ID 深渊筑底策略 未找到，使用替代ID: 深渊筑底策略_v2.0
2025-08-15 16:47:33,050 - INFO - 回测分析 [169/405]: 31#01262
2025-08-15 16:47:33,052 - WARNING - 策略ID 深渊筑底策略 未找到，使用替代ID: 深渊筑底策略_v2.0
2025-08-15 16:47:33,054 - INFO - 回测分析 [170/405]: 31#01490
2025-08-15 16:47:33,055 - WARNING - 策略ID 深渊筑底策略 未找到，使用替代ID: 深渊筑底策略_v2.0
2025-08-15 16:47:33,057 - INFO - 回测分析 [171/405]: 31#00110
2025-08-15 16:47:33,058 - WARNING - 策略ID 深渊筑底策略 未找到，使用替代ID: 深渊筑底策略_v2.0
2025-08-15 16:47:33,060 - INFO - 回测分析 [172/405]: 31#02223
2025-08-15 16:47:33,061 - WARNING - 策略ID 深渊筑底策略 未找到，使用替代ID: 深渊筑底策略_v2.0
2025-08-15 16:47:33,063 - INFO - 回测分析 [173/405]: 31#00929
2025-08-15 16:47:33,064 - WARNING - 策略ID 深渊筑底策略 未找到，使用替代ID: 深渊筑底策略_v2.0
2025-08-15 16:47:33,066 - INFO - 回测分析 [174/405]: 48#08612
2025-08-15 16:47:33,068 - WARNING - 策略ID 深渊筑底策略 未找到，使用替代ID: 深渊筑底策略_v2.0
2025-08-15 16:47:33,070 - INFO - 回测分析 [175/405]: 31#02182
2025-08-15 16:47:33,071 - WARNING - 策略ID 深渊筑底策略 未找到，使用替代ID: 深渊筑底策略_v2.0
2025-08-15 16:47:33,073 - INFO - 回测分析 [176/405]: 31#00599
2025-08-15 16:47:33,074 - WARNING - 策略ID 深渊筑底策略 未找到，使用替代ID: 深渊筑底策略_v2.0
2025-08-15 16:47:33,075 - INFO - 回测分析 [177/405]: 31#06900
2025-08-15 16:47:33,077 - WARNING - 策略ID 深渊筑底策略 未找到，使用替代ID: 深渊筑底策略_v2.0
2025-08-15 16:47:33,079 - INFO - 回测分析 [178/405]: 31#01739
2025-08-15 16:47:33,080 - WARNING - 策略ID 深渊筑底策略 未找到，使用替代ID: 深渊筑底策略_v2.0
2025-08-15 16:47:33,082 - INFO - 回测分析 [179/405]: 31#00812
2025-08-15 16:47:33,084 - WARNING - 策略ID 深渊筑底策略 未找到，使用替代ID: 深渊筑底策略_v2.0
2025-08-15 16:47:33,085 - INFO - 回测分析 [180/405]: 31#00118
2025-08-15 16:47:33,087 - WARNING - 策略ID 深渊筑底策略 未找到，使用替代ID: 深渊筑底策略_v2.0
2025-08-15 16:47:33,088 - INFO - 回测分析 [181/405]: sh603517
2025-08-15 16:47:33,090 - WARNING - 策略ID 周线金叉+日线MA 未找到，使用替代ID: 周线金叉+日线MA_v1.0
2025-08-15 16:47:33,095 - INFO - 回测分析 [182/405]: 31#09998
2025-08-15 16:47:33,097 - WARNING - 策略ID 深渊筑底策略 未找到，使用替代ID: 深渊筑底策略_v2.0
2025-08-15 16:47:33,099 - INFO - 回测分析 [183/405]: 31#01692
2025-08-15 16:47:33,101 - WARNING - 策略ID 深渊筑底策略 未找到，使用替代ID: 深渊筑底策略_v2.0
2025-08-15 16:47:33,102 - INFO - 回测分析 [184/405]: 31#06966
2025-08-15 16:47:33,103 - WARNING - 策略ID 深渊筑底策略 未找到，使用替代ID: 深渊筑底策略_v2.0
2025-08-15 16:47:33,105 - INFO - 回测分析 [185/405]: 31#02212
2025-08-15 16:47:33,107 - WARNING - 策略ID 深渊筑底策略 未找到，使用替代ID: 深渊筑底策略_v2.0
2025-08-15 16:47:33,108 - INFO - 回测分析 [186/405]: 31#00873
2025-08-15 16:47:33,110 - WARNING - 策略ID 深渊筑底策略 未找到，使用替代ID: 深渊筑底策略_v2.0
2025-08-15 16:47:33,112 - INFO - 回测分析 [187/405]: 31#00383
2025-08-15 16:47:33,114 - WARNING - 策略ID 深渊筑底策略 未找到，使用替代ID: 深渊筑底策略_v2.0
2025-08-15 16:47:33,115 - INFO - 回测分析 [188/405]: 31#03650
2025-08-15 16:47:33,116 - WARNING - 策略ID 深渊筑底策略 未找到，使用替代ID: 深渊筑底策略_v2.0
2025-08-15 16:47:33,118 - INFO - 回测分析 [189/405]: 48#08489
2025-08-15 16:47:33,119 - WARNING - 策略ID 深渊筑底策略 未找到，使用替代ID: 深渊筑底策略_v2.0
2025-08-15 16:47:33,121 - INFO - 回测分析 [190/405]: 31#01909
2025-08-15 16:47:33,123 - WARNING - 策略ID 深渊筑底策略 未找到，使用替代ID: 深渊筑底策略_v2.0
2025-08-15 16:47:33,124 - INFO - 回测分析 [191/405]: 31#00834
2025-08-15 16:47:33,125 - WARNING - 策略ID 深渊筑底策略 未找到，使用替代ID: 深渊筑底策略_v2.0
2025-08-15 16:47:33,127 - INFO - 回测分析 [192/405]: 31#01965
2025-08-15 16:47:33,128 - WARNING - 策略ID 深渊筑底策略 未找到，使用替代ID: 深渊筑底策略_v2.0
2025-08-15 16:47:33,130 - INFO - 回测分析 [193/405]: 31#01416
2025-08-15 16:47:33,131 - WARNING - 策略ID 深渊筑底策略 未找到，使用替代ID: 深渊筑底策略_v2.0
2025-08-15 16:47:33,133 - INFO - 回测分析 [194/405]: 31#01971
2025-08-15 16:47:33,135 - WARNING - 策略ID 深渊筑底策略 未找到，使用替代ID: 深渊筑底策略_v2.0
2025-08-15 16:47:33,136 - INFO - 回测分析 [195/405]: 31#02060
2025-08-15 16:47:33,138 - WARNING - 策略ID 深渊筑底策略 未找到，使用替代ID: 深渊筑底策略_v2.0
2025-08-15 16:47:33,140 - INFO - 回测分析 [196/405]: 31#00674
2025-08-15 16:47:33,141 - WARNING - 策略ID 深渊筑底策略 未找到，使用替代ID: 深渊筑底策略_v2.0
2025-08-15 16:47:33,143 - INFO - 回测分析 [197/405]: 31#02147
2025-08-15 16:47:33,144 - WARNING - 策略ID 深渊筑底策略 未找到，使用替代ID: 深渊筑底策略_v2.0
2025-08-15 16:47:33,146 - INFO - 回测分析 [198/405]: 48#08126
2025-08-15 16:47:33,147 - WARNING - 策略ID 深渊筑底策略 未找到，使用替代ID: 深渊筑底策略_v2.0
2025-08-15 16:47:33,149 - INFO - 回测分析 [199/405]: 31#01707
2025-08-15 16:47:33,150 - WARNING - 策略ID 深渊筑底策略 未找到，使用替代ID: 深渊筑底策略_v2.0
2025-08-15 16:47:33,151 - INFO - 回测分析 [200/405]: 48#08431
2025-08-15 16:47:33,153 - WARNING - 策略ID 深渊筑底策略 未找到，使用替代ID: 深渊筑底策略_v2.0
2025-08-15 16:47:33,155 - INFO - 回测分析 [201/405]: 31#09663
2025-08-15 16:47:33,156 - WARNING - 策略ID 深渊筑底策略 未找到，使用替代ID: 深渊筑底策略_v2.0
2025-08-15 16:47:33,157 - INFO - 回测分析 [202/405]: 31#00410
2025-08-15 16:47:33,159 - WARNING - 策略ID 深渊筑底策略 未找到，使用替代ID: 深渊筑底策略_v2.0
2025-08-15 16:47:33,161 - INFO - 回测分析 [203/405]: 31#02422
2025-08-15 16:47:33,162 - WARNING - 策略ID 深渊筑底策略 未找到，使用替代ID: 深渊筑底策略_v2.0
2025-08-15 16:47:33,164 - INFO - 回测分析 [204/405]: 31#03300
2025-08-15 16:47:33,166 - WARNING - 策略ID 深渊筑底策略 未找到，使用替代ID: 深渊筑底策略_v2.0
2025-08-15 16:47:33,168 - INFO - 回测分析 [205/405]: 31#02708
2025-08-15 16:47:33,170 - WARNING - 策略ID 深渊筑底策略 未找到，使用替代ID: 深渊筑底策略_v2.0
2025-08-15 16:47:33,171 - INFO - 回测分析 [206/405]: 31#03603
2025-08-15 16:47:33,173 - WARNING - 策略ID 深渊筑底策略 未找到，使用替代ID: 深渊筑底策略_v2.0
2025-08-15 16:47:33,175 - INFO - 回测分析 [207/405]: 31#00894
2025-08-15 16:47:33,177 - WARNING - 策略ID 深渊筑底策略 未找到，使用替代ID: 深渊筑底策略_v2.0
2025-08-15 16:47:33,179 - INFO - 回测分析 [208/405]: 31#01343
2025-08-15 16:47:33,181 - WARNING - 策略ID 深渊筑底策略 未找到，使用替代ID: 深渊筑底策略_v2.0
2025-08-15 16:47:33,182 - INFO - 回测分析 [209/405]: 31#00488
2025-08-15 16:47:33,184 - WARNING - 策略ID 深渊筑底策略 未找到，使用替代ID: 深渊筑底策略_v2.0
2025-08-15 16:47:33,186 - INFO - 回测分析 [210/405]: 31#01996
2025-08-15 16:47:33,188 - WARNING - 策略ID 深渊筑底策略 未找到，使用替代ID: 深渊筑底策略_v2.0
2025-08-15 16:47:33,190 - INFO - 回测分析 [211/405]: 31#00726
2025-08-15 16:47:33,192 - WARNING - 策略ID 深渊筑底策略 未找到，使用替代ID: 深渊筑底策略_v2.0
2025-08-15 16:47:33,194 - INFO - 回测分析 [212/405]: 31#00201
2025-08-15 16:47:33,196 - WARNING - 策略ID 深渊筑底策略 未找到，使用替代ID: 深渊筑底策略_v2.0
2025-08-15 16:47:33,198 - INFO - 回测分析 [213/405]: 31#00724
2025-08-15 16:47:33,200 - WARNING - 策略ID 深渊筑底策略 未找到，使用替代ID: 深渊筑底策略_v2.0
2025-08-15 16:47:33,201 - INFO - 回测分析 [214/405]: 31#03336
2025-08-15 16:47:33,204 - WARNING - 策略ID 深渊筑底策略 未找到，使用替代ID: 深渊筑底策略_v2.0
2025-08-15 16:47:33,206 - INFO - 回测分析 [215/405]: 31#01622
2025-08-15 16:47:33,208 - WARNING - 策略ID 深渊筑底策略 未找到，使用替代ID: 深渊筑底策略_v2.0
2025-08-15 16:47:33,210 - INFO - 回测分析 [216/405]: 31#01408
2025-08-15 16:47:33,212 - WARNING - 策略ID 深渊筑底策略 未找到，使用替代ID: 深渊筑底策略_v2.0
2025-08-15 16:47:33,214 - INFO - 回测分析 [217/405]: 31#06899
2025-08-15 16:47:33,216 - WARNING - 策略ID 深渊筑底策略 未找到，使用替代ID: 深渊筑底策略_v2.0
2025-08-15 16:47:33,217 - INFO - 回测分析 [218/405]: sz002630
2025-08-15 16:47:33,220 - WARNING - 策略ID 深渊筑底策略 未找到，使用替代ID: 深渊筑底策略_v2.0
2025-08-15 16:47:33,223 - INFO - 回测分析 [219/405]: 31#06606
2025-08-15 16:47:33,226 - WARNING - 策略ID 深渊筑底策略 未找到，使用替代ID: 深渊筑底策略_v2.0
2025-08-15 16:47:33,227 - INFO - 回测分析 [220/405]: 31#01383
2025-08-15 16:47:33,229 - WARNING - 策略ID 深渊筑底策略 未找到，使用替代ID: 深渊筑底策略_v2.0
2025-08-15 16:47:33,231 - INFO - 回测分析 [221/405]: 48#08487
2025-08-15 16:47:33,233 - WARNING - 策略ID 深渊筑底策略 未找到，使用替代ID: 深渊筑底策略_v2.0
2025-08-15 16:47:33,235 - INFO - 回测分析 [222/405]: 31#02175
2025-08-15 16:47:33,236 - WARNING - 策略ID 深渊筑底策略 未找到，使用替代ID: 深渊筑底策略_v2.0
2025-08-15 16:47:33,238 - INFO - 回测分析 [223/405]: 31#01560
2025-08-15 16:47:33,240 - WARNING - 策略ID 深渊筑底策略 未找到，使用替代ID: 深渊筑底策略_v2.0
2025-08-15 16:47:33,241 - INFO - 回测分析 [224/405]: 48#08001
2025-08-15 16:47:33,243 - WARNING - 策略ID 深渊筑底策略 未找到，使用替代ID: 深渊筑底策略_v2.0
2025-08-15 16:47:33,244 - INFO - 回测分析 [225/405]: 31#01703
2025-08-15 16:47:33,246 - WARNING - 策略ID 深渊筑底策略 未找到，使用替代ID: 深渊筑底策略_v2.0
2025-08-15 16:47:33,248 - INFO - 回测分析 [226/405]: 31#01765
2025-08-15 16:47:33,250 - WARNING - 策略ID 深渊筑底策略 未找到，使用替代ID: 深渊筑底策略_v2.0
2025-08-15 16:47:33,252 - INFO - 回测分析 [227/405]: 31#01542
2025-08-15 16:47:33,253 - WARNING - 策略ID 深渊筑底策略 未找到，使用替代ID: 深渊筑底策略_v2.0
2025-08-15 16:47:33,254 - INFO - 回测分析 [228/405]: 48#08422
2025-08-15 16:47:33,256 - WARNING - 策略ID 深渊筑底策略 未找到，使用替代ID: 深渊筑底策略_v2.0
2025-08-15 16:47:33,257 - INFO - 回测分析 [229/405]: 31#01727
2025-08-15 16:47:33,260 - WARNING - 策略ID 深渊筑底策略 未找到，使用替代ID: 深渊筑底策略_v2.0
2025-08-15 16:47:33,261 - INFO - 回测分析 [230/405]: 31#06939
2025-08-15 16:47:33,263 - WARNING - 策略ID 深渊筑底策略 未找到，使用替代ID: 深渊筑底策略_v2.0
2025-08-15 16:47:33,265 - INFO - 回测分析 [231/405]: 31#01817
2025-08-15 16:47:33,267 - WARNING - 策略ID 深渊筑底策略 未找到，使用替代ID: 深渊筑底策略_v2.0
2025-08-15 16:47:33,268 - INFO - 回测分析 [232/405]: 31#01895
2025-08-15 16:47:33,270 - WARNING - 策略ID 深渊筑底策略 未找到，使用替代ID: 深渊筑底策略_v2.0
2025-08-15 16:47:33,271 - INFO - 回测分析 [233/405]: 31#01645
2025-08-15 16:47:33,273 - WARNING - 策略ID 深渊筑底策略 未找到，使用替代ID: 深渊筑底策略_v2.0
2025-08-15 16:47:33,275 - INFO - 回测分析 [234/405]: 31#01410
2025-08-15 16:47:33,277 - WARNING - 策略ID 深渊筑底策略 未找到，使用替代ID: 深渊筑底策略_v2.0
2025-08-15 16:47:33,279 - INFO - 回测分析 [235/405]: 31#00082
2025-08-15 16:47:33,281 - WARNING - 策略ID 深渊筑底策略 未找到，使用替代ID: 深渊筑底策略_v2.0
2025-08-15 16:47:33,282 - INFO - 回测分析 [236/405]: sh600054
2025-08-15 16:47:33,284 - WARNING - 策略ID 周线金叉+日线MA 未找到，使用替代ID: 周线金叉+日线MA_v1.0
2025-08-15 16:47:33,291 - INFO - 回测分析 [237/405]: 31#00079
2025-08-15 16:47:33,292 - WARNING - 策略ID 深渊筑底策略 未找到，使用替代ID: 深渊筑底策略_v2.0
2025-08-15 16:47:33,293 - INFO - 回测分析 [238/405]: 31#03333
2025-08-15 16:47:33,295 - WARNING - 策略ID 深渊筑底策略 未找到，使用替代ID: 深渊筑底策略_v2.0
2025-08-15 16:47:33,296 - INFO - 回测分析 [239/405]: 31#02019
2025-08-15 16:47:33,298 - WARNING - 策略ID 深渊筑底策略 未找到，使用替代ID: 深渊筑底策略_v2.0
2025-08-15 16:47:33,300 - INFO - 回测分析 [240/405]: sz001300
2025-08-15 16:47:33,301 - WARNING - 策略ID 深渊筑底策略 未找到，使用替代ID: 深渊筑底策略_v2.0
2025-08-15 16:47:33,304 - INFO - 回测分析 [241/405]: 31#01271
2025-08-15 16:47:33,306 - WARNING - 策略ID 深渊筑底策略 未找到，使用替代ID: 深渊筑底策略_v2.0
2025-08-15 16:47:33,307 - INFO - 回测分析 [242/405]: 31#03616
2025-08-15 16:47:33,309 - WARNING - 策略ID 深渊筑底策略 未找到，使用替代ID: 深渊筑底策略_v2.0
2025-08-15 16:47:33,311 - INFO - 回测分析 [243/405]: 31#00685
2025-08-15 16:47:33,312 - WARNING - 策略ID 深渊筑底策略 未找到，使用替代ID: 深渊筑底策略_v2.0
2025-08-15 16:47:33,313 - INFO - 回测分析 [244/405]: 48#08218
2025-08-15 16:47:33,314 - WARNING - 策略ID 深渊筑底策略 未找到，使用替代ID: 深渊筑底策略_v2.0
2025-08-15 16:47:33,316 - INFO - 回测分析 [245/405]: sz000536
2025-08-15 16:47:33,318 - WARNING - 策略ID 周线金叉+日线MA 未找到，使用替代ID: 周线金叉+日线MA_v1.0
2025-08-15 16:47:33,324 - INFO - 回测分析 [246/405]: sz001378
2025-08-15 16:47:33,325 - WARNING - 策略ID 深渊筑底策略 未找到，使用替代ID: 深渊筑底策略_v2.0
2025-08-15 16:47:33,328 - INFO - 回测分析 [247/405]: 31#00171
2025-08-15 16:47:33,330 - WARNING - 策略ID 深渊筑底策略 未找到，使用替代ID: 深渊筑底策略_v2.0
2025-08-15 16:47:33,331 - INFO - 回测分析 [248/405]: 31#09869
2025-08-15 16:47:33,333 - WARNING - 策略ID 深渊筑底策略 未找到，使用替代ID: 深渊筑底策略_v2.0
2025-08-15 16:47:33,335 - INFO - 回测分析 [249/405]: 31#06190
2025-08-15 16:47:33,336 - WARNING - 策略ID 深渊筑底策略 未找到，使用替代ID: 深渊筑底策略_v2.0
2025-08-15 16:47:33,337 - INFO - 回测分析 [250/405]: sz002529
2025-08-15 16:47:33,339 - WARNING - 策略ID 深渊筑底策略 未找到，使用替代ID: 深渊筑底策略_v2.0
2025-08-15 16:47:33,342 - INFO - 回测分析 [251/405]: 48#08311
2025-08-15 16:47:33,343 - WARNING - 策略ID 深渊筑底策略 未找到，使用替代ID: 深渊筑底策略_v2.0
2025-08-15 16:47:33,345 - INFO - 回测分析 [252/405]: 31#02361
2025-08-15 16:47:33,346 - WARNING - 策略ID 深渊筑底策略 未找到，使用替代ID: 深渊筑底策略_v2.0
2025-08-15 16:47:33,348 - INFO - 回测分析 [253/405]: sz001333
2025-08-15 16:47:33,349 - WARNING - 策略ID 周线金叉+日线MA 未找到，使用替代ID: 周线金叉+日线MA_v1.0
2025-08-15 16:47:33,353 - INFO - 回测分析 [254/405]: 31#00733
2025-08-15 16:47:33,355 - WARNING - 策略ID 深渊筑底策略 未找到，使用替代ID: 深渊筑底策略_v2.0
2025-08-15 16:47:33,357 - INFO - 回测分析 [255/405]: 31#03913
2025-08-15 16:47:33,358 - WARNING - 策略ID 深渊筑底策略 未找到，使用替代ID: 深渊筑底策略_v2.0
2025-08-15 16:47:33,360 - INFO - 回测分析 [256/405]: 31#00831
2025-08-15 16:47:33,362 - WARNING - 策略ID 深渊筑底策略 未找到，使用替代ID: 深渊筑底策略_v2.0
2025-08-15 16:47:33,364 - INFO - 回测分析 [257/405]: 31#02193
2025-08-15 16:47:33,365 - WARNING - 策略ID 深渊筑底策略 未找到，使用替代ID: 深渊筑底策略_v2.0
2025-08-15 16:47:33,367 - INFO - 回测分析 [258/405]: 31#01936
2025-08-15 16:47:33,369 - WARNING - 策略ID 深渊筑底策略 未找到，使用替代ID: 深渊筑底策略_v2.0
2025-08-15 16:47:33,370 - INFO - 回测分析 [259/405]: 31#01161
2025-08-15 16:47:33,372 - WARNING - 策略ID 深渊筑底策略 未找到，使用替代ID: 深渊筑底策略_v2.0
2025-08-15 16:47:33,374 - INFO - 回测分析 [260/405]: sh600123
2025-08-15 16:47:33,376 - WARNING - 策略ID 深渊筑底策略 未找到，使用替代ID: 深渊筑底策略_v2.0
2025-08-15 16:47:33,378 - INFO - 回测分析 [261/405]: 31#01222
2025-08-15 16:47:33,380 - WARNING - 策略ID 深渊筑底策略 未找到，使用替代ID: 深渊筑底策略_v2.0
2025-08-15 16:47:33,382 - INFO - 回测分析 [262/405]: 31#00542
2025-08-15 16:47:33,383 - WARNING - 策略ID 深渊筑底策略 未找到，使用替代ID: 深渊筑底策略_v2.0
2025-08-15 16:47:33,385 - INFO - 回测分析 [263/405]: 31#00195
2025-08-15 16:47:33,387 - WARNING - 策略ID 深渊筑底策略 未找到，使用替代ID: 深渊筑底策略_v2.0
2025-08-15 16:47:33,388 - INFO - 回测分析 [264/405]: 31#02098
2025-08-15 16:47:33,390 - WARNING - 策略ID 深渊筑底策略 未找到，使用替代ID: 深渊筑底策略_v2.0
2025-08-15 16:47:33,392 - INFO - 回测分析 [265/405]: 31#01058
2025-08-15 16:47:33,394 - WARNING - 策略ID 深渊筑底策略 未找到，使用替代ID: 深渊筑底策略_v2.0
2025-08-15 16:47:33,395 - INFO - 回测分析 [266/405]: 31#01429
2025-08-15 16:47:33,397 - WARNING - 策略ID 深渊筑底策略 未找到，使用替代ID: 深渊筑底策略_v2.0
2025-08-15 16:47:33,399 - INFO - 回测分析 [267/405]: 31#01598
2025-08-15 16:47:33,401 - WARNING - 策略ID 深渊筑底策略 未找到，使用替代ID: 深渊筑底策略_v2.0
2025-08-15 16:47:33,402 - INFO - 回测分析 [268/405]: 31#02187
2025-08-15 16:47:33,404 - WARNING - 策略ID 深渊筑底策略 未找到，使用替代ID: 深渊筑底策略_v2.0
2025-08-15 16:47:33,406 - INFO - 回测分析 [269/405]: 48#08451
2025-08-15 16:47:33,407 - WARNING - 策略ID 深渊筑底策略 未找到，使用替代ID: 深渊筑底策略_v2.0
2025-08-15 16:47:33,409 - INFO - 回测分析 [270/405]: 31#03773
2025-08-15 16:47:33,411 - WARNING - 策略ID 深渊筑底策略 未找到，使用替代ID: 深渊筑底策略_v2.0
2025-08-15 16:47:33,413 - INFO - 回测分析 [271/405]: 31#02372
2025-08-15 16:47:33,414 - WARNING - 策略ID 深渊筑底策略 未找到，使用替代ID: 深渊筑底策略_v2.0
2025-08-15 16:47:33,416 - INFO - 回测分析 [272/405]: 31#02325
2025-08-15 16:47:33,417 - WARNING - 策略ID 深渊筑底策略 未找到，使用替代ID: 深渊筑底策略_v2.0
2025-08-15 16:47:33,419 - INFO - 回测分析 [273/405]: sz002662
2025-08-15 16:47:33,421 - WARNING - 策略ID 周线金叉+日线MA 未找到，使用替代ID: 周线金叉+日线MA_v1.0
2025-08-15 16:47:33,427 - INFO - 回测分析 [274/405]: 31#01849
2025-08-15 16:47:33,429 - WARNING - 策略ID 深渊筑底策略 未找到，使用替代ID: 深渊筑底策略_v2.0
2025-08-15 16:47:33,431 - INFO - 回测分析 [275/405]: 31#06633
2025-08-15 16:47:33,432 - WARNING - 策略ID 深渊筑底策略 未找到，使用替代ID: 深渊筑底策略_v2.0
2025-08-15 16:47:33,434 - INFO - 回测分析 [276/405]: 48#08527
2025-08-15 16:47:33,435 - WARNING - 策略ID 深渊筑底策略 未找到，使用替代ID: 深渊筑底策略_v2.0
2025-08-15 16:47:33,437 - INFO - 回测分析 [277/405]: 31#00361
2025-08-15 16:47:33,439 - WARNING - 策略ID 深渊筑底策略 未找到，使用替代ID: 深渊筑底策略_v2.0
2025-08-15 16:47:33,441 - INFO - 回测分析 [278/405]: 31#09916
2025-08-15 16:47:33,443 - WARNING - 策略ID 深渊筑底策略 未找到，使用替代ID: 深渊筑底策略_v2.0
2025-08-15 16:47:33,444 - INFO - 回测分析 [279/405]: 48#08495
2025-08-15 16:47:33,446 - WARNING - 策略ID 深渊筑底策略 未找到，使用替代ID: 深渊筑底策略_v2.0
2025-08-15 16:47:33,447 - INFO - 回测分析 [280/405]: 31#02340
2025-08-15 16:47:33,449 - WARNING - 策略ID 深渊筑底策略 未找到，使用替代ID: 深渊筑底策略_v2.0
2025-08-15 16:47:33,451 - INFO - 回测分析 [281/405]: 31#00556
2025-08-15 16:47:33,452 - WARNING - 策略ID 深渊筑底策略 未找到，使用替代ID: 深渊筑底策略_v2.0
2025-08-15 16:47:33,454 - INFO - 回测分析 [282/405]: 31#00214
2025-08-15 16:47:33,456 - WARNING - 策略ID 深渊筑底策略 未找到，使用替代ID: 深渊筑底策略_v2.0
2025-08-15 16:47:33,457 - INFO - 回测分析 [283/405]: 31#02459
2025-08-15 16:47:33,459 - WARNING - 策略ID 深渊筑底策略 未找到，使用替代ID: 深渊筑底策略_v2.0
2025-08-15 16:47:33,460 - INFO - 回测分析 [284/405]: 31#06698
2025-08-15 16:47:33,462 - WARNING - 策略ID 深渊筑底策略 未找到，使用替代ID: 深渊筑底策略_v2.0
2025-08-15 16:47:33,463 - INFO - 回测分析 [285/405]: 31#02226
2025-08-15 16:47:33,465 - WARNING - 策略ID 深渊筑底策略 未找到，使用替代ID: 深渊筑底策略_v2.0
2025-08-15 16:47:33,466 - INFO - 回测分析 [286/405]: 31#02078
2025-08-15 16:47:33,468 - WARNING - 策略ID 深渊筑底策略 未找到，使用替代ID: 深渊筑底策略_v2.0
2025-08-15 16:47:33,470 - INFO - 回测分析 [287/405]: 31#03389
2025-08-15 16:47:33,472 - WARNING - 策略ID 深渊筑底策略 未找到，使用替代ID: 深渊筑底策略_v2.0
2025-08-15 16:47:33,474 - INFO - 回测分析 [288/405]: 48#08411
2025-08-15 16:47:33,475 - WARNING - 策略ID 深渊筑底策略 未找到，使用替代ID: 深渊筑底策略_v2.0
2025-08-15 16:47:33,477 - INFO - 回测分析 [289/405]: 31#09929
2025-08-15 16:47:33,478 - WARNING - 策略ID 深渊筑底策略 未找到，使用替代ID: 深渊筑底策略_v2.0
2025-08-15 16:47:33,480 - INFO - 回测分析 [290/405]: 31#02168
2025-08-15 16:47:33,482 - WARNING - 策略ID 深渊筑底策略 未找到，使用替代ID: 深渊筑底策略_v2.0
2025-08-15 16:47:33,484 - INFO - 回测分析 [291/405]: 31#00720
2025-08-15 16:47:33,486 - WARNING - 策略ID 深渊筑底策略 未找到，使用替代ID: 深渊筑底策略_v2.0
2025-08-15 16:47:33,487 - INFO - 回测分析 [292/405]: 31#06689
2025-08-15 16:47:33,488 - WARNING - 策略ID 深渊筑底策略 未找到，使用替代ID: 深渊筑底策略_v2.0
2025-08-15 16:47:33,490 - INFO - 回测分析 [293/405]: 48#08057
2025-08-15 16:47:33,491 - WARNING - 策略ID 深渊筑底策略 未找到，使用替代ID: 深渊筑底策略_v2.0
2025-08-15 16:47:33,493 - INFO - 回测分析 [294/405]: sz000820
2025-08-15 16:47:33,495 - WARNING - 策略ID 深渊筑底策略 未找到，使用替代ID: 深渊筑底策略_v2.0
2025-08-15 16:47:33,498 - INFO - 回测分析 [295/405]: 31#00422
2025-08-15 16:47:33,500 - WARNING - 策略ID 深渊筑底策略 未找到，使用替代ID: 深渊筑底策略_v2.0
2025-08-15 16:47:33,502 - INFO - 回测分析 [296/405]: 48#08081
2025-08-15 16:47:33,504 - WARNING - 策略ID 深渊筑底策略 未找到，使用替代ID: 深渊筑底策略_v2.0
2025-08-15 16:47:33,505 - INFO - 回测分析 [297/405]: 31#01987
2025-08-15 16:47:33,507 - WARNING - 策略ID 深渊筑底策略 未找到，使用替代ID: 深渊筑底策略_v2.0
2025-08-15 16:47:33,509 - INFO - 回测分析 [298/405]: 31#01978
2025-08-15 16:47:33,511 - WARNING - 策略ID 深渊筑底策略 未找到，使用替代ID: 深渊筑底策略_v2.0
2025-08-15 16:47:33,513 - INFO - 回测分析 [299/405]: 31#01111
2025-08-15 16:47:33,514 - WARNING - 策略ID 深渊筑底策略 未找到，使用替代ID: 深渊筑底策略_v2.0
2025-08-15 16:47:33,515 - INFO - 回测分析 [300/405]: 31#06610
2025-08-15 16:47:33,517 - WARNING - 策略ID 深渊筑底策略 未找到，使用替代ID: 深渊筑底策略_v2.0
2025-08-15 16:47:33,518 - INFO - 回测分析 [301/405]: 31#01143
2025-08-15 16:47:33,520 - WARNING - 策略ID 深渊筑底策略 未找到，使用替代ID: 深渊筑底策略_v2.0
2025-08-15 16:47:33,522 - INFO - 回测分析 [302/405]: 31#06063
2025-08-15 16:47:33,524 - WARNING - 策略ID 深渊筑底策略 未找到，使用替代ID: 深渊筑底策略_v2.0
2025-08-15 16:47:33,526 - INFO - 回测分析 [303/405]: 31#01231
2025-08-15 16:47:33,527 - WARNING - 策略ID 深渊筑底策略 未找到，使用替代ID: 深渊筑底策略_v2.0
2025-08-15 16:47:33,528 - INFO - 回测分析 [304/405]: sh600756
2025-08-15 16:47:33,530 - WARNING - 策略ID 周线金叉+日线MA 未找到，使用替代ID: 周线金叉+日线MA_v1.0
2025-08-15 16:47:33,537 - INFO - 回测分析 [305/405]: 31#00438
2025-08-15 16:47:33,539 - WARNING - 策略ID 深渊筑底策略 未找到，使用替代ID: 深渊筑底策略_v2.0
2025-08-15 16:47:33,541 - INFO - 回测分析 [306/405]: 48#08475
2025-08-15 16:47:33,542 - WARNING - 策略ID 深渊筑底策略 未找到，使用替代ID: 深渊筑底策略_v2.0
2025-08-15 16:47:33,544 - INFO - 回测分析 [307/405]: 31#01719
2025-08-15 16:47:33,545 - WARNING - 策略ID 深渊筑底策略 未找到，使用替代ID: 深渊筑底策略_v2.0
2025-08-15 16:47:33,547 - INFO - 回测分析 [308/405]: 31#06878
2025-08-15 16:47:33,549 - WARNING - 策略ID 深渊筑底策略 未找到，使用替代ID: 深渊筑底策略_v2.0
2025-08-15 16:47:33,551 - INFO - 回测分析 [309/405]: 31#01156
2025-08-15 16:47:33,552 - WARNING - 策略ID 深渊筑底策略 未找到，使用替代ID: 深渊筑底策略_v2.0
2025-08-15 16:47:33,554 - INFO - 回测分析 [310/405]: sh600171
2025-08-15 16:47:33,556 - WARNING - 策略ID 周线金叉+日线MA 未找到，使用替代ID: 周线金叉+日线MA_v1.0
2025-08-15 16:47:33,561 - INFO - 回测分析 [311/405]: 31#01563
2025-08-15 16:47:33,563 - WARNING - 策略ID 深渊筑底策略 未找到，使用替代ID: 深渊筑底策略_v2.0
2025-08-15 16:47:33,565 - INFO - 回测分析 [312/405]: 31#09689
2025-08-15 16:47:33,566 - WARNING - 策略ID 深渊筑底策略 未找到，使用替代ID: 深渊筑底策略_v2.0
2025-08-15 16:47:33,568 - INFO - 回测分析 [313/405]: 31#00102
2025-08-15 16:47:33,569 - WARNING - 策略ID 深渊筑底策略 未找到，使用替代ID: 深渊筑底策略_v2.0
2025-08-15 16:47:33,571 - INFO - 回测分析 [314/405]: 31#00052
2025-08-15 16:47:33,573 - WARNING - 策略ID 深渊筑底策略 未找到，使用替代ID: 深渊筑底策略_v2.0
2025-08-15 16:47:33,575 - INFO - 回测分析 [315/405]: 31#02258
2025-08-15 16:47:33,576 - WARNING - 策略ID 深渊筑底策略 未找到，使用替代ID: 深渊筑底策略_v2.0
2025-08-15 16:47:33,578 - INFO - 回测分析 [316/405]: 31#02521
2025-08-15 16:47:33,579 - WARNING - 策略ID 深渊筑底策略 未找到，使用替代ID: 深渊筑底策略_v2.0
2025-08-15 16:47:33,580 - INFO - 回测分析 [317/405]: 31#01708
2025-08-15 16:47:33,582 - WARNING - 策略ID 深渊筑底策略 未找到，使用替代ID: 深渊筑底策略_v2.0
2025-08-15 16:47:33,584 - INFO - 回测分析 [318/405]: 31#06677
2025-08-15 16:47:33,585 - WARNING - 策略ID 深渊筑底策略 未找到，使用替代ID: 深渊筑底策略_v2.0
2025-08-15 16:47:33,587 - INFO - 回测分析 [319/405]: sh600860
2025-08-15 16:47:33,589 - WARNING - 策略ID 周线金叉+日线MA 未找到，使用替代ID: 周线金叉+日线MA_v1.0
2025-08-15 16:47:33,595 - INFO - 回测分析 [320/405]: 31#06830
2025-08-15 16:47:33,597 - WARNING - 策略ID 深渊筑底策略 未找到，使用替代ID: 深渊筑底策略_v2.0
2025-08-15 16:47:33,599 - INFO - 回测分析 [321/405]: 31#06108
2025-08-15 16:47:33,600 - WARNING - 策略ID 深渊筑底策略 未找到，使用替代ID: 深渊筑底策略_v2.0
2025-08-15 16:47:33,602 - INFO - 回测分析 [322/405]: 31#02482
2025-08-15 16:47:33,603 - WARNING - 策略ID 深渊筑底策略 未找到，使用替代ID: 深渊筑底策略_v2.0
2025-08-15 16:47:33,605 - INFO - 回测分析 [323/405]: 31#00852
2025-08-15 16:47:33,606 - WARNING - 策略ID 深渊筑底策略 未找到，使用替代ID: 深渊筑底策略_v2.0
2025-08-15 16:47:33,608 - INFO - 回测分析 [324/405]: 48#08225
2025-08-15 16:47:33,610 - WARNING - 策略ID 深渊筑底策略 未找到，使用替代ID: 深渊筑底策略_v2.0
2025-08-15 16:47:33,612 - INFO - 回测分析 [325/405]: 48#08262
2025-08-15 16:47:33,613 - WARNING - 策略ID 深渊筑底策略 未找到，使用替代ID: 深渊筑底策略_v2.0
2025-08-15 16:47:33,615 - INFO - 回测分析 [326/405]: 31#00936
2025-08-15 16:47:33,616 - WARNING - 策略ID 深渊筑底策略 未找到，使用替代ID: 深渊筑底策略_v2.0
2025-08-15 16:47:33,618 - INFO - 回测分析 [327/405]: 31#02017
2025-08-15 16:47:33,619 - WARNING - 策略ID 深渊筑底策略 未找到，使用替代ID: 深渊筑底策略_v2.0
2025-08-15 16:47:33,620 - INFO - 回测分析 [328/405]: 31#00550
2025-08-15 16:47:33,622 - WARNING - 策略ID 深渊筑底策略 未找到，使用替代ID: 深渊筑底策略_v2.0
2025-08-15 16:47:33,623 - INFO - 回测分析 [329/405]: 48#08536
2025-08-15 16:47:33,625 - WARNING - 策略ID 深渊筑底策略 未找到，使用替代ID: 深渊筑底策略_v2.0
2025-08-15 16:47:33,627 - INFO - 回测分析 [330/405]: 48#08392
2025-08-15 16:47:33,629 - WARNING - 策略ID 深渊筑底策略 未找到，使用替代ID: 深渊筑底策略_v2.0
2025-08-15 16:47:33,630 - INFO - 回测分析 [331/405]: 31#02439
2025-08-15 16:47:33,632 - WARNING - 策略ID 深渊筑底策略 未找到，使用替代ID: 深渊筑底策略_v2.0
2025-08-15 16:47:33,633 - INFO - 回测分析 [332/405]: 31#09938
2025-08-15 16:47:33,635 - WARNING - 策略ID 深渊筑底策略 未找到，使用替代ID: 深渊筑底策略_v2.0
2025-08-15 16:47:33,637 - INFO - 回测分析 [333/405]: 48#08523
2025-08-15 16:47:33,638 - WARNING - 策略ID 深渊筑底策略 未找到，使用替代ID: 深渊筑底策略_v2.0
2025-08-15 16:47:33,639 - INFO - 回测分析 [334/405]: 31#01922
2025-08-15 16:47:33,641 - WARNING - 策略ID 深渊筑底策略 未找到，使用替代ID: 深渊筑底策略_v2.0
2025-08-15 16:47:33,642 - INFO - 回测分析 [335/405]: 31#01189
2025-08-15 16:47:33,644 - WARNING - 策略ID 深渊筑底策略 未找到，使用替代ID: 深渊筑底策略_v2.0
2025-08-15 16:47:33,646 - INFO - 回测分析 [336/405]: sz000521
2025-08-15 16:47:33,648 - WARNING - 策略ID 深渊筑底策略 未找到，使用替代ID: 深渊筑底策略_v2.0
2025-08-15 16:47:33,651 - INFO - 回测分析 [337/405]: sz003004
2025-08-15 16:47:33,653 - WARNING - 策略ID 深渊筑底策略 未找到，使用替代ID: 深渊筑底策略_v2.0
2025-08-15 16:47:33,655 - INFO - 回测分析 [338/405]: sz300175
2025-08-15 16:47:33,657 - WARNING - 策略ID 深渊筑底策略 未找到，使用替代ID: 深渊筑底策略_v2.0
2025-08-15 16:47:33,660 - INFO - 回测分析 [339/405]: 31#01107
2025-08-15 16:47:33,661 - WARNING - 策略ID 深渊筑底策略 未找到，使用替代ID: 深渊筑底策略_v2.0
2025-08-15 16:47:33,663 - INFO - 回测分析 [340/405]: 31#01255
2025-08-15 16:47:33,664 - WARNING - 策略ID 深渊筑底策略 未找到，使用替代ID: 深渊筑底策略_v2.0
2025-08-15 16:47:33,666 - INFO - 回测分析 [341/405]: 31#01442
2025-08-15 16:47:33,668 - WARNING - 策略ID 深渊筑底策略 未找到，使用替代ID: 深渊筑底策略_v2.0
2025-08-15 16:47:33,670 - INFO - 回测分析 [342/405]: 31#01652
2025-08-15 16:47:33,672 - WARNING - 策略ID 深渊筑底策略 未找到，使用替代ID: 深渊筑底策略_v2.0
2025-08-15 16:47:33,673 - INFO - 回测分析 [343/405]: 31#02215
2025-08-15 16:47:33,675 - WARNING - 策略ID 深渊筑底策略 未找到，使用替代ID: 深渊筑底策略_v2.0
2025-08-15 16:47:33,676 - INFO - 回测分析 [344/405]: 31#06958
2025-08-15 16:47:33,678 - WARNING - 策略ID 深渊筑底策略 未找到，使用替代ID: 深渊筑底策略_v2.0
2025-08-15 16:47:33,680 - INFO - 回测分析 [345/405]: 31#06913
2025-08-15 16:47:33,682 - WARNING - 策略ID 深渊筑底策略 未找到，使用替代ID: 深渊筑底策略_v2.0
2025-08-15 16:47:33,683 - INFO - 回测分析 [346/405]: 31#01183
2025-08-15 16:47:33,686 - WARNING - 策略ID 深渊筑底策略 未找到，使用替代ID: 深渊筑底策略_v2.0
2025-08-15 16:47:33,687 - INFO - 回测分析 [347/405]: 31#01854
2025-08-15 16:47:33,689 - WARNING - 策略ID 深渊筑底策略 未找到，使用替代ID: 深渊筑底策略_v2.0
2025-08-15 16:47:33,691 - INFO - 回测分析 [348/405]: sz002789
2025-08-15 16:47:33,693 - WARNING - 策略ID 深渊筑底策略 未找到，使用替代ID: 深渊筑底策略_v2.0
2025-08-15 16:47:33,696 - INFO - 回测分析 [349/405]: 48#08616
2025-08-15 16:47:33,698 - WARNING - 策略ID 深渊筑底策略 未找到，使用替代ID: 深渊筑底策略_v2.0
2025-08-15 16:47:33,699 - INFO - 回测分析 [350/405]: 31#01348
2025-08-15 16:47:33,701 - WARNING - 策略ID 深渊筑底策略 未找到，使用替代ID: 深渊筑底策略_v2.0
2025-08-15 16:47:33,703 - INFO - 回测分析 [351/405]: 31#00827
2025-08-15 16:47:33,705 - WARNING - 策略ID 深渊筑底策略 未找到，使用替代ID: 深渊筑底策略_v2.0
2025-08-15 16:47:33,706 - INFO - 回测分析 [352/405]: 48#08657
2025-08-15 16:47:33,708 - WARNING - 策略ID 深渊筑底策略 未找到，使用替代ID: 深渊筑底策略_v2.0
2025-08-15 16:47:33,709 - INFO - 回测分析 [353/405]: 31#02153
2025-08-15 16:47:33,711 - WARNING - 策略ID 深渊筑底策略 未找到，使用替代ID: 深渊筑底策略_v2.0
2025-08-15 16:47:33,713 - INFO - 回测分析 [354/405]: 31#00802
2025-08-15 16:47:33,714 - WARNING - 策略ID 深渊筑底策略 未找到，使用替代ID: 深渊筑底策略_v2.0
2025-08-15 16:47:33,716 - INFO - 回测分析 [355/405]: 31#00185
2025-08-15 16:47:33,718 - WARNING - 策略ID 深渊筑底策略 未找到，使用替代ID: 深渊筑底策略_v2.0
2025-08-15 16:47:33,720 - INFO - 回测分析 [356/405]: sh605108
2025-08-15 16:47:33,722 - WARNING - 策略ID 深渊筑底策略 未找到，使用替代ID: 深渊筑底策略_v2.0
2025-08-15 16:47:33,724 - INFO - 回测分析 [357/405]: sz002521
2025-08-15 16:47:33,726 - WARNING - 策略ID 深渊筑底策略 未找到，使用替代ID: 深渊筑底策略_v2.0
2025-08-15 16:47:33,729 - INFO - 回测分析 [358/405]: 48#08412
2025-08-15 16:47:33,730 - WARNING - 策略ID 深渊筑底策略 未找到，使用替代ID: 深渊筑底策略_v2.0
2025-08-15 16:47:33,732 - INFO - 回测分析 [359/405]: 31#01960
2025-08-15 16:47:33,734 - WARNING - 策略ID 深渊筑底策略 未找到，使用替代ID: 深渊筑底策略_v2.0
2025-08-15 16:47:33,736 - INFO - 回测分析 [360/405]: 48#08328
2025-08-15 16:47:33,738 - WARNING - 策略ID 深渊筑底策略 未找到，使用替代ID: 深渊筑底策略_v2.0
2025-08-15 16:47:33,739 - INFO - 回测分析 [361/405]: sh605577
2025-08-15 16:47:33,741 - WARNING - 策略ID 深渊筑底策略 未找到，使用替代ID: 深渊筑底策略_v2.0
2025-08-15 16:47:33,744 - INFO - 回测分析 [362/405]: 31#02448
2025-08-15 16:47:33,746 - WARNING - 策略ID 深渊筑底策略 未找到，使用替代ID: 深渊筑底策略_v2.0
2025-08-15 16:47:33,747 - INFO - 回测分析 [363/405]: 31#09983
2025-08-15 16:47:33,749 - WARNING - 策略ID 深渊筑底策略 未找到，使用替代ID: 深渊筑底策略_v2.0
2025-08-15 16:47:33,751 - INFO - 回测分析 [364/405]: 48#08437
2025-08-15 16:47:33,753 - WARNING - 策略ID 深渊筑底策略 未找到，使用替代ID: 深渊筑底策略_v2.0
2025-08-15 16:47:33,754 - INFO - 回测分析 [365/405]: 31#00603
2025-08-15 16:47:33,756 - WARNING - 策略ID 深渊筑底策略 未找到，使用替代ID: 深渊筑底策略_v2.0
2025-08-15 16:47:33,758 - INFO - 回测分析 [366/405]: 31#01082
2025-08-15 16:47:33,760 - WARNING - 策略ID 深渊筑底策略 未找到，使用替代ID: 深渊筑底策略_v2.0
2025-08-15 16:47:33,762 - INFO - 回测分析 [367/405]: 31#01937
2025-08-15 16:47:33,764 - WARNING - 策略ID 深渊筑底策略 未找到，使用替代ID: 深渊筑底策略_v2.0
2025-08-15 16:47:33,766 - INFO - 回测分析 [368/405]: 31#00191
2025-08-15 16:47:33,767 - WARNING - 策略ID 深渊筑底策略 未找到，使用替代ID: 深渊筑底策略_v2.0
2025-08-15 16:47:33,769 - INFO - 回测分析 [369/405]: 31#02416
2025-08-15 16:47:33,770 - WARNING - 策略ID 深渊筑底策略 未找到，使用替代ID: 深渊筑底策略_v2.0
2025-08-15 16:47:33,772 - INFO - 回测分析 [370/405]: 31#00174
2025-08-15 16:47:33,773 - WARNING - 策略ID 深渊筑底策略 未找到，使用替代ID: 深渊筑底策略_v2.0
2025-08-15 16:47:33,774 - INFO - 回测分析 [371/405]: 31#00589
2025-08-15 16:47:33,776 - WARNING - 策略ID 深渊筑底策略 未找到，使用替代ID: 深渊筑底策略_v2.0
2025-08-15 16:47:33,778 - INFO - 回测分析 [372/405]: 31#01332
2025-08-15 16:47:33,780 - WARNING - 策略ID 深渊筑底策略 未找到，使用替代ID: 深渊筑底策略_v2.0
2025-08-15 16:47:33,781 - INFO - 回测分析 [373/405]: 31#00431
2025-08-15 16:47:33,783 - WARNING - 策略ID 深渊筑底策略 未找到，使用替代ID: 深渊筑底策略_v2.0
2025-08-15 16:47:33,785 - INFO - 回测分析 [374/405]: 31#02405
2025-08-15 16:47:33,786 - WARNING - 策略ID 深渊筑底策略 未找到，使用替代ID: 深渊筑底策略_v2.0
2025-08-15 16:47:33,788 - INFO - 回测分析 [375/405]: 31#02237
2025-08-15 16:47:33,789 - WARNING - 策略ID 深渊筑底策略 未找到，使用替代ID: 深渊筑底策略_v2.0
2025-08-15 16:47:33,791 - INFO - 回测分析 [376/405]: 31#01206
2025-08-15 16:47:33,793 - WARNING - 策略ID 深渊筑底策略 未找到，使用替代ID: 深渊筑底策略_v2.0
2025-08-15 16:47:33,794 - INFO - 回测分析 [377/405]: 31#06833
2025-08-15 16:47:33,796 - WARNING - 策略ID 深渊筑底策略 未找到，使用替代ID: 深渊筑底策略_v2.0
2025-08-15 16:47:33,798 - INFO - 回测分析 [378/405]: 48#08496
2025-08-15 16:47:33,799 - WARNING - 策略ID 深渊筑底策略 未找到，使用替代ID: 深渊筑底策略_v2.0
2025-08-15 16:47:33,801 - INFO - 回测分析 [379/405]: 48#08167
2025-08-15 16:47:33,803 - WARNING - 策略ID 深渊筑底策略 未找到，使用替代ID: 深渊筑底策略_v2.0
2025-08-15 16:47:33,804 - INFO - 回测分析 [380/405]: sh600546
2025-08-15 16:47:33,806 - WARNING - 策略ID 深渊筑底策略 未找到，使用替代ID: 深渊筑底策略_v2.0
2025-08-15 16:47:33,809 - INFO - 回测分析 [381/405]: 31#01547
2025-08-15 16:47:33,811 - WARNING - 策略ID 深渊筑底策略 未找到，使用替代ID: 深渊筑底策略_v2.0
2025-08-15 16:47:33,812 - INFO - 回测分析 [382/405]: 31#03628
2025-08-15 16:47:33,813 - WARNING - 策略ID 深渊筑底策略 未找到，使用替代ID: 深渊筑底策略_v2.0
2025-08-15 16:47:33,815 - INFO - 回测分析 [383/405]: 31#02623
2025-08-15 16:47:33,817 - WARNING - 策略ID 深渊筑底策略 未找到，使用替代ID: 深渊筑底策略_v2.0
2025-08-15 16:47:33,818 - INFO - 回测分析 [384/405]: 31#01406
2025-08-15 16:47:33,820 - WARNING - 策略ID 深渊筑底策略 未找到，使用替代ID: 深渊筑底策略_v2.0
2025-08-15 16:47:33,821 - INFO - 回测分析 [385/405]: 31#01351
2025-08-15 16:47:33,823 - WARNING - 策略ID 深渊筑底策略 未找到，使用替代ID: 深渊筑底策略_v2.0
2025-08-15 16:47:33,824 - INFO - 回测分析 [386/405]: 31#00333
2025-08-15 16:47:33,826 - WARNING - 策略ID 深渊筑底策略 未找到，使用替代ID: 深渊筑底策略_v2.0
2025-08-15 16:47:33,828 - INFO - 回测分析 [387/405]: 31#01028
2025-08-15 16:47:33,829 - WARNING - 策略ID 深渊筑底策略 未找到，使用替代ID: 深渊筑底策略_v2.0
2025-08-15 16:47:33,831 - INFO - 回测分析 [388/405]: 31#01830
2025-08-15 16:47:33,833 - WARNING - 策略ID 深渊筑底策略 未找到，使用替代ID: 深渊筑底策略_v2.0
2025-08-15 16:47:33,835 - INFO - 回测分析 [389/405]: 31#01002
2025-08-15 16:47:33,836 - WARNING - 策略ID 深渊筑底策略 未找到，使用替代ID: 深渊筑底策略_v2.0
2025-08-15 16:47:33,838 - INFO - 回测分析 [390/405]: sh600702
2025-08-15 16:47:33,840 - WARNING - 策略ID 深渊筑底策略 未找到，使用替代ID: 深渊筑底策略_v2.0
2025-08-15 16:47:33,843 - INFO - 回测分析 [391/405]: 48#08208
2025-08-15 16:47:33,845 - WARNING - 策略ID 深渊筑底策略 未找到，使用替代ID: 深渊筑底策略_v2.0
2025-08-15 16:47:33,846 - INFO - 回测分析 [392/405]: 31#01790
2025-08-15 16:47:33,847 - WARNING - 策略ID 深渊筑底策略 未找到，使用替代ID: 深渊筑底策略_v2.0
2025-08-15 16:47:33,849 - INFO - 回测分析 [393/405]: 31#09977
2025-08-15 16:47:33,851 - WARNING - 策略ID 深渊筑底策略 未找到，使用替代ID: 深渊筑底策略_v2.0
2025-08-15 16:47:33,852 - INFO - 回测分析 [394/405]: 48#08645
2025-08-15 16:47:33,854 - WARNING - 策略ID 深渊筑底策略 未找到，使用替代ID: 深渊筑底策略_v2.0
2025-08-15 16:47:33,856 - INFO - 回测分析 [395/405]: 31#01034
2025-08-15 16:47:33,858 - WARNING - 策略ID 深渊筑底策略 未找到，使用替代ID: 深渊筑底策略_v2.0
2025-08-15 16:47:33,859 - INFO - 回测分析 [396/405]: 31#01955
2025-08-15 16:47:33,861 - WARNING - 策略ID 深渊筑底策略 未找到，使用替代ID: 深渊筑底策略_v2.0
2025-08-15 16:47:33,863 - INFO - 回测分析 [397/405]: 31#01975
2025-08-15 16:47:33,864 - WARNING - 策略ID 深渊筑底策略 未找到，使用替代ID: 深渊筑底策略_v2.0
2025-08-15 16:47:33,866 - INFO - 回测分析 [398/405]: 31#01959
2025-08-15 16:47:33,868 - WARNING - 策略ID 深渊筑底策略 未找到，使用替代ID: 深渊筑底策略_v2.0
2025-08-15 16:47:33,869 - INFO - 回测分析 [399/405]: 31#01532
2025-08-15 16:47:33,871 - WARNING - 策略ID 深渊筑底策略 未找到，使用替代ID: 深渊筑底策略_v2.0
2025-08-15 16:47:33,872 - INFO - 回测分析 [400/405]: 31#00122
2025-08-15 16:47:33,874 - WARNING - 策略ID 深渊筑底策略 未找到，使用替代ID: 深渊筑底策略_v2.0
2025-08-15 16:47:33,876 - INFO - 回测分析 [401/405]: 31#01362
2025-08-15 16:47:33,877 - WARNING - 策略ID 深渊筑底策略 未找到，使用替代ID: 深渊筑底策略_v2.0
2025-08-15 16:47:33,879 - INFO - 回测分析 [402/405]: 48#08341
2025-08-15 16:47:33,880 - WARNING - 策略ID 深渊筑底策略 未找到，使用替代ID: 深渊筑底策略_v2.0
2025-08-15 16:47:33,882 - INFO - 回测分析 [403/405]: sz000810
2025-08-15 16:47:33,884 - WARNING - 策略ID 周线金叉+日线MA 未找到，使用替代ID: 周线金叉+日线MA_v1.0
2025-08-15 16:47:33,890 - INFO - 回测分析 [404/405]: 48#08063
2025-08-15 16:47:33,891 - WARNING - 策略ID 深渊筑底策略 未找到，使用替代ID: 深渊筑底策略_v2.0
2025-08-15 16:47:33,893 - INFO - 回测分析 [405/405]: 31#00030
2025-08-15 16:47:33,895 - WARNING - 策略ID 深渊筑底策略 未找到，使用替代ID: 深渊筑底策略_v2.0
2025-08-15 16:47:33,896 - INFO - 筛选完成，发现 405 个信号，耗时 29.62 秒
2025-08-15 16:47:33,930 - INFO - 结果已保存至: /home/hypnosis/data/quant_base/data/result/UNIVERSAL_SCREENING
