2025-08-14 17:41:19,649 - INFO - 加载配置文件: /home/hypnosis/data/quant_base/backend/strategies_config.json
2025-08-14 17:41:19,650 - INFO - 配置加载成功: 5 个策略
2025-08-14 17:41:19,650 - INFO - 配置管理器初始化完成，配置文件: /home/hypnosis/data/quant_base/config/unified_strategy_config.json
2025-08-14 17:41:19,652 - INFO - 发现策略: 周线金叉+日线MA_v1.0 (WeeklyGoldenCrossMaStrategy)
2025-08-14 17:41:19,652 - INFO - 发现策略: MACD零轴启动_v1.0 (MacdZeroAxisStrategy)
2025-08-14 17:41:19,652 - INFO - 发现策略: 深渊筑底策略_v2.0 (AbyssBottomingStrategy)
2025-08-14 17:41:19,652 - INFO - 发现策略: 临界金叉_v1.0 (PreCrossStrategy)
2025-08-14 17:41:19,652 - INFO - 发现策略: 三重金叉_v1.0 (TripleCrossStrategy)
2025-08-14 17:41:19,652 - INFO - 发现策略: 周线金叉+日线MA_v1.0 (WeeklyGoldenCrossMaStrategy)
2025-08-14 17:41:19,652 - INFO - 发现策略: MACD零轴启动_v1.0 (MacdZeroAxisStrategy)
2025-08-14 17:41:19,652 - INFO - 发现策略: 深渊筑底策略_v2.0 (AbyssBottomingStrategy)
2025-08-14 17:41:19,653 - INFO - 发现策略: 临界金叉_v1.0 (PreCrossStrategy)
2025-08-14 17:41:19,653 - INFO - 发现策略: 三重金叉_v1.0 (TripleCrossStrategy)
2025-08-14 17:41:19,653 - INFO - 通用筛选器初始化完成
2025-08-14 17:41:19,653 - INFO - ===== 开始执行通用股票筛选 =====
2025-08-14 17:41:19,668 - INFO - 共找到 8973 个股票文件
2025-08-14 17:41:19,668 - INFO - 启用的策略: ['深渊筑底策略_v2.0', '临界金叉_v1.0', '三重金叉_v1.0', 'MACD零轴启动_v1.0', '周线金叉+日线MA_v1.0']
2025-08-14 17:41:19,684 - INFO - 发现策略: 周线金叉+日线MA_v1.0 (WeeklyGoldenCrossMaStrategy)
2025-08-14 17:41:19,684 - INFO - 发现策略: 周线金叉+日线MA_v1.0 (WeeklyGoldenCrossMaStrategy)
2025-08-14 17:41:19,684 - INFO - 发现策略: 周线金叉+日线MA_v1.0 (WeeklyGoldenCrossMaStrategy)
2025-08-14 17:41:19,685 - INFO - 发现策略: MACD零轴启动_v1.0 (MacdZeroAxisStrategy)
2025-08-14 17:41:19,685 - INFO - 发现策略: MACD零轴启动_v1.0 (MacdZeroAxisStrategy)
2025-08-14 17:41:19,685 - INFO - 发现策略: MACD零轴启动_v1.0 (MacdZeroAxisStrategy)
2025-08-14 17:41:19,685 - INFO - 发现策略: 深渊筑底策略_v2.0 (AbyssBottomingStrategy)
2025-08-14 17:41:19,685 - INFO - 发现策略: 深渊筑底策略_v2.0 (AbyssBottomingStrategy)
2025-08-14 17:41:19,685 - INFO - 发现策略: 深渊筑底策略_v2.0 (AbyssBottomingStrategy)
2025-08-14 17:41:19,685 - INFO - 发现策略: 临界金叉_v1.0 (PreCrossStrategy)
2025-08-14 17:41:19,685 - INFO - 发现策略: 临界金叉_v1.0 (PreCrossStrategy)
2025-08-14 17:41:19,685 - INFO - 发现策略: 临界金叉_v1.0 (PreCrossStrategy)
2025-08-14 17:41:19,685 - INFO - 发现策略: 三重金叉_v1.0 (TripleCrossStrategy)
2025-08-14 17:41:19,685 - INFO - 发现策略: 三重金叉_v1.0 (TripleCrossStrategy)
2025-08-14 17:41:19,685 - INFO - 发现策略: 三重金叉_v1.0 (TripleCrossStrategy)
2025-08-14 17:41:19,685 - INFO - 发现策略: 周线金叉+日线MA_v1.0 (WeeklyGoldenCrossMaStrategy)
2025-08-14 17:41:19,685 - INFO - 发现策略: 周线金叉+日线MA_v1.0 (WeeklyGoldenCrossMaStrategy)
2025-08-14 17:41:19,686 - INFO - 发现策略: MACD零轴启动_v1.0 (MacdZeroAxisStrategy)
2025-08-14 17:41:19,685 - INFO - 发现策略: 周线金叉+日线MA_v1.0 (WeeklyGoldenCrossMaStrategy)
2025-08-14 17:41:19,686 - INFO - 发现策略: MACD零轴启动_v1.0 (MacdZeroAxisStrategy)
2025-08-14 17:41:19,686 - INFO - 发现策略: 周线金叉+日线MA_v1.0 (WeeklyGoldenCrossMaStrategy)
2025-08-14 17:41:19,686 - INFO - 发现策略: 周线金叉+日线MA_v1.0 (WeeklyGoldenCrossMaStrategy)
2025-08-14 17:41:19,686 - INFO - 发现策略: MACD零轴启动_v1.0 (MacdZeroAxisStrategy)
2025-08-14 17:41:19,686 - INFO - 发现策略: MACD零轴启动_v1.0 (MacdZeroAxisStrategy)
2025-08-14 17:41:19,686 - INFO - 发现策略: 深渊筑底策略_v2.0 (AbyssBottomingStrategy)
2025-08-14 17:41:19,686 - INFO - 发现策略: 深渊筑底策略_v2.0 (AbyssBottomingStrategy)
2025-08-14 17:41:19,686 - INFO - 发现策略: MACD零轴启动_v1.0 (MacdZeroAxisStrategy)
2025-08-14 17:41:19,686 - INFO - 发现策略: 临界金叉_v1.0 (PreCrossStrategy)
2025-08-14 17:41:19,686 - INFO - 发现策略: 临界金叉_v1.0 (PreCrossStrategy)
2025-08-14 17:41:19,686 - INFO - 发现策略: 深渊筑底策略_v2.0 (AbyssBottomingStrategy)
2025-08-14 17:41:19,686 - INFO - 发现策略: 深渊筑底策略_v2.0 (AbyssBottomingStrategy)
2025-08-14 17:41:19,686 - INFO - 发现策略: 三重金叉_v1.0 (TripleCrossStrategy)
2025-08-14 17:41:19,686 - INFO - 发现策略: 三重金叉_v1.0 (TripleCrossStrategy)
2025-08-14 17:41:19,686 - INFO - 发现策略: 深渊筑底策略_v2.0 (AbyssBottomingStrategy)
2025-08-14 17:41:19,686 - INFO - 发现策略: 临界金叉_v1.0 (PreCrossStrategy)
2025-08-14 17:41:19,686 - INFO - 发现策略: 临界金叉_v1.0 (PreCrossStrategy)
2025-08-14 17:41:19,686 - INFO - 发现策略: 三重金叉_v1.0 (TripleCrossStrategy)
2025-08-14 17:41:19,686 - INFO - 发现策略: 临界金叉_v1.0 (PreCrossStrategy)
2025-08-14 17:41:19,686 - INFO - 发现策略: 三重金叉_v1.0 (TripleCrossStrategy)
2025-08-14 17:41:19,686 - INFO - 发现策略: 三重金叉_v1.0 (TripleCrossStrategy)
2025-08-14 17:41:19,701 - INFO - 发现策略: 周线金叉+日线MA_v1.0 (WeeklyGoldenCrossMaStrategy)
2025-08-14 17:41:19,701 - INFO - 发现策略: 周线金叉+日线MA_v1.0 (WeeklyGoldenCrossMaStrategy)
2025-08-14 17:41:19,701 - INFO - 发现策略: MACD零轴启动_v1.0 (MacdZeroAxisStrategy)
2025-08-14 17:41:19,701 - INFO - 发现策略: MACD零轴启动_v1.0 (MacdZeroAxisStrategy)
2025-08-14 17:41:19,701 - INFO - 发现策略: 深渊筑底策略_v2.0 (AbyssBottomingStrategy)
2025-08-14 17:41:19,701 - INFO - 发现策略: 深渊筑底策略_v2.0 (AbyssBottomingStrategy)
2025-08-14 17:41:19,701 - INFO - 发现策略: 周线金叉+日线MA_v1.0 (WeeklyGoldenCrossMaStrategy)
2025-08-14 17:41:19,701 - INFO - 发现策略: 临界金叉_v1.0 (PreCrossStrategy)
2025-08-14 17:41:19,702 - INFO - 发现策略: 临界金叉_v1.0 (PreCrossStrategy)
2025-08-14 17:41:19,702 - INFO - 发现策略: 三重金叉_v1.0 (TripleCrossStrategy)
2025-08-14 17:41:19,702 - INFO - 发现策略: MACD零轴启动_v1.0 (MacdZeroAxisStrategy)
2025-08-14 17:41:19,702 - INFO - 发现策略: 三重金叉_v1.0 (TripleCrossStrategy)
2025-08-14 17:41:19,702 - INFO - 发现策略: 周线金叉+日线MA_v1.0 (WeeklyGoldenCrossMaStrategy)
2025-08-14 17:41:19,702 - INFO - 发现策略: 深渊筑底策略_v2.0 (AbyssBottomingStrategy)
2025-08-14 17:41:19,702 - INFO - 发现策略: MACD零轴启动_v1.0 (MacdZeroAxisStrategy)
2025-08-14 17:41:19,702 - INFO - 发现策略: 临界金叉_v1.0 (PreCrossStrategy)
2025-08-14 17:41:19,702 - INFO - 发现策略: 周线金叉+日线MA_v1.0 (WeeklyGoldenCrossMaStrategy)
2025-08-14 17:41:19,702 - INFO - 发现策略: 周线金叉+日线MA_v1.0 (WeeklyGoldenCrossMaStrategy)
2025-08-14 17:41:19,702 - INFO - 发现策略: 三重金叉_v1.0 (TripleCrossStrategy)
2025-08-14 17:41:19,702 - INFO - 发现策略: 深渊筑底策略_v2.0 (AbyssBottomingStrategy)
2025-08-14 17:41:19,702 - INFO - 发现策略: MACD零轴启动_v1.0 (MacdZeroAxisStrategy)
2025-08-14 17:41:19,702 - INFO - 发现策略: 临界金叉_v1.0 (PreCrossStrategy)
2025-08-14 17:41:19,702 - INFO - 发现策略: MACD零轴启动_v1.0 (MacdZeroAxisStrategy)
2025-08-14 17:41:19,702 - INFO - 发现策略: 三重金叉_v1.0 (TripleCrossStrategy)
2025-08-14 17:41:19,702 - INFO - 发现策略: 深渊筑底策略_v2.0 (AbyssBottomingStrategy)
2025-08-14 17:41:19,702 - INFO - 发现策略: 深渊筑底策略_v2.0 (AbyssBottomingStrategy)
2025-08-14 17:41:19,702 - INFO - 发现策略: 临界金叉_v1.0 (PreCrossStrategy)
2025-08-14 17:41:19,702 - INFO - 发现策略: 临界金叉_v1.0 (PreCrossStrategy)
2025-08-14 17:41:19,702 - INFO - 发现策略: 三重金叉_v1.0 (TripleCrossStrategy)
2025-08-14 17:41:19,702 - INFO - 发现策略: 三重金叉_v1.0 (TripleCrossStrategy)
2025-08-14 17:41:19,702 - INFO - 发现策略: 周线金叉+日线MA_v1.0 (WeeklyGoldenCrossMaStrategy)
2025-08-14 17:41:19,703 - INFO - 发现策略: MACD零轴启动_v1.0 (MacdZeroAxisStrategy)
2025-08-14 17:41:19,703 - INFO - 发现策略: 深渊筑底策略_v2.0 (AbyssBottomingStrategy)
2025-08-14 17:41:19,703 - INFO - 发现策略: 临界金叉_v1.0 (PreCrossStrategy)
2025-08-14 17:41:19,703 - INFO - 发现策略: 三重金叉_v1.0 (TripleCrossStrategy)
2025-08-14 17:41:19,703 - INFO - 发现策略: 周线金叉+日线MA_v1.0 (WeeklyGoldenCrossMaStrategy)
2025-08-14 17:41:19,704 - INFO - 发现策略: MACD零轴启动_v1.0 (MacdZeroAxisStrategy)
2025-08-14 17:41:19,704 - INFO - 发现策略: 深渊筑底策略_v2.0 (AbyssBottomingStrategy)
2025-08-14 17:41:19,704 - INFO - 发现策略: 临界金叉_v1.0 (PreCrossStrategy)
2025-08-14 17:41:19,704 - INFO - 发现策略: 三重金叉_v1.0 (TripleCrossStrategy)
2025-08-14 17:41:19,714 - INFO - 发现策略: 周线金叉+日线MA_v1.0 (WeeklyGoldenCrossMaStrategy)
2025-08-14 17:41:19,714 - INFO - 发现策略: MACD零轴启动_v1.0 (MacdZeroAxisStrategy)
2025-08-14 17:41:19,715 - INFO - 发现策略: 深渊筑底策略_v2.0 (AbyssBottomingStrategy)
2025-08-14 17:41:19,715 - INFO - 发现策略: 临界金叉_v1.0 (PreCrossStrategy)
2025-08-14 17:41:19,715 - INFO - 发现策略: 三重金叉_v1.0 (TripleCrossStrategy)
2025-08-14 17:41:19,716 - INFO - 发现策略: 周线金叉+日线MA_v1.0 (WeeklyGoldenCrossMaStrategy)
2025-08-14 17:41:19,716 - INFO - 发现策略: MACD零轴启动_v1.0 (MacdZeroAxisStrategy)
2025-08-14 17:41:19,716 - INFO - 发现策略: 周线金叉+日线MA_v1.0 (WeeklyGoldenCrossMaStrategy)
2025-08-14 17:41:19,716 - INFO - 发现策略: 深渊筑底策略_v2.0 (AbyssBottomingStrategy)
2025-08-14 17:41:19,716 - INFO - 发现策略: MACD零轴启动_v1.0 (MacdZeroAxisStrategy)
2025-08-14 17:41:19,716 - INFO - 发现策略: 临界金叉_v1.0 (PreCrossStrategy)
2025-08-14 17:41:19,716 - INFO - 发现策略: 三重金叉_v1.0 (TripleCrossStrategy)
2025-08-14 17:41:19,716 - INFO - 发现策略: 深渊筑底策略_v2.0 (AbyssBottomingStrategy)
2025-08-14 17:41:19,716 - INFO - 发现策略: 周线金叉+日线MA_v1.0 (WeeklyGoldenCrossMaStrategy)
2025-08-14 17:41:19,716 - INFO - 发现策略: MACD零轴启动_v1.0 (MacdZeroAxisStrategy)
2025-08-14 17:41:19,717 - INFO - 发现策略: 深渊筑底策略_v2.0 (AbyssBottomingStrategy)
2025-08-14 17:41:19,717 - INFO - 发现策略: 临界金叉_v1.0 (PreCrossStrategy)
2025-08-14 17:41:19,717 - INFO - 发现策略: 临界金叉_v1.0 (PreCrossStrategy)
2025-08-14 17:41:19,717 - INFO - 发现策略: 三重金叉_v1.0 (TripleCrossStrategy)
2025-08-14 17:41:19,717 - INFO - 发现策略: 三重金叉_v1.0 (TripleCrossStrategy)
2025-08-14 17:41:19,717 - INFO - 发现策略: 周线金叉+日线MA_v1.0 (WeeklyGoldenCrossMaStrategy)
2025-08-14 17:41:19,717 - INFO - 发现策略: MACD零轴启动_v1.0 (MacdZeroAxisStrategy)
2025-08-14 17:41:19,717 - INFO - 发现策略: 深渊筑底策略_v2.0 (AbyssBottomingStrategy)
2025-08-14 17:41:19,717 - INFO - 发现策略: 临界金叉_v1.0 (PreCrossStrategy)
2025-08-14 17:41:19,718 - INFO - 发现策略: 三重金叉_v1.0 (TripleCrossStrategy)
2025-08-14 17:41:19,718 - INFO - 发现策略: 周线金叉+日线MA_v1.0 (WeeklyGoldenCrossMaStrategy)
2025-08-14 17:41:19,718 - INFO - 发现策略: MACD零轴启动_v1.0 (MacdZeroAxisStrategy)
2025-08-14 17:41:19,718 - INFO - 发现策略: 深渊筑底策略_v2.0 (AbyssBottomingStrategy)
2025-08-14 17:41:19,718 - INFO - 发现策略: 临界金叉_v1.0 (PreCrossStrategy)
2025-08-14 17:41:19,718 - INFO - 发现策略: 三重金叉_v1.0 (TripleCrossStrategy)
2025-08-14 17:41:19,718 - INFO - 发现策略: 周线金叉+日线MA_v1.0 (WeeklyGoldenCrossMaStrategy)
2025-08-14 17:41:19,719 - INFO - 发现策略: MACD零轴启动_v1.0 (MacdZeroAxisStrategy)
2025-08-14 17:41:19,719 - INFO - 发现策略: 周线金叉+日线MA_v1.0 (WeeklyGoldenCrossMaStrategy)
2025-08-14 17:41:19,719 - INFO - 发现策略: 深渊筑底策略_v2.0 (AbyssBottomingStrategy)
2025-08-14 17:41:19,719 - INFO - 发现策略: 临界金叉_v1.0 (PreCrossStrategy)
2025-08-14 17:41:19,719 - INFO - 发现策略: MACD零轴启动_v1.0 (MacdZeroAxisStrategy)
2025-08-14 17:41:19,719 - INFO - 发现策略: 三重金叉_v1.0 (TripleCrossStrategy)
2025-08-14 17:41:19,719 - INFO - 发现策略: 深渊筑底策略_v2.0 (AbyssBottomingStrategy)
2025-08-14 17:41:19,719 - INFO - 发现策略: 临界金叉_v1.0 (PreCrossStrategy)
2025-08-14 17:41:19,719 - INFO - 发现策略: 三重金叉_v1.0 (TripleCrossStrategy)
2025-08-14 17:41:19,727 - INFO - 发现策略: 周线金叉+日线MA_v1.0 (WeeklyGoldenCrossMaStrategy)
2025-08-14 17:41:19,727 - INFO - 发现策略: MACD零轴启动_v1.0 (MacdZeroAxisStrategy)
2025-08-14 17:41:19,728 - INFO - 发现策略: 深渊筑底策略_v2.0 (AbyssBottomingStrategy)
2025-08-14 17:41:19,728 - INFO - 发现策略: 临界金叉_v1.0 (PreCrossStrategy)
2025-08-14 17:41:19,728 - INFO - 发现策略: 三重金叉_v1.0 (TripleCrossStrategy)
2025-08-14 17:41:19,729 - INFO - 发现策略: 周线金叉+日线MA_v1.0 (WeeklyGoldenCrossMaStrategy)
2025-08-14 17:41:19,729 - INFO - 发现策略: MACD零轴启动_v1.0 (MacdZeroAxisStrategy)
2025-08-14 17:41:19,729 - INFO - 发现策略: 深渊筑底策略_v2.0 (AbyssBottomingStrategy)
2025-08-14 17:41:19,729 - INFO - 发现策略: 临界金叉_v1.0 (PreCrossStrategy)
2025-08-14 17:41:19,729 - INFO - 发现策略: 三重金叉_v1.0 (TripleCrossStrategy)
2025-08-14 17:41:19,730 - INFO - 发现策略: 周线金叉+日线MA_v1.0 (WeeklyGoldenCrossMaStrategy)
2025-08-14 17:41:19,730 - INFO - 发现策略: MACD零轴启动_v1.0 (MacdZeroAxisStrategy)
2025-08-14 17:41:19,730 - INFO - 发现策略: 深渊筑底策略_v2.0 (AbyssBottomingStrategy)
2025-08-14 17:41:19,730 - INFO - 发现策略: 临界金叉_v1.0 (PreCrossStrategy)
2025-08-14 17:41:19,730 - INFO - 发现策略: 三重金叉_v1.0 (TripleCrossStrategy)
2025-08-14 17:41:19,730 - INFO - 发现策略: 周线金叉+日线MA_v1.0 (WeeklyGoldenCrossMaStrategy)
2025-08-14 17:41:19,731 - INFO - 发现策略: MACD零轴启动_v1.0 (MacdZeroAxisStrategy)
2025-08-14 17:41:19,731 - INFO - 发现策略: 周线金叉+日线MA_v1.0 (WeeklyGoldenCrossMaStrategy)
2025-08-14 17:41:19,731 - INFO - 发现策略: MACD零轴启动_v1.0 (MacdZeroAxisStrategy)
2025-08-14 17:41:19,731 - INFO - 发现策略: 深渊筑底策略_v2.0 (AbyssBottomingStrategy)
2025-08-14 17:41:19,731 - INFO - 发现策略: 临界金叉_v1.0 (PreCrossStrategy)
2025-08-14 17:41:19,731 - INFO - 发现策略: 深渊筑底策略_v2.0 (AbyssBottomingStrategy)
2025-08-14 17:41:19,731 - INFO - 发现策略: 三重金叉_v1.0 (TripleCrossStrategy)
2025-08-14 17:41:19,731 - INFO - 发现策略: 临界金叉_v1.0 (PreCrossStrategy)
2025-08-14 17:41:19,731 - INFO - 发现策略: 三重金叉_v1.0 (TripleCrossStrategy)
2025-08-14 17:41:19,731 - INFO - 发现策略: 周线金叉+日线MA_v1.0 (WeeklyGoldenCrossMaStrategy)
2025-08-14 17:41:19,731 - INFO - 发现策略: MACD零轴启动_v1.0 (MacdZeroAxisStrategy)
2025-08-14 17:41:19,731 - INFO - 发现策略: 深渊筑底策略_v2.0 (AbyssBottomingStrategy)
2025-08-14 17:41:19,732 - INFO - 发现策略: 临界金叉_v1.0 (PreCrossStrategy)
2025-08-14 17:41:19,732 - INFO - 发现策略: 三重金叉_v1.0 (TripleCrossStrategy)
2025-08-14 17:41:19,733 - INFO - 发现策略: 周线金叉+日线MA_v1.0 (WeeklyGoldenCrossMaStrategy)
2025-08-14 17:41:19,733 - INFO - 发现策略: MACD零轴启动_v1.0 (MacdZeroAxisStrategy)
2025-08-14 17:41:19,733 - INFO - 发现策略: 深渊筑底策略_v2.0 (AbyssBottomingStrategy)
2025-08-14 17:41:19,733 - INFO - 发现策略: 临界金叉_v1.0 (PreCrossStrategy)
2025-08-14 17:41:19,733 - INFO - 发现策略: 三重金叉_v1.0 (TripleCrossStrategy)
2025-08-14 17:41:19,734 - INFO - 发现策略: 周线金叉+日线MA_v1.0 (WeeklyGoldenCrossMaStrategy)
2025-08-14 17:41:19,734 - INFO - 发现策略: MACD零轴启动_v1.0 (MacdZeroAxisStrategy)
2025-08-14 17:41:19,734 - INFO - 发现策略: 深渊筑底策略_v2.0 (AbyssBottomingStrategy)
2025-08-14 17:41:19,734 - INFO - 发现策略: 临界金叉_v1.0 (PreCrossStrategy)
2025-08-14 17:41:19,734 - INFO - 发现策略: 三重金叉_v1.0 (TripleCrossStrategy)
2025-08-14 17:41:19,739 - INFO - 发现策略: 周线金叉+日线MA_v1.0 (WeeklyGoldenCrossMaStrategy)
2025-08-14 17:41:19,739 - INFO - 发现策略: MACD零轴启动_v1.0 (MacdZeroAxisStrategy)
2025-08-14 17:41:19,739 - INFO - 发现策略: 深渊筑底策略_v2.0 (AbyssBottomingStrategy)
2025-08-14 17:41:19,739 - INFO - 发现策略: 临界金叉_v1.0 (PreCrossStrategy)
2025-08-14 17:41:19,739 - INFO - 发现策略: 三重金叉_v1.0 (TripleCrossStrategy)
2025-08-14 17:41:19,744 - INFO - 发现策略: 周线金叉+日线MA_v1.0 (WeeklyGoldenCrossMaStrategy)
2025-08-14 17:41:19,744 - INFO - 发现策略: MACD零轴启动_v1.0 (MacdZeroAxisStrategy)
2025-08-14 17:41:19,744 - INFO - 发现策略: 周线金叉+日线MA_v1.0 (WeeklyGoldenCrossMaStrategy)
2025-08-14 17:41:19,744 - INFO - 发现策略: 周线金叉+日线MA_v1.0 (WeeklyGoldenCrossMaStrategy)
2025-08-14 17:41:19,744 - INFO - 发现策略: 深渊筑底策略_v2.0 (AbyssBottomingStrategy)
2025-08-14 17:41:19,744 - INFO - 发现策略: MACD零轴启动_v1.0 (MacdZeroAxisStrategy)
2025-08-14 17:41:19,744 - INFO - 发现策略: MACD零轴启动_v1.0 (MacdZeroAxisStrategy)
2025-08-14 17:41:19,744 - INFO - 发现策略: 周线金叉+日线MA_v1.0 (WeeklyGoldenCrossMaStrategy)
2025-08-14 17:41:19,744 - INFO - 发现策略: 临界金叉_v1.0 (PreCrossStrategy)
2025-08-14 17:41:19,745 - INFO - 发现策略: MACD零轴启动_v1.0 (MacdZeroAxisStrategy)
2025-08-14 17:41:19,745 - INFO - 发现策略: 三重金叉_v1.0 (TripleCrossStrategy)
2025-08-14 17:41:19,745 - INFO - 发现策略: 深渊筑底策略_v2.0 (AbyssBottomingStrategy)
2025-08-14 17:41:19,745 - INFO - 发现策略: 深渊筑底策略_v2.0 (AbyssBottomingStrategy)
2025-08-14 17:41:19,745 - INFO - 发现策略: 临界金叉_v1.0 (PreCrossStrategy)
2025-08-14 17:41:19,745 - INFO - 发现策略: 临界金叉_v1.0 (PreCrossStrategy)
2025-08-14 17:41:19,745 - INFO - 发现策略: 深渊筑底策略_v2.0 (AbyssBottomingStrategy)
2025-08-14 17:41:19,745 - INFO - 发现策略: 三重金叉_v1.0 (TripleCrossStrategy)
2025-08-14 17:41:19,745 - INFO - 发现策略: 三重金叉_v1.0 (TripleCrossStrategy)
2025-08-14 17:41:19,745 - INFO - 发现策略: 临界金叉_v1.0 (PreCrossStrategy)
2025-08-14 17:41:19,745 - INFO - 发现策略: 三重金叉_v1.0 (TripleCrossStrategy)
2025-08-14 17:41:19,746 - INFO - 发现策略: 周线金叉+日线MA_v1.0 (WeeklyGoldenCrossMaStrategy)
2025-08-14 17:41:19,746 - INFO - 发现策略: MACD零轴启动_v1.0 (MacdZeroAxisStrategy)
2025-08-14 17:41:19,746 - INFO - 发现策略: 深渊筑底策略_v2.0 (AbyssBottomingStrategy)
2025-08-14 17:41:19,746 - INFO - 发现策略: 临界金叉_v1.0 (PreCrossStrategy)
2025-08-14 17:41:19,746 - INFO - 发现策略: 三重金叉_v1.0 (TripleCrossStrategy)
2025-08-14 17:41:19,749 - INFO - 发现策略: 周线金叉+日线MA_v1.0 (WeeklyGoldenCrossMaStrategy)
2025-08-14 17:41:19,749 - INFO - 发现策略: MACD零轴启动_v1.0 (MacdZeroAxisStrategy)
2025-08-14 17:41:19,749 - INFO - 发现策略: 深渊筑底策略_v2.0 (AbyssBottomingStrategy)
2025-08-14 17:41:19,749 - INFO - 发现策略: 临界金叉_v1.0 (PreCrossStrategy)
2025-08-14 17:41:19,749 - INFO - 发现策略: 周线金叉+日线MA_v1.0 (WeeklyGoldenCrossMaStrategy)
2025-08-14 17:41:19,749 - INFO - 发现策略: 三重金叉_v1.0 (TripleCrossStrategy)
2025-08-14 17:41:19,749 - INFO - 发现策略: MACD零轴启动_v1.0 (MacdZeroAxisStrategy)
2025-08-14 17:41:19,749 - INFO - 发现策略: 深渊筑底策略_v2.0 (AbyssBottomingStrategy)
2025-08-14 17:41:19,749 - INFO - 发现策略: 临界金叉_v1.0 (PreCrossStrategy)
2025-08-14 17:41:19,749 - INFO - 发现策略: 三重金叉_v1.0 (TripleCrossStrategy)
2025-08-14 17:41:19,751 - INFO - 发现策略: 周线金叉+日线MA_v1.0 (WeeklyGoldenCrossMaStrategy)
2025-08-14 17:41:19,751 - INFO - 发现策略: MACD零轴启动_v1.0 (MacdZeroAxisStrategy)
2025-08-14 17:41:19,751 - INFO - 发现策略: 深渊筑底策略_v2.0 (AbyssBottomingStrategy)
2025-08-14 17:41:19,751 - INFO - 发现策略: 临界金叉_v1.0 (PreCrossStrategy)
2025-08-14 17:41:19,751 - INFO - 发现策略: 三重金叉_v1.0 (TripleCrossStrategy)
2025-08-14 17:41:19,757 - INFO - 发现策略: 周线金叉+日线MA_v1.0 (WeeklyGoldenCrossMaStrategy)
2025-08-14 17:41:19,757 - INFO - 发现策略: MACD零轴启动_v1.0 (MacdZeroAxisStrategy)
2025-08-14 17:41:19,757 - INFO - 发现策略: 深渊筑底策略_v2.0 (AbyssBottomingStrategy)
2025-08-14 17:41:19,757 - INFO - 发现策略: 临界金叉_v1.0 (PreCrossStrategy)
2025-08-14 17:41:19,757 - INFO - 发现策略: 三重金叉_v1.0 (TripleCrossStrategy)
2025-08-14 17:41:19,758 - INFO - 发现策略: 周线金叉+日线MA_v1.0 (WeeklyGoldenCrossMaStrategy)
2025-08-14 17:41:19,758 - INFO - 发现策略: MACD零轴启动_v1.0 (MacdZeroAxisStrategy)
2025-08-14 17:41:19,758 - INFO - 发现策略: 深渊筑底策略_v2.0 (AbyssBottomingStrategy)
2025-08-14 17:41:19,758 - INFO - 发现策略: 临界金叉_v1.0 (PreCrossStrategy)
2025-08-14 17:41:19,758 - INFO - 发现策略: 三重金叉_v1.0 (TripleCrossStrategy)
2025-08-14 17:41:19,759 - INFO - 发现策略: 周线金叉+日线MA_v1.0 (WeeklyGoldenCrossMaStrategy)
2025-08-14 17:41:19,759 - INFO - 发现策略: MACD零轴启动_v1.0 (MacdZeroAxisStrategy)
2025-08-14 17:41:19,759 - INFO - 发现策略: 深渊筑底策略_v2.0 (AbyssBottomingStrategy)
2025-08-14 17:41:19,759 - INFO - 发现策略: 临界金叉_v1.0 (PreCrossStrategy)
2025-08-14 17:41:19,759 - INFO - 发现策略: 周线金叉+日线MA_v1.0 (WeeklyGoldenCrossMaStrategy)
2025-08-14 17:41:19,759 - INFO - 发现策略: 三重金叉_v1.0 (TripleCrossStrategy)
2025-08-14 17:41:19,759 - INFO - 发现策略: MACD零轴启动_v1.0 (MacdZeroAxisStrategy)
2025-08-14 17:41:19,759 - INFO - 发现策略: 深渊筑底策略_v2.0 (AbyssBottomingStrategy)
2025-08-14 17:41:19,759 - INFO - 发现策略: 临界金叉_v1.0 (PreCrossStrategy)
2025-08-14 17:41:19,760 - INFO - 发现策略: 三重金叉_v1.0 (TripleCrossStrategy)
2025-08-14 17:41:19,762 - INFO - 发现策略: 周线金叉+日线MA_v1.0 (WeeklyGoldenCrossMaStrategy)
2025-08-14 17:41:19,762 - INFO - 发现策略: MACD零轴启动_v1.0 (MacdZeroAxisStrategy)
2025-08-14 17:41:19,762 - INFO - 发现策略: 深渊筑底策略_v2.0 (AbyssBottomingStrategy)
2025-08-14 17:41:19,763 - INFO - 发现策略: 临界金叉_v1.0 (PreCrossStrategy)
2025-08-14 17:41:19,763 - INFO - 发现策略: 三重金叉_v1.0 (TripleCrossStrategy)
2025-08-14 17:41:19,763 - INFO - 发现策略: 周线金叉+日线MA_v1.0 (WeeklyGoldenCrossMaStrategy)
2025-08-14 17:41:19,763 - INFO - 发现策略: 周线金叉+日线MA_v1.0 (WeeklyGoldenCrossMaStrategy)
2025-08-14 17:41:19,763 - INFO - 发现策略: MACD零轴启动_v1.0 (MacdZeroAxisStrategy)
2025-08-14 17:41:19,763 - INFO - 发现策略: MACD零轴启动_v1.0 (MacdZeroAxisStrategy)
2025-08-14 17:41:19,763 - INFO - 发现策略: 深渊筑底策略_v2.0 (AbyssBottomingStrategy)
2025-08-14 17:41:19,763 - INFO - 发现策略: 临界金叉_v1.0 (PreCrossStrategy)
2025-08-14 17:41:19,763 - INFO - 发现策略: 深渊筑底策略_v2.0 (AbyssBottomingStrategy)
2025-08-14 17:41:19,763 - INFO - 发现策略: 三重金叉_v1.0 (TripleCrossStrategy)
2025-08-14 17:41:19,763 - INFO - 发现策略: 临界金叉_v1.0 (PreCrossStrategy)
2025-08-14 17:41:19,763 - INFO - 发现策略: 三重金叉_v1.0 (TripleCrossStrategy)
2025-08-14 17:41:19,764 - INFO - 发现策略: 周线金叉+日线MA_v1.0 (WeeklyGoldenCrossMaStrategy)
2025-08-14 17:41:19,765 - INFO - 发现策略: MACD零轴启动_v1.0 (MacdZeroAxisStrategy)
2025-08-14 17:41:19,765 - INFO - 发现策略: 深渊筑底策略_v2.0 (AbyssBottomingStrategy)
2025-08-14 17:41:19,765 - INFO - 发现策略: 临界金叉_v1.0 (PreCrossStrategy)
2025-08-14 17:41:19,765 - INFO - 发现策略: 三重金叉_v1.0 (TripleCrossStrategy)
2025-08-14 17:41:19,772 - INFO - 发现策略: 周线金叉+日线MA_v1.0 (WeeklyGoldenCrossMaStrategy)
2025-08-14 17:41:19,772 - INFO - 发现策略: MACD零轴启动_v1.0 (MacdZeroAxisStrategy)
2025-08-14 17:41:19,772 - INFO - 发现策略: 深渊筑底策略_v2.0 (AbyssBottomingStrategy)
2025-08-14 17:41:19,772 - INFO - 发现策略: 临界金叉_v1.0 (PreCrossStrategy)
2025-08-14 17:41:19,772 - INFO - 发现策略: 三重金叉_v1.0 (TripleCrossStrategy)
2025-08-14 17:41:19,773 - INFO - 发现策略: 周线金叉+日线MA_v1.0 (WeeklyGoldenCrossMaStrategy)
2025-08-14 17:41:19,773 - INFO - 发现策略: MACD零轴启动_v1.0 (MacdZeroAxisStrategy)
2025-08-14 17:41:19,773 - INFO - 发现策略: 深渊筑底策略_v2.0 (AbyssBottomingStrategy)
2025-08-14 17:41:19,773 - INFO - 发现策略: 周线金叉+日线MA_v1.0 (WeeklyGoldenCrossMaStrategy)
2025-08-14 17:41:19,773 - INFO - 发现策略: 临界金叉_v1.0 (PreCrossStrategy)
2025-08-14 17:41:19,773 - INFO - 发现策略: 三重金叉_v1.0 (TripleCrossStrategy)
2025-08-14 17:41:19,773 - INFO - 发现策略: MACD零轴启动_v1.0 (MacdZeroAxisStrategy)
2025-08-14 17:41:19,773 - INFO - 发现策略: 深渊筑底策略_v2.0 (AbyssBottomingStrategy)
2025-08-14 17:41:19,773 - INFO - 发现策略: 临界金叉_v1.0 (PreCrossStrategy)
2025-08-14 17:41:19,773 - INFO - 发现策略: 三重金叉_v1.0 (TripleCrossStrategy)
2025-08-14 17:41:19,774 - INFO - 发现策略: 周线金叉+日线MA_v1.0 (WeeklyGoldenCrossMaStrategy)
2025-08-14 17:41:19,774 - INFO - 发现策略: MACD零轴启动_v1.0 (MacdZeroAxisStrategy)
2025-08-14 17:41:19,774 - INFO - 发现策略: 深渊筑底策略_v2.0 (AbyssBottomingStrategy)
2025-08-14 17:41:19,774 - INFO - 发现策略: 临界金叉_v1.0 (PreCrossStrategy)
2025-08-14 17:41:19,774 - INFO - 发现策略: 三重金叉_v1.0 (TripleCrossStrategy)
2025-08-14 17:41:19,775 - INFO - 发现策略: 周线金叉+日线MA_v1.0 (WeeklyGoldenCrossMaStrategy)
2025-08-14 17:41:19,775 - INFO - 发现策略: MACD零轴启动_v1.0 (MacdZeroAxisStrategy)
2025-08-14 17:41:19,775 - INFO - 发现策略: 深渊筑底策略_v2.0 (AbyssBottomingStrategy)
2025-08-14 17:41:19,775 - INFO - 发现策略: 临界金叉_v1.0 (PreCrossStrategy)
2025-08-14 17:41:19,775 - INFO - 发现策略: 三重金叉_v1.0 (TripleCrossStrategy)
2025-08-14 17:41:19,778 - INFO - 发现策略: 周线金叉+日线MA_v1.0 (WeeklyGoldenCrossMaStrategy)
2025-08-14 17:41:19,778 - INFO - 发现策略: MACD零轴启动_v1.0 (MacdZeroAxisStrategy)
2025-08-14 17:41:19,778 - INFO - 发现策略: 深渊筑底策略_v2.0 (AbyssBottomingStrategy)
2025-08-14 17:41:19,778 - INFO - 发现策略: 临界金叉_v1.0 (PreCrossStrategy)
2025-08-14 17:41:19,779 - INFO - 发现策略: 三重金叉_v1.0 (TripleCrossStrategy)
2025-08-14 17:41:19,779 - INFO - 发现策略: 周线金叉+日线MA_v1.0 (WeeklyGoldenCrossMaStrategy)
2025-08-14 17:41:19,779 - INFO - 发现策略: MACD零轴启动_v1.0 (MacdZeroAxisStrategy)
2025-08-14 17:41:19,779 - INFO - 发现策略: 深渊筑底策略_v2.0 (AbyssBottomingStrategy)
2025-08-14 17:41:19,779 - INFO - 发现策略: 临界金叉_v1.0 (PreCrossStrategy)
2025-08-14 17:41:19,779 - INFO - 发现策略: 三重金叉_v1.0 (TripleCrossStrategy)
2025-08-14 17:41:19,779 - INFO - 发现策略: 周线金叉+日线MA_v1.0 (WeeklyGoldenCrossMaStrategy)
2025-08-14 17:41:19,779 - INFO - 发现策略: MACD零轴启动_v1.0 (MacdZeroAxisStrategy)
2025-08-14 17:41:19,780 - INFO - 发现策略: 深渊筑底策略_v2.0 (AbyssBottomingStrategy)
2025-08-14 17:41:19,780 - INFO - 发现策略: 临界金叉_v1.0 (PreCrossStrategy)
2025-08-14 17:41:19,780 - INFO - 发现策略: 三重金叉_v1.0 (TripleCrossStrategy)
2025-08-14 17:41:19,786 - INFO - 发现策略: 周线金叉+日线MA_v1.0 (WeeklyGoldenCrossMaStrategy)
2025-08-14 17:41:19,787 - INFO - 发现策略: MACD零轴启动_v1.0 (MacdZeroAxisStrategy)
2025-08-14 17:41:19,787 - INFO - 发现策略: 深渊筑底策略_v2.0 (AbyssBottomingStrategy)
2025-08-14 17:41:19,787 - INFO - 发现策略: 临界金叉_v1.0 (PreCrossStrategy)
2025-08-14 17:41:19,787 - INFO - 发现策略: 三重金叉_v1.0 (TripleCrossStrategy)
2025-08-14 17:41:19,787 - INFO - 发现策略: 周线金叉+日线MA_v1.0 (WeeklyGoldenCrossMaStrategy)
2025-08-14 17:41:19,787 - INFO - 发现策略: MACD零轴启动_v1.0 (MacdZeroAxisStrategy)
2025-08-14 17:41:19,788 - INFO - 发现策略: 深渊筑底策略_v2.0 (AbyssBottomingStrategy)
2025-08-14 17:41:19,788 - INFO - 发现策略: 临界金叉_v1.0 (PreCrossStrategy)
2025-08-14 17:41:19,788 - INFO - 发现策略: 三重金叉_v1.0 (TripleCrossStrategy)
2025-08-14 17:41:19,788 - INFO - 发现策略: 周线金叉+日线MA_v1.0 (WeeklyGoldenCrossMaStrategy)
2025-08-14 17:41:19,788 - INFO - 发现策略: MACD零轴启动_v1.0 (MacdZeroAxisStrategy)
2025-08-14 17:41:19,788 - INFO - 发现策略: 深渊筑底策略_v2.0 (AbyssBottomingStrategy)
2025-08-14 17:41:19,788 - INFO - 发现策略: 临界金叉_v1.0 (PreCrossStrategy)
2025-08-14 17:41:19,788 - INFO - 发现策略: 周线金叉+日线MA_v1.0 (WeeklyGoldenCrossMaStrategy)
2025-08-14 17:41:19,788 - INFO - 发现策略: 三重金叉_v1.0 (TripleCrossStrategy)
2025-08-14 17:41:19,788 - INFO - 发现策略: MACD零轴启动_v1.0 (MacdZeroAxisStrategy)
2025-08-14 17:41:19,788 - INFO - 发现策略: 深渊筑底策略_v2.0 (AbyssBottomingStrategy)
2025-08-14 17:41:19,789 - INFO - 发现策略: 临界金叉_v1.0 (PreCrossStrategy)
2025-08-14 17:41:19,789 - INFO - 发现策略: 三重金叉_v1.0 (TripleCrossStrategy)
2025-08-14 17:41:19,790 - INFO - 发现策略: 周线金叉+日线MA_v1.0 (WeeklyGoldenCrossMaStrategy)
2025-08-14 17:41:19,790 - INFO - 发现策略: MACD零轴启动_v1.0 (MacdZeroAxisStrategy)
2025-08-14 17:41:19,790 - INFO - 发现策略: 深渊筑底策略_v2.0 (AbyssBottomingStrategy)
2025-08-14 17:41:19,790 - INFO - 发现策略: 临界金叉_v1.0 (PreCrossStrategy)
2025-08-14 17:41:19,790 - INFO - 发现策略: 三重金叉_v1.0 (TripleCrossStrategy)
2025-08-14 17:41:19,791 - INFO - 发现策略: 周线金叉+日线MA_v1.0 (WeeklyGoldenCrossMaStrategy)
2025-08-14 17:41:19,791 - INFO - 发现策略: MACD零轴启动_v1.0 (MacdZeroAxisStrategy)
2025-08-14 17:41:19,791 - INFO - 发现策略: 深渊筑底策略_v2.0 (AbyssBottomingStrategy)
2025-08-14 17:41:19,791 - INFO - 发现策略: 临界金叉_v1.0 (PreCrossStrategy)
2025-08-14 17:41:19,791 - INFO - 发现策略: 三重金叉_v1.0 (TripleCrossStrategy)
2025-08-14 17:41:19,792 - INFO - 发现策略: 周线金叉+日线MA_v1.0 (WeeklyGoldenCrossMaStrategy)
2025-08-14 17:41:19,792 - INFO - 发现策略: MACD零轴启动_v1.0 (MacdZeroAxisStrategy)
2025-08-14 17:41:19,792 - INFO - 发现策略: 深渊筑底策略_v2.0 (AbyssBottomingStrategy)
2025-08-14 17:41:19,792 - INFO - 发现策略: 临界金叉_v1.0 (PreCrossStrategy)
2025-08-14 17:41:19,792 - INFO - 发现策略: 三重金叉_v1.0 (TripleCrossStrategy)
2025-08-14 17:41:19,794 - INFO - 发现策略: 周线金叉+日线MA_v1.0 (WeeklyGoldenCrossMaStrategy)
2025-08-14 17:41:19,794 - INFO - 发现策略: MACD零轴启动_v1.0 (MacdZeroAxisStrategy)
2025-08-14 17:41:19,794 - INFO - 发现策略: 深渊筑底策略_v2.0 (AbyssBottomingStrategy)
2025-08-14 17:41:19,795 - INFO - 发现策略: 临界金叉_v1.0 (PreCrossStrategy)
2025-08-14 17:41:19,795 - INFO - 发现策略: 三重金叉_v1.0 (TripleCrossStrategy)
2025-08-14 17:41:19,801 - INFO - 发现策略: 周线金叉+日线MA_v1.0 (WeeklyGoldenCrossMaStrategy)
2025-08-14 17:41:19,801 - INFO - 发现策略: MACD零轴启动_v1.0 (MacdZeroAxisStrategy)
2025-08-14 17:41:19,801 - INFO - 发现策略: 深渊筑底策略_v2.0 (AbyssBottomingStrategy)
2025-08-14 17:41:19,801 - INFO - 发现策略: 临界金叉_v1.0 (PreCrossStrategy)
2025-08-14 17:41:19,801 - INFO - 发现策略: 三重金叉_v1.0 (TripleCrossStrategy)
2025-08-14 17:41:19,802 - INFO - 发现策略: 周线金叉+日线MA_v1.0 (WeeklyGoldenCrossMaStrategy)
2025-08-14 17:41:19,802 - INFO - 发现策略: MACD零轴启动_v1.0 (MacdZeroAxisStrategy)
2025-08-14 17:41:19,802 - INFO - 发现策略: 周线金叉+日线MA_v1.0 (WeeklyGoldenCrossMaStrategy)
2025-08-14 17:41:19,802 - INFO - 发现策略: 深渊筑底策略_v2.0 (AbyssBottomingStrategy)
2025-08-14 17:41:19,802 - INFO - 发现策略: MACD零轴启动_v1.0 (MacdZeroAxisStrategy)
2025-08-14 17:41:19,802 - INFO - 发现策略: 临界金叉_v1.0 (PreCrossStrategy)
2025-08-14 17:41:19,802 - INFO - 发现策略: 深渊筑底策略_v2.0 (AbyssBottomingStrategy)
2025-08-14 17:41:19,802 - INFO - 发现策略: 三重金叉_v1.0 (TripleCrossStrategy)
2025-08-14 17:41:19,802 - INFO - 发现策略: 临界金叉_v1.0 (PreCrossStrategy)
2025-08-14 17:41:19,802 - INFO - 发现策略: 三重金叉_v1.0 (TripleCrossStrategy)
2025-08-14 17:41:19,803 - INFO - 发现策略: 周线金叉+日线MA_v1.0 (WeeklyGoldenCrossMaStrategy)
2025-08-14 17:41:19,803 - INFO - 发现策略: MACD零轴启动_v1.0 (MacdZeroAxisStrategy)
2025-08-14 17:41:19,803 - INFO - 发现策略: 深渊筑底策略_v2.0 (AbyssBottomingStrategy)
2025-08-14 17:41:19,803 - INFO - 发现策略: 临界金叉_v1.0 (PreCrossStrategy)
2025-08-14 17:41:19,803 - INFO - 发现策略: 三重金叉_v1.0 (TripleCrossStrategy)
2025-08-14 17:41:19,804 - INFO - 发现策略: 周线金叉+日线MA_v1.0 (WeeklyGoldenCrossMaStrategy)
2025-08-14 17:41:19,804 - INFO - 发现策略: MACD零轴启动_v1.0 (MacdZeroAxisStrategy)
2025-08-14 17:41:19,804 - INFO - 发现策略: 深渊筑底策略_v2.0 (AbyssBottomingStrategy)
2025-08-14 17:41:19,804 - INFO - 发现策略: 临界金叉_v1.0 (PreCrossStrategy)
2025-08-14 17:41:19,804 - INFO - 发现策略: 三重金叉_v1.0 (TripleCrossStrategy)
2025-08-14 17:41:19,805 - INFO - 发现策略: 周线金叉+日线MA_v1.0 (WeeklyGoldenCrossMaStrategy)
2025-08-14 17:41:19,805 - INFO - 发现策略: MACD零轴启动_v1.0 (MacdZeroAxisStrategy)
2025-08-14 17:41:19,805 - INFO - 发现策略: 深渊筑底策略_v2.0 (AbyssBottomingStrategy)
2025-08-14 17:41:19,805 - INFO - 发现策略: 临界金叉_v1.0 (PreCrossStrategy)
2025-08-14 17:41:19,805 - INFO - 发现策略: 三重金叉_v1.0 (TripleCrossStrategy)
2025-08-14 17:41:19,805 - INFO - 发现策略: 周线金叉+日线MA_v1.0 (WeeklyGoldenCrossMaStrategy)
2025-08-14 17:41:19,806 - INFO - 发现策略: MACD零轴启动_v1.0 (MacdZeroAxisStrategy)
2025-08-14 17:41:19,806 - INFO - 发现策略: 深渊筑底策略_v2.0 (AbyssBottomingStrategy)
2025-08-14 17:41:19,806 - INFO - 发现策略: 临界金叉_v1.0 (PreCrossStrategy)
2025-08-14 17:41:19,806 - INFO - 发现策略: 三重金叉_v1.0 (TripleCrossStrategy)
2025-08-14 17:41:19,809 - INFO - 发现策略: 周线金叉+日线MA_v1.0 (WeeklyGoldenCrossMaStrategy)
2025-08-14 17:41:19,809 - INFO - 发现策略: MACD零轴启动_v1.0 (MacdZeroAxisStrategy)
2025-08-14 17:41:19,809 - INFO - 发现策略: 深渊筑底策略_v2.0 (AbyssBottomingStrategy)
2025-08-14 17:41:19,809 - INFO - 发现策略: 临界金叉_v1.0 (PreCrossStrategy)
2025-08-14 17:41:19,809 - INFO - 发现策略: 三重金叉_v1.0 (TripleCrossStrategy)
2025-08-14 17:41:19,815 - INFO - 发现策略: 周线金叉+日线MA_v1.0 (WeeklyGoldenCrossMaStrategy)
2025-08-14 17:41:19,815 - INFO - 发现策略: MACD零轴启动_v1.0 (MacdZeroAxisStrategy)
2025-08-14 17:41:19,816 - INFO - 发现策略: 深渊筑底策略_v2.0 (AbyssBottomingStrategy)
2025-08-14 17:41:19,816 - INFO - 发现策略: 临界金叉_v1.0 (PreCrossStrategy)
2025-08-14 17:41:19,816 - INFO - 发现策略: 三重金叉_v1.0 (TripleCrossStrategy)
2025-08-14 17:41:19,816 - INFO - 发现策略: 周线金叉+日线MA_v1.0 (WeeklyGoldenCrossMaStrategy)
2025-08-14 17:41:19,816 - INFO - 发现策略: MACD零轴启动_v1.0 (MacdZeroAxisStrategy)
2025-08-14 17:41:19,816 - INFO - 发现策略: 周线金叉+日线MA_v1.0 (WeeklyGoldenCrossMaStrategy)
2025-08-14 17:41:19,816 - INFO - 发现策略: 深渊筑底策略_v2.0 (AbyssBottomingStrategy)
2025-08-14 17:41:19,816 - INFO - 发现策略: 临界金叉_v1.0 (PreCrossStrategy)
2025-08-14 17:41:19,816 - INFO - 发现策略: MACD零轴启动_v1.0 (MacdZeroAxisStrategy)
2025-08-14 17:41:19,816 - INFO - 发现策略: 三重金叉_v1.0 (TripleCrossStrategy)
2025-08-14 17:41:19,816 - INFO - 发现策略: 深渊筑底策略_v2.0 (AbyssBottomingStrategy)
2025-08-14 17:41:19,817 - INFO - 发现策略: 临界金叉_v1.0 (PreCrossStrategy)
2025-08-14 17:41:19,817 - INFO - 发现策略: 三重金叉_v1.0 (TripleCrossStrategy)
2025-08-14 17:41:19,817 - INFO - 发现策略: 周线金叉+日线MA_v1.0 (WeeklyGoldenCrossMaStrategy)
2025-08-14 17:41:19,817 - INFO - 发现策略: MACD零轴启动_v1.0 (MacdZeroAxisStrategy)
2025-08-14 17:41:19,817 - INFO - 发现策略: 深渊筑底策略_v2.0 (AbyssBottomingStrategy)
2025-08-14 17:41:19,817 - INFO - 发现策略: 临界金叉_v1.0 (PreCrossStrategy)
2025-08-14 17:41:19,817 - INFO - 发现策略: 三重金叉_v1.0 (TripleCrossStrategy)
2025-08-14 17:41:19,818 - INFO - 发现策略: 周线金叉+日线MA_v1.0 (WeeklyGoldenCrossMaStrategy)
2025-08-14 17:41:19,818 - INFO - 发现策略: MACD零轴启动_v1.0 (MacdZeroAxisStrategy)
2025-08-14 17:41:19,818 - INFO - 发现策略: 深渊筑底策略_v2.0 (AbyssBottomingStrategy)
2025-08-14 17:41:19,818 - INFO - 发现策略: 临界金叉_v1.0 (PreCrossStrategy)
2025-08-14 17:41:19,818 - INFO - 发现策略: 三重金叉_v1.0 (TripleCrossStrategy)
2025-08-14 17:41:19,818 - INFO - 发现策略: 周线金叉+日线MA_v1.0 (WeeklyGoldenCrossMaStrategy)
2025-08-14 17:41:19,819 - INFO - 发现策略: MACD零轴启动_v1.0 (MacdZeroAxisStrategy)
2025-08-14 17:41:19,819 - INFO - 发现策略: 深渊筑底策略_v2.0 (AbyssBottomingStrategy)
2025-08-14 17:41:19,819 - INFO - 发现策略: 临界金叉_v1.0 (PreCrossStrategy)
2025-08-14 17:41:19,819 - INFO - 发现策略: 三重金叉_v1.0 (TripleCrossStrategy)
2025-08-14 17:41:19,819 - INFO - 发现策略: 周线金叉+日线MA_v1.0 (WeeklyGoldenCrossMaStrategy)
2025-08-14 17:41:19,820 - INFO - 发现策略: MACD零轴启动_v1.0 (MacdZeroAxisStrategy)
2025-08-14 17:41:19,820 - INFO - 发现策略: 深渊筑底策略_v2.0 (AbyssBottomingStrategy)
2025-08-14 17:41:19,820 - INFO - 发现策略: 临界金叉_v1.0 (PreCrossStrategy)
2025-08-14 17:41:19,820 - INFO - 发现策略: 三重金叉_v1.0 (TripleCrossStrategy)
2025-08-14 17:41:19,823 - INFO - 发现策略: 周线金叉+日线MA_v1.0 (WeeklyGoldenCrossMaStrategy)
2025-08-14 17:41:19,823 - INFO - 发现策略: MACD零轴启动_v1.0 (MacdZeroAxisStrategy)
2025-08-14 17:41:19,823 - INFO - 发现策略: 深渊筑底策略_v2.0 (AbyssBottomingStrategy)
2025-08-14 17:41:19,823 - INFO - 发现策略: 临界金叉_v1.0 (PreCrossStrategy)
2025-08-14 17:41:19,823 - INFO - 发现策略: 三重金叉_v1.0 (TripleCrossStrategy)
2025-08-14 17:41:19,829 - INFO - 发现策略: 周线金叉+日线MA_v1.0 (WeeklyGoldenCrossMaStrategy)
2025-08-14 17:41:19,829 - INFO - 发现策略: MACD零轴启动_v1.0 (MacdZeroAxisStrategy)
2025-08-14 17:41:19,829 - INFO - 发现策略: 深渊筑底策略_v2.0 (AbyssBottomingStrategy)
2025-08-14 17:41:19,830 - INFO - 发现策略: 临界金叉_v1.0 (PreCrossStrategy)
2025-08-14 17:41:19,830 - INFO - 发现策略: 三重金叉_v1.0 (TripleCrossStrategy)
2025-08-14 17:41:19,830 - INFO - 发现策略: 周线金叉+日线MA_v1.0 (WeeklyGoldenCrossMaStrategy)
2025-08-14 17:41:19,830 - INFO - 发现策略: MACD零轴启动_v1.0 (MacdZeroAxisStrategy)
2025-08-14 17:41:19,830 - INFO - 发现策略: 周线金叉+日线MA_v1.0 (WeeklyGoldenCrossMaStrategy)
2025-08-14 17:41:19,830 - INFO - 发现策略: 深渊筑底策略_v2.0 (AbyssBottomingStrategy)
2025-08-14 17:41:19,830 - INFO - 发现策略: 周线金叉+日线MA_v1.0 (WeeklyGoldenCrossMaStrategy)
2025-08-14 17:41:19,830 - INFO - 发现策略: MACD零轴启动_v1.0 (MacdZeroAxisStrategy)
2025-08-14 17:41:19,830 - INFO - 发现策略: 临界金叉_v1.0 (PreCrossStrategy)
2025-08-14 17:41:19,830 - INFO - 发现策略: MACD零轴启动_v1.0 (MacdZeroAxisStrategy)
2025-08-14 17:41:19,830 - INFO - 发现策略: 三重金叉_v1.0 (TripleCrossStrategy)
2025-08-14 17:41:19,830 - INFO - 发现策略: 深渊筑底策略_v2.0 (AbyssBottomingStrategy)
2025-08-14 17:41:19,830 - INFO - 发现策略: 深渊筑底策略_v2.0 (AbyssBottomingStrategy)
2025-08-14 17:41:19,830 - INFO - 发现策略: 临界金叉_v1.0 (PreCrossStrategy)
2025-08-14 17:41:19,831 - INFO - 发现策略: 临界金叉_v1.0 (PreCrossStrategy)
2025-08-14 17:41:19,831 - INFO - 发现策略: 三重金叉_v1.0 (TripleCrossStrategy)
2025-08-14 17:41:19,831 - INFO - 发现策略: 三重金叉_v1.0 (TripleCrossStrategy)
2025-08-14 17:41:19,832 - INFO - 发现策略: 周线金叉+日线MA_v1.0 (WeeklyGoldenCrossMaStrategy)
2025-08-14 17:41:19,832 - INFO - 发现策略: MACD零轴启动_v1.0 (MacdZeroAxisStrategy)
2025-08-14 17:41:19,832 - INFO - 发现策略: 深渊筑底策略_v2.0 (AbyssBottomingStrategy)
2025-08-14 17:41:19,832 - INFO - 发现策略: 周线金叉+日线MA_v1.0 (WeeklyGoldenCrossMaStrategy)
2025-08-14 17:41:19,832 - INFO - 发现策略: 周线金叉+日线MA_v1.0 (WeeklyGoldenCrossMaStrategy)
2025-08-14 17:41:19,832 - INFO - 发现策略: 临界金叉_v1.0 (PreCrossStrategy)
2025-08-14 17:41:19,832 - INFO - 发现策略: MACD零轴启动_v1.0 (MacdZeroAxisStrategy)
2025-08-14 17:41:19,832 - INFO - 发现策略: MACD零轴启动_v1.0 (MacdZeroAxisStrategy)
2025-08-14 17:41:19,832 - INFO - 发现策略: 三重金叉_v1.0 (TripleCrossStrategy)
2025-08-14 17:41:19,832 - INFO - 发现策略: 深渊筑底策略_v2.0 (AbyssBottomingStrategy)
2025-08-14 17:41:19,832 - INFO - 发现策略: 深渊筑底策略_v2.0 (AbyssBottomingStrategy)
2025-08-14 17:41:19,832 - INFO - 发现策略: 临界金叉_v1.0 (PreCrossStrategy)
2025-08-14 17:41:19,832 - INFO - 发现策略: 临界金叉_v1.0 (PreCrossStrategy)
2025-08-14 17:41:19,833 - INFO - 发现策略: 三重金叉_v1.0 (TripleCrossStrategy)
2025-08-14 17:41:19,833 - INFO - 发现策略: 三重金叉_v1.0 (TripleCrossStrategy)
2025-08-14 17:41:19,836 - INFO - 发现策略: 周线金叉+日线MA_v1.0 (WeeklyGoldenCrossMaStrategy)
2025-08-14 17:41:19,836 - INFO - 发现策略: MACD零轴启动_v1.0 (MacdZeroAxisStrategy)
2025-08-14 17:41:19,836 - INFO - 发现策略: 深渊筑底策略_v2.0 (AbyssBottomingStrategy)
2025-08-14 17:41:19,836 - INFO - 发现策略: 临界金叉_v1.0 (PreCrossStrategy)
2025-08-14 17:41:19,836 - INFO - 发现策略: 三重金叉_v1.0 (TripleCrossStrategy)
2025-08-14 17:41:19,838 - INFO - 发现策略: 周线金叉+日线MA_v1.0 (WeeklyGoldenCrossMaStrategy)
2025-08-14 17:41:19,838 - INFO - 发现策略: MACD零轴启动_v1.0 (MacdZeroAxisStrategy)
2025-08-14 17:41:19,839 - INFO - 发现策略: 深渊筑底策略_v2.0 (AbyssBottomingStrategy)
2025-08-14 17:41:19,839 - INFO - 发现策略: 临界金叉_v1.0 (PreCrossStrategy)
2025-08-14 17:41:19,839 - INFO - 发现策略: 三重金叉_v1.0 (TripleCrossStrategy)
2025-08-14 17:41:19,842 - INFO - 发现策略: 周线金叉+日线MA_v1.0 (WeeklyGoldenCrossMaStrategy)
2025-08-14 17:41:19,842 - INFO - 发现策略: MACD零轴启动_v1.0 (MacdZeroAxisStrategy)
2025-08-14 17:41:19,842 - INFO - 发现策略: 深渊筑底策略_v2.0 (AbyssBottomingStrategy)
2025-08-14 17:41:19,842 - INFO - 发现策略: 临界金叉_v1.0 (PreCrossStrategy)
2025-08-14 17:41:19,842 - INFO - 发现策略: 三重金叉_v1.0 (TripleCrossStrategy)
2025-08-14 17:41:19,843 - INFO - 发现策略: 周线金叉+日线MA_v1.0 (WeeklyGoldenCrossMaStrategy)
2025-08-14 17:41:19,844 - INFO - 发现策略: MACD零轴启动_v1.0 (MacdZeroAxisStrategy)
2025-08-14 17:41:19,844 - INFO - 发现策略: 深渊筑底策略_v2.0 (AbyssBottomingStrategy)
2025-08-14 17:41:19,844 - INFO - 发现策略: 临界金叉_v1.0 (PreCrossStrategy)
2025-08-14 17:41:19,844 - INFO - 发现策略: 三重金叉_v1.0 (TripleCrossStrategy)
2025-08-14 17:41:19,844 - INFO - 发现策略: 周线金叉+日线MA_v1.0 (WeeklyGoldenCrossMaStrategy)
2025-08-14 17:41:19,844 - INFO - 发现策略: MACD零轴启动_v1.0 (MacdZeroAxisStrategy)
2025-08-14 17:41:19,844 - INFO - 发现策略: 周线金叉+日线MA_v1.0 (WeeklyGoldenCrossMaStrategy)
2025-08-14 17:41:19,845 - INFO - 发现策略: 深渊筑底策略_v2.0 (AbyssBottomingStrategy)
2025-08-14 17:41:19,845 - INFO - 发现策略: MACD零轴启动_v1.0 (MacdZeroAxisStrategy)
2025-08-14 17:41:19,845 - INFO - 发现策略: 临界金叉_v1.0 (PreCrossStrategy)
2025-08-14 17:41:19,845 - INFO - 发现策略: 深渊筑底策略_v2.0 (AbyssBottomingStrategy)
2025-08-14 17:41:19,845 - INFO - 发现策略: 三重金叉_v1.0 (TripleCrossStrategy)
2025-08-14 17:41:19,845 - INFO - 发现策略: 临界金叉_v1.0 (PreCrossStrategy)
2025-08-14 17:41:19,845 - INFO - 发现策略: 三重金叉_v1.0 (TripleCrossStrategy)
2025-08-14 17:41:19,845 - INFO - 发现策略: 周线金叉+日线MA_v1.0 (WeeklyGoldenCrossMaStrategy)
2025-08-14 17:41:19,845 - INFO - 发现策略: MACD零轴启动_v1.0 (MacdZeroAxisStrategy)
2025-08-14 17:41:19,845 - INFO - 发现策略: 深渊筑底策略_v2.0 (AbyssBottomingStrategy)
2025-08-14 17:41:19,845 - INFO - 发现策略: 临界金叉_v1.0 (PreCrossStrategy)
2025-08-14 17:41:19,846 - INFO - 发现策略: 三重金叉_v1.0 (TripleCrossStrategy)
2025-08-14 17:41:19,847 - INFO - 发现策略: 周线金叉+日线MA_v1.0 (WeeklyGoldenCrossMaStrategy)
2025-08-14 17:41:19,848 - INFO - 发现策略: MACD零轴启动_v1.0 (MacdZeroAxisStrategy)
2025-08-14 17:41:19,848 - INFO - 发现策略: 深渊筑底策略_v2.0 (AbyssBottomingStrategy)
2025-08-14 17:41:19,848 - INFO - 发现策略: 临界金叉_v1.0 (PreCrossStrategy)
2025-08-14 17:41:19,848 - INFO - 发现策略: 三重金叉_v1.0 (TripleCrossStrategy)
2025-08-14 17:41:19,848 - INFO - 发现策略: 周线金叉+日线MA_v1.0 (WeeklyGoldenCrossMaStrategy)
2025-08-14 17:41:19,848 - INFO - 发现策略: MACD零轴启动_v1.0 (MacdZeroAxisStrategy)
2025-08-14 17:41:19,848 - INFO - 发现策略: 深渊筑底策略_v2.0 (AbyssBottomingStrategy)
2025-08-14 17:41:19,849 - INFO - 发现策略: 临界金叉_v1.0 (PreCrossStrategy)
2025-08-14 17:41:19,849 - INFO - 发现策略: 三重金叉_v1.0 (TripleCrossStrategy)
2025-08-14 17:41:19,853 - INFO - 发现策略: 周线金叉+日线MA_v1.0 (WeeklyGoldenCrossMaStrategy)
2025-08-14 17:41:19,853 - INFO - 发现策略: MACD零轴启动_v1.0 (MacdZeroAxisStrategy)
2025-08-14 17:41:19,853 - INFO - 发现策略: 深渊筑底策略_v2.0 (AbyssBottomingStrategy)
2025-08-14 17:41:19,854 - INFO - 发现策略: 临界金叉_v1.0 (PreCrossStrategy)
2025-08-14 17:41:19,854 - INFO - 发现策略: 三重金叉_v1.0 (TripleCrossStrategy)
2025-08-14 17:41:19,856 - INFO - 发现策略: 周线金叉+日线MA_v1.0 (WeeklyGoldenCrossMaStrategy)
2025-08-14 17:41:19,856 - INFO - 发现策略: MACD零轴启动_v1.0 (MacdZeroAxisStrategy)
2025-08-14 17:41:19,856 - INFO - 发现策略: 深渊筑底策略_v2.0 (AbyssBottomingStrategy)
2025-08-14 17:41:19,856 - INFO - 发现策略: 临界金叉_v1.0 (PreCrossStrategy)
2025-08-14 17:41:19,856 - INFO - 发现策略: 三重金叉_v1.0 (TripleCrossStrategy)
2025-08-14 17:41:19,857 - INFO - 发现策略: 周线金叉+日线MA_v1.0 (WeeklyGoldenCrossMaStrategy)
2025-08-14 17:41:19,857 - INFO - 发现策略: 周线金叉+日线MA_v1.0 (WeeklyGoldenCrossMaStrategy)
2025-08-14 17:41:19,857 - INFO - 发现策略: MACD零轴启动_v1.0 (MacdZeroAxisStrategy)
2025-08-14 17:41:19,857 - INFO - 发现策略: MACD零轴启动_v1.0 (MacdZeroAxisStrategy)
2025-08-14 17:41:19,857 - INFO - 发现策略: 深渊筑底策略_v2.0 (AbyssBottomingStrategy)
2025-08-14 17:41:19,857 - INFO - 发现策略: 深渊筑底策略_v2.0 (AbyssBottomingStrategy)
2025-08-14 17:41:19,857 - INFO - 发现策略: 临界金叉_v1.0 (PreCrossStrategy)
2025-08-14 17:41:19,857 - INFO - 发现策略: 临界金叉_v1.0 (PreCrossStrategy)
2025-08-14 17:41:19,857 - INFO - 发现策略: 三重金叉_v1.0 (TripleCrossStrategy)
2025-08-14 17:41:19,857 - INFO - 发现策略: 三重金叉_v1.0 (TripleCrossStrategy)
2025-08-14 17:41:19,858 - INFO - 发现策略: 周线金叉+日线MA_v1.0 (WeeklyGoldenCrossMaStrategy)
2025-08-14 17:41:19,859 - INFO - 发现策略: MACD零轴启动_v1.0 (MacdZeroAxisStrategy)
2025-08-14 17:41:19,859 - INFO - 发现策略: 深渊筑底策略_v2.0 (AbyssBottomingStrategy)
2025-08-14 17:41:19,859 - INFO - 发现策略: 临界金叉_v1.0 (PreCrossStrategy)
2025-08-14 17:41:19,859 - INFO - 发现策略: 三重金叉_v1.0 (TripleCrossStrategy)
2025-08-14 17:41:19,859 - INFO - 发现策略: 周线金叉+日线MA_v1.0 (WeeklyGoldenCrossMaStrategy)
2025-08-14 17:41:19,859 - INFO - 发现策略: MACD零轴启动_v1.0 (MacdZeroAxisStrategy)
2025-08-14 17:41:19,860 - INFO - 发现策略: 深渊筑底策略_v2.0 (AbyssBottomingStrategy)
2025-08-14 17:41:19,860 - INFO - 发现策略: 临界金叉_v1.0 (PreCrossStrategy)
2025-08-14 17:41:19,860 - INFO - 发现策略: 三重金叉_v1.0 (TripleCrossStrategy)
2025-08-14 17:41:19,860 - INFO - 发现策略: 周线金叉+日线MA_v1.0 (WeeklyGoldenCrossMaStrategy)
2025-08-14 17:41:19,861 - INFO - 发现策略: MACD零轴启动_v1.0 (MacdZeroAxisStrategy)
2025-08-14 17:41:19,861 - INFO - 发现策略: 深渊筑底策略_v2.0 (AbyssBottomingStrategy)
2025-08-14 17:41:19,861 - INFO - 发现策略: 临界金叉_v1.0 (PreCrossStrategy)
2025-08-14 17:41:19,861 - INFO - 发现策略: 三重金叉_v1.0 (TripleCrossStrategy)
2025-08-14 17:41:19,863 - INFO - 发现策略: 周线金叉+日线MA_v1.0 (WeeklyGoldenCrossMaStrategy)
2025-08-14 17:41:19,863 - INFO - 发现策略: MACD零轴启动_v1.0 (MacdZeroAxisStrategy)
2025-08-14 17:41:19,863 - INFO - 发现策略: 深渊筑底策略_v2.0 (AbyssBottomingStrategy)
2025-08-14 17:41:19,863 - INFO - 发现策略: 临界金叉_v1.0 (PreCrossStrategy)
2025-08-14 17:41:19,863 - INFO - 发现策略: 三重金叉_v1.0 (TripleCrossStrategy)
2025-08-14 17:41:19,867 - INFO - 发现策略: 周线金叉+日线MA_v1.0 (WeeklyGoldenCrossMaStrategy)
2025-08-14 17:41:19,867 - INFO - 发现策略: MACD零轴启动_v1.0 (MacdZeroAxisStrategy)
2025-08-14 17:41:19,867 - INFO - 发现策略: 深渊筑底策略_v2.0 (AbyssBottomingStrategy)
2025-08-14 17:41:19,867 - INFO - 发现策略: 临界金叉_v1.0 (PreCrossStrategy)
2025-08-14 17:41:19,867 - INFO - 发现策略: 三重金叉_v1.0 (TripleCrossStrategy)
2025-08-14 17:41:19,868 - INFO - 发现策略: 周线金叉+日线MA_v1.0 (WeeklyGoldenCrossMaStrategy)
2025-08-14 17:41:19,868 - INFO - 发现策略: MACD零轴启动_v1.0 (MacdZeroAxisStrategy)
2025-08-14 17:41:19,869 - INFO - 发现策略: 深渊筑底策略_v2.0 (AbyssBottomingStrategy)
2025-08-14 17:41:19,869 - INFO - 发现策略: 临界金叉_v1.0 (PreCrossStrategy)
2025-08-14 17:41:19,869 - INFO - 发现策略: 三重金叉_v1.0 (TripleCrossStrategy)
2025-08-14 17:41:19,870 - INFO - 发现策略: 周线金叉+日线MA_v1.0 (WeeklyGoldenCrossMaStrategy)
2025-08-14 17:41:19,870 - INFO - 发现策略: MACD零轴启动_v1.0 (MacdZeroAxisStrategy)
2025-08-14 17:41:19,870 - INFO - 发现策略: 深渊筑底策略_v2.0 (AbyssBottomingStrategy)
2025-08-14 17:41:19,870 - INFO - 发现策略: 临界金叉_v1.0 (PreCrossStrategy)
2025-08-14 17:41:19,870 - INFO - 发现策略: 三重金叉_v1.0 (TripleCrossStrategy)
2025-08-14 17:41:19,872 - INFO - 发现策略: 周线金叉+日线MA_v1.0 (WeeklyGoldenCrossMaStrategy)
2025-08-14 17:41:19,872 - INFO - 发现策略: MACD零轴启动_v1.0 (MacdZeroAxisStrategy)
2025-08-14 17:41:19,872 - INFO - 发现策略: 深渊筑底策略_v2.0 (AbyssBottomingStrategy)
2025-08-14 17:41:19,872 - INFO - 发现策略: 周线金叉+日线MA_v1.0 (WeeklyGoldenCrossMaStrategy)
2025-08-14 17:41:19,872 - INFO - 发现策略: 临界金叉_v1.0 (PreCrossStrategy)
2025-08-14 17:41:19,872 - INFO - 发现策略: 三重金叉_v1.0 (TripleCrossStrategy)
2025-08-14 17:41:19,872 - INFO - 发现策略: MACD零轴启动_v1.0 (MacdZeroAxisStrategy)
2025-08-14 17:41:19,872 - INFO - 发现策略: 深渊筑底策略_v2.0 (AbyssBottomingStrategy)
2025-08-14 17:41:19,873 - INFO - 发现策略: 临界金叉_v1.0 (PreCrossStrategy)
2025-08-14 17:41:19,873 - INFO - 发现策略: 三重金叉_v1.0 (TripleCrossStrategy)
2025-08-14 17:41:19,873 - INFO - 发现策略: 周线金叉+日线MA_v1.0 (WeeklyGoldenCrossMaStrategy)
2025-08-14 17:41:19,873 - INFO - 发现策略: MACD零轴启动_v1.0 (MacdZeroAxisStrategy)
2025-08-14 17:41:19,873 - INFO - 发现策略: 深渊筑底策略_v2.0 (AbyssBottomingStrategy)
2025-08-14 17:41:19,873 - INFO - 发现策略: 临界金叉_v1.0 (PreCrossStrategy)
2025-08-14 17:41:19,873 - INFO - 发现策略: 三重金叉_v1.0 (TripleCrossStrategy)
2025-08-14 17:41:19,873 - INFO - 发现策略: 周线金叉+日线MA_v1.0 (WeeklyGoldenCrossMaStrategy)
2025-08-14 17:41:19,874 - INFO - 发现策略: MACD零轴启动_v1.0 (MacdZeroAxisStrategy)
2025-08-14 17:41:19,874 - INFO - 发现策略: 深渊筑底策略_v2.0 (AbyssBottomingStrategy)
2025-08-14 17:41:19,874 - INFO - 发现策略: 临界金叉_v1.0 (PreCrossStrategy)
2025-08-14 17:41:19,874 - INFO - 发现策略: 三重金叉_v1.0 (TripleCrossStrategy)
2025-08-14 17:41:19,880 - INFO - 发现策略: 周线金叉+日线MA_v1.0 (WeeklyGoldenCrossMaStrategy)
2025-08-14 17:41:19,880 - INFO - 发现策略: MACD零轴启动_v1.0 (MacdZeroAxisStrategy)
2025-08-14 17:41:19,880 - INFO - 发现策略: 周线金叉+日线MA_v1.0 (WeeklyGoldenCrossMaStrategy)
2025-08-14 17:41:19,880 - INFO - 发现策略: 深渊筑底策略_v2.0 (AbyssBottomingStrategy)
2025-08-14 17:41:19,880 - INFO - 发现策略: MACD零轴启动_v1.0 (MacdZeroAxisStrategy)
2025-08-14 17:41:19,880 - INFO - 发现策略: 周线金叉+日线MA_v1.0 (WeeklyGoldenCrossMaStrategy)
2025-08-14 17:41:19,880 - INFO - 发现策略: 临界金叉_v1.0 (PreCrossStrategy)
2025-08-14 17:41:19,880 - INFO - 发现策略: 深渊筑底策略_v2.0 (AbyssBottomingStrategy)
2025-08-14 17:41:19,880 - INFO - 发现策略: 三重金叉_v1.0 (TripleCrossStrategy)
2025-08-14 17:41:19,880 - INFO - 发现策略: MACD零轴启动_v1.0 (MacdZeroAxisStrategy)
2025-08-14 17:41:19,880 - INFO - 发现策略: 临界金叉_v1.0 (PreCrossStrategy)
2025-08-14 17:41:19,881 - INFO - 发现策略: 三重金叉_v1.0 (TripleCrossStrategy)
2025-08-14 17:41:19,881 - INFO - 发现策略: 深渊筑底策略_v2.0 (AbyssBottomingStrategy)
2025-08-14 17:41:19,881 - INFO - 发现策略: 临界金叉_v1.0 (PreCrossStrategy)
2025-08-14 17:41:19,881 - INFO - 发现策略: 三重金叉_v1.0 (TripleCrossStrategy)
2025-08-14 17:41:19,884 - INFO - 发现策略: 周线金叉+日线MA_v1.0 (WeeklyGoldenCrossMaStrategy)
2025-08-14 17:41:19,884 - INFO - 发现策略: MACD零轴启动_v1.0 (MacdZeroAxisStrategy)
2025-08-14 17:41:19,884 - INFO - 发现策略: 深渊筑底策略_v2.0 (AbyssBottomingStrategy)
2025-08-14 17:41:19,885 - INFO - 发现策略: 临界金叉_v1.0 (PreCrossStrategy)
2025-08-14 17:41:19,885 - INFO - 发现策略: 三重金叉_v1.0 (TripleCrossStrategy)
2025-08-14 17:41:19,886 - INFO - 发现策略: 周线金叉+日线MA_v1.0 (WeeklyGoldenCrossMaStrategy)
2025-08-14 17:41:19,886 - INFO - 发现策略: MACD零轴启动_v1.0 (MacdZeroAxisStrategy)
2025-08-14 17:41:19,887 - INFO - 发现策略: 深渊筑底策略_v2.0 (AbyssBottomingStrategy)
2025-08-14 17:41:19,887 - INFO - 发现策略: 临界金叉_v1.0 (PreCrossStrategy)
2025-08-14 17:41:19,887 - INFO - 发现策略: 周线金叉+日线MA_v1.0 (WeeklyGoldenCrossMaStrategy)
2025-08-14 17:41:19,887 - INFO - 发现策略: 三重金叉_v1.0 (TripleCrossStrategy)
2025-08-14 17:41:19,887 - INFO - 发现策略: MACD零轴启动_v1.0 (MacdZeroAxisStrategy)
2025-08-14 17:41:19,887 - INFO - 发现策略: 深渊筑底策略_v2.0 (AbyssBottomingStrategy)
2025-08-14 17:41:19,887 - INFO - 发现策略: 周线金叉+日线MA_v1.0 (WeeklyGoldenCrossMaStrategy)
2025-08-14 17:41:19,887 - INFO - 发现策略: 周线金叉+日线MA_v1.0 (WeeklyGoldenCrossMaStrategy)
2025-08-14 17:41:19,887 - INFO - 发现策略: 临界金叉_v1.0 (PreCrossStrategy)
2025-08-14 17:41:19,887 - INFO - 发现策略: 三重金叉_v1.0 (TripleCrossStrategy)
2025-08-14 17:41:19,887 - INFO - 发现策略: MACD零轴启动_v1.0 (MacdZeroAxisStrategy)
2025-08-14 17:41:19,887 - INFO - 发现策略: MACD零轴启动_v1.0 (MacdZeroAxisStrategy)
2025-08-14 17:41:19,887 - INFO - 发现策略: 深渊筑底策略_v2.0 (AbyssBottomingStrategy)
2025-08-14 17:41:19,887 - INFO - 发现策略: 深渊筑底策略_v2.0 (AbyssBottomingStrategy)
2025-08-14 17:41:19,887 - INFO - 发现策略: 临界金叉_v1.0 (PreCrossStrategy)
2025-08-14 17:41:19,887 - INFO - 发现策略: 临界金叉_v1.0 (PreCrossStrategy)
2025-08-14 17:41:19,888 - INFO - 发现策略: 三重金叉_v1.0 (TripleCrossStrategy)
2025-08-14 17:41:19,888 - INFO - 发现策略: 三重金叉_v1.0 (TripleCrossStrategy)
2025-08-14 17:41:19,893 - INFO - 发现策略: 周线金叉+日线MA_v1.0 (WeeklyGoldenCrossMaStrategy)
2025-08-14 17:41:19,893 - INFO - 发现策略: 周线金叉+日线MA_v1.0 (WeeklyGoldenCrossMaStrategy)
2025-08-14 17:41:19,893 - INFO - 发现策略: MACD零轴启动_v1.0 (MacdZeroAxisStrategy)
2025-08-14 17:41:19,893 - INFO - 发现策略: MACD零轴启动_v1.0 (MacdZeroAxisStrategy)
2025-08-14 17:41:19,893 - INFO - 发现策略: 深渊筑底策略_v2.0 (AbyssBottomingStrategy)
2025-08-14 17:41:19,893 - INFO - 发现策略: 深渊筑底策略_v2.0 (AbyssBottomingStrategy)
2025-08-14 17:41:19,893 - INFO - 发现策略: 临界金叉_v1.0 (PreCrossStrategy)
2025-08-14 17:41:19,893 - INFO - 发现策略: 临界金叉_v1.0 (PreCrossStrategy)
2025-08-14 17:41:19,893 - INFO - 发现策略: 三重金叉_v1.0 (TripleCrossStrategy)
2025-08-14 17:41:19,893 - INFO - 发现策略: 三重金叉_v1.0 (TripleCrossStrategy)
2025-08-14 17:41:19,894 - INFO - 发现策略: 周线金叉+日线MA_v1.0 (WeeklyGoldenCrossMaStrategy)
2025-08-14 17:41:19,895 - INFO - 发现策略: MACD零轴启动_v1.0 (MacdZeroAxisStrategy)
2025-08-14 17:41:19,895 - INFO - 发现策略: 深渊筑底策略_v2.0 (AbyssBottomingStrategy)
2025-08-14 17:41:19,895 - INFO - 发现策略: 临界金叉_v1.0 (PreCrossStrategy)
2025-08-14 17:41:19,895 - INFO - 发现策略: 三重金叉_v1.0 (TripleCrossStrategy)
2025-08-14 17:41:19,898 - INFO - 发现策略: 周线金叉+日线MA_v1.0 (WeeklyGoldenCrossMaStrategy)
2025-08-14 17:41:19,898 - INFO - 发现策略: MACD零轴启动_v1.0 (MacdZeroAxisStrategy)
2025-08-14 17:41:19,898 - INFO - 发现策略: 深渊筑底策略_v2.0 (AbyssBottomingStrategy)
2025-08-14 17:41:19,899 - INFO - 发现策略: 临界金叉_v1.0 (PreCrossStrategy)
2025-08-14 17:41:19,899 - INFO - 发现策略: 三重金叉_v1.0 (TripleCrossStrategy)
2025-08-14 17:41:19,899 - INFO - 发现策略: 周线金叉+日线MA_v1.0 (WeeklyGoldenCrossMaStrategy)
2025-08-14 17:41:19,899 - INFO - 发现策略: 周线金叉+日线MA_v1.0 (WeeklyGoldenCrossMaStrategy)
2025-08-14 17:41:19,899 - INFO - 发现策略: MACD零轴启动_v1.0 (MacdZeroAxisStrategy)
2025-08-14 17:41:19,899 - INFO - 发现策略: MACD零轴启动_v1.0 (MacdZeroAxisStrategy)
2025-08-14 17:41:19,899 - INFO - 发现策略: 深渊筑底策略_v2.0 (AbyssBottomingStrategy)
2025-08-14 17:41:19,899 - INFO - 发现策略: 临界金叉_v1.0 (PreCrossStrategy)
2025-08-14 17:41:19,899 - INFO - 发现策略: 深渊筑底策略_v2.0 (AbyssBottomingStrategy)
2025-08-14 17:41:19,899 - INFO - 发现策略: 三重金叉_v1.0 (TripleCrossStrategy)
2025-08-14 17:41:19,899 - INFO - 发现策略: 临界金叉_v1.0 (PreCrossStrategy)
2025-08-14 17:41:19,899 - INFO - 发现策略: 三重金叉_v1.0 (TripleCrossStrategy)
2025-08-14 17:41:19,901 - INFO - 发现策略: 周线金叉+日线MA_v1.0 (WeeklyGoldenCrossMaStrategy)
2025-08-14 17:41:19,901 - INFO - 发现策略: MACD零轴启动_v1.0 (MacdZeroAxisStrategy)
2025-08-14 17:41:19,901 - INFO - 发现策略: 深渊筑底策略_v2.0 (AbyssBottomingStrategy)
2025-08-14 17:41:19,901 - INFO - 发现策略: 临界金叉_v1.0 (PreCrossStrategy)
2025-08-14 17:41:19,901 - INFO - 发现策略: 三重金叉_v1.0 (TripleCrossStrategy)
2025-08-14 17:41:19,902 - INFO - 发现策略: 周线金叉+日线MA_v1.0 (WeeklyGoldenCrossMaStrategy)
2025-08-14 17:41:19,903 - INFO - 发现策略: MACD零轴启动_v1.0 (MacdZeroAxisStrategy)
2025-08-14 17:41:19,903 - INFO - 发现策略: 深渊筑底策略_v2.0 (AbyssBottomingStrategy)
2025-08-14 17:41:19,903 - INFO - 发现策略: 临界金叉_v1.0 (PreCrossStrategy)
2025-08-14 17:41:19,903 - INFO - 发现策略: 三重金叉_v1.0 (TripleCrossStrategy)
2025-08-14 17:41:19,906 - INFO - 发现策略: 周线金叉+日线MA_v1.0 (WeeklyGoldenCrossMaStrategy)
2025-08-14 17:41:19,906 - INFO - 发现策略: MACD零轴启动_v1.0 (MacdZeroAxisStrategy)
2025-08-14 17:41:19,906 - INFO - 发现策略: 深渊筑底策略_v2.0 (AbyssBottomingStrategy)
2025-08-14 17:41:19,906 - INFO - 发现策略: 临界金叉_v1.0 (PreCrossStrategy)
2025-08-14 17:41:19,906 - INFO - 发现策略: 三重金叉_v1.0 (TripleCrossStrategy)
2025-08-14 17:41:19,907 - INFO - 发现策略: 周线金叉+日线MA_v1.0 (WeeklyGoldenCrossMaStrategy)
2025-08-14 17:41:19,907 - INFO - 发现策略: MACD零轴启动_v1.0 (MacdZeroAxisStrategy)
2025-08-14 17:41:19,907 - INFO - 发现策略: 深渊筑底策略_v2.0 (AbyssBottomingStrategy)
2025-08-14 17:41:19,907 - INFO - 发现策略: 周线金叉+日线MA_v1.0 (WeeklyGoldenCrossMaStrategy)
2025-08-14 17:41:19,907 - INFO - 发现策略: 临界金叉_v1.0 (PreCrossStrategy)
2025-08-14 17:41:19,907 - INFO - 发现策略: 三重金叉_v1.0 (TripleCrossStrategy)
2025-08-14 17:41:19,907 - INFO - 发现策略: MACD零轴启动_v1.0 (MacdZeroAxisStrategy)
2025-08-14 17:41:19,907 - INFO - 发现策略: 深渊筑底策略_v2.0 (AbyssBottomingStrategy)
2025-08-14 17:41:19,907 - INFO - 发现策略: 临界金叉_v1.0 (PreCrossStrategy)
2025-08-14 17:41:19,908 - INFO - 发现策略: 三重金叉_v1.0 (TripleCrossStrategy)
2025-08-14 17:41:19,911 - INFO - 发现策略: 周线金叉+日线MA_v1.0 (WeeklyGoldenCrossMaStrategy)
2025-08-14 17:41:19,911 - INFO - 发现策略: MACD零轴启动_v1.0 (MacdZeroAxisStrategy)
2025-08-14 17:41:19,911 - INFO - 发现策略: 深渊筑底策略_v2.0 (AbyssBottomingStrategy)
2025-08-14 17:41:19,912 - INFO - 发现策略: 周线金叉+日线MA_v1.0 (WeeklyGoldenCrossMaStrategy)
2025-08-14 17:41:19,912 - INFO - 发现策略: 临界金叉_v1.0 (PreCrossStrategy)
2025-08-14 17:41:19,912 - INFO - 发现策略: 三重金叉_v1.0 (TripleCrossStrategy)
2025-08-14 17:41:19,912 - INFO - 发现策略: MACD零轴启动_v1.0 (MacdZeroAxisStrategy)
2025-08-14 17:41:19,912 - INFO - 发现策略: 深渊筑底策略_v2.0 (AbyssBottomingStrategy)
2025-08-14 17:41:19,912 - INFO - 发现策略: 临界金叉_v1.0 (PreCrossStrategy)
2025-08-14 17:41:19,912 - INFO - 发现策略: 三重金叉_v1.0 (TripleCrossStrategy)
2025-08-14 17:41:19,913 - INFO - 发现策略: 周线金叉+日线MA_v1.0 (WeeklyGoldenCrossMaStrategy)
2025-08-14 17:41:19,913 - INFO - 发现策略: MACD零轴启动_v1.0 (MacdZeroAxisStrategy)
2025-08-14 17:41:19,913 - INFO - 发现策略: 深渊筑底策略_v2.0 (AbyssBottomingStrategy)
2025-08-14 17:41:19,913 - INFO - 发现策略: 临界金叉_v1.0 (PreCrossStrategy)
2025-08-14 17:41:19,913 - INFO - 发现策略: 三重金叉_v1.0 (TripleCrossStrategy)
2025-08-14 17:41:19,916 - INFO - 发现策略: 周线金叉+日线MA_v1.0 (WeeklyGoldenCrossMaStrategy)
2025-08-14 17:41:19,917 - INFO - 发现策略: MACD零轴启动_v1.0 (MacdZeroAxisStrategy)
2025-08-14 17:41:19,917 - INFO - 发现策略: 深渊筑底策略_v2.0 (AbyssBottomingStrategy)
2025-08-14 17:41:19,917 - INFO - 发现策略: 临界金叉_v1.0 (PreCrossStrategy)
2025-08-14 17:41:19,917 - INFO - 发现策略: 三重金叉_v1.0 (TripleCrossStrategy)
2025-08-14 17:41:19,917 - INFO - 发现策略: 周线金叉+日线MA_v1.0 (WeeklyGoldenCrossMaStrategy)
2025-08-14 17:41:19,918 - INFO - 发现策略: MACD零轴启动_v1.0 (MacdZeroAxisStrategy)
2025-08-14 17:41:19,918 - INFO - 发现策略: 深渊筑底策略_v2.0 (AbyssBottomingStrategy)
2025-08-14 17:41:19,918 - INFO - 发现策略: 临界金叉_v1.0 (PreCrossStrategy)
2025-08-14 17:41:19,918 - INFO - 发现策略: 三重金叉_v1.0 (TripleCrossStrategy)
2025-08-14 17:41:19,919 - INFO - 发现策略: 周线金叉+日线MA_v1.0 (WeeklyGoldenCrossMaStrategy)
2025-08-14 17:41:19,920 - INFO - 发现策略: MACD零轴启动_v1.0 (MacdZeroAxisStrategy)
2025-08-14 17:41:19,920 - INFO - 发现策略: 深渊筑底策略_v2.0 (AbyssBottomingStrategy)
2025-08-14 17:41:19,920 - INFO - 发现策略: 临界金叉_v1.0 (PreCrossStrategy)
2025-08-14 17:41:19,920 - INFO - 发现策略: 三重金叉_v1.0 (TripleCrossStrategy)
2025-08-14 17:41:19,920 - INFO - 发现策略: 周线金叉+日线MA_v1.0 (WeeklyGoldenCrossMaStrategy)
2025-08-14 17:41:19,920 - INFO - 发现策略: MACD零轴启动_v1.0 (MacdZeroAxisStrategy)
2025-08-14 17:41:19,920 - INFO - 发现策略: 深渊筑底策略_v2.0 (AbyssBottomingStrategy)
2025-08-14 17:41:19,920 - INFO - 发现策略: 临界金叉_v1.0 (PreCrossStrategy)
2025-08-14 17:41:19,921 - INFO - 发现策略: 三重金叉_v1.0 (TripleCrossStrategy)
2025-08-14 17:41:19,921 - INFO - 发现策略: 周线金叉+日线MA_v1.0 (WeeklyGoldenCrossMaStrategy)
2025-08-14 17:41:19,921 - INFO - 发现策略: MACD零轴启动_v1.0 (MacdZeroAxisStrategy)
2025-08-14 17:41:19,921 - INFO - 发现策略: 深渊筑底策略_v2.0 (AbyssBottomingStrategy)
2025-08-14 17:41:19,922 - INFO - 发现策略: 临界金叉_v1.0 (PreCrossStrategy)
2025-08-14 17:41:19,922 - INFO - 发现策略: 三重金叉_v1.0 (TripleCrossStrategy)
2025-08-14 17:41:19,924 - INFO - 发现策略: 周线金叉+日线MA_v1.0 (WeeklyGoldenCrossMaStrategy)
2025-08-14 17:41:19,924 - INFO - 发现策略: MACD零轴启动_v1.0 (MacdZeroAxisStrategy)
2025-08-14 17:41:19,924 - INFO - 发现策略: 深渊筑底策略_v2.0 (AbyssBottomingStrategy)
2025-08-14 17:41:19,924 - INFO - 发现策略: 临界金叉_v1.0 (PreCrossStrategy)
2025-08-14 17:41:19,924 - INFO - 发现策略: 三重金叉_v1.0 (TripleCrossStrategy)
2025-08-14 17:41:19,928 - INFO - 发现策略: 周线金叉+日线MA_v1.0 (WeeklyGoldenCrossMaStrategy)
2025-08-14 17:41:19,928 - INFO - 发现策略: MACD零轴启动_v1.0 (MacdZeroAxisStrategy)
2025-08-14 17:41:19,928 - INFO - 发现策略: 深渊筑底策略_v2.0 (AbyssBottomingStrategy)
2025-08-14 17:41:19,928 - INFO - 发现策略: 周线金叉+日线MA_v1.0 (WeeklyGoldenCrossMaStrategy)
2025-08-14 17:41:19,928 - INFO - 发现策略: 临界金叉_v1.0 (PreCrossStrategy)
2025-08-14 17:41:19,928 - INFO - 发现策略: 三重金叉_v1.0 (TripleCrossStrategy)
2025-08-14 17:41:19,928 - INFO - 发现策略: MACD零轴启动_v1.0 (MacdZeroAxisStrategy)
2025-08-14 17:41:19,928 - INFO - 发现策略: 深渊筑底策略_v2.0 (AbyssBottomingStrategy)
2025-08-14 17:41:19,929 - INFO - 发现策略: 临界金叉_v1.0 (PreCrossStrategy)
2025-08-14 17:41:19,929 - INFO - 发现策略: 三重金叉_v1.0 (TripleCrossStrategy)
2025-08-14 17:41:19,930 - INFO - 发现策略: 周线金叉+日线MA_v1.0 (WeeklyGoldenCrossMaStrategy)
2025-08-14 17:41:19,931 - INFO - 发现策略: MACD零轴启动_v1.0 (MacdZeroAxisStrategy)
2025-08-14 17:41:19,931 - INFO - 发现策略: 深渊筑底策略_v2.0 (AbyssBottomingStrategy)
2025-08-14 17:41:19,931 - INFO - 发现策略: 临界金叉_v1.0 (PreCrossStrategy)
2025-08-14 17:41:19,931 - INFO - 发现策略: 三重金叉_v1.0 (TripleCrossStrategy)
2025-08-14 17:41:19,932 - INFO - 发现策略: 周线金叉+日线MA_v1.0 (WeeklyGoldenCrossMaStrategy)
2025-08-14 17:41:19,932 - INFO - 发现策略: MACD零轴启动_v1.0 (MacdZeroAxisStrategy)
2025-08-14 17:41:19,932 - INFO - 发现策略: 深渊筑底策略_v2.0 (AbyssBottomingStrategy)
2025-08-14 17:41:19,932 - INFO - 发现策略: 临界金叉_v1.0 (PreCrossStrategy)
2025-08-14 17:41:19,932 - INFO - 发现策略: 三重金叉_v1.0 (TripleCrossStrategy)
2025-08-14 17:41:19,934 - INFO - 发现策略: 周线金叉+日线MA_v1.0 (WeeklyGoldenCrossMaStrategy)
2025-08-14 17:41:19,934 - INFO - 发现策略: MACD零轴启动_v1.0 (MacdZeroAxisStrategy)
2025-08-14 17:41:19,935 - INFO - 发现策略: 深渊筑底策略_v2.0 (AbyssBottomingStrategy)
2025-08-14 17:41:19,935 - INFO - 发现策略: 临界金叉_v1.0 (PreCrossStrategy)
2025-08-14 17:41:19,935 - INFO - 发现策略: 三重金叉_v1.0 (TripleCrossStrategy)
2025-08-14 17:41:19,935 - INFO - 发现策略: 周线金叉+日线MA_v1.0 (WeeklyGoldenCrossMaStrategy)
2025-08-14 17:41:19,935 - INFO - 发现策略: MACD零轴启动_v1.0 (MacdZeroAxisStrategy)
2025-08-14 17:41:19,935 - INFO - 发现策略: 周线金叉+日线MA_v1.0 (WeeklyGoldenCrossMaStrategy)
2025-08-14 17:41:19,935 - INFO - 发现策略: 深渊筑底策略_v2.0 (AbyssBottomingStrategy)
2025-08-14 17:41:19,935 - INFO - 发现策略: 临界金叉_v1.0 (PreCrossStrategy)
2025-08-14 17:41:19,935 - INFO - 发现策略: MACD零轴启动_v1.0 (MacdZeroAxisStrategy)
2025-08-14 17:41:19,935 - INFO - 发现策略: 三重金叉_v1.0 (TripleCrossStrategy)
2025-08-14 17:41:19,935 - INFO - 发现策略: 深渊筑底策略_v2.0 (AbyssBottomingStrategy)
2025-08-14 17:41:19,936 - INFO - 发现策略: 临界金叉_v1.0 (PreCrossStrategy)
2025-08-14 17:41:19,936 - INFO - 发现策略: 三重金叉_v1.0 (TripleCrossStrategy)
2025-08-14 17:41:19,938 - INFO - 发现策略: 周线金叉+日线MA_v1.0 (WeeklyGoldenCrossMaStrategy)
2025-08-14 17:41:19,938 - INFO - 发现策略: MACD零轴启动_v1.0 (MacdZeroAxisStrategy)
2025-08-14 17:41:19,938 - INFO - 发现策略: 深渊筑底策略_v2.0 (AbyssBottomingStrategy)
2025-08-14 17:41:19,938 - INFO - 发现策略: 临界金叉_v1.0 (PreCrossStrategy)
2025-08-14 17:41:19,938 - INFO - 发现策略: 三重金叉_v1.0 (TripleCrossStrategy)
2025-08-14 17:41:19,939 - INFO - 发现策略: 周线金叉+日线MA_v1.0 (WeeklyGoldenCrossMaStrategy)
2025-08-14 17:41:19,939 - INFO - 发现策略: MACD零轴启动_v1.0 (MacdZeroAxisStrategy)
2025-08-14 17:41:19,939 - INFO - 发现策略: 深渊筑底策略_v2.0 (AbyssBottomingStrategy)
2025-08-14 17:41:19,939 - INFO - 发现策略: 临界金叉_v1.0 (PreCrossStrategy)
2025-08-14 17:41:19,939 - INFO - 发现策略: 三重金叉_v1.0 (TripleCrossStrategy)
2025-08-14 17:41:19,941 - INFO - 发现策略: 周线金叉+日线MA_v1.0 (WeeklyGoldenCrossMaStrategy)
2025-08-14 17:41:19,941 - INFO - 发现策略: MACD零轴启动_v1.0 (MacdZeroAxisStrategy)
2025-08-14 17:41:19,941 - INFO - 发现策略: 深渊筑底策略_v2.0 (AbyssBottomingStrategy)
2025-08-14 17:41:19,941 - INFO - 发现策略: 临界金叉_v1.0 (PreCrossStrategy)
2025-08-14 17:41:19,941 - INFO - 发现策略: 三重金叉_v1.0 (TripleCrossStrategy)
2025-08-14 17:41:19,944 - INFO - 发现策略: 周线金叉+日线MA_v1.0 (WeeklyGoldenCrossMaStrategy)
2025-08-14 17:41:19,944 - INFO - 发现策略: MACD零轴启动_v1.0 (MacdZeroAxisStrategy)
2025-08-14 17:41:19,944 - INFO - 发现策略: 深渊筑底策略_v2.0 (AbyssBottomingStrategy)
2025-08-14 17:41:19,945 - INFO - 发现策略: 临界金叉_v1.0 (PreCrossStrategy)
2025-08-14 17:41:19,945 - INFO - 发现策略: 三重金叉_v1.0 (TripleCrossStrategy)
2025-08-14 17:41:19,945 - INFO - 发现策略: 周线金叉+日线MA_v1.0 (WeeklyGoldenCrossMaStrategy)
2025-08-14 17:41:19,945 - INFO - 发现策略: MACD零轴启动_v1.0 (MacdZeroAxisStrategy)
2025-08-14 17:41:19,945 - INFO - 发现策略: 深渊筑底策略_v2.0 (AbyssBottomingStrategy)
2025-08-14 17:41:19,945 - INFO - 发现策略: 临界金叉_v1.0 (PreCrossStrategy)
2025-08-14 17:41:19,945 - INFO - 发现策略: 三重金叉_v1.0 (TripleCrossStrategy)
2025-08-14 17:41:19,946 - INFO - 发现策略: 周线金叉+日线MA_v1.0 (WeeklyGoldenCrossMaStrategy)
2025-08-14 17:41:19,946 - INFO - 发现策略: MACD零轴启动_v1.0 (MacdZeroAxisStrategy)
2025-08-14 17:41:19,946 - INFO - 发现策略: 深渊筑底策略_v2.0 (AbyssBottomingStrategy)
2025-08-14 17:41:19,946 - INFO - 发现策略: 临界金叉_v1.0 (PreCrossStrategy)
2025-08-14 17:41:19,946 - INFO - 发现策略: 三重金叉_v1.0 (TripleCrossStrategy)
2025-08-14 17:41:19,948 - INFO - 发现策略: 周线金叉+日线MA_v1.0 (WeeklyGoldenCrossMaStrategy)
2025-08-14 17:41:19,948 - INFO - 发现策略: MACD零轴启动_v1.0 (MacdZeroAxisStrategy)
2025-08-14 17:41:19,949 - INFO - 发现策略: 深渊筑底策略_v2.0 (AbyssBottomingStrategy)
2025-08-14 17:41:19,949 - INFO - 发现策略: 临界金叉_v1.0 (PreCrossStrategy)
2025-08-14 17:41:19,949 - INFO - 发现策略: 三重金叉_v1.0 (TripleCrossStrategy)
2025-08-14 17:41:19,950 - INFO - 发现策略: 周线金叉+日线MA_v1.0 (WeeklyGoldenCrossMaStrategy)
2025-08-14 17:41:19,950 - INFO - 发现策略: MACD零轴启动_v1.0 (MacdZeroAxisStrategy)
2025-08-14 17:41:19,950 - INFO - 发现策略: 周线金叉+日线MA_v1.0 (WeeklyGoldenCrossMaStrategy)
2025-08-14 17:41:19,950 - INFO - 发现策略: 深渊筑底策略_v2.0 (AbyssBottomingStrategy)
2025-08-14 17:41:19,950 - INFO - 发现策略: MACD零轴启动_v1.0 (MacdZeroAxisStrategy)
2025-08-14 17:41:19,950 - INFO - 发现策略: 临界金叉_v1.0 (PreCrossStrategy)
2025-08-14 17:41:19,950 - INFO - 发现策略: 深渊筑底策略_v2.0 (AbyssBottomingStrategy)
2025-08-14 17:41:19,950 - INFO - 发现策略: 三重金叉_v1.0 (TripleCrossStrategy)
2025-08-14 17:41:19,950 - INFO - 发现策略: 临界金叉_v1.0 (PreCrossStrategy)
2025-08-14 17:41:19,950 - INFO - 发现策略: 三重金叉_v1.0 (TripleCrossStrategy)
2025-08-14 17:41:19,952 - INFO - 发现策略: 周线金叉+日线MA_v1.0 (WeeklyGoldenCrossMaStrategy)
2025-08-14 17:41:19,953 - INFO - 发现策略: MACD零轴启动_v1.0 (MacdZeroAxisStrategy)
2025-08-14 17:41:19,953 - INFO - 发现策略: 深渊筑底策略_v2.0 (AbyssBottomingStrategy)
2025-08-14 17:41:19,953 - INFO - 发现策略: 周线金叉+日线MA_v1.0 (WeeklyGoldenCrossMaStrategy)
2025-08-14 17:41:19,953 - INFO - 发现策略: 临界金叉_v1.0 (PreCrossStrategy)
2025-08-14 17:41:19,953 - INFO - 发现策略: MACD零轴启动_v1.0 (MacdZeroAxisStrategy)
2025-08-14 17:41:19,953 - INFO - 发现策略: 三重金叉_v1.0 (TripleCrossStrategy)
2025-08-14 17:41:19,953 - INFO - 发现策略: 深渊筑底策略_v2.0 (AbyssBottomingStrategy)
2025-08-14 17:41:19,953 - INFO - 发现策略: 临界金叉_v1.0 (PreCrossStrategy)
2025-08-14 17:41:19,953 - INFO - 发现策略: 三重金叉_v1.0 (TripleCrossStrategy)
2025-08-14 17:41:19,954 - INFO - 发现策略: 周线金叉+日线MA_v1.0 (WeeklyGoldenCrossMaStrategy)
2025-08-14 17:41:19,954 - INFO - 发现策略: MACD零轴启动_v1.0 (MacdZeroAxisStrategy)
2025-08-14 17:41:19,954 - INFO - 发现策略: 深渊筑底策略_v2.0 (AbyssBottomingStrategy)
2025-08-14 17:41:19,954 - INFO - 发现策略: 临界金叉_v1.0 (PreCrossStrategy)
2025-08-14 17:41:19,954 - INFO - 发现策略: 三重金叉_v1.0 (TripleCrossStrategy)
2025-08-14 17:41:19,959 - INFO - 发现策略: 周线金叉+日线MA_v1.0 (WeeklyGoldenCrossMaStrategy)
2025-08-14 17:41:19,959 - INFO - 发现策略: MACD零轴启动_v1.0 (MacdZeroAxisStrategy)
2025-08-14 17:41:19,959 - INFO - 发现策略: 深渊筑底策略_v2.0 (AbyssBottomingStrategy)
2025-08-14 17:41:19,959 - INFO - 发现策略: 临界金叉_v1.0 (PreCrossStrategy)
2025-08-14 17:41:19,959 - INFO - 发现策略: 三重金叉_v1.0 (TripleCrossStrategy)
2025-08-14 17:41:19,962 - INFO - 发现策略: 周线金叉+日线MA_v1.0 (WeeklyGoldenCrossMaStrategy)
2025-08-14 17:41:19,962 - INFO - 发现策略: MACD零轴启动_v1.0 (MacdZeroAxisStrategy)
2025-08-14 17:41:19,962 - INFO - 发现策略: 深渊筑底策略_v2.0 (AbyssBottomingStrategy)
2025-08-14 17:41:19,962 - INFO - 发现策略: 周线金叉+日线MA_v1.0 (WeeklyGoldenCrossMaStrategy)
2025-08-14 17:41:19,962 - INFO - 发现策略: 临界金叉_v1.0 (PreCrossStrategy)
2025-08-14 17:41:19,962 - INFO - 发现策略: MACD零轴启动_v1.0 (MacdZeroAxisStrategy)
2025-08-14 17:41:19,962 - INFO - 发现策略: 三重金叉_v1.0 (TripleCrossStrategy)
2025-08-14 17:41:19,962 - INFO - 发现策略: 深渊筑底策略_v2.0 (AbyssBottomingStrategy)
2025-08-14 17:41:19,962 - INFO - 发现策略: 临界金叉_v1.0 (PreCrossStrategy)
2025-08-14 17:41:19,962 - INFO - 发现策略: 三重金叉_v1.0 (TripleCrossStrategy)
2025-08-14 17:41:19,963 - INFO - 发现策略: 周线金叉+日线MA_v1.0 (WeeklyGoldenCrossMaStrategy)
2025-08-14 17:41:19,963 - INFO - 发现策略: MACD零轴启动_v1.0 (MacdZeroAxisStrategy)
2025-08-14 17:41:19,963 - INFO - 发现策略: 深渊筑底策略_v2.0 (AbyssBottomingStrategy)
2025-08-14 17:41:19,963 - INFO - 发现策略: 临界金叉_v1.0 (PreCrossStrategy)
2025-08-14 17:41:19,963 - INFO - 发现策略: 三重金叉_v1.0 (TripleCrossStrategy)
2025-08-14 17:41:19,965 - INFO - 发现策略: 周线金叉+日线MA_v1.0 (WeeklyGoldenCrossMaStrategy)
2025-08-14 17:41:19,965 - INFO - 发现策略: MACD零轴启动_v1.0 (MacdZeroAxisStrategy)
2025-08-14 17:41:19,965 - INFO - 发现策略: 深渊筑底策略_v2.0 (AbyssBottomingStrategy)
2025-08-14 17:41:19,965 - INFO - 发现策略: 临界金叉_v1.0 (PreCrossStrategy)
2025-08-14 17:41:19,965 - INFO - 发现策略: 三重金叉_v1.0 (TripleCrossStrategy)
2025-08-14 17:41:19,966 - INFO - 发现策略: 周线金叉+日线MA_v1.0 (WeeklyGoldenCrossMaStrategy)
2025-08-14 17:41:19,966 - INFO - 发现策略: MACD零轴启动_v1.0 (MacdZeroAxisStrategy)
2025-08-14 17:41:19,966 - INFO - 发现策略: 深渊筑底策略_v2.0 (AbyssBottomingStrategy)
2025-08-14 17:41:19,966 - INFO - 发现策略: 临界金叉_v1.0 (PreCrossStrategy)
2025-08-14 17:41:19,966 - INFO - 发现策略: 三重金叉_v1.0 (TripleCrossStrategy)
2025-08-14 17:41:19,967 - INFO - 发现策略: 周线金叉+日线MA_v1.0 (WeeklyGoldenCrossMaStrategy)
2025-08-14 17:41:19,967 - INFO - 发现策略: MACD零轴启动_v1.0 (MacdZeroAxisStrategy)
2025-08-14 17:41:19,967 - INFO - 发现策略: 深渊筑底策略_v2.0 (AbyssBottomingStrategy)
2025-08-14 17:41:19,967 - INFO - 发现策略: 临界金叉_v1.0 (PreCrossStrategy)
2025-08-14 17:41:19,967 - INFO - 发现策略: 三重金叉_v1.0 (TripleCrossStrategy)
2025-08-14 17:41:19,968 - INFO - 发现策略: 周线金叉+日线MA_v1.0 (WeeklyGoldenCrossMaStrategy)
2025-08-14 17:41:19,968 - INFO - 发现策略: MACD零轴启动_v1.0 (MacdZeroAxisStrategy)
2025-08-14 17:41:19,968 - INFO - 发现策略: 深渊筑底策略_v2.0 (AbyssBottomingStrategy)
2025-08-14 17:41:19,968 - INFO - 发现策略: 临界金叉_v1.0 (PreCrossStrategy)
2025-08-14 17:41:19,968 - INFO - 发现策略: 三重金叉_v1.0 (TripleCrossStrategy)
2025-08-14 17:41:19,972 - INFO - 发现策略: 周线金叉+日线MA_v1.0 (WeeklyGoldenCrossMaStrategy)
2025-08-14 17:41:19,972 - INFO - 发现策略: MACD零轴启动_v1.0 (MacdZeroAxisStrategy)
2025-08-14 17:41:19,973 - INFO - 发现策略: 深渊筑底策略_v2.0 (AbyssBottomingStrategy)
2025-08-14 17:41:19,973 - INFO - 发现策略: 临界金叉_v1.0 (PreCrossStrategy)
2025-08-14 17:41:19,973 - INFO - 发现策略: 三重金叉_v1.0 (TripleCrossStrategy)
2025-08-14 17:41:19,976 - INFO - 发现策略: 周线金叉+日线MA_v1.0 (WeeklyGoldenCrossMaStrategy)
2025-08-14 17:41:19,976 - INFO - 发现策略: MACD零轴启动_v1.0 (MacdZeroAxisStrategy)
2025-08-14 17:41:19,976 - INFO - 发现策略: 深渊筑底策略_v2.0 (AbyssBottomingStrategy)
2025-08-14 17:41:19,976 - INFO - 发现策略: 临界金叉_v1.0 (PreCrossStrategy)
2025-08-14 17:41:19,977 - INFO - 发现策略: 三重金叉_v1.0 (TripleCrossStrategy)
2025-08-14 17:41:19,977 - INFO - 发现策略: 周线金叉+日线MA_v1.0 (WeeklyGoldenCrossMaStrategy)
2025-08-14 17:41:19,977 - INFO - 发现策略: MACD零轴启动_v1.0 (MacdZeroAxisStrategy)
2025-08-14 17:41:19,977 - INFO - 发现策略: 深渊筑底策略_v2.0 (AbyssBottomingStrategy)
2025-08-14 17:41:19,977 - INFO - 发现策略: 临界金叉_v1.0 (PreCrossStrategy)
2025-08-14 17:41:19,977 - INFO - 发现策略: 三重金叉_v1.0 (TripleCrossStrategy)
2025-08-14 17:41:19,978 - INFO - 发现策略: 周线金叉+日线MA_v1.0 (WeeklyGoldenCrossMaStrategy)
2025-08-14 17:41:19,978 - INFO - 发现策略: MACD零轴启动_v1.0 (MacdZeroAxisStrategy)
2025-08-14 17:41:19,978 - INFO - 发现策略: 深渊筑底策略_v2.0 (AbyssBottomingStrategy)
2025-08-14 17:41:19,979 - INFO - 发现策略: 临界金叉_v1.0 (PreCrossStrategy)
2025-08-14 17:41:19,979 - INFO - 发现策略: 三重金叉_v1.0 (TripleCrossStrategy)
2025-08-14 17:41:19,981 - INFO - 发现策略: 周线金叉+日线MA_v1.0 (WeeklyGoldenCrossMaStrategy)
2025-08-14 17:41:19,981 - INFO - 发现策略: MACD零轴启动_v1.0 (MacdZeroAxisStrategy)
2025-08-14 17:41:19,981 - INFO - 发现策略: 深渊筑底策略_v2.0 (AbyssBottomingStrategy)
2025-08-14 17:41:19,981 - INFO - 发现策略: 临界金叉_v1.0 (PreCrossStrategy)
2025-08-14 17:41:19,981 - INFO - 发现策略: 三重金叉_v1.0 (TripleCrossStrategy)
2025-08-14 17:41:19,981 - INFO - 发现策略: 周线金叉+日线MA_v1.0 (WeeklyGoldenCrossMaStrategy)
2025-08-14 17:41:19,981 - INFO - 发现策略: MACD零轴启动_v1.0 (MacdZeroAxisStrategy)
2025-08-14 17:41:19,982 - INFO - 发现策略: 周线金叉+日线MA_v1.0 (WeeklyGoldenCrossMaStrategy)
2025-08-14 17:41:19,982 - INFO - 发现策略: 深渊筑底策略_v2.0 (AbyssBottomingStrategy)
2025-08-14 17:41:19,982 - INFO - 发现策略: 临界金叉_v1.0 (PreCrossStrategy)
2025-08-14 17:41:19,982 - INFO - 发现策略: MACD零轴启动_v1.0 (MacdZeroAxisStrategy)
2025-08-14 17:41:19,982 - INFO - 发现策略: 三重金叉_v1.0 (TripleCrossStrategy)
2025-08-14 17:41:19,982 - INFO - 发现策略: 深渊筑底策略_v2.0 (AbyssBottomingStrategy)
2025-08-14 17:41:19,982 - INFO - 发现策略: 临界金叉_v1.0 (PreCrossStrategy)
2025-08-14 17:41:19,982 - INFO - 发现策略: 三重金叉_v1.0 (TripleCrossStrategy)
2025-08-14 17:41:19,983 - INFO - 发现策略: 周线金叉+日线MA_v1.0 (WeeklyGoldenCrossMaStrategy)
2025-08-14 17:41:19,983 - INFO - 发现策略: MACD零轴启动_v1.0 (MacdZeroAxisStrategy)
2025-08-14 17:41:19,983 - INFO - 发现策略: 深渊筑底策略_v2.0 (AbyssBottomingStrategy)
2025-08-14 17:41:19,984 - INFO - 发现策略: 临界金叉_v1.0 (PreCrossStrategy)
2025-08-14 17:41:19,984 - INFO - 发现策略: 三重金叉_v1.0 (TripleCrossStrategy)
2025-08-14 17:41:19,988 - INFO - 发现策略: 周线金叉+日线MA_v1.0 (WeeklyGoldenCrossMaStrategy)
2025-08-14 17:41:19,988 - INFO - 发现策略: MACD零轴启动_v1.0 (MacdZeroAxisStrategy)
2025-08-14 17:41:19,988 - INFO - 发现策略: 深渊筑底策略_v2.0 (AbyssBottomingStrategy)
2025-08-14 17:41:19,989 - INFO - 发现策略: 临界金叉_v1.0 (PreCrossStrategy)
2025-08-14 17:41:19,989 - INFO - 发现策略: 三重金叉_v1.0 (TripleCrossStrategy)
2025-08-14 17:41:19,991 - INFO - 发现策略: 周线金叉+日线MA_v1.0 (WeeklyGoldenCrossMaStrategy)
2025-08-14 17:41:19,991 - INFO - 发现策略: MACD零轴启动_v1.0 (MacdZeroAxisStrategy)
2025-08-14 17:41:19,991 - INFO - 发现策略: 周线金叉+日线MA_v1.0 (WeeklyGoldenCrossMaStrategy)
2025-08-14 17:41:19,991 - INFO - 发现策略: 深渊筑底策略_v2.0 (AbyssBottomingStrategy)
2025-08-14 17:41:19,991 - INFO - 发现策略: MACD零轴启动_v1.0 (MacdZeroAxisStrategy)
2025-08-14 17:41:19,991 - INFO - 发现策略: 临界金叉_v1.0 (PreCrossStrategy)
2025-08-14 17:41:19,991 - INFO - 发现策略: 三重金叉_v1.0 (TripleCrossStrategy)
2025-08-14 17:41:19,992 - INFO - 发现策略: 深渊筑底策略_v2.0 (AbyssBottomingStrategy)
2025-08-14 17:41:19,992 - INFO - 发现策略: 临界金叉_v1.0 (PreCrossStrategy)
2025-08-14 17:41:19,992 - INFO - 发现策略: 三重金叉_v1.0 (TripleCrossStrategy)
2025-08-14 17:41:19,993 - INFO - 发现策略: 周线金叉+日线MA_v1.0 (WeeklyGoldenCrossMaStrategy)
2025-08-14 17:41:19,993 - INFO - 发现策略: MACD零轴启动_v1.0 (MacdZeroAxisStrategy)
2025-08-14 17:41:19,993 - INFO - 发现策略: 深渊筑底策略_v2.0 (AbyssBottomingStrategy)
2025-08-14 17:41:19,993 - INFO - 发现策略: 临界金叉_v1.0 (PreCrossStrategy)
2025-08-14 17:41:19,993 - INFO - 发现策略: 三重金叉_v1.0 (TripleCrossStrategy)
2025-08-14 17:41:19,993 - INFO - 发现策略: 周线金叉+日线MA_v1.0 (WeeklyGoldenCrossMaStrategy)
2025-08-14 17:41:19,994 - INFO - 发现策略: MACD零轴启动_v1.0 (MacdZeroAxisStrategy)
2025-08-14 17:41:19,994 - INFO - 发现策略: 深渊筑底策略_v2.0 (AbyssBottomingStrategy)
2025-08-14 17:41:19,994 - INFO - 发现策略: 临界金叉_v1.0 (PreCrossStrategy)
2025-08-14 17:41:19,994 - INFO - 发现策略: 三重金叉_v1.0 (TripleCrossStrategy)
2025-08-14 17:41:19,996 - INFO - 发现策略: 周线金叉+日线MA_v1.0 (WeeklyGoldenCrossMaStrategy)
2025-08-14 17:41:19,996 - INFO - 发现策略: MACD零轴启动_v1.0 (MacdZeroAxisStrategy)
2025-08-14 17:41:19,996 - INFO - 发现策略: 周线金叉+日线MA_v1.0 (WeeklyGoldenCrossMaStrategy)
2025-08-14 17:41:19,996 - INFO - 发现策略: MACD零轴启动_v1.0 (MacdZeroAxisStrategy)
2025-08-14 17:41:19,996 - INFO - 发现策略: 深渊筑底策略_v2.0 (AbyssBottomingStrategy)
2025-08-14 17:41:19,997 - INFO - 发现策略: 临界金叉_v1.0 (PreCrossStrategy)
2025-08-14 17:41:19,997 - INFO - 发现策略: 深渊筑底策略_v2.0 (AbyssBottomingStrategy)
2025-08-14 17:41:19,997 - INFO - 发现策略: 三重金叉_v1.0 (TripleCrossStrategy)
2025-08-14 17:41:19,997 - INFO - 发现策略: 临界金叉_v1.0 (PreCrossStrategy)
2025-08-14 17:41:19,997 - INFO - 发现策略: 三重金叉_v1.0 (TripleCrossStrategy)
2025-08-14 17:41:19,997 - INFO - 发现策略: 周线金叉+日线MA_v1.0 (WeeklyGoldenCrossMaStrategy)
2025-08-14 17:41:19,997 - INFO - 发现策略: 周线金叉+日线MA_v1.0 (WeeklyGoldenCrossMaStrategy)
2025-08-14 17:41:19,997 - INFO - 发现策略: MACD零轴启动_v1.0 (MacdZeroAxisStrategy)
2025-08-14 17:41:19,997 - INFO - 发现策略: MACD零轴启动_v1.0 (MacdZeroAxisStrategy)
2025-08-14 17:41:19,998 - INFO - 发现策略: 深渊筑底策略_v2.0 (AbyssBottomingStrategy)
2025-08-14 17:41:19,998 - INFO - 发现策略: 深渊筑底策略_v2.0 (AbyssBottomingStrategy)
2025-08-14 17:41:19,998 - INFO - 发现策略: 临界金叉_v1.0 (PreCrossStrategy)
2025-08-14 17:41:19,998 - INFO - 发现策略: 临界金叉_v1.0 (PreCrossStrategy)
2025-08-14 17:41:19,998 - INFO - 发现策略: 三重金叉_v1.0 (TripleCrossStrategy)
2025-08-14 17:41:19,998 - INFO - 发现策略: 三重金叉_v1.0 (TripleCrossStrategy)
2025-08-14 17:41:20,002 - INFO - 发现策略: 周线金叉+日线MA_v1.0 (WeeklyGoldenCrossMaStrategy)
2025-08-14 17:41:20,002 - INFO - 发现策略: MACD零轴启动_v1.0 (MacdZeroAxisStrategy)
2025-08-14 17:41:20,002 - INFO - 发现策略: 深渊筑底策略_v2.0 (AbyssBottomingStrategy)
2025-08-14 17:41:20,002 - INFO - 发现策略: 临界金叉_v1.0 (PreCrossStrategy)
2025-08-14 17:41:20,002 - INFO - 发现策略: 三重金叉_v1.0 (TripleCrossStrategy)
2025-08-14 17:41:20,005 - INFO - 发现策略: 周线金叉+日线MA_v1.0 (WeeklyGoldenCrossMaStrategy)
2025-08-14 17:41:20,006 - INFO - 发现策略: MACD零轴启动_v1.0 (MacdZeroAxisStrategy)
2025-08-14 17:41:20,006 - INFO - 发现策略: 深渊筑底策略_v2.0 (AbyssBottomingStrategy)
2025-08-14 17:41:20,006 - INFO - 发现策略: 临界金叉_v1.0 (PreCrossStrategy)
2025-08-14 17:41:20,006 - INFO - 发现策略: 三重金叉_v1.0 (TripleCrossStrategy)
2025-08-14 17:41:20,006 - INFO - 发现策略: 周线金叉+日线MA_v1.0 (WeeklyGoldenCrossMaStrategy)
2025-08-14 17:41:20,007 - INFO - 发现策略: MACD零轴启动_v1.0 (MacdZeroAxisStrategy)
2025-08-14 17:41:20,007 - INFO - 发现策略: 深渊筑底策略_v2.0 (AbyssBottomingStrategy)
2025-08-14 17:41:20,007 - INFO - 发现策略: 临界金叉_v1.0 (PreCrossStrategy)
2025-08-14 17:41:20,007 - INFO - 发现策略: 三重金叉_v1.0 (TripleCrossStrategy)
2025-08-14 17:41:20,009 - INFO - 发现策略: 周线金叉+日线MA_v1.0 (WeeklyGoldenCrossMaStrategy)
2025-08-14 17:41:20,009 - INFO - 发现策略: MACD零轴启动_v1.0 (MacdZeroAxisStrategy)
2025-08-14 17:41:20,009 - INFO - 发现策略: 深渊筑底策略_v2.0 (AbyssBottomingStrategy)
2025-08-14 17:41:20,009 - INFO - 发现策略: 临界金叉_v1.0 (PreCrossStrategy)
2025-08-14 17:41:20,009 - INFO - 发现策略: 三重金叉_v1.0 (TripleCrossStrategy)
2025-08-14 17:41:20,010 - INFO - 发现策略: 周线金叉+日线MA_v1.0 (WeeklyGoldenCrossMaStrategy)
2025-08-14 17:41:20,010 - INFO - 发现策略: MACD零轴启动_v1.0 (MacdZeroAxisStrategy)
2025-08-14 17:41:20,010 - INFO - 发现策略: 周线金叉+日线MA_v1.0 (WeeklyGoldenCrossMaStrategy)
2025-08-14 17:41:20,011 - INFO - 发现策略: 深渊筑底策略_v2.0 (AbyssBottomingStrategy)
2025-08-14 17:41:20,011 - INFO - 发现策略: MACD零轴启动_v1.0 (MacdZeroAxisStrategy)
2025-08-14 17:41:20,011 - INFO - 发现策略: 临界金叉_v1.0 (PreCrossStrategy)
2025-08-14 17:41:20,011 - INFO - 发现策略: 深渊筑底策略_v2.0 (AbyssBottomingStrategy)
2025-08-14 17:41:20,011 - INFO - 发现策略: 三重金叉_v1.0 (TripleCrossStrategy)
2025-08-14 17:41:20,011 - INFO - 发现策略: 临界金叉_v1.0 (PreCrossStrategy)
2025-08-14 17:41:20,011 - INFO - 发现策略: 三重金叉_v1.0 (TripleCrossStrategy)
2025-08-14 17:41:20,011 - INFO - 发现策略: 周线金叉+日线MA_v1.0 (WeeklyGoldenCrossMaStrategy)
2025-08-14 17:41:20,011 - INFO - 发现策略: MACD零轴启动_v1.0 (MacdZeroAxisStrategy)
2025-08-14 17:41:20,011 - INFO - 发现策略: 深渊筑底策略_v2.0 (AbyssBottomingStrategy)
2025-08-14 17:41:20,011 - INFO - 发现策略: 临界金叉_v1.0 (PreCrossStrategy)
2025-08-14 17:41:20,012 - INFO - 发现策略: 三重金叉_v1.0 (TripleCrossStrategy)
2025-08-14 17:41:20,012 - INFO - 发现策略: 周线金叉+日线MA_v1.0 (WeeklyGoldenCrossMaStrategy)
2025-08-14 17:41:20,012 - INFO - 发现策略: MACD零轴启动_v1.0 (MacdZeroAxisStrategy)
2025-08-14 17:41:20,012 - INFO - 发现策略: 深渊筑底策略_v2.0 (AbyssBottomingStrategy)
2025-08-14 17:41:20,012 - INFO - 发现策略: 临界金叉_v1.0 (PreCrossStrategy)
2025-08-14 17:41:20,012 - INFO - 发现策略: 三重金叉_v1.0 (TripleCrossStrategy)
2025-08-14 17:41:20,017 - INFO - 发现策略: 周线金叉+日线MA_v1.0 (WeeklyGoldenCrossMaStrategy)
2025-08-14 17:41:20,017 - INFO - 发现策略: MACD零轴启动_v1.0 (MacdZeroAxisStrategy)
2025-08-14 17:41:20,017 - INFO - 发现策略: 深渊筑底策略_v2.0 (AbyssBottomingStrategy)
2025-08-14 17:41:20,018 - INFO - 发现策略: 临界金叉_v1.0 (PreCrossStrategy)
2025-08-14 17:41:20,018 - INFO - 发现策略: 三重金叉_v1.0 (TripleCrossStrategy)
2025-08-14 17:41:20,020 - INFO - 发现策略: 周线金叉+日线MA_v1.0 (WeeklyGoldenCrossMaStrategy)
2025-08-14 17:41:20,020 - INFO - 发现策略: 周线金叉+日线MA_v1.0 (WeeklyGoldenCrossMaStrategy)
2025-08-14 17:41:20,020 - INFO - 发现策略: MACD零轴启动_v1.0 (MacdZeroAxisStrategy)
2025-08-14 17:41:20,020 - INFO - 发现策略: MACD零轴启动_v1.0 (MacdZeroAxisStrategy)
2025-08-14 17:41:20,020 - INFO - 发现策略: 深渊筑底策略_v2.0 (AbyssBottomingStrategy)
2025-08-14 17:41:20,020 - INFO - 发现策略: 临界金叉_v1.0 (PreCrossStrategy)
2025-08-14 17:41:20,020 - INFO - 发现策略: 深渊筑底策略_v2.0 (AbyssBottomingStrategy)
2025-08-14 17:41:20,020 - INFO - 发现策略: 三重金叉_v1.0 (TripleCrossStrategy)
2025-08-14 17:41:20,020 - INFO - 发现策略: 临界金叉_v1.0 (PreCrossStrategy)
2025-08-14 17:41:20,020 - INFO - 发现策略: 三重金叉_v1.0 (TripleCrossStrategy)
2025-08-14 17:41:20,022 - INFO - 发现策略: 周线金叉+日线MA_v1.0 (WeeklyGoldenCrossMaStrategy)
2025-08-14 17:41:20,022 - INFO - 发现策略: MACD零轴启动_v1.0 (MacdZeroAxisStrategy)
2025-08-14 17:41:20,022 - INFO - 发现策略: 深渊筑底策略_v2.0 (AbyssBottomingStrategy)
2025-08-14 17:41:20,022 - INFO - 发现策略: 临界金叉_v1.0 (PreCrossStrategy)
2025-08-14 17:41:20,022 - INFO - 发现策略: 三重金叉_v1.0 (TripleCrossStrategy)
2025-08-14 17:41:20,024 - INFO - 发现策略: 周线金叉+日线MA_v1.0 (WeeklyGoldenCrossMaStrategy)
2025-08-14 17:41:20,024 - INFO - 发现策略: MACD零轴启动_v1.0 (MacdZeroAxisStrategy)
2025-08-14 17:41:20,024 - INFO - 发现策略: 周线金叉+日线MA_v1.0 (WeeklyGoldenCrossMaStrategy)
2025-08-14 17:41:20,024 - INFO - 发现策略: 深渊筑底策略_v2.0 (AbyssBottomingStrategy)
2025-08-14 17:41:20,024 - INFO - 发现策略: MACD零轴启动_v1.0 (MacdZeroAxisStrategy)
2025-08-14 17:41:20,024 - INFO - 发现策略: 临界金叉_v1.0 (PreCrossStrategy)
2025-08-14 17:41:20,024 - INFO - 发现策略: 深渊筑底策略_v2.0 (AbyssBottomingStrategy)
2025-08-14 17:41:20,024 - INFO - 发现策略: 三重金叉_v1.0 (TripleCrossStrategy)
2025-08-14 17:41:20,024 - INFO - 发现策略: 临界金叉_v1.0 (PreCrossStrategy)
2025-08-14 17:41:20,024 - INFO - 发现策略: 周线金叉+日线MA_v1.0 (WeeklyGoldenCrossMaStrategy)
2025-08-14 17:41:20,024 - INFO - 发现策略: 三重金叉_v1.0 (TripleCrossStrategy)
2025-08-14 17:41:20,025 - INFO - 发现策略: MACD零轴启动_v1.0 (MacdZeroAxisStrategy)
2025-08-14 17:41:20,025 - INFO - 发现策略: 深渊筑底策略_v2.0 (AbyssBottomingStrategy)
2025-08-14 17:41:20,025 - INFO - 发现策略: 临界金叉_v1.0 (PreCrossStrategy)
2025-08-14 17:41:20,025 - INFO - 发现策略: 三重金叉_v1.0 (TripleCrossStrategy)
2025-08-14 17:41:20,026 - INFO - 发现策略: 周线金叉+日线MA_v1.0 (WeeklyGoldenCrossMaStrategy)
2025-08-14 17:41:20,026 - INFO - 发现策略: MACD零轴启动_v1.0 (MacdZeroAxisStrategy)
2025-08-14 17:41:20,026 - INFO - 发现策略: 深渊筑底策略_v2.0 (AbyssBottomingStrategy)
2025-08-14 17:41:20,026 - INFO - 发现策略: 临界金叉_v1.0 (PreCrossStrategy)
2025-08-14 17:41:20,026 - INFO - 发现策略: 三重金叉_v1.0 (TripleCrossStrategy)
2025-08-14 17:41:20,032 - INFO - 发现策略: 周线金叉+日线MA_v1.0 (WeeklyGoldenCrossMaStrategy)
2025-08-14 17:41:20,032 - INFO - 发现策略: MACD零轴启动_v1.0 (MacdZeroAxisStrategy)
2025-08-14 17:41:20,033 - INFO - 发现策略: 深渊筑底策略_v2.0 (AbyssBottomingStrategy)
2025-08-14 17:41:20,033 - INFO - 发现策略: 临界金叉_v1.0 (PreCrossStrategy)
2025-08-14 17:41:20,033 - INFO - 发现策略: 三重金叉_v1.0 (TripleCrossStrategy)
2025-08-14 17:41:20,033 - INFO - 发现策略: 周线金叉+日线MA_v1.0 (WeeklyGoldenCrossMaStrategy)
2025-08-14 17:41:20,033 - INFO - 发现策略: MACD零轴启动_v1.0 (MacdZeroAxisStrategy)
2025-08-14 17:41:20,033 - INFO - 发现策略: 深渊筑底策略_v2.0 (AbyssBottomingStrategy)
2025-08-14 17:41:20,033 - INFO - 发现策略: 临界金叉_v1.0 (PreCrossStrategy)
2025-08-14 17:41:20,033 - INFO - 发现策略: 三重金叉_v1.0 (TripleCrossStrategy)
2025-08-14 17:41:20,035 - INFO - 发现策略: 周线金叉+日线MA_v1.0 (WeeklyGoldenCrossMaStrategy)
2025-08-14 17:41:20,035 - INFO - 发现策略: MACD零轴启动_v1.0 (MacdZeroAxisStrategy)
2025-08-14 17:41:20,035 - INFO - 发现策略: 周线金叉+日线MA_v1.0 (WeeklyGoldenCrossMaStrategy)
2025-08-14 17:41:20,035 - INFO - 发现策略: 周线金叉+日线MA_v1.0 (WeeklyGoldenCrossMaStrategy)
2025-08-14 17:41:20,035 - INFO - 发现策略: 深渊筑底策略_v2.0 (AbyssBottomingStrategy)
2025-08-14 17:41:20,035 - INFO - 发现策略: 周线金叉+日线MA_v1.0 (WeeklyGoldenCrossMaStrategy)
2025-08-14 17:41:20,035 - INFO - 发现策略: MACD零轴启动_v1.0 (MacdZeroAxisStrategy)
2025-08-14 17:41:20,035 - INFO - 发现策略: 临界金叉_v1.0 (PreCrossStrategy)
2025-08-14 17:41:20,035 - INFO - 发现策略: MACD零轴启动_v1.0 (MacdZeroAxisStrategy)
2025-08-14 17:41:20,035 - INFO - 发现策略: MACD零轴启动_v1.0 (MacdZeroAxisStrategy)
2025-08-14 17:41:20,035 - INFO - 发现策略: 三重金叉_v1.0 (TripleCrossStrategy)
2025-08-14 17:41:20,035 - INFO - 发现策略: 深渊筑底策略_v2.0 (AbyssBottomingStrategy)
2025-08-14 17:41:20,035 - INFO - 发现策略: 深渊筑底策略_v2.0 (AbyssBottomingStrategy)
2025-08-14 17:41:20,035 - INFO - 发现策略: 深渊筑底策略_v2.0 (AbyssBottomingStrategy)
2025-08-14 17:41:20,036 - INFO - 发现策略: 临界金叉_v1.0 (PreCrossStrategy)
2025-08-14 17:41:20,036 - INFO - 发现策略: 三重金叉_v1.0 (TripleCrossStrategy)
2025-08-14 17:41:20,036 - INFO - 发现策略: 临界金叉_v1.0 (PreCrossStrategy)
2025-08-14 17:41:20,036 - INFO - 发现策略: 临界金叉_v1.0 (PreCrossStrategy)
2025-08-14 17:41:20,036 - INFO - 发现策略: 三重金叉_v1.0 (TripleCrossStrategy)
2025-08-14 17:41:20,036 - INFO - 发现策略: 三重金叉_v1.0 (TripleCrossStrategy)
2025-08-14 17:41:20,039 - INFO - 发现策略: 周线金叉+日线MA_v1.0 (WeeklyGoldenCrossMaStrategy)
2025-08-14 17:41:20,039 - INFO - 发现策略: MACD零轴启动_v1.0 (MacdZeroAxisStrategy)
2025-08-14 17:41:20,039 - INFO - 发现策略: 深渊筑底策略_v2.0 (AbyssBottomingStrategy)
2025-08-14 17:41:20,040 - INFO - 发现策略: 临界金叉_v1.0 (PreCrossStrategy)
2025-08-14 17:41:20,040 - INFO - 发现策略: 三重金叉_v1.0 (TripleCrossStrategy)
2025-08-14 17:41:20,041 - INFO - 发现策略: 周线金叉+日线MA_v1.0 (WeeklyGoldenCrossMaStrategy)
2025-08-14 17:41:20,041 - INFO - 发现策略: MACD零轴启动_v1.0 (MacdZeroAxisStrategy)
2025-08-14 17:41:20,041 - INFO - 发现策略: 深渊筑底策略_v2.0 (AbyssBottomingStrategy)
2025-08-14 17:41:20,041 - INFO - 发现策略: 临界金叉_v1.0 (PreCrossStrategy)
2025-08-14 17:41:20,041 - INFO - 发现策略: 三重金叉_v1.0 (TripleCrossStrategy)
2025-08-14 17:41:20,045 - INFO - 发现策略: 周线金叉+日线MA_v1.0 (WeeklyGoldenCrossMaStrategy)
2025-08-14 17:41:20,045 - INFO - 发现策略: MACD零轴启动_v1.0 (MacdZeroAxisStrategy)
2025-08-14 17:41:20,045 - INFO - 发现策略: 深渊筑底策略_v2.0 (AbyssBottomingStrategy)
2025-08-14 17:41:20,045 - INFO - 发现策略: 临界金叉_v1.0 (PreCrossStrategy)
2025-08-14 17:41:20,045 - INFO - 发现策略: 三重金叉_v1.0 (TripleCrossStrategy)
2025-08-14 17:41:20,046 - INFO - 发现策略: 周线金叉+日线MA_v1.0 (WeeklyGoldenCrossMaStrategy)
2025-08-14 17:41:20,046 - INFO - 发现策略: MACD零轴启动_v1.0 (MacdZeroAxisStrategy)
2025-08-14 17:41:20,046 - INFO - 发现策略: 深渊筑底策略_v2.0 (AbyssBottomingStrategy)
2025-08-14 17:41:20,047 - INFO - 发现策略: 临界金叉_v1.0 (PreCrossStrategy)
2025-08-14 17:41:20,047 - INFO - 发现策略: 三重金叉_v1.0 (TripleCrossStrategy)
2025-08-14 17:41:20,048 - INFO - 发现策略: 周线金叉+日线MA_v1.0 (WeeklyGoldenCrossMaStrategy)
2025-08-14 17:41:20,048 - INFO - 发现策略: MACD零轴启动_v1.0 (MacdZeroAxisStrategy)
2025-08-14 17:41:20,048 - INFO - 发现策略: 深渊筑底策略_v2.0 (AbyssBottomingStrategy)
2025-08-14 17:41:20,048 - INFO - 发现策略: 临界金叉_v1.0 (PreCrossStrategy)
2025-08-14 17:41:20,048 - INFO - 发现策略: 三重金叉_v1.0 (TripleCrossStrategy)
2025-08-14 17:41:20,049 - INFO - 发现策略: 周线金叉+日线MA_v1.0 (WeeklyGoldenCrossMaStrategy)
2025-08-14 17:41:20,049 - INFO - 发现策略: 周线金叉+日线MA_v1.0 (WeeklyGoldenCrossMaStrategy)
2025-08-14 17:41:20,049 - INFO - 发现策略: MACD零轴启动_v1.0 (MacdZeroAxisStrategy)
2025-08-14 17:41:20,049 - INFO - 发现策略: MACD零轴启动_v1.0 (MacdZeroAxisStrategy)
2025-08-14 17:41:20,049 - INFO - 发现策略: 深渊筑底策略_v2.0 (AbyssBottomingStrategy)
2025-08-14 17:41:20,049 - INFO - 发现策略: 深渊筑底策略_v2.0 (AbyssBottomingStrategy)
2025-08-14 17:41:20,049 - INFO - 发现策略: 临界金叉_v1.0 (PreCrossStrategy)
2025-08-14 17:41:20,050 - INFO - 发现策略: 临界金叉_v1.0 (PreCrossStrategy)
2025-08-14 17:41:20,050 - INFO - 发现策略: 三重金叉_v1.0 (TripleCrossStrategy)
2025-08-14 17:41:20,050 - INFO - 发现策略: 三重金叉_v1.0 (TripleCrossStrategy)
2025-08-14 17:41:20,050 - INFO - 发现策略: 周线金叉+日线MA_v1.0 (WeeklyGoldenCrossMaStrategy)
2025-08-14 17:41:20,050 - INFO - 发现策略: MACD零轴启动_v1.0 (MacdZeroAxisStrategy)
2025-08-14 17:41:20,050 - INFO - 发现策略: 深渊筑底策略_v2.0 (AbyssBottomingStrategy)
2025-08-14 17:41:20,050 - INFO - 发现策略: 临界金叉_v1.0 (PreCrossStrategy)
2025-08-14 17:41:20,050 - INFO - 发现策略: 三重金叉_v1.0 (TripleCrossStrategy)
2025-08-14 17:41:20,052 - INFO - 发现策略: 周线金叉+日线MA_v1.0 (WeeklyGoldenCrossMaStrategy)
2025-08-14 17:41:20,052 - INFO - 发现策略: MACD零轴启动_v1.0 (MacdZeroAxisStrategy)
2025-08-14 17:41:20,052 - INFO - 发现策略: 深渊筑底策略_v2.0 (AbyssBottomingStrategy)
2025-08-14 17:41:20,052 - INFO - 发现策略: 临界金叉_v1.0 (PreCrossStrategy)
2025-08-14 17:41:20,052 - INFO - 发现策略: 三重金叉_v1.0 (TripleCrossStrategy)
2025-08-14 17:41:20,056 - INFO - 发现策略: 周线金叉+日线MA_v1.0 (WeeklyGoldenCrossMaStrategy)
2025-08-14 17:41:20,057 - INFO - 发现策略: MACD零轴启动_v1.0 (MacdZeroAxisStrategy)
2025-08-14 17:41:20,057 - INFO - 发现策略: 深渊筑底策略_v2.0 (AbyssBottomingStrategy)
2025-08-14 17:41:20,057 - INFO - 发现策略: 临界金叉_v1.0 (PreCrossStrategy)
2025-08-14 17:41:20,057 - INFO - 发现策略: 三重金叉_v1.0 (TripleCrossStrategy)
2025-08-14 17:41:20,057 - INFO - 发现策略: 周线金叉+日线MA_v1.0 (WeeklyGoldenCrossMaStrategy)
2025-08-14 17:41:20,057 - INFO - 发现策略: MACD零轴启动_v1.0 (MacdZeroAxisStrategy)
2025-08-14 17:41:20,057 - INFO - 发现策略: 深渊筑底策略_v2.0 (AbyssBottomingStrategy)
2025-08-14 17:41:20,057 - INFO - 发现策略: 临界金叉_v1.0 (PreCrossStrategy)
2025-08-14 17:41:20,058 - INFO - 发现策略: 三重金叉_v1.0 (TripleCrossStrategy)
2025-08-14 17:41:20,060 - INFO - 发现策略: 周线金叉+日线MA_v1.0 (WeeklyGoldenCrossMaStrategy)
2025-08-14 17:41:20,060 - INFO - 发现策略: MACD零轴启动_v1.0 (MacdZeroAxisStrategy)
2025-08-14 17:41:20,060 - INFO - 发现策略: 深渊筑底策略_v2.0 (AbyssBottomingStrategy)
2025-08-14 17:41:20,060 - INFO - 发现策略: 临界金叉_v1.0 (PreCrossStrategy)
2025-08-14 17:41:20,060 - INFO - 发现策略: 周线金叉+日线MA_v1.0 (WeeklyGoldenCrossMaStrategy)
2025-08-14 17:41:20,060 - INFO - 发现策略: 三重金叉_v1.0 (TripleCrossStrategy)
2025-08-14 17:41:20,060 - INFO - 发现策略: MACD零轴启动_v1.0 (MacdZeroAxisStrategy)
2025-08-14 17:41:20,061 - INFO - 发现策略: 深渊筑底策略_v2.0 (AbyssBottomingStrategy)
2025-08-14 17:41:20,061 - INFO - 发现策略: 临界金叉_v1.0 (PreCrossStrategy)
2025-08-14 17:41:20,061 - INFO - 发现策略: 三重金叉_v1.0 (TripleCrossStrategy)
2025-08-14 17:41:20,063 - INFO - 发现策略: 周线金叉+日线MA_v1.0 (WeeklyGoldenCrossMaStrategy)
2025-08-14 17:41:20,063 - INFO - 发现策略: MACD零轴启动_v1.0 (MacdZeroAxisStrategy)
2025-08-14 17:41:20,063 - INFO - 发现策略: 深渊筑底策略_v2.0 (AbyssBottomingStrategy)
2025-08-14 17:41:20,063 - INFO - 发现策略: 临界金叉_v1.0 (PreCrossStrategy)
2025-08-14 17:41:20,063 - INFO - 发现策略: 三重金叉_v1.0 (TripleCrossStrategy)
2025-08-14 17:41:20,065 - INFO - 发现策略: 周线金叉+日线MA_v1.0 (WeeklyGoldenCrossMaStrategy)
2025-08-14 17:41:20,065 - INFO - 发现策略: MACD零轴启动_v1.0 (MacdZeroAxisStrategy)
2025-08-14 17:41:20,065 - INFO - 发现策略: 深渊筑底策略_v2.0 (AbyssBottomingStrategy)
2025-08-14 17:41:20,065 - INFO - 发现策略: 周线金叉+日线MA_v1.0 (WeeklyGoldenCrossMaStrategy)
2025-08-14 17:41:20,065 - INFO - 发现策略: 临界金叉_v1.0 (PreCrossStrategy)
2025-08-14 17:41:20,065 - INFO - 发现策略: 三重金叉_v1.0 (TripleCrossStrategy)
2025-08-14 17:41:20,065 - INFO - 发现策略: MACD零轴启动_v1.0 (MacdZeroAxisStrategy)
2025-08-14 17:41:20,065 - INFO - 发现策略: 深渊筑底策略_v2.0 (AbyssBottomingStrategy)
2025-08-14 17:41:20,066 - INFO - 发现策略: 临界金叉_v1.0 (PreCrossStrategy)
2025-08-14 17:41:20,066 - INFO - 发现策略: 三重金叉_v1.0 (TripleCrossStrategy)
2025-08-14 17:41:20,066 - INFO - 发现策略: 周线金叉+日线MA_v1.0 (WeeklyGoldenCrossMaStrategy)
2025-08-14 17:41:20,066 - INFO - 发现策略: MACD零轴启动_v1.0 (MacdZeroAxisStrategy)
2025-08-14 17:41:20,067 - INFO - 发现策略: 深渊筑底策略_v2.0 (AbyssBottomingStrategy)
2025-08-14 17:41:20,067 - INFO - 发现策略: 临界金叉_v1.0 (PreCrossStrategy)
2025-08-14 17:41:20,067 - INFO - 发现策略: 三重金叉_v1.0 (TripleCrossStrategy)
2025-08-14 17:41:20,070 - INFO - 发现策略: 周线金叉+日线MA_v1.0 (WeeklyGoldenCrossMaStrategy)
2025-08-14 17:41:20,070 - INFO - 发现策略: MACD零轴启动_v1.0 (MacdZeroAxisStrategy)
2025-08-14 17:41:20,070 - INFO - 发现策略: 深渊筑底策略_v2.0 (AbyssBottomingStrategy)
2025-08-14 17:41:20,070 - INFO - 发现策略: 临界金叉_v1.0 (PreCrossStrategy)
2025-08-14 17:41:20,070 - INFO - 发现策略: 三重金叉_v1.0 (TripleCrossStrategy)
2025-08-14 17:41:20,071 - INFO - 发现策略: 周线金叉+日线MA_v1.0 (WeeklyGoldenCrossMaStrategy)
2025-08-14 17:41:20,071 - INFO - 发现策略: MACD零轴启动_v1.0 (MacdZeroAxisStrategy)
2025-08-14 17:41:20,071 - INFO - 发现策略: 深渊筑底策略_v2.0 (AbyssBottomingStrategy)
2025-08-14 17:41:20,071 - INFO - 发现策略: 临界金叉_v1.0 (PreCrossStrategy)
2025-08-14 17:41:20,071 - INFO - 发现策略: 三重金叉_v1.0 (TripleCrossStrategy)
2025-08-14 17:41:20,072 - INFO - 发现策略: 周线金叉+日线MA_v1.0 (WeeklyGoldenCrossMaStrategy)
2025-08-14 17:41:20,072 - INFO - 发现策略: MACD零轴启动_v1.0 (MacdZeroAxisStrategy)
2025-08-14 17:41:20,072 - INFO - 发现策略: 深渊筑底策略_v2.0 (AbyssBottomingStrategy)
2025-08-14 17:41:20,072 - INFO - 发现策略: 临界金叉_v1.0 (PreCrossStrategy)
2025-08-14 17:41:20,072 - INFO - 发现策略: 三重金叉_v1.0 (TripleCrossStrategy)
2025-08-14 17:41:20,073 - INFO - 发现策略: 周线金叉+日线MA_v1.0 (WeeklyGoldenCrossMaStrategy)
2025-08-14 17:41:20,073 - INFO - 发现策略: MACD零轴启动_v1.0 (MacdZeroAxisStrategy)
2025-08-14 17:41:20,073 - INFO - 发现策略: 深渊筑底策略_v2.0 (AbyssBottomingStrategy)
2025-08-14 17:41:20,073 - INFO - 发现策略: 临界金叉_v1.0 (PreCrossStrategy)
2025-08-14 17:41:20,073 - INFO - 发现策略: 三重金叉_v1.0 (TripleCrossStrategy)
2025-08-14 17:41:20,077 - INFO - 发现策略: 周线金叉+日线MA_v1.0 (WeeklyGoldenCrossMaStrategy)
2025-08-14 17:41:20,077 - INFO - 发现策略: MACD零轴启动_v1.0 (MacdZeroAxisStrategy)
2025-08-14 17:41:20,077 - INFO - 发现策略: 深渊筑底策略_v2.0 (AbyssBottomingStrategy)
2025-08-14 17:41:20,077 - INFO - 发现策略: 临界金叉_v1.0 (PreCrossStrategy)
2025-08-14 17:41:20,077 - INFO - 发现策略: 三重金叉_v1.0 (TripleCrossStrategy)
2025-08-14 17:41:20,079 - INFO - 发现策略: 周线金叉+日线MA_v1.0 (WeeklyGoldenCrossMaStrategy)
2025-08-14 17:41:20,079 - INFO - 发现策略: MACD零轴启动_v1.0 (MacdZeroAxisStrategy)
2025-08-14 17:41:20,079 - INFO - 发现策略: 深渊筑底策略_v2.0 (AbyssBottomingStrategy)
2025-08-14 17:41:20,079 - INFO - 发现策略: 临界金叉_v1.0 (PreCrossStrategy)
2025-08-14 17:41:20,080 - INFO - 发现策略: 三重金叉_v1.0 (TripleCrossStrategy)
2025-08-14 17:41:20,081 - INFO - 发现策略: 周线金叉+日线MA_v1.0 (WeeklyGoldenCrossMaStrategy)
2025-08-14 17:41:20,081 - INFO - 发现策略: MACD零轴启动_v1.0 (MacdZeroAxisStrategy)
2025-08-14 17:41:20,081 - INFO - 发现策略: 深渊筑底策略_v2.0 (AbyssBottomingStrategy)
2025-08-14 17:41:20,081 - INFO - 发现策略: 临界金叉_v1.0 (PreCrossStrategy)
2025-08-14 17:41:20,081 - INFO - 发现策略: 三重金叉_v1.0 (TripleCrossStrategy)
2025-08-14 17:41:20,082 - INFO - 发现策略: 周线金叉+日线MA_v1.0 (WeeklyGoldenCrossMaStrategy)
2025-08-14 17:41:20,082 - INFO - 发现策略: MACD零轴启动_v1.0 (MacdZeroAxisStrategy)
2025-08-14 17:41:20,082 - INFO - 发现策略: 深渊筑底策略_v2.0 (AbyssBottomingStrategy)
2025-08-14 17:41:20,082 - INFO - 发现策略: 临界金叉_v1.0 (PreCrossStrategy)
2025-08-14 17:41:20,083 - INFO - 发现策略: 三重金叉_v1.0 (TripleCrossStrategy)
2025-08-14 17:41:20,084 - INFO - 发现策略: 周线金叉+日线MA_v1.0 (WeeklyGoldenCrossMaStrategy)
2025-08-14 17:41:20,084 - INFO - 发现策略: MACD零轴启动_v1.0 (MacdZeroAxisStrategy)
2025-08-14 17:41:20,084 - INFO - 发现策略: 深渊筑底策略_v2.0 (AbyssBottomingStrategy)
2025-08-14 17:41:20,084 - INFO - 发现策略: 临界金叉_v1.0 (PreCrossStrategy)
2025-08-14 17:41:20,085 - INFO - 发现策略: 三重金叉_v1.0 (TripleCrossStrategy)
2025-08-14 17:41:20,085 - INFO - 发现策略: 周线金叉+日线MA_v1.0 (WeeklyGoldenCrossMaStrategy)
2025-08-14 17:41:20,085 - INFO - 发现策略: MACD零轴启动_v1.0 (MacdZeroAxisStrategy)
2025-08-14 17:41:20,085 - INFO - 发现策略: 深渊筑底策略_v2.0 (AbyssBottomingStrategy)
2025-08-14 17:41:20,085 - INFO - 发现策略: 临界金叉_v1.0 (PreCrossStrategy)
2025-08-14 17:41:20,085 - INFO - 发现策略: 三重金叉_v1.0 (TripleCrossStrategy)
2025-08-14 17:41:20,086 - INFO - 发现策略: 周线金叉+日线MA_v1.0 (WeeklyGoldenCrossMaStrategy)
2025-08-14 17:41:20,086 - INFO - 发现策略: 周线金叉+日线MA_v1.0 (WeeklyGoldenCrossMaStrategy)
2025-08-14 17:41:20,087 - INFO - 发现策略: MACD零轴启动_v1.0 (MacdZeroAxisStrategy)
2025-08-14 17:41:20,087 - INFO - 发现策略: MACD零轴启动_v1.0 (MacdZeroAxisStrategy)
2025-08-14 17:41:20,087 - INFO - 发现策略: 深渊筑底策略_v2.0 (AbyssBottomingStrategy)
2025-08-14 17:41:20,087 - INFO - 发现策略: 临界金叉_v1.0 (PreCrossStrategy)
2025-08-14 17:41:20,087 - INFO - 发现策略: 深渊筑底策略_v2.0 (AbyssBottomingStrategy)
2025-08-14 17:41:20,087 - INFO - 发现策略: 三重金叉_v1.0 (TripleCrossStrategy)
2025-08-14 17:41:20,087 - INFO - 发现策略: 临界金叉_v1.0 (PreCrossStrategy)
2025-08-14 17:41:20,087 - INFO - 发现策略: 三重金叉_v1.0 (TripleCrossStrategy)
2025-08-14 17:41:54,200 - INFO - 加载配置文件: /home/hypnosis/data/quant_base/backend/strategies_config.json
2025-08-14 17:41:54,200 - INFO - 配置加载成功: 5 个策略
2025-08-14 17:41:54,200 - INFO - 配置管理器初始化完成，配置文件: /home/hypnosis/data/quant_base/config/unified_strategy_config.json
2025-08-14 17:41:54,202 - INFO - 通用筛选器初始化完成
2025-08-14 17:41:54,202 - INFO - ===== 开始执行通用股票筛选 =====
2025-08-14 17:41:54,219 - INFO - 共找到 8973 个股票文件
2025-08-14 17:41:54,219 - INFO - 启用的策略: ['深渊筑底策略_v2.0', '临界金叉_v1.0', '三重金叉_v1.0', 'MACD零轴启动_v1.0', '周线金叉+日线MA_v1.0']
2025-08-14 17:42:02,945 - INFO - 筛选完成，发现 54 个信号，耗时 8.74 秒
2025-08-14 17:42:02,946 - ERROR - 保存结果失败: Object of type int64 is not JSON serializable
