2025-08-14 16:38:12,320 - INFO - 加载配置文件: /home/hypnosis/data/quant_base/backend/strategies_config.json
2025-08-14 16:38:12,320 - INFO - 通用筛选器初始化完成
2025-08-14 16:38:12,320 - INFO - 策略初始化: 深渊筑底策略 v2.0
2025-08-14 16:38:12,320 - INFO - 策略初始化: 临界金叉 v1.0
2025-08-14 16:38:12,320 - INFO - 策略初始化: 三重金叉 v1.0
2025-08-14 16:38:12,320 - INFO - 策略初始化: MACD零轴启动 v1.0
2025-08-14 16:38:12,320 - INFO - 策略初始化: 周线金叉+日线MA v1.0
2025-08-14 16:38:12,320 - INFO - ===== 开始执行通用股票筛选 =====
2025-08-14 16:38:12,326 - INFO - 共找到 8973 个股票文件
2025-08-14 16:38:12,326 - INFO - 启用的策略: ['深渊筑底策略_v2.0', '临界金叉_v1.0', '三重金叉_v1.0', 'MACD零轴启动_v1.0', '周线金叉+日线MA_v1.0']
2025-08-14 16:38:12,340 - ERROR - 多进程处理失败: Can't pickle <class 'strategies.weekly_golden_cross_ma_strategy.WeeklyGoldenCrossMaStrategy'>: it's not the same object as strategies.weekly_golden_cross_ma_strategy.WeeklyGoldenCrossMaStrategy
2025-08-14 16:38:12,344 - INFO - 策略初始化: 深渊筑底策略 v2.0
2025-08-14 16:38:12,344 - INFO - 创建策略实例: 深渊筑底策略_v2.0
2025-08-14 16:38:12,347 - INFO - 策略初始化: 临界金叉 v1.0
2025-08-14 16:38:12,347 - INFO - 创建策略实例: 临界金叉_v1.0
2025-08-14 16:38:12,349 - INFO - 策略初始化: 三重金叉 v1.0
2025-08-14 16:38:12,349 - INFO - 创建策略实例: 三重金叉_v1.0
2025-08-14 16:38:12,351 - INFO - 策略初始化: MACD零轴启动 v1.0
2025-08-14 16:38:12,351 - INFO - 创建策略实例: MACD零轴启动_v1.0
2025-08-14 16:38:12,352 - INFO - 策略初始化: 周线金叉+日线MA v1.0
2025-08-14 16:38:12,352 - INFO - 创建策略实例: 周线金叉+日线MA_v1.0
2025-08-14 16:38:13,541 - INFO - 发现信号: sh603276 - 深渊筑底策略 - BUY
2025-08-14 16:38:14,226 - INFO - 发现信号: sh603517 - 周线金叉+日线MA - BUY
2025-08-14 16:38:14,313 - INFO - 发现信号: sh600171 - 周线金叉+日线MA - BUY
2025-08-14 16:38:14,456 - INFO - 发现信号: sh600355 - 深渊筑底策略 - BUY
2025-08-14 16:38:18,382 - INFO - 发现信号: sh603178 - 深渊筑底策略 - BUY
2025-08-14 16:38:18,500 - INFO - 发现信号: sh600054 - 周线金叉+日线MA - BUY
2025-08-14 16:38:19,055 - INFO - 发现信号: sh603050 - 深渊筑底策略 - BUY
2025-08-14 16:38:20,309 - INFO - 发现信号: sh600546 - 深渊筑底策略 - BUY
2025-08-14 16:38:20,435 - INFO - 发现信号: sh600860 - 周线金叉+日线MA - BUY
2025-08-14 16:38:21,057 - INFO - 发现信号: sh600702 - 深渊筑底策略 - BUY
2025-08-14 16:38:22,713 - INFO - 发现信号: sh605577 - 深渊筑底策略 - BUY
2025-08-14 16:38:23,720 - INFO - 发现信号: sh688593 - 周线金叉+日线MA - BUY
2025-08-14 16:38:24,655 - INFO - 发现信号: sh600026 - 深渊筑底策略 - BUY
2025-08-14 16:38:27,136 - INFO - 发现信号: sh603366 - 深渊筑底策略 - BUY
2025-08-14 16:38:28,023 - INFO - 发现信号: sh603721 - 深渊筑底策略 - BUY
2025-08-14 16:38:30,310 - INFO - 发现信号: sh603261 - 深渊筑底策略 - BUY
2025-08-14 16:38:30,551 - INFO - 发现信号: sh688620 - 周线金叉+日线MA - BUY
2025-08-14 16:38:31,782 - INFO - 发现信号: sh603348 - 深渊筑底策略 - BUY
2025-08-14 16:38:33,214 - INFO - 发现信号: sh688496 - 深渊筑底策略 - BUY
2025-08-14 16:38:35,032 - INFO - 发现信号: sh600199 - 深渊筑底策略 - BUY
2025-08-14 16:38:38,315 - INFO - 发现信号: sh603231 - 深渊筑底策略 - BUY
2025-08-14 16:38:39,515 - INFO - 发现信号: sh600756 - 周线金叉+日线MA - BUY
2025-08-14 16:38:40,411 - INFO - 发现信号: sz003032 - 深渊筑底策略 - BUY
2025-08-14 16:38:40,953 - INFO - 发现信号: sz000595 - 深渊筑底策略 - BUY
2025-08-14 16:38:42,896 - INFO - 发现信号: sz001378 - 深渊筑底策略 - BUY
2025-08-14 16:38:44,289 - INFO - 发现信号: sz000736 - 深渊筑底策略 - BUY
2025-08-14 16:38:44,842 - INFO - 发现信号: sz002182 - 深渊筑底策略 - BUY
2025-08-14 16:38:45,198 - INFO - 发现信号: sz300097 - 深渊筑底策略 - BUY
2025-08-14 16:38:45,384 - INFO - 发现信号: sz002581 - 深渊筑底策略 - POTENTIAL_BUY
2025-08-14 16:38:45,632 - INFO - 发现信号: sz000723 - 深渊筑底策略 - BUY
2025-08-14 16:38:46,364 - INFO - 发现信号: sz003004 - 深渊筑底策略 - BUY
2025-08-14 16:38:47,628 - INFO - 发现信号: sz002662 - 周线金叉+日线MA - BUY
2025-08-14 16:38:49,500 - INFO - 发现信号: sz002762 - 深渊筑底策略 - BUY
2025-08-14 16:38:51,801 - INFO - 发现信号: sz300147 - 深渊筑底策略 - BUY
2025-08-14 16:38:51,840 - INFO - 发现信号: sz300389 - 深渊筑底策略 - BUY
2025-08-14 16:38:52,857 - INFO - 发现信号: sz002521 - 深渊筑底策略 - BUY
2025-08-14 16:38:54,375 - INFO - 发现信号: sz002531 - 深渊筑底策略 - BUY
2025-08-14 16:38:55,033 - INFO - 发现信号: sz002101 - 周线金叉+日线MA - BUY
2025-08-14 16:38:55,154 - INFO - 发现信号: sz300052 - 深渊筑底策略 - BUY
2025-08-14 16:38:55,418 - INFO - 发现信号: sz002630 - 深渊筑底策略 - BUY
2025-08-14 16:38:55,583 - INFO - 发现信号: sz300175 - 深渊筑底策略 - BUY
2025-08-14 16:38:56,199 - INFO - 发现信号: sz000518 - 深渊筑底策略 - BUY
2025-08-14 16:38:56,374 - INFO - 发现信号: sz001300 - 深渊筑底策略 - BUY
