2025-08-14 16:33:21,182 - INFO - 加载配置文件: /home/hypnosis/data/quant_base/backend/strategies_config.json
2025-08-14 16:33:21,183 - INFO - 通用筛选器初始化完成
2025-08-14 16:33:21,183 - INFO - 策略初始化: 深渊筑底策略 v2.0
2025-08-14 16:33:21,183 - INFO - ===== 开始执行通用股票筛选 =====
2025-08-14 16:33:21,189 - INFO - 共找到 8973 个股票文件
2025-08-14 16:33:21,189 - INFO - 启用的策略: ['深渊筑底策略_v2.0', '临界金叉_v1.0', '三重金叉_v1.0', 'macd零轴启动_v1.0', '周线金叉+日线ma_v1.0']
2025-08-14 16:33:21,203 - ERROR - 多进程处理失败: Can't pickle <class 'strategies.abyss_bottoming_strategy.AbyssBottomingStrategy'>: it's not the same object as strategies.abyss_bottoming_strategy.AbyssBottomingStrategy
2025-08-14 16:33:21,208 - INFO - 策略初始化: 深渊筑底策略 v2.0
2025-08-14 16:33:21,208 - INFO - 创建策略实例: 深渊筑底策略_v2.0
2025-08-14 16:33:21,211 - ERROR - 策略未注册: 临界金叉_v1.0
2025-08-14 16:33:21,211 - ERROR - 策略未注册: 三重金叉_v1.0
2025-08-14 16:33:21,211 - ERROR - 策略未注册: macd零轴启动_v1.0
2025-08-14 16:33:21,211 - ERROR - 策略未注册: 周线金叉+日线ma_v1.0
2025-08-14 16:33:21,215 - ERROR - 策略未注册: 临界金叉_v1.0
2025-08-14 16:33:21,216 - ERROR - 策略未注册: 三重金叉_v1.0
2025-08-14 16:33:21,216 - ERROR - 策略未注册: macd零轴启动_v1.0
2025-08-14 16:33:21,216 - ERROR - 策略未注册: 周线金叉+日线ma_v1.0
2025-08-14 16:33:21,218 - ERROR - 策略未注册: 临界金叉_v1.0
2025-08-14 16:33:21,218 - ERROR - 策略未注册: 三重金叉_v1.0
2025-08-14 16:33:21,218 - ERROR - 策略未注册: macd零轴启动_v1.0
2025-08-14 16:33:21,218 - ERROR - 策略未注册: 周线金叉+日线ma_v1.0
2025-08-14 16:33:21,222 - ERROR - 策略未注册: 临界金叉_v1.0
2025-08-14 16:33:21,222 - ERROR - 策略未注册: 三重金叉_v1.0
2025-08-14 16:33:21,222 - ERROR - 策略未注册: macd零轴启动_v1.0
2025-08-14 16:33:21,222 - ERROR - 策略未注册: 周线金叉+日线ma_v1.0
2025-08-14 16:33:21,226 - ERROR - 策略未注册: 临界金叉_v1.0
2025-08-14 16:33:21,226 - ERROR - 策略未注册: 三重金叉_v1.0
2025-08-14 16:33:21,226 - ERROR - 策略未注册: macd零轴启动_v1.0
2025-08-14 16:33:21,226 - ERROR - 策略未注册: 周线金叉+日线ma_v1.0
2025-08-14 16:33:21,230 - ERROR - 策略未注册: 临界金叉_v1.0
2025-08-14 16:33:21,230 - ERROR - 策略未注册: 三重金叉_v1.0
2025-08-14 16:33:21,230 - ERROR - 策略未注册: macd零轴启动_v1.0
2025-08-14 16:33:21,230 - ERROR - 策略未注册: 周线金叉+日线ma_v1.0
2025-08-14 16:33:21,233 - ERROR - 策略未注册: 临界金叉_v1.0
2025-08-14 16:33:21,233 - ERROR - 策略未注册: 三重金叉_v1.0
2025-08-14 16:33:21,233 - ERROR - 策略未注册: macd零轴启动_v1.0
2025-08-14 16:33:21,233 - ERROR - 策略未注册: 周线金叉+日线ma_v1.0
2025-08-14 16:33:21,237 - ERROR - 策略未注册: 临界金叉_v1.0
2025-08-14 16:33:21,237 - ERROR - 策略未注册: 三重金叉_v1.0
2025-08-14 16:33:21,237 - ERROR - 策略未注册: macd零轴启动_v1.0
2025-08-14 16:33:21,237 - ERROR - 策略未注册: 周线金叉+日线ma_v1.0
2025-08-14 16:33:21,241 - ERROR - 策略未注册: 临界金叉_v1.0
2025-08-14 16:33:21,241 - ERROR - 策略未注册: 三重金叉_v1.0
2025-08-14 16:33:21,241 - ERROR - 策略未注册: macd零轴启动_v1.0
2025-08-14 16:33:21,241 - ERROR - 策略未注册: 周线金叉+日线ma_v1.0
2025-08-14 16:33:21,245 - ERROR - 策略未注册: 临界金叉_v1.0
2025-08-14 16:33:21,245 - ERROR - 策略未注册: 三重金叉_v1.0
2025-08-14 16:33:21,245 - ERROR - 策略未注册: macd零轴启动_v1.0
2025-08-14 16:33:21,245 - ERROR - 策略未注册: 周线金叉+日线ma_v1.0
2025-08-14 16:33:21,249 - ERROR - 策略未注册: 临界金叉_v1.0
2025-08-14 16:33:21,249 - ERROR - 策略未注册: 三重金叉_v1.0
2025-08-14 16:33:21,249 - ERROR - 策略未注册: macd零轴启动_v1.0
2025-08-14 16:33:21,249 - ERROR - 策略未注册: 周线金叉+日线ma_v1.0
2025-08-14 16:33:21,252 - ERROR - 策略未注册: 临界金叉_v1.0
2025-08-14 16:33:21,252 - ERROR - 策略未注册: 三重金叉_v1.0
2025-08-14 16:33:21,252 - ERROR - 策略未注册: macd零轴启动_v1.0
2025-08-14 16:33:21,252 - ERROR - 策略未注册: 周线金叉+日线ma_v1.0
2025-08-14 16:33:21,255 - ERROR - 策略未注册: 临界金叉_v1.0
2025-08-14 16:33:21,255 - ERROR - 策略未注册: 三重金叉_v1.0
2025-08-14 16:33:21,255 - ERROR - 策略未注册: macd零轴启动_v1.0
2025-08-14 16:33:21,255 - ERROR - 策略未注册: 周线金叉+日线ma_v1.0
2025-08-14 16:33:21,259 - ERROR - 策略未注册: 临界金叉_v1.0
2025-08-14 16:33:21,259 - ERROR - 策略未注册: 三重金叉_v1.0
2025-08-14 16:33:21,259 - ERROR - 策略未注册: macd零轴启动_v1.0
2025-08-14 16:33:21,259 - ERROR - 策略未注册: 周线金叉+日线ma_v1.0
2025-08-14 16:33:21,263 - ERROR - 策略未注册: 临界金叉_v1.0
2025-08-14 16:33:21,263 - ERROR - 策略未注册: 三重金叉_v1.0
2025-08-14 16:33:21,263 - ERROR - 策略未注册: macd零轴启动_v1.0
2025-08-14 16:33:21,263 - ERROR - 策略未注册: 周线金叉+日线ma_v1.0
2025-08-14 16:33:21,266 - ERROR - 策略未注册: 临界金叉_v1.0
2025-08-14 16:33:21,266 - ERROR - 策略未注册: 三重金叉_v1.0
2025-08-14 16:33:21,266 - ERROR - 策略未注册: macd零轴启动_v1.0
2025-08-14 16:33:21,266 - ERROR - 策略未注册: 周线金叉+日线ma_v1.0
2025-08-14 16:33:21,270 - ERROR - 策略未注册: 临界金叉_v1.0
2025-08-14 16:33:21,270 - ERROR - 策略未注册: 三重金叉_v1.0
2025-08-14 16:33:21,270 - ERROR - 策略未注册: macd零轴启动_v1.0
2025-08-14 16:33:21,270 - ERROR - 策略未注册: 周线金叉+日线ma_v1.0
2025-08-14 16:33:21,273 - ERROR - 策略未注册: 临界金叉_v1.0
2025-08-14 16:33:21,273 - ERROR - 策略未注册: 三重金叉_v1.0
2025-08-14 16:33:21,274 - ERROR - 策略未注册: macd零轴启动_v1.0
2025-08-14 16:33:21,274 - ERROR - 策略未注册: 周线金叉+日线ma_v1.0
2025-08-14 16:33:21,277 - ERROR - 策略未注册: 临界金叉_v1.0
2025-08-14 16:33:21,277 - ERROR - 策略未注册: 三重金叉_v1.0
2025-08-14 16:33:21,277 - ERROR - 策略未注册: macd零轴启动_v1.0
2025-08-14 16:33:21,277 - ERROR - 策略未注册: 周线金叉+日线ma_v1.0
2025-08-14 16:33:21,281 - ERROR - 策略未注册: 临界金叉_v1.0
2025-08-14 16:33:21,281 - ERROR - 策略未注册: 三重金叉_v1.0
2025-08-14 16:33:21,281 - ERROR - 策略未注册: macd零轴启动_v1.0
2025-08-14 16:33:21,281 - ERROR - 策略未注册: 周线金叉+日线ma_v1.0
2025-08-14 16:33:21,285 - ERROR - 策略未注册: 临界金叉_v1.0
2025-08-14 16:33:21,285 - ERROR - 策略未注册: 三重金叉_v1.0
2025-08-14 16:33:21,285 - ERROR - 策略未注册: macd零轴启动_v1.0
2025-08-14 16:33:21,285 - ERROR - 策略未注册: 周线金叉+日线ma_v1.0
2025-08-14 16:33:21,288 - ERROR - 策略未注册: 临界金叉_v1.0
2025-08-14 16:33:21,288 - ERROR - 策略未注册: 三重金叉_v1.0
2025-08-14 16:33:21,288 - ERROR - 策略未注册: macd零轴启动_v1.0
2025-08-14 16:33:21,288 - ERROR - 策略未注册: 周线金叉+日线ma_v1.0
2025-08-14 16:33:21,292 - ERROR - 策略未注册: 临界金叉_v1.0
2025-08-14 16:33:21,292 - ERROR - 策略未注册: 三重金叉_v1.0
2025-08-14 16:33:21,292 - ERROR - 策略未注册: macd零轴启动_v1.0
2025-08-14 16:33:21,292 - ERROR - 策略未注册: 周线金叉+日线ma_v1.0
2025-08-14 16:33:21,296 - ERROR - 策略未注册: 临界金叉_v1.0
2025-08-14 16:33:21,296 - ERROR - 策略未注册: 三重金叉_v1.0
2025-08-14 16:33:21,296 - ERROR - 策略未注册: macd零轴启动_v1.0
2025-08-14 16:33:21,296 - ERROR - 策略未注册: 周线金叉+日线ma_v1.0
2025-08-14 16:33:21,300 - ERROR - 策略未注册: 临界金叉_v1.0
2025-08-14 16:33:21,300 - ERROR - 策略未注册: 三重金叉_v1.0
2025-08-14 16:33:21,300 - ERROR - 策略未注册: macd零轴启动_v1.0
2025-08-14 16:33:21,300 - ERROR - 策略未注册: 周线金叉+日线ma_v1.0
2025-08-14 16:33:21,304 - ERROR - 策略未注册: 临界金叉_v1.0
2025-08-14 16:33:21,304 - ERROR - 策略未注册: 三重金叉_v1.0
2025-08-14 16:33:21,304 - ERROR - 策略未注册: macd零轴启动_v1.0
2025-08-14 16:33:21,304 - ERROR - 策略未注册: 周线金叉+日线ma_v1.0
2025-08-14 16:33:21,308 - ERROR - 策略未注册: 临界金叉_v1.0
2025-08-14 16:33:21,308 - ERROR - 策略未注册: 三重金叉_v1.0
2025-08-14 16:33:21,308 - ERROR - 策略未注册: macd零轴启动_v1.0
2025-08-14 16:33:21,308 - ERROR - 策略未注册: 周线金叉+日线ma_v1.0
2025-08-14 16:33:21,313 - ERROR - 策略未注册: 临界金叉_v1.0
2025-08-14 16:33:21,313 - ERROR - 策略未注册: 三重金叉_v1.0
2025-08-14 16:33:21,313 - ERROR - 策略未注册: macd零轴启动_v1.0
2025-08-14 16:33:21,313 - ERROR - 策略未注册: 周线金叉+日线ma_v1.0
2025-08-14 16:33:21,316 - ERROR - 策略未注册: 临界金叉_v1.0
2025-08-14 16:33:21,316 - ERROR - 策略未注册: 三重金叉_v1.0
2025-08-14 16:33:21,316 - ERROR - 策略未注册: macd零轴启动_v1.0
2025-08-14 16:33:21,316 - ERROR - 策略未注册: 周线金叉+日线ma_v1.0
2025-08-14 16:33:21,320 - ERROR - 策略未注册: 临界金叉_v1.0
2025-08-14 16:33:21,320 - ERROR - 策略未注册: 三重金叉_v1.0
2025-08-14 16:33:21,320 - ERROR - 策略未注册: macd零轴启动_v1.0
2025-08-14 16:33:21,320 - ERROR - 策略未注册: 周线金叉+日线ma_v1.0
2025-08-14 16:33:21,324 - ERROR - 策略未注册: 临界金叉_v1.0
2025-08-14 16:33:21,324 - ERROR - 策略未注册: 三重金叉_v1.0
2025-08-14 16:33:21,324 - ERROR - 策略未注册: macd零轴启动_v1.0
2025-08-14 16:33:21,324 - ERROR - 策略未注册: 周线金叉+日线ma_v1.0
2025-08-14 16:33:21,328 - ERROR - 策略未注册: 临界金叉_v1.0
2025-08-14 16:33:21,328 - ERROR - 策略未注册: 三重金叉_v1.0
2025-08-14 16:33:21,328 - ERROR - 策略未注册: macd零轴启动_v1.0
2025-08-14 16:33:21,328 - ERROR - 策略未注册: 周线金叉+日线ma_v1.0
2025-08-14 16:33:21,332 - ERROR - 策略未注册: 临界金叉_v1.0
2025-08-14 16:33:21,332 - ERROR - 策略未注册: 三重金叉_v1.0
2025-08-14 16:33:21,332 - ERROR - 策略未注册: macd零轴启动_v1.0
2025-08-14 16:33:21,332 - ERROR - 策略未注册: 周线金叉+日线ma_v1.0
2025-08-14 16:33:21,335 - ERROR - 策略未注册: 临界金叉_v1.0
2025-08-14 16:33:21,335 - ERROR - 策略未注册: 三重金叉_v1.0
2025-08-14 16:33:21,335 - ERROR - 策略未注册: macd零轴启动_v1.0
2025-08-14 16:33:21,335 - ERROR - 策略未注册: 周线金叉+日线ma_v1.0
2025-08-14 16:33:21,337 - ERROR - 策略未注册: 临界金叉_v1.0
2025-08-14 16:33:21,337 - ERROR - 策略未注册: 三重金叉_v1.0
2025-08-14 16:33:21,338 - ERROR - 策略未注册: macd零轴启动_v1.0
2025-08-14 16:33:21,338 - ERROR - 策略未注册: 周线金叉+日线ma_v1.0
2025-08-14 16:33:21,341 - ERROR - 策略未注册: 临界金叉_v1.0
2025-08-14 16:33:21,341 - ERROR - 策略未注册: 三重金叉_v1.0
2025-08-14 16:33:21,341 - ERROR - 策略未注册: macd零轴启动_v1.0
2025-08-14 16:33:21,341 - ERROR - 策略未注册: 周线金叉+日线ma_v1.0
2025-08-14 16:33:21,345 - ERROR - 策略未注册: 临界金叉_v1.0
2025-08-14 16:33:21,345 - ERROR - 策略未注册: 三重金叉_v1.0
2025-08-14 16:33:21,345 - ERROR - 策略未注册: macd零轴启动_v1.0
2025-08-14 16:33:21,345 - ERROR - 策略未注册: 周线金叉+日线ma_v1.0
2025-08-14 16:33:21,349 - ERROR - 策略未注册: 临界金叉_v1.0
2025-08-14 16:33:21,349 - ERROR - 策略未注册: 三重金叉_v1.0
2025-08-14 16:33:21,349 - ERROR - 策略未注册: macd零轴启动_v1.0
2025-08-14 16:33:21,349 - ERROR - 策略未注册: 周线金叉+日线ma_v1.0
2025-08-14 16:33:21,353 - ERROR - 策略未注册: 临界金叉_v1.0
2025-08-14 16:33:21,353 - ERROR - 策略未注册: 三重金叉_v1.0
2025-08-14 16:33:21,353 - ERROR - 策略未注册: macd零轴启动_v1.0
2025-08-14 16:33:21,353 - ERROR - 策略未注册: 周线金叉+日线ma_v1.0
2025-08-14 16:33:21,356 - ERROR - 策略未注册: 临界金叉_v1.0
2025-08-14 16:33:21,356 - ERROR - 策略未注册: 三重金叉_v1.0
2025-08-14 16:33:21,356 - ERROR - 策略未注册: macd零轴启动_v1.0
2025-08-14 16:33:21,356 - ERROR - 策略未注册: 周线金叉+日线ma_v1.0
2025-08-14 16:33:21,360 - ERROR - 策略未注册: 临界金叉_v1.0
2025-08-14 16:33:21,360 - ERROR - 策略未注册: 三重金叉_v1.0
2025-08-14 16:33:21,360 - ERROR - 策略未注册: macd零轴启动_v1.0
2025-08-14 16:33:21,360 - ERROR - 策略未注册: 周线金叉+日线ma_v1.0
2025-08-14 16:33:21,364 - ERROR - 策略未注册: 临界金叉_v1.0
2025-08-14 16:33:21,364 - ERROR - 策略未注册: 三重金叉_v1.0
2025-08-14 16:33:21,364 - ERROR - 策略未注册: macd零轴启动_v1.0
2025-08-14 16:33:21,364 - ERROR - 策略未注册: 周线金叉+日线ma_v1.0
2025-08-14 16:33:21,368 - ERROR - 策略未注册: 临界金叉_v1.0
2025-08-14 16:33:21,368 - ERROR - 策略未注册: 三重金叉_v1.0
2025-08-14 16:33:21,368 - ERROR - 策略未注册: macd零轴启动_v1.0
2025-08-14 16:33:21,368 - ERROR - 策略未注册: 周线金叉+日线ma_v1.0
2025-08-14 16:33:21,372 - ERROR - 策略未注册: 临界金叉_v1.0
2025-08-14 16:33:21,372 - ERROR - 策略未注册: 三重金叉_v1.0
2025-08-14 16:33:21,372 - ERROR - 策略未注册: macd零轴启动_v1.0
2025-08-14 16:33:21,372 - ERROR - 策略未注册: 周线金叉+日线ma_v1.0
2025-08-14 16:33:21,375 - ERROR - 策略未注册: 临界金叉_v1.0
2025-08-14 16:33:21,375 - ERROR - 策略未注册: 三重金叉_v1.0
2025-08-14 16:33:21,375 - ERROR - 策略未注册: macd零轴启动_v1.0
2025-08-14 16:33:21,375 - ERROR - 策略未注册: 周线金叉+日线ma_v1.0
2025-08-14 16:33:21,379 - ERROR - 策略未注册: 临界金叉_v1.0
2025-08-14 16:33:21,379 - ERROR - 策略未注册: 三重金叉_v1.0
2025-08-14 16:33:21,379 - ERROR - 策略未注册: macd零轴启动_v1.0
2025-08-14 16:33:21,379 - ERROR - 策略未注册: 周线金叉+日线ma_v1.0
2025-08-14 16:33:21,383 - ERROR - 策略未注册: 临界金叉_v1.0
2025-08-14 16:33:21,383 - ERROR - 策略未注册: 三重金叉_v1.0
2025-08-14 16:33:21,383 - ERROR - 策略未注册: macd零轴启动_v1.0
2025-08-14 16:33:21,383 - ERROR - 策略未注册: 周线金叉+日线ma_v1.0
2025-08-14 16:33:21,387 - ERROR - 策略未注册: 临界金叉_v1.0
2025-08-14 16:33:21,387 - ERROR - 策略未注册: 三重金叉_v1.0
2025-08-14 16:33:21,387 - ERROR - 策略未注册: macd零轴启动_v1.0
2025-08-14 16:33:21,387 - ERROR - 策略未注册: 周线金叉+日线ma_v1.0
2025-08-14 16:33:21,390 - ERROR - 策略未注册: 临界金叉_v1.0
2025-08-14 16:33:21,390 - ERROR - 策略未注册: 三重金叉_v1.0
2025-08-14 16:33:21,390 - ERROR - 策略未注册: macd零轴启动_v1.0
2025-08-14 16:33:21,390 - ERROR - 策略未注册: 周线金叉+日线ma_v1.0
2025-08-14 16:33:21,394 - ERROR - 策略未注册: 临界金叉_v1.0
2025-08-14 16:33:21,394 - ERROR - 策略未注册: 三重金叉_v1.0
2025-08-14 16:33:21,394 - ERROR - 策略未注册: macd零轴启动_v1.0
2025-08-14 16:33:21,394 - ERROR - 策略未注册: 周线金叉+日线ma_v1.0
2025-08-14 16:33:21,398 - ERROR - 策略未注册: 临界金叉_v1.0
2025-08-14 16:33:21,398 - ERROR - 策略未注册: 三重金叉_v1.0
2025-08-14 16:33:21,398 - ERROR - 策略未注册: macd零轴启动_v1.0
2025-08-14 16:33:21,398 - ERROR - 策略未注册: 周线金叉+日线ma_v1.0
2025-08-14 16:33:21,401 - ERROR - 策略未注册: 临界金叉_v1.0
2025-08-14 16:33:21,401 - ERROR - 策略未注册: 三重金叉_v1.0
2025-08-14 16:33:21,401 - ERROR - 策略未注册: macd零轴启动_v1.0
2025-08-14 16:33:21,401 - ERROR - 策略未注册: 周线金叉+日线ma_v1.0
2025-08-14 16:33:21,404 - ERROR - 策略未注册: 临界金叉_v1.0
2025-08-14 16:33:21,404 - ERROR - 策略未注册: 三重金叉_v1.0
2025-08-14 16:33:21,405 - ERROR - 策略未注册: macd零轴启动_v1.0
2025-08-14 16:33:21,405 - ERROR - 策略未注册: 周线金叉+日线ma_v1.0
2025-08-14 16:33:21,408 - ERROR - 策略未注册: 临界金叉_v1.0
2025-08-14 16:33:21,408 - ERROR - 策略未注册: 三重金叉_v1.0
2025-08-14 16:33:21,408 - ERROR - 策略未注册: macd零轴启动_v1.0
2025-08-14 16:33:21,408 - ERROR - 策略未注册: 周线金叉+日线ma_v1.0
2025-08-14 16:33:21,412 - ERROR - 策略未注册: 临界金叉_v1.0
2025-08-14 16:33:21,412 - ERROR - 策略未注册: 三重金叉_v1.0
2025-08-14 16:33:21,412 - ERROR - 策略未注册: macd零轴启动_v1.0
2025-08-14 16:33:21,412 - ERROR - 策略未注册: 周线金叉+日线ma_v1.0
2025-08-14 16:33:21,416 - ERROR - 策略未注册: 临界金叉_v1.0
2025-08-14 16:33:21,416 - ERROR - 策略未注册: 三重金叉_v1.0
2025-08-14 16:33:21,416 - ERROR - 策略未注册: macd零轴启动_v1.0
2025-08-14 16:33:21,416 - ERROR - 策略未注册: 周线金叉+日线ma_v1.0
2025-08-14 16:33:21,419 - ERROR - 策略未注册: 临界金叉_v1.0
2025-08-14 16:33:21,419 - ERROR - 策略未注册: 三重金叉_v1.0
2025-08-14 16:33:21,419 - ERROR - 策略未注册: macd零轴启动_v1.0
2025-08-14 16:33:21,419 - ERROR - 策略未注册: 周线金叉+日线ma_v1.0
2025-08-14 16:33:21,420 - ERROR - 策略未注册: 临界金叉_v1.0
2025-08-14 16:33:21,420 - ERROR - 策略未注册: 三重金叉_v1.0
2025-08-14 16:33:21,420 - ERROR - 策略未注册: macd零轴启动_v1.0
2025-08-14 16:33:21,420 - ERROR - 策略未注册: 周线金叉+日线ma_v1.0
2025-08-14 16:33:21,424 - ERROR - 策略未注册: 临界金叉_v1.0
2025-08-14 16:33:21,424 - ERROR - 策略未注册: 三重金叉_v1.0
2025-08-14 16:33:21,424 - ERROR - 策略未注册: macd零轴启动_v1.0
2025-08-14 16:33:21,424 - ERROR - 策略未注册: 周线金叉+日线ma_v1.0
2025-08-14 16:33:21,428 - ERROR - 策略未注册: 临界金叉_v1.0
2025-08-14 16:33:21,428 - ERROR - 策略未注册: 三重金叉_v1.0
2025-08-14 16:33:21,428 - ERROR - 策略未注册: macd零轴启动_v1.0
2025-08-14 16:33:21,428 - ERROR - 策略未注册: 周线金叉+日线ma_v1.0
2025-08-14 16:33:21,432 - ERROR - 策略未注册: 临界金叉_v1.0
2025-08-14 16:33:21,432 - ERROR - 策略未注册: 三重金叉_v1.0
2025-08-14 16:33:21,432 - ERROR - 策略未注册: macd零轴启动_v1.0
2025-08-14 16:33:21,432 - ERROR - 策略未注册: 周线金叉+日线ma_v1.0
2025-08-14 16:33:21,435 - ERROR - 策略未注册: 临界金叉_v1.0
2025-08-14 16:33:21,435 - ERROR - 策略未注册: 三重金叉_v1.0
2025-08-14 16:33:21,435 - ERROR - 策略未注册: macd零轴启动_v1.0
2025-08-14 16:33:21,435 - ERROR - 策略未注册: 周线金叉+日线ma_v1.0
2025-08-14 16:33:21,439 - ERROR - 策略未注册: 临界金叉_v1.0
2025-08-14 16:33:21,439 - ERROR - 策略未注册: 三重金叉_v1.0
2025-08-14 16:33:21,439 - ERROR - 策略未注册: macd零轴启动_v1.0
2025-08-14 16:33:21,439 - ERROR - 策略未注册: 周线金叉+日线ma_v1.0
2025-08-14 16:33:21,441 - ERROR - 策略未注册: 临界金叉_v1.0
2025-08-14 16:33:21,441 - ERROR - 策略未注册: 三重金叉_v1.0
2025-08-14 16:33:21,441 - ERROR - 策略未注册: macd零轴启动_v1.0
2025-08-14 16:33:21,441 - ERROR - 策略未注册: 周线金叉+日线ma_v1.0
2025-08-14 16:33:21,442 - ERROR - 策略未注册: 临界金叉_v1.0
2025-08-14 16:33:21,442 - ERROR - 策略未注册: 三重金叉_v1.0
2025-08-14 16:33:21,442 - ERROR - 策略未注册: macd零轴启动_v1.0
2025-08-14 16:33:21,442 - ERROR - 策略未注册: 周线金叉+日线ma_v1.0
2025-08-14 16:33:21,445 - ERROR - 策略未注册: 临界金叉_v1.0
2025-08-14 16:33:21,445 - ERROR - 策略未注册: 三重金叉_v1.0
2025-08-14 16:33:21,445 - ERROR - 策略未注册: macd零轴启动_v1.0
2025-08-14 16:33:21,446 - ERROR - 策略未注册: 周线金叉+日线ma_v1.0
2025-08-14 16:33:21,449 - ERROR - 策略未注册: 临界金叉_v1.0
2025-08-14 16:33:21,449 - ERROR - 策略未注册: 三重金叉_v1.0
2025-08-14 16:33:21,449 - ERROR - 策略未注册: macd零轴启动_v1.0
2025-08-14 16:33:21,449 - ERROR - 策略未注册: 周线金叉+日线ma_v1.0
2025-08-14 16:33:21,452 - ERROR - 策略未注册: 临界金叉_v1.0
2025-08-14 16:33:21,452 - ERROR - 策略未注册: 三重金叉_v1.0
2025-08-14 16:33:21,453 - ERROR - 策略未注册: macd零轴启动_v1.0
2025-08-14 16:33:21,453 - ERROR - 策略未注册: 周线金叉+日线ma_v1.0
2025-08-14 16:33:21,456 - ERROR - 策略未注册: 临界金叉_v1.0
2025-08-14 16:33:21,456 - ERROR - 策略未注册: 三重金叉_v1.0
2025-08-14 16:33:21,456 - ERROR - 策略未注册: macd零轴启动_v1.0
2025-08-14 16:33:21,456 - ERROR - 策略未注册: 周线金叉+日线ma_v1.0
2025-08-14 16:33:21,460 - ERROR - 策略未注册: 临界金叉_v1.0
2025-08-14 16:33:21,460 - ERROR - 策略未注册: 三重金叉_v1.0
2025-08-14 16:33:21,460 - ERROR - 策略未注册: macd零轴启动_v1.0
2025-08-14 16:33:21,460 - ERROR - 策略未注册: 周线金叉+日线ma_v1.0
2025-08-14 16:33:21,464 - ERROR - 策略未注册: 临界金叉_v1.0
2025-08-14 16:33:21,464 - ERROR - 策略未注册: 三重金叉_v1.0
2025-08-14 16:33:21,464 - ERROR - 策略未注册: macd零轴启动_v1.0
2025-08-14 16:33:21,464 - ERROR - 策略未注册: 周线金叉+日线ma_v1.0
2025-08-14 16:33:21,467 - ERROR - 策略未注册: 临界金叉_v1.0
2025-08-14 16:33:21,467 - ERROR - 策略未注册: 三重金叉_v1.0
2025-08-14 16:33:21,467 - ERROR - 策略未注册: macd零轴启动_v1.0
2025-08-14 16:33:21,467 - ERROR - 策略未注册: 周线金叉+日线ma_v1.0
2025-08-14 16:33:21,471 - ERROR - 策略未注册: 临界金叉_v1.0
2025-08-14 16:33:21,471 - ERROR - 策略未注册: 三重金叉_v1.0
2025-08-14 16:33:21,471 - ERROR - 策略未注册: macd零轴启动_v1.0
2025-08-14 16:33:21,471 - ERROR - 策略未注册: 周线金叉+日线ma_v1.0
2025-08-14 16:33:21,475 - ERROR - 策略未注册: 临界金叉_v1.0
2025-08-14 16:33:21,475 - ERROR - 策略未注册: 三重金叉_v1.0
2025-08-14 16:33:21,475 - ERROR - 策略未注册: macd零轴启动_v1.0
2025-08-14 16:33:21,475 - ERROR - 策略未注册: 周线金叉+日线ma_v1.0
2025-08-14 16:33:21,478 - ERROR - 策略未注册: 临界金叉_v1.0
2025-08-14 16:33:21,479 - ERROR - 策略未注册: 三重金叉_v1.0
2025-08-14 16:33:21,479 - ERROR - 策略未注册: macd零轴启动_v1.0
2025-08-14 16:33:21,479 - ERROR - 策略未注册: 周线金叉+日线ma_v1.0
2025-08-14 16:33:21,483 - ERROR - 策略未注册: 临界金叉_v1.0
2025-08-14 16:33:21,483 - ERROR - 策略未注册: 三重金叉_v1.0
2025-08-14 16:33:21,483 - ERROR - 策略未注册: macd零轴启动_v1.0
2025-08-14 16:33:21,483 - ERROR - 策略未注册: 周线金叉+日线ma_v1.0
2025-08-14 16:33:21,486 - ERROR - 策略未注册: 临界金叉_v1.0
2025-08-14 16:33:21,486 - ERROR - 策略未注册: 三重金叉_v1.0
2025-08-14 16:33:21,486 - ERROR - 策略未注册: macd零轴启动_v1.0
2025-08-14 16:33:21,486 - ERROR - 策略未注册: 周线金叉+日线ma_v1.0
2025-08-14 16:33:21,490 - ERROR - 策略未注册: 临界金叉_v1.0
2025-08-14 16:33:21,490 - ERROR - 策略未注册: 三重金叉_v1.0
2025-08-14 16:33:21,490 - ERROR - 策略未注册: macd零轴启动_v1.0
2025-08-14 16:33:21,490 - ERROR - 策略未注册: 周线金叉+日线ma_v1.0
2025-08-14 16:33:21,493 - ERROR - 策略未注册: 临界金叉_v1.0
2025-08-14 16:33:21,493 - ERROR - 策略未注册: 三重金叉_v1.0
2025-08-14 16:33:21,493 - ERROR - 策略未注册: macd零轴启动_v1.0
2025-08-14 16:33:21,493 - ERROR - 策略未注册: 周线金叉+日线ma_v1.0
2025-08-14 16:33:21,494 - ERROR - 策略未注册: 临界金叉_v1.0
2025-08-14 16:33:21,494 - ERROR - 策略未注册: 三重金叉_v1.0
2025-08-14 16:33:21,494 - ERROR - 策略未注册: macd零轴启动_v1.0
2025-08-14 16:33:21,494 - ERROR - 策略未注册: 周线金叉+日线ma_v1.0
2025-08-14 16:33:21,497 - ERROR - 策略未注册: 临界金叉_v1.0
2025-08-14 16:33:21,497 - ERROR - 策略未注册: 三重金叉_v1.0
2025-08-14 16:33:21,497 - ERROR - 策略未注册: macd零轴启动_v1.0
2025-08-14 16:33:21,497 - ERROR - 策略未注册: 周线金叉+日线ma_v1.0
2025-08-14 16:33:21,501 - ERROR - 策略未注册: 临界金叉_v1.0
2025-08-14 16:33:21,501 - ERROR - 策略未注册: 三重金叉_v1.0
2025-08-14 16:33:21,501 - ERROR - 策略未注册: macd零轴启动_v1.0
2025-08-14 16:33:21,501 - ERROR - 策略未注册: 周线金叉+日线ma_v1.0
2025-08-14 16:33:21,504 - ERROR - 策略未注册: 临界金叉_v1.0
2025-08-14 16:33:21,504 - ERROR - 策略未注册: 三重金叉_v1.0
2025-08-14 16:33:21,504 - ERROR - 策略未注册: macd零轴启动_v1.0
2025-08-14 16:33:21,504 - ERROR - 策略未注册: 周线金叉+日线ma_v1.0
2025-08-14 16:33:21,507 - ERROR - 策略未注册: 临界金叉_v1.0
2025-08-14 16:33:21,507 - ERROR - 策略未注册: 三重金叉_v1.0
2025-08-14 16:33:21,507 - ERROR - 策略未注册: macd零轴启动_v1.0
2025-08-14 16:33:21,508 - ERROR - 策略未注册: 周线金叉+日线ma_v1.0
2025-08-14 16:33:21,511 - ERROR - 策略未注册: 临界金叉_v1.0
2025-08-14 16:33:21,511 - ERROR - 策略未注册: 三重金叉_v1.0
2025-08-14 16:33:21,511 - ERROR - 策略未注册: macd零轴启动_v1.0
2025-08-14 16:33:21,511 - ERROR - 策略未注册: 周线金叉+日线ma_v1.0
2025-08-14 16:33:21,514 - ERROR - 策略未注册: 临界金叉_v1.0
2025-08-14 16:33:21,514 - ERROR - 策略未注册: 三重金叉_v1.0
2025-08-14 16:33:21,514 - ERROR - 策略未注册: macd零轴启动_v1.0
2025-08-14 16:33:21,514 - ERROR - 策略未注册: 周线金叉+日线ma_v1.0
2025-08-14 16:33:21,518 - ERROR - 策略未注册: 临界金叉_v1.0
2025-08-14 16:33:21,518 - ERROR - 策略未注册: 三重金叉_v1.0
2025-08-14 16:33:21,518 - ERROR - 策略未注册: macd零轴启动_v1.0
2025-08-14 16:33:21,518 - ERROR - 策略未注册: 周线金叉+日线ma_v1.0
2025-08-14 16:33:21,522 - ERROR - 策略未注册: 临界金叉_v1.0
2025-08-14 16:33:21,522 - ERROR - 策略未注册: 三重金叉_v1.0
2025-08-14 16:33:21,522 - ERROR - 策略未注册: macd零轴启动_v1.0
2025-08-14 16:33:21,522 - ERROR - 策略未注册: 周线金叉+日线ma_v1.0
2025-08-14 16:33:21,525 - ERROR - 策略未注册: 临界金叉_v1.0
2025-08-14 16:33:21,525 - ERROR - 策略未注册: 三重金叉_v1.0
2025-08-14 16:33:21,525 - ERROR - 策略未注册: macd零轴启动_v1.0
2025-08-14 16:33:21,525 - ERROR - 策略未注册: 周线金叉+日线ma_v1.0
2025-08-14 16:33:21,529 - ERROR - 策略未注册: 临界金叉_v1.0
2025-08-14 16:33:21,529 - ERROR - 策略未注册: 三重金叉_v1.0
2025-08-14 16:33:21,529 - ERROR - 策略未注册: macd零轴启动_v1.0
2025-08-14 16:33:21,529 - ERROR - 策略未注册: 周线金叉+日线ma_v1.0
2025-08-14 16:33:21,533 - ERROR - 策略未注册: 临界金叉_v1.0
2025-08-14 16:33:21,533 - ERROR - 策略未注册: 三重金叉_v1.0
2025-08-14 16:33:21,533 - ERROR - 策略未注册: macd零轴启动_v1.0
2025-08-14 16:33:21,533 - ERROR - 策略未注册: 周线金叉+日线ma_v1.0
2025-08-14 16:33:21,533 - ERROR - 策略未注册: 临界金叉_v1.0
2025-08-14 16:33:21,533 - ERROR - 策略未注册: 三重金叉_v1.0
2025-08-14 16:33:21,533 - ERROR - 策略未注册: macd零轴启动_v1.0
2025-08-14 16:33:21,533 - ERROR - 策略未注册: 周线金叉+日线ma_v1.0
2025-08-14 16:33:21,537 - ERROR - 策略未注册: 临界金叉_v1.0
2025-08-14 16:33:21,537 - ERROR - 策略未注册: 三重金叉_v1.0
2025-08-14 16:33:21,537 - ERROR - 策略未注册: macd零轴启动_v1.0
2025-08-14 16:33:21,537 - ERROR - 策略未注册: 周线金叉+日线ma_v1.0
2025-08-14 16:33:21,541 - ERROR - 策略未注册: 临界金叉_v1.0
2025-08-14 16:33:21,541 - ERROR - 策略未注册: 三重金叉_v1.0
2025-08-14 16:33:21,541 - ERROR - 策略未注册: macd零轴启动_v1.0
2025-08-14 16:33:21,541 - ERROR - 策略未注册: 周线金叉+日线ma_v1.0
2025-08-14 16:33:21,544 - INFO - 发现信号: sh603276 - 深渊筑底策略 - BUY
2025-08-14 16:33:21,544 - ERROR - 策略未注册: 临界金叉_v1.0
2025-08-14 16:33:21,544 - ERROR - 策略未注册: 三重金叉_v1.0
2025-08-14 16:33:21,544 - ERROR - 策略未注册: macd零轴启动_v1.0
2025-08-14 16:33:21,544 - ERROR - 策略未注册: 周线金叉+日线ma_v1.0
2025-08-14 16:33:21,547 - ERROR - 策略未注册: 临界金叉_v1.0
2025-08-14 16:33:21,547 - ERROR - 策略未注册: 三重金叉_v1.0
2025-08-14 16:33:21,547 - ERROR - 策略未注册: macd零轴启动_v1.0
2025-08-14 16:33:21,547 - ERROR - 策略未注册: 周线金叉+日线ma_v1.0
2025-08-14 16:33:21,551 - ERROR - 策略未注册: 临界金叉_v1.0
2025-08-14 16:33:21,551 - ERROR - 策略未注册: 三重金叉_v1.0
2025-08-14 16:33:21,551 - ERROR - 策略未注册: macd零轴启动_v1.0
2025-08-14 16:33:21,551 - ERROR - 策略未注册: 周线金叉+日线ma_v1.0
2025-08-14 16:33:21,555 - ERROR - 策略未注册: 临界金叉_v1.0
2025-08-14 16:33:21,555 - ERROR - 策略未注册: 三重金叉_v1.0
2025-08-14 16:33:21,555 - ERROR - 策略未注册: macd零轴启动_v1.0
2025-08-14 16:33:21,555 - ERROR - 策略未注册: 周线金叉+日线ma_v1.0
2025-08-14 16:33:21,558 - ERROR - 策略未注册: 临界金叉_v1.0
2025-08-14 16:33:21,558 - ERROR - 策略未注册: 三重金叉_v1.0
2025-08-14 16:33:21,558 - ERROR - 策略未注册: macd零轴启动_v1.0
2025-08-14 16:33:21,558 - ERROR - 策略未注册: 周线金叉+日线ma_v1.0
2025-08-14 16:33:21,562 - ERROR - 策略未注册: 临界金叉_v1.0
2025-08-14 16:33:21,562 - ERROR - 策略未注册: 三重金叉_v1.0
2025-08-14 16:33:21,562 - ERROR - 策略未注册: macd零轴启动_v1.0
2025-08-14 16:33:21,562 - ERROR - 策略未注册: 周线金叉+日线ma_v1.0
2025-08-14 16:33:21,565 - ERROR - 策略未注册: 临界金叉_v1.0
2025-08-14 16:33:21,566 - ERROR - 策略未注册: 三重金叉_v1.0
2025-08-14 16:33:21,566 - ERROR - 策略未注册: macd零轴启动_v1.0
2025-08-14 16:33:21,566 - ERROR - 策略未注册: 周线金叉+日线ma_v1.0
2025-08-14 16:33:21,569 - ERROR - 策略未注册: 临界金叉_v1.0
2025-08-14 16:33:21,569 - ERROR - 策略未注册: 三重金叉_v1.0
2025-08-14 16:33:21,569 - ERROR - 策略未注册: macd零轴启动_v1.0
2025-08-14 16:33:21,569 - ERROR - 策略未注册: 周线金叉+日线ma_v1.0
2025-08-14 16:33:21,573 - ERROR - 策略未注册: 临界金叉_v1.0
2025-08-14 16:33:21,573 - ERROR - 策略未注册: 三重金叉_v1.0
2025-08-14 16:33:21,573 - ERROR - 策略未注册: macd零轴启动_v1.0
2025-08-14 16:33:21,573 - ERROR - 策略未注册: 周线金叉+日线ma_v1.0
2025-08-14 16:33:21,577 - ERROR - 策略未注册: 临界金叉_v1.0
2025-08-14 16:33:21,577 - ERROR - 策略未注册: 三重金叉_v1.0
2025-08-14 16:33:21,577 - ERROR - 策略未注册: macd零轴启动_v1.0
2025-08-14 16:33:21,577 - ERROR - 策略未注册: 周线金叉+日线ma_v1.0
2025-08-14 16:33:21,581 - ERROR - 策略未注册: 临界金叉_v1.0
2025-08-14 16:33:21,581 - ERROR - 策略未注册: 三重金叉_v1.0
2025-08-14 16:33:21,581 - ERROR - 策略未注册: macd零轴启动_v1.0
2025-08-14 16:33:21,581 - ERROR - 策略未注册: 周线金叉+日线ma_v1.0
2025-08-14 16:33:21,584 - ERROR - 策略未注册: 临界金叉_v1.0
2025-08-14 16:33:21,584 - ERROR - 策略未注册: 三重金叉_v1.0
2025-08-14 16:33:21,584 - ERROR - 策略未注册: macd零轴启动_v1.0
2025-08-14 16:33:21,584 - ERROR - 策略未注册: 周线金叉+日线ma_v1.0
2025-08-14 16:33:21,588 - ERROR - 策略未注册: 临界金叉_v1.0
2025-08-14 16:33:21,588 - ERROR - 策略未注册: 三重金叉_v1.0
2025-08-14 16:33:21,588 - ERROR - 策略未注册: macd零轴启动_v1.0
2025-08-14 16:33:21,588 - ERROR - 策略未注册: 周线金叉+日线ma_v1.0
2025-08-14 16:33:21,591 - ERROR - 策略未注册: 临界金叉_v1.0
2025-08-14 16:33:21,591 - ERROR - 策略未注册: 三重金叉_v1.0
2025-08-14 16:33:21,591 - ERROR - 策略未注册: macd零轴启动_v1.0
2025-08-14 16:33:21,591 - ERROR - 策略未注册: 周线金叉+日线ma_v1.0
2025-08-14 16:33:21,595 - ERROR - 策略未注册: 临界金叉_v1.0
2025-08-14 16:33:21,595 - ERROR - 策略未注册: 三重金叉_v1.0
2025-08-14 16:33:21,595 - ERROR - 策略未注册: macd零轴启动_v1.0
2025-08-14 16:33:21,595 - ERROR - 策略未注册: 周线金叉+日线ma_v1.0
2025-08-14 16:33:21,598 - ERROR - 策略未注册: 临界金叉_v1.0
2025-08-14 16:33:21,598 - ERROR - 策略未注册: 三重金叉_v1.0
2025-08-14 16:33:21,598 - ERROR - 策略未注册: macd零轴启动_v1.0
2025-08-14 16:33:21,599 - ERROR - 策略未注册: 周线金叉+日线ma_v1.0
2025-08-14 16:33:21,602 - ERROR - 策略未注册: 临界金叉_v1.0
2025-08-14 16:33:21,602 - ERROR - 策略未注册: 三重金叉_v1.0
2025-08-14 16:33:21,602 - ERROR - 策略未注册: macd零轴启动_v1.0
2025-08-14 16:33:21,602 - ERROR - 策略未注册: 周线金叉+日线ma_v1.0
2025-08-14 16:33:21,606 - ERROR - 策略未注册: 临界金叉_v1.0
2025-08-14 16:33:21,606 - ERROR - 策略未注册: 三重金叉_v1.0
2025-08-14 16:33:21,606 - ERROR - 策略未注册: macd零轴启动_v1.0
2025-08-14 16:33:21,606 - ERROR - 策略未注册: 周线金叉+日线ma_v1.0
2025-08-14 16:33:21,610 - ERROR - 策略未注册: 临界金叉_v1.0
2025-08-14 16:33:21,610 - ERROR - 策略未注册: 三重金叉_v1.0
2025-08-14 16:33:21,610 - ERROR - 策略未注册: macd零轴启动_v1.0
2025-08-14 16:33:21,610 - ERROR - 策略未注册: 周线金叉+日线ma_v1.0
2025-08-14 16:33:21,610 - ERROR - 策略未注册: 临界金叉_v1.0
2025-08-14 16:33:21,610 - ERROR - 策略未注册: 三重金叉_v1.0
2025-08-14 16:33:21,610 - ERROR - 策略未注册: macd零轴启动_v1.0
2025-08-14 16:33:21,611 - ERROR - 策略未注册: 周线金叉+日线ma_v1.0
2025-08-14 16:33:21,614 - ERROR - 策略未注册: 临界金叉_v1.0
2025-08-14 16:33:21,614 - ERROR - 策略未注册: 三重金叉_v1.0
2025-08-14 16:33:21,614 - ERROR - 策略未注册: macd零轴启动_v1.0
2025-08-14 16:33:21,614 - ERROR - 策略未注册: 周线金叉+日线ma_v1.0
2025-08-14 16:33:21,618 - ERROR - 策略未注册: 临界金叉_v1.0
2025-08-14 16:33:21,618 - ERROR - 策略未注册: 三重金叉_v1.0
2025-08-14 16:33:21,618 - ERROR - 策略未注册: macd零轴启动_v1.0
2025-08-14 16:33:21,618 - ERROR - 策略未注册: 周线金叉+日线ma_v1.0
2025-08-14 16:33:21,622 - ERROR - 策略未注册: 临界金叉_v1.0
2025-08-14 16:33:21,622 - ERROR - 策略未注册: 三重金叉_v1.0
2025-08-14 16:33:21,622 - ERROR - 策略未注册: macd零轴启动_v1.0
2025-08-14 16:33:21,622 - ERROR - 策略未注册: 周线金叉+日线ma_v1.0
2025-08-14 16:33:21,625 - ERROR - 策略未注册: 临界金叉_v1.0
2025-08-14 16:33:21,625 - ERROR - 策略未注册: 三重金叉_v1.0
2025-08-14 16:33:21,625 - ERROR - 策略未注册: macd零轴启动_v1.0
2025-08-14 16:33:21,625 - ERROR - 策略未注册: 周线金叉+日线ma_v1.0
2025-08-14 16:33:21,629 - ERROR - 策略未注册: 临界金叉_v1.0
2025-08-14 16:33:21,629 - ERROR - 策略未注册: 三重金叉_v1.0
2025-08-14 16:33:21,629 - ERROR - 策略未注册: macd零轴启动_v1.0
2025-08-14 16:33:21,629 - ERROR - 策略未注册: 周线金叉+日线ma_v1.0
2025-08-14 16:33:21,633 - ERROR - 策略未注册: 临界金叉_v1.0
2025-08-14 16:33:21,633 - ERROR - 策略未注册: 三重金叉_v1.0
2025-08-14 16:33:21,633 - ERROR - 策略未注册: macd零轴启动_v1.0
2025-08-14 16:33:21,633 - ERROR - 策略未注册: 周线金叉+日线ma_v1.0
2025-08-14 16:33:21,636 - ERROR - 策略未注册: 临界金叉_v1.0
2025-08-14 16:33:21,636 - ERROR - 策略未注册: 三重金叉_v1.0
2025-08-14 16:33:21,636 - ERROR - 策略未注册: macd零轴启动_v1.0
2025-08-14 16:33:21,636 - ERROR - 策略未注册: 周线金叉+日线ma_v1.0
2025-08-14 16:33:21,640 - ERROR - 策略未注册: 临界金叉_v1.0
2025-08-14 16:33:21,640 - ERROR - 策略未注册: 三重金叉_v1.0
2025-08-14 16:33:21,640 - ERROR - 策略未注册: macd零轴启动_v1.0
2025-08-14 16:33:21,640 - ERROR - 策略未注册: 周线金叉+日线ma_v1.0
2025-08-14 16:33:21,644 - ERROR - 策略未注册: 临界金叉_v1.0
2025-08-14 16:33:21,644 - ERROR - 策略未注册: 三重金叉_v1.0
2025-08-14 16:33:21,644 - ERROR - 策略未注册: macd零轴启动_v1.0
2025-08-14 16:33:21,644 - ERROR - 策略未注册: 周线金叉+日线ma_v1.0
2025-08-14 16:33:21,648 - ERROR - 策略未注册: 临界金叉_v1.0
2025-08-14 16:33:21,648 - ERROR - 策略未注册: 三重金叉_v1.0
2025-08-14 16:33:21,648 - ERROR - 策略未注册: macd零轴启动_v1.0
2025-08-14 16:33:21,648 - ERROR - 策略未注册: 周线金叉+日线ma_v1.0
2025-08-14 16:33:21,651 - ERROR - 策略未注册: 临界金叉_v1.0
2025-08-14 16:33:21,651 - ERROR - 策略未注册: 三重金叉_v1.0
2025-08-14 16:33:21,651 - ERROR - 策略未注册: macd零轴启动_v1.0
2025-08-14 16:33:21,651 - ERROR - 策略未注册: 周线金叉+日线ma_v1.0
2025-08-14 16:33:21,655 - ERROR - 策略未注册: 临界金叉_v1.0
2025-08-14 16:33:21,655 - ERROR - 策略未注册: 三重金叉_v1.0
2025-08-14 16:33:21,655 - ERROR - 策略未注册: macd零轴启动_v1.0
2025-08-14 16:33:21,655 - ERROR - 策略未注册: 周线金叉+日线ma_v1.0
2025-08-14 16:33:21,659 - ERROR - 策略未注册: 临界金叉_v1.0
2025-08-14 16:33:21,659 - ERROR - 策略未注册: 三重金叉_v1.0
2025-08-14 16:33:21,659 - ERROR - 策略未注册: macd零轴启动_v1.0
2025-08-14 16:33:21,659 - ERROR - 策略未注册: 周线金叉+日线ma_v1.0
2025-08-14 16:33:21,663 - ERROR - 策略未注册: 临界金叉_v1.0
2025-08-14 16:33:21,663 - ERROR - 策略未注册: 三重金叉_v1.0
2025-08-14 16:33:21,663 - ERROR - 策略未注册: macd零轴启动_v1.0
2025-08-14 16:33:21,663 - ERROR - 策略未注册: 周线金叉+日线ma_v1.0
2025-08-14 16:33:21,667 - ERROR - 策略未注册: 临界金叉_v1.0
2025-08-14 16:33:21,667 - ERROR - 策略未注册: 三重金叉_v1.0
2025-08-14 16:33:21,667 - ERROR - 策略未注册: macd零轴启动_v1.0
2025-08-14 16:33:21,667 - ERROR - 策略未注册: 周线金叉+日线ma_v1.0
2025-08-14 16:33:21,670 - ERROR - 策略未注册: 临界金叉_v1.0
2025-08-14 16:33:21,670 - ERROR - 策略未注册: 三重金叉_v1.0
2025-08-14 16:33:21,670 - ERROR - 策略未注册: macd零轴启动_v1.0
2025-08-14 16:33:21,670 - ERROR - 策略未注册: 周线金叉+日线ma_v1.0
2025-08-14 16:33:21,674 - ERROR - 策略未注册: 临界金叉_v1.0
2025-08-14 16:33:21,674 - ERROR - 策略未注册: 三重金叉_v1.0
2025-08-14 16:33:21,674 - ERROR - 策略未注册: macd零轴启动_v1.0
2025-08-14 16:33:21,674 - ERROR - 策略未注册: 周线金叉+日线ma_v1.0
2025-08-14 16:33:21,678 - ERROR - 策略未注册: 临界金叉_v1.0
2025-08-14 16:33:21,678 - ERROR - 策略未注册: 三重金叉_v1.0
2025-08-14 16:33:21,678 - ERROR - 策略未注册: macd零轴启动_v1.0
2025-08-14 16:33:21,678 - ERROR - 策略未注册: 周线金叉+日线ma_v1.0
2025-08-14 16:33:21,681 - ERROR - 策略未注册: 临界金叉_v1.0
2025-08-14 16:33:21,681 - ERROR - 策略未注册: 三重金叉_v1.0
2025-08-14 16:33:21,681 - ERROR - 策略未注册: macd零轴启动_v1.0
2025-08-14 16:33:21,681 - ERROR - 策略未注册: 周线金叉+日线ma_v1.0
2025-08-14 16:33:21,685 - ERROR - 策略未注册: 临界金叉_v1.0
2025-08-14 16:33:21,685 - ERROR - 策略未注册: 三重金叉_v1.0
2025-08-14 16:33:21,685 - ERROR - 策略未注册: macd零轴启动_v1.0
2025-08-14 16:33:21,685 - ERROR - 策略未注册: 周线金叉+日线ma_v1.0
2025-08-14 16:33:21,689 - ERROR - 策略未注册: 临界金叉_v1.0
2025-08-14 16:33:21,689 - ERROR - 策略未注册: 三重金叉_v1.0
2025-08-14 16:33:21,689 - ERROR - 策略未注册: macd零轴启动_v1.0
2025-08-14 16:33:21,689 - ERROR - 策略未注册: 周线金叉+日线ma_v1.0
2025-08-14 16:33:21,691 - ERROR - 策略未注册: 临界金叉_v1.0
2025-08-14 16:33:21,692 - ERROR - 策略未注册: 三重金叉_v1.0
2025-08-14 16:33:21,692 - ERROR - 策略未注册: macd零轴启动_v1.0
2025-08-14 16:33:21,692 - ERROR - 策略未注册: 周线金叉+日线ma_v1.0
2025-08-14 16:33:21,695 - ERROR - 策略未注册: 临界金叉_v1.0
2025-08-14 16:33:21,695 - ERROR - 策略未注册: 三重金叉_v1.0
2025-08-14 16:33:21,695 - ERROR - 策略未注册: macd零轴启动_v1.0
2025-08-14 16:33:21,695 - ERROR - 策略未注册: 周线金叉+日线ma_v1.0
