2025-08-14 17:28:20,021 - INFO - 加载配置文件: /home/hypnosis/data/quant_base/backend/strategies_config.json
2025-08-14 17:28:20,021 - INFO - 配置加载成功: 5 个策略
2025-08-14 17:28:20,021 - INFO - 配置管理器初始化完成，配置文件: /home/hypnosis/data/quant_base/config/unified_strategy_config.json
2025-08-14 17:28:20,023 - INFO - 策略初始化: 周线金叉+日线MA v1.0
2025-08-14 17:28:20,023 - INFO - 发现策略: 周线金叉+日线MA_v1.0 (WeeklyGoldenCrossMaStrategy)
2025-08-14 17:28:20,023 - INFO - 策略初始化: MACD零轴启动 v1.0
2025-08-14 17:28:20,023 - INFO - 发现策略: MACD零轴启动_v1.0 (MacdZeroAxisStrategy)
2025-08-14 17:28:20,023 - ERROR - 加载策略文件失败 /home/hypnosis/data/quant_base/backend/strategies/abyss_bottoming_strategy.py: No module named 'backend'
2025-08-14 17:28:20,023 - INFO - 策略初始化: 临界金叉 v1.0
2025-08-14 17:28:20,023 - INFO - 发现策略: 临界金叉_v1.0 (PreCrossStrategy)
2025-08-14 17:28:20,023 - INFO - 策略初始化: 三重金叉 v1.0
2025-08-14 17:28:20,023 - INFO - 发现策略: 三重金叉_v1.0 (TripleCrossStrategy)
2025-08-14 17:28:20,023 - INFO - 策略管理器初始化完成，发现 4 个策略
2025-08-14 17:28:20,023 - INFO - 策略初始化: 周线金叉+日线MA v1.0
2025-08-14 17:28:20,023 - INFO - 发现策略: 周线金叉+日线MA_v1.0 (WeeklyGoldenCrossMaStrategy)
2025-08-14 17:28:20,023 - INFO - 策略初始化: MACD零轴启动 v1.0
2025-08-14 17:28:20,023 - INFO - 发现策略: MACD零轴启动_v1.0 (MacdZeroAxisStrategy)
2025-08-14 17:28:20,024 - ERROR - 加载策略文件失败 /home/hypnosis/data/quant_base/backend/strategies/abyss_bottoming_strategy.py: No module named 'backend'
2025-08-14 17:28:20,024 - INFO - 策略初始化: 临界金叉 v1.0
2025-08-14 17:28:20,024 - INFO - 发现策略: 临界金叉_v1.0 (PreCrossStrategy)
2025-08-14 17:28:20,024 - INFO - 策略初始化: 三重金叉 v1.0
2025-08-14 17:28:20,024 - INFO - 发现策略: 三重金叉_v1.0 (TripleCrossStrategy)
2025-08-14 17:28:20,024 - INFO - 策略管理器初始化完成，发现 4 个策略
2025-08-14 17:28:20,024 - INFO - 通用筛选器初始化完成
2025-08-14 17:28:20,024 - INFO - 策略初始化: 临界金叉 v1.0
2025-08-14 17:28:20,024 - INFO - 策略初始化: 三重金叉 v1.0
2025-08-14 17:28:20,024 - INFO - 策略初始化: MACD零轴启动 v1.0
2025-08-14 17:28:20,024 - INFO - 策略初始化: 周线金叉+日线MA v1.0
2025-08-14 17:28:20,024 - INFO - ===== 开始执行通用股票筛选 =====
2025-08-14 17:28:20,044 - INFO - 共找到 8973 个股票文件
2025-08-14 17:28:20,044 - INFO - 启用的策略: ['深渊筑底策略_v2.0', '临界金叉_v1.0', '三重金叉_v1.0', 'MACD零轴启动_v1.0', '周线金叉+日线MA_v1.0']
2025-08-14 17:28:20,060 - ERROR - 多进程处理失败: Can't pickle <class 'backend.strategies.weekly_golden_cross_ma_strategy.WeeklyGoldenCrossMaStrategy'>: import of module 'backend.strategies.weekly_golden_cross_ma_strategy' failed
2025-08-14 17:28:20,065 - ERROR - 策略未注册: 深渊筑底策略_v2.0
2025-08-14 17:28:20,065 - INFO - 策略初始化: 临界金叉 v1.0
2025-08-14 17:28:20,065 - INFO - 创建策略实例: 临界金叉_v1.0
2025-08-14 17:28:20,067 - INFO - 策略初始化: 三重金叉 v1.0
2025-08-14 17:28:20,068 - INFO - 创建策略实例: 三重金叉_v1.0
2025-08-14 17:28:20,069 - INFO - 策略初始化: MACD零轴启动 v1.0
2025-08-14 17:28:20,069 - INFO - 创建策略实例: MACD零轴启动_v1.0
2025-08-14 17:28:20,070 - INFO - 策略初始化: 周线金叉+日线MA v1.0
2025-08-14 17:28:20,071 - INFO - 创建策略实例: 周线金叉+日线MA_v1.0
2025-08-14 17:28:20,078 - ERROR - 策略未注册: 深渊筑底策略_v2.0
2025-08-14 17:28:20,089 - ERROR - 策略未注册: 深渊筑底策略_v2.0
2025-08-14 17:28:20,099 - ERROR - 策略未注册: 深渊筑底策略_v2.0
2025-08-14 17:28:20,110 - ERROR - 策略未注册: 深渊筑底策略_v2.0
2025-08-14 17:28:20,122 - ERROR - 策略未注册: 深渊筑底策略_v2.0
2025-08-14 17:28:20,134 - ERROR - 策略未注册: 深渊筑底策略_v2.0
2025-08-14 17:28:20,144 - ERROR - 策略未注册: 深渊筑底策略_v2.0
2025-08-14 17:28:20,156 - ERROR - 策略未注册: 深渊筑底策略_v2.0
2025-08-14 17:28:20,167 - ERROR - 策略未注册: 深渊筑底策略_v2.0
2025-08-14 17:28:20,179 - ERROR - 策略未注册: 深渊筑底策略_v2.0
2025-08-14 17:28:20,189 - ERROR - 策略未注册: 深渊筑底策略_v2.0
2025-08-14 17:28:20,197 - ERROR - 策略未注册: 深渊筑底策略_v2.0
2025-08-14 17:28:20,210 - ERROR - 策略未注册: 深渊筑底策略_v2.0
2025-08-14 17:28:20,221 - ERROR - 策略未注册: 深渊筑底策略_v2.0
2025-08-14 17:28:20,230 - ERROR - 策略未注册: 深渊筑底策略_v2.0
2025-08-14 17:28:20,241 - ERROR - 策略未注册: 深渊筑底策略_v2.0
2025-08-14 17:28:20,251 - ERROR - 策略未注册: 深渊筑底策略_v2.0
2025-08-14 17:28:20,261 - ERROR - 策略未注册: 深渊筑底策略_v2.0
2025-08-14 17:28:20,272 - ERROR - 策略未注册: 深渊筑底策略_v2.0
2025-08-14 17:28:20,283 - ERROR - 策略未注册: 深渊筑底策略_v2.0
2025-08-14 17:28:20,295 - ERROR - 策略未注册: 深渊筑底策略_v2.0
2025-08-14 17:28:20,305 - ERROR - 策略未注册: 深渊筑底策略_v2.0
2025-08-14 17:28:20,318 - ERROR - 策略未注册: 深渊筑底策略_v2.0
2025-08-14 17:28:20,330 - ERROR - 策略未注册: 深渊筑底策略_v2.0
2025-08-14 17:28:20,342 - ERROR - 策略未注册: 深渊筑底策略_v2.0
2025-08-14 17:28:20,354 - ERROR - 策略未注册: 深渊筑底策略_v2.0
2025-08-14 17:28:20,365 - ERROR - 策略未注册: 深渊筑底策略_v2.0
2025-08-14 17:28:20,377 - ERROR - 策略未注册: 深渊筑底策略_v2.0
2025-08-14 17:28:20,388 - ERROR - 策略未注册: 深渊筑底策略_v2.0
2025-08-14 17:28:20,399 - ERROR - 策略未注册: 深渊筑底策略_v2.0
2025-08-14 17:28:20,411 - ERROR - 策略未注册: 深渊筑底策略_v2.0
2025-08-14 17:28:20,423 - ERROR - 策略未注册: 深渊筑底策略_v2.0
2025-08-14 17:28:20,433 - ERROR - 策略未注册: 深渊筑底策略_v2.0
2025-08-14 17:28:20,441 - ERROR - 策略未注册: 深渊筑底策略_v2.0
2025-08-14 17:28:20,451 - ERROR - 策略未注册: 深渊筑底策略_v2.0
2025-08-14 17:28:20,462 - ERROR - 策略未注册: 深渊筑底策略_v2.0
2025-08-14 17:28:20,474 - ERROR - 策略未注册: 深渊筑底策略_v2.0
2025-08-14 17:28:20,486 - ERROR - 策略未注册: 深渊筑底策略_v2.0
2025-08-14 17:28:20,497 - ERROR - 策略未注册: 深渊筑底策略_v2.0
2025-08-14 17:28:20,508 - ERROR - 策略未注册: 深渊筑底策略_v2.0
2025-08-14 17:28:20,518 - ERROR - 策略未注册: 深渊筑底策略_v2.0
2025-08-14 17:28:20,530 - ERROR - 策略未注册: 深渊筑底策略_v2.0
2025-08-14 17:28:20,540 - ERROR - 策略未注册: 深渊筑底策略_v2.0
2025-08-14 17:28:20,550 - ERROR - 策略未注册: 深渊筑底策略_v2.0
2025-08-14 17:28:20,561 - ERROR - 策略未注册: 深渊筑底策略_v2.0
2025-08-14 17:28:20,572 - ERROR - 策略未注册: 深渊筑底策略_v2.0
2025-08-14 17:28:20,583 - ERROR - 策略未注册: 深渊筑底策略_v2.0
2025-08-14 17:28:20,593 - ERROR - 策略未注册: 深渊筑底策略_v2.0
2025-08-14 17:28:20,603 - ERROR - 策略未注册: 深渊筑底策略_v2.0
2025-08-14 17:28:20,613 - ERROR - 策略未注册: 深渊筑底策略_v2.0
2025-08-14 17:28:20,624 - ERROR - 策略未注册: 深渊筑底策略_v2.0
2025-08-14 17:28:20,633 - ERROR - 策略未注册: 深渊筑底策略_v2.0
2025-08-14 17:28:20,643 - ERROR - 策略未注册: 深渊筑底策略_v2.0
2025-08-14 17:28:20,654 - ERROR - 策略未注册: 深渊筑底策略_v2.0
2025-08-14 17:28:20,665 - ERROR - 策略未注册: 深渊筑底策略_v2.0
2025-08-14 17:28:20,675 - ERROR - 策略未注册: 深渊筑底策略_v2.0
2025-08-14 17:28:20,683 - ERROR - 策略未注册: 深渊筑底策略_v2.0
2025-08-14 17:28:20,689 - ERROR - 策略未注册: 深渊筑底策略_v2.0
2025-08-14 17:28:20,699 - ERROR - 策略未注册: 深渊筑底策略_v2.0
2025-08-14 17:28:20,710 - ERROR - 策略未注册: 深渊筑底策略_v2.0
2025-08-14 17:28:20,719 - ERROR - 策略未注册: 深渊筑底策略_v2.0
2025-08-14 17:28:20,730 - ERROR - 策略未注册: 深渊筑底策略_v2.0
2025-08-14 17:28:20,739 - ERROR - 策略未注册: 深渊筑底策略_v2.0
2025-08-14 17:28:20,746 - ERROR - 策略未注册: 深渊筑底策略_v2.0
2025-08-14 17:28:20,753 - ERROR - 策略未注册: 深渊筑底策略_v2.0
2025-08-14 17:28:20,762 - ERROR - 策略未注册: 深渊筑底策略_v2.0
2025-08-14 17:28:20,771 - ERROR - 策略未注册: 深渊筑底策略_v2.0
2025-08-14 17:28:20,782 - ERROR - 策略未注册: 深渊筑底策略_v2.0
2025-08-14 17:28:20,792 - ERROR - 策略未注册: 深渊筑底策略_v2.0
2025-08-14 17:28:20,804 - ERROR - 策略未注册: 深渊筑底策略_v2.0
2025-08-14 17:28:20,814 - ERROR - 策略未注册: 深渊筑底策略_v2.0
2025-08-14 17:28:20,823 - ERROR - 策略未注册: 深渊筑底策略_v2.0
2025-08-14 17:28:20,833 - ERROR - 策略未注册: 深渊筑底策略_v2.0
2025-08-14 17:28:20,845 - ERROR - 策略未注册: 深渊筑底策略_v2.0
2025-08-14 17:28:20,856 - ERROR - 策略未注册: 深渊筑底策略_v2.0
2025-08-14 17:28:20,866 - ERROR - 策略未注册: 深渊筑底策略_v2.0
2025-08-14 17:28:20,878 - ERROR - 策略未注册: 深渊筑底策略_v2.0
2025-08-14 17:28:20,888 - ERROR - 策略未注册: 深渊筑底策略_v2.0
2025-08-14 17:28:20,896 - ERROR - 策略未注册: 深渊筑底策略_v2.0
2025-08-14 17:28:20,901 - ERROR - 策略未注册: 深渊筑底策略_v2.0
2025-08-14 17:28:20,911 - ERROR - 策略未注册: 深渊筑底策略_v2.0
2025-08-14 17:28:20,922 - ERROR - 策略未注册: 深渊筑底策略_v2.0
2025-08-14 17:28:20,932 - ERROR - 策略未注册: 深渊筑底策略_v2.0
2025-08-14 17:28:20,941 - ERROR - 策略未注册: 深渊筑底策略_v2.0
2025-08-14 17:28:20,951 - ERROR - 策略未注册: 深渊筑底策略_v2.0
2025-08-14 17:28:20,960 - ERROR - 策略未注册: 深渊筑底策略_v2.0
2025-08-14 17:28:20,972 - ERROR - 策略未注册: 深渊筑底策略_v2.0
2025-08-14 17:28:20,983 - ERROR - 策略未注册: 深渊筑底策略_v2.0
2025-08-14 17:28:20,995 - ERROR - 策略未注册: 深渊筑底策略_v2.0
2025-08-14 17:28:21,007 - ERROR - 策略未注册: 深渊筑底策略_v2.0
2025-08-14 17:28:21,016 - ERROR - 策略未注册: 深渊筑底策略_v2.0
2025-08-14 17:28:21,021 - ERROR - 策略未注册: 深渊筑底策略_v2.0
2025-08-14 17:28:21,033 - ERROR - 策略未注册: 深渊筑底策略_v2.0
2025-08-14 17:28:21,043 - ERROR - 策略未注册: 深渊筑底策略_v2.0
2025-08-14 17:28:21,051 - ERROR - 策略未注册: 深渊筑底策略_v2.0
2025-08-14 17:28:21,060 - ERROR - 策略未注册: 深渊筑底策略_v2.0
2025-08-14 17:28:21,072 - ERROR - 策略未注册: 深渊筑底策略_v2.0
2025-08-14 17:28:21,082 - ERROR - 策略未注册: 深渊筑底策略_v2.0
2025-08-14 17:28:21,092 - ERROR - 策略未注册: 深渊筑底策略_v2.0
2025-08-14 17:28:21,104 - ERROR - 策略未注册: 深渊筑底策略_v2.0
2025-08-14 17:28:21,114 - ERROR - 策略未注册: 深渊筑底策略_v2.0
2025-08-14 17:28:21,126 - ERROR - 策略未注册: 深渊筑底策略_v2.0
2025-08-14 17:28:21,137 - ERROR - 策略未注册: 深渊筑底策略_v2.0
2025-08-14 17:28:21,147 - ERROR - 策略未注册: 深渊筑底策略_v2.0
2025-08-14 17:28:21,157 - ERROR - 策略未注册: 深渊筑底策略_v2.0
2025-08-14 17:28:21,166 - ERROR - 策略未注册: 深渊筑底策略_v2.0
2025-08-14 17:28:21,178 - ERROR - 策略未注册: 深渊筑底策略_v2.0
2025-08-14 17:28:21,187 - ERROR - 策略未注册: 深渊筑底策略_v2.0
2025-08-14 17:28:21,198 - ERROR - 策略未注册: 深渊筑底策略_v2.0
2025-08-14 17:28:21,210 - ERROR - 策略未注册: 深渊筑底策略_v2.0
2025-08-14 17:28:21,220 - ERROR - 策略未注册: 深渊筑底策略_v2.0
2025-08-14 17:28:21,231 - ERROR - 策略未注册: 深渊筑底策略_v2.0
2025-08-14 17:28:21,241 - ERROR - 策略未注册: 深渊筑底策略_v2.0
2025-08-14 17:28:21,246 - ERROR - 策略未注册: 深渊筑底策略_v2.0
2025-08-14 17:28:21,257 - ERROR - 策略未注册: 深渊筑底策略_v2.0
2025-08-14 17:28:21,267 - ERROR - 策略未注册: 深渊筑底策略_v2.0
2025-08-14 17:28:21,278 - ERROR - 策略未注册: 深渊筑底策略_v2.0
2025-08-14 17:28:21,290 - ERROR - 策略未注册: 深渊筑底策略_v2.0
2025-08-14 17:28:21,303 - ERROR - 策略未注册: 深渊筑底策略_v2.0
2025-08-14 17:28:21,313 - ERROR - 策略未注册: 深渊筑底策略_v2.0
2025-08-14 17:28:21,322 - ERROR - 策略未注册: 深渊筑底策略_v2.0
2025-08-14 17:28:21,333 - ERROR - 策略未注册: 深渊筑底策略_v2.0
2025-08-14 17:28:21,343 - ERROR - 策略未注册: 深渊筑底策略_v2.0
2025-08-14 17:28:21,356 - ERROR - 策略未注册: 深渊筑底策略_v2.0
2025-08-14 17:28:21,368 - ERROR - 策略未注册: 深渊筑底策略_v2.0
2025-08-14 17:28:21,380 - ERROR - 策略未注册: 深渊筑底策略_v2.0
2025-08-14 17:28:21,391 - ERROR - 策略未注册: 深渊筑底策略_v2.0
2025-08-14 17:28:21,402 - ERROR - 策略未注册: 深渊筑底策略_v2.0
2025-08-14 17:28:21,413 - ERROR - 策略未注册: 深渊筑底策略_v2.0
2025-08-14 17:28:21,423 - ERROR - 策略未注册: 深渊筑底策略_v2.0
2025-08-14 17:28:21,434 - ERROR - 策略未注册: 深渊筑底策略_v2.0
2025-08-14 17:28:21,444 - ERROR - 策略未注册: 深渊筑底策略_v2.0
2025-08-14 17:28:21,455 - ERROR - 策略未注册: 深渊筑底策略_v2.0
2025-08-14 17:28:21,465 - ERROR - 策略未注册: 深渊筑底策略_v2.0
2025-08-14 17:28:21,474 - ERROR - 策略未注册: 深渊筑底策略_v2.0
2025-08-14 17:28:21,483 - ERROR - 策略未注册: 深渊筑底策略_v2.0
2025-08-14 17:28:21,494 - ERROR - 策略未注册: 深渊筑底策略_v2.0
2025-08-14 17:28:21,504 - ERROR - 策略未注册: 深渊筑底策略_v2.0
2025-08-14 17:28:21,513 - ERROR - 策略未注册: 深渊筑底策略_v2.0
2025-08-14 17:28:21,519 - ERROR - 策略未注册: 深渊筑底策略_v2.0
2025-08-14 17:28:21,528 - ERROR - 策略未注册: 深渊筑底策略_v2.0
2025-08-14 17:28:21,538 - ERROR - 策略未注册: 深渊筑底策略_v2.0
2025-08-14 17:28:21,548 - ERROR - 策略未注册: 深渊筑底策略_v2.0
2025-08-14 17:28:21,560 - ERROR - 策略未注册: 深渊筑底策略_v2.0
2025-08-14 17:28:21,571 - ERROR - 策略未注册: 深渊筑底策略_v2.0
2025-08-14 17:28:21,583 - ERROR - 策略未注册: 深渊筑底策略_v2.0
2025-08-14 17:28:21,595 - ERROR - 策略未注册: 深渊筑底策略_v2.0
2025-08-14 17:28:21,605 - ERROR - 策略未注册: 深渊筑底策略_v2.0
2025-08-14 17:28:21,615 - ERROR - 策略未注册: 深渊筑底策略_v2.0
2025-08-14 17:28:21,624 - ERROR - 策略未注册: 深渊筑底策略_v2.0
2025-08-14 17:28:21,634 - ERROR - 策略未注册: 深渊筑底策略_v2.0
2025-08-14 17:28:21,644 - ERROR - 策略未注册: 深渊筑底策略_v2.0
2025-08-14 17:28:21,652 - INFO - 发现信号: sh603517 - 周线金叉+日线MA - BUY
2025-08-14 17:28:21,654 - ERROR - 策略未注册: 深渊筑底策略_v2.0
2025-08-14 17:28:21,665 - ERROR - 策略未注册: 深渊筑底策略_v2.0
2025-08-14 17:28:21,677 - ERROR - 策略未注册: 深渊筑底策略_v2.0
2025-08-14 17:28:21,688 - ERROR - 策略未注册: 深渊筑底策略_v2.0
2025-08-14 17:28:21,698 - ERROR - 策略未注册: 深渊筑底策略_v2.0
2025-08-14 17:28:21,708 - ERROR - 策略未注册: 深渊筑底策略_v2.0
2025-08-14 17:28:21,719 - ERROR - 策略未注册: 深渊筑底策略_v2.0
2025-08-14 17:28:21,728 - INFO - 发现信号: sh600171 - 周线金叉+日线MA - BUY
2025-08-14 17:28:21,730 - ERROR - 策略未注册: 深渊筑底策略_v2.0
2025-08-14 17:28:21,741 - ERROR - 策略未注册: 深渊筑底策略_v2.0
2025-08-14 17:28:21,753 - ERROR - 策略未注册: 深渊筑底策略_v2.0
2025-08-14 17:28:21,764 - ERROR - 策略未注册: 深渊筑底策略_v2.0
2025-08-14 17:28:21,775 - ERROR - 策略未注册: 深渊筑底策略_v2.0
2025-08-14 17:28:21,784 - ERROR - 策略未注册: 深渊筑底策略_v2.0
2025-08-14 17:28:21,794 - ERROR - 策略未注册: 深渊筑底策略_v2.0
2025-08-14 17:28:21,806 - ERROR - 策略未注册: 深渊筑底策略_v2.0
2025-08-14 17:28:21,817 - ERROR - 策略未注册: 深渊筑底策略_v2.0
2025-08-14 17:28:21,828 - ERROR - 策略未注册: 深渊筑底策略_v2.0
2025-08-14 17:28:21,839 - ERROR - 策略未注册: 深渊筑底策略_v2.0
2025-08-14 17:28:21,847 - ERROR - 策略未注册: 深渊筑底策略_v2.0
2025-08-14 17:28:21,853 - ERROR - 策略未注册: 深渊筑底策略_v2.0
2025-08-14 17:28:21,865 - ERROR - 策略未注册: 深渊筑底策略_v2.0
2025-08-14 17:28:21,876 - ERROR - 策略未注册: 深渊筑底策略_v2.0
2025-08-14 17:28:21,888 - ERROR - 策略未注册: 深渊筑底策略_v2.0
2025-08-14 17:28:21,899 - ERROR - 策略未注册: 深渊筑底策略_v2.0
2025-08-14 17:28:21,910 - ERROR - 策略未注册: 深渊筑底策略_v2.0
2025-08-14 17:28:21,919 - ERROR - 策略未注册: 深渊筑底策略_v2.0
2025-08-14 17:28:21,930 - ERROR - 策略未注册: 深渊筑底策略_v2.0
2025-08-14 17:28:21,940 - ERROR - 策略未注册: 深渊筑底策略_v2.0
2025-08-14 17:28:21,950 - ERROR - 策略未注册: 深渊筑底策略_v2.0
2025-08-14 17:28:21,960 - ERROR - 策略未注册: 深渊筑底策略_v2.0
2025-08-14 17:28:21,973 - ERROR - 策略未注册: 深渊筑底策略_v2.0
2025-08-14 17:28:21,983 - ERROR - 策略未注册: 深渊筑底策略_v2.0
2025-08-14 17:28:21,992 - ERROR - 策略未注册: 深渊筑底策略_v2.0
2025-08-14 17:28:22,002 - ERROR - 策略未注册: 深渊筑底策略_v2.0
2025-08-14 17:28:22,013 - ERROR - 策略未注册: 深渊筑底策略_v2.0
2025-08-14 17:28:22,025 - ERROR - 策略未注册: 深渊筑底策略_v2.0
2025-08-14 17:28:22,036 - ERROR - 策略未注册: 深渊筑底策略_v2.0
2025-08-14 17:28:22,045 - ERROR - 策略未注册: 深渊筑底策略_v2.0
2025-08-14 17:28:22,056 - ERROR - 策略未注册: 深渊筑底策略_v2.0
2025-08-14 17:28:22,067 - ERROR - 策略未注册: 深渊筑底策略_v2.0
2025-08-14 17:28:22,079 - ERROR - 策略未注册: 深渊筑底策略_v2.0
2025-08-14 17:28:22,090 - ERROR - 策略未注册: 深渊筑底策略_v2.0
2025-08-14 17:28:22,102 - ERROR - 策略未注册: 深渊筑底策略_v2.0
2025-08-14 17:28:22,112 - ERROR - 策略未注册: 深渊筑底策略_v2.0
2025-08-14 17:28:22,120 - ERROR - 策略未注册: 深渊筑底策略_v2.0
2025-08-14 17:28:22,130 - ERROR - 策略未注册: 深渊筑底策略_v2.0
2025-08-14 17:28:22,140 - ERROR - 策略未注册: 深渊筑底策略_v2.0
2025-08-14 17:28:22,151 - ERROR - 策略未注册: 深渊筑底策略_v2.0
2025-08-14 17:28:22,162 - ERROR - 策略未注册: 深渊筑底策略_v2.0
2025-08-14 17:28:22,172 - ERROR - 策略未注册: 深渊筑底策略_v2.0
2025-08-14 17:28:22,183 - ERROR - 策略未注册: 深渊筑底策略_v2.0
2025-08-14 17:28:22,194 - ERROR - 策略未注册: 深渊筑底策略_v2.0
2025-08-14 17:28:22,205 - ERROR - 策略未注册: 深渊筑底策略_v2.0
2025-08-14 17:28:22,217 - ERROR - 策略未注册: 深渊筑底策略_v2.0
2025-08-14 17:28:22,226 - ERROR - 策略未注册: 深渊筑底策略_v2.0
2025-08-14 17:28:22,238 - ERROR - 策略未注册: 深渊筑底策略_v2.0
2025-08-14 17:28:22,249 - ERROR - 策略未注册: 深渊筑底策略_v2.0
2025-08-14 17:28:22,261 - ERROR - 策略未注册: 深渊筑底策略_v2.0
2025-08-14 17:28:22,272 - ERROR - 策略未注册: 深渊筑底策略_v2.0
2025-08-14 17:28:22,283 - ERROR - 策略未注册: 深渊筑底策略_v2.0
2025-08-14 17:28:22,295 - ERROR - 策略未注册: 深渊筑底策略_v2.0
2025-08-14 17:28:22,306 - ERROR - 策略未注册: 深渊筑底策略_v2.0
2025-08-14 17:28:22,316 - ERROR - 策略未注册: 深渊筑底策略_v2.0
2025-08-14 17:28:22,326 - ERROR - 策略未注册: 深渊筑底策略_v2.0
2025-08-14 17:28:22,336 - ERROR - 策略未注册: 深渊筑底策略_v2.0
2025-08-14 17:28:22,348 - ERROR - 策略未注册: 深渊筑底策略_v2.0
2025-08-14 17:28:22,360 - ERROR - 策略未注册: 深渊筑底策略_v2.0
2025-08-14 17:28:22,370 - ERROR - 策略未注册: 深渊筑底策略_v2.0
2025-08-14 17:28:22,381 - ERROR - 策略未注册: 深渊筑底策略_v2.0
2025-08-14 17:28:22,390 - ERROR - 策略未注册: 深渊筑底策略_v2.0
2025-08-14 17:28:22,399 - ERROR - 策略未注册: 深渊筑底策略_v2.0
2025-08-14 17:28:22,409 - ERROR - 策略未注册: 深渊筑底策略_v2.0
2025-08-14 17:28:22,418 - ERROR - 策略未注册: 深渊筑底策略_v2.0
2025-08-14 17:28:22,430 - ERROR - 策略未注册: 深渊筑底策略_v2.0
2025-08-14 17:28:22,441 - ERROR - 策略未注册: 深渊筑底策略_v2.0
2025-08-14 17:28:22,452 - ERROR - 策略未注册: 深渊筑底策略_v2.0
2025-08-14 17:28:22,463 - ERROR - 策略未注册: 深渊筑底策略_v2.0
2025-08-14 17:28:22,475 - ERROR - 策略未注册: 深渊筑底策略_v2.0
2025-08-14 17:28:22,487 - ERROR - 策略未注册: 深渊筑底策略_v2.0
2025-08-14 17:28:22,498 - ERROR - 策略未注册: 深渊筑底策略_v2.0
2025-08-14 17:28:22,510 - ERROR - 策略未注册: 深渊筑底策略_v2.0
2025-08-14 17:28:22,522 - ERROR - 策略未注册: 深渊筑底策略_v2.0
2025-08-14 17:28:22,533 - ERROR - 策略未注册: 深渊筑底策略_v2.0
2025-08-14 17:28:22,542 - ERROR - 策略未注册: 深渊筑底策略_v2.0
2025-08-14 17:28:22,552 - ERROR - 策略未注册: 深渊筑底策略_v2.0
2025-08-14 17:28:22,565 - ERROR - 策略未注册: 深渊筑底策略_v2.0
2025-08-14 17:28:22,578 - ERROR - 策略未注册: 深渊筑底策略_v2.0
2025-08-14 17:28:22,587 - ERROR - 策略未注册: 深渊筑底策略_v2.0
2025-08-14 17:28:22,596 - ERROR - 策略未注册: 深渊筑底策略_v2.0
2025-08-14 17:28:22,606 - ERROR - 策略未注册: 深渊筑底策略_v2.0
2025-08-14 17:28:22,616 - ERROR - 策略未注册: 深渊筑底策略_v2.0
2025-08-14 17:28:22,627 - ERROR - 策略未注册: 深渊筑底策略_v2.0
2025-08-14 17:28:22,637 - ERROR - 策略未注册: 深渊筑底策略_v2.0
2025-08-14 17:28:22,647 - ERROR - 策略未注册: 深渊筑底策略_v2.0
2025-08-14 17:28:22,656 - ERROR - 策略未注册: 深渊筑底策略_v2.0
2025-08-14 17:28:22,668 - ERROR - 策略未注册: 深渊筑底策略_v2.0
2025-08-14 17:28:22,679 - ERROR - 策略未注册: 深渊筑底策略_v2.0
2025-08-14 17:28:22,690 - ERROR - 策略未注册: 深渊筑底策略_v2.0
2025-08-14 17:28:22,702 - ERROR - 策略未注册: 深渊筑底策略_v2.0
2025-08-14 17:28:22,711 - ERROR - 策略未注册: 深渊筑底策略_v2.0
2025-08-14 17:28:22,722 - ERROR - 策略未注册: 深渊筑底策略_v2.0
2025-08-14 17:28:22,731 - ERROR - 策略未注册: 深渊筑底策略_v2.0
