2025-08-15 17:49:06,545 - INFO - 加载配置文件: /home/hypnosis/data/quant_base/backend/strategies_config.json
2025-08-15 17:49:06,546 - INFO - 配置加载成功: 5 个策略
2025-08-15 17:49:06,546 - INFO - 配置管理器初始化完成，配置文件: /home/hypnosis/data/quant_base/config/unified_strategy_config.json
2025-08-15 17:49:06,547 - INFO - 通用筛选器初始化完成
2025-08-15 17:49:06,547 - INFO - ===== 开始执行通用股票筛选 =====
2025-08-15 17:49:06,565 - INFO - 共找到 11839 个股票文件
2025-08-15 17:49:06,565 - INFO - 启用的策略: ['深渊筑底策略_v2.0', '临界金叉_v1.0', '三重金叉_v1.0', 'MACD零轴启动_v1.0', '周线金叉+日线MA_v1.0']
2025-08-15 17:49:34,776 - INFO - 对 395 个信号结果进行回测摘要分析...
2025-08-15 17:49:34,776 - INFO - 回测分析 [1/395]: 31#01121
2025-08-15 17:49:34,791 - INFO - 回测分析 [2/395]: 31#03389
2025-08-15 17:49:34,795 - INFO - 回测分析 [3/395]: 31#00137
2025-08-15 17:49:34,798 - INFO - 回测分析 [4/395]: 31#01959
2025-08-15 17:49:34,802 - INFO - 回测分析 [5/395]: 31#00214
2025-08-15 17:49:34,805 - INFO - 回测分析 [6/395]: 31#00171
2025-08-15 17:49:34,809 - INFO - 回测分析 [7/395]: 48#08130
2025-08-15 17:49:34,812 - INFO - 回测分析 [8/395]: 48#08341
2025-08-15 17:49:34,815 - INFO - 回测分析 [9/395]: 31#02260
2025-08-15 17:49:34,818 - INFO - 回测分析 [10/395]: 31#09689
2025-08-15 17:49:34,821 - INFO - 回测分析 [11/395]: 31#00422
2025-08-15 17:49:34,824 - INFO - 回测分析 [12/395]: 31#01597
2025-08-15 17:49:34,828 - INFO - 回测分析 [13/395]: 31#06833
2025-08-15 17:49:34,831 - INFO - 回测分析 [14/395]: sz000820
2025-08-15 17:49:34,837 - INFO - 回测分析 [15/395]: 31#03718
2025-08-15 17:49:34,840 - INFO - 回测分析 [16/395]: 31#02325
2025-08-15 17:49:34,843 - INFO - 回测分析 [17/395]: 31#06900
2025-08-15 17:49:34,847 - INFO - 回测分析 [18/395]: 48#08489
2025-08-15 17:49:34,850 - INFO - 回测分析 [19/395]: 31#02427
2025-08-15 17:49:34,852 - INFO - 回测分析 [20/395]: 31#06988
2025-08-15 17:49:34,856 - INFO - 回测分析 [21/395]: 31#00852
2025-08-15 17:49:34,860 - INFO - 回测分析 [22/395]: 31#00361
2025-08-15 17:49:34,863 - INFO - 回测分析 [23/395]: 31#01406
2025-08-15 17:49:34,866 - INFO - 回测分析 [24/395]: 31#02798
2025-08-15 17:49:34,870 - INFO - 回测分析 [25/395]: 31#01701
2025-08-15 17:49:34,874 - INFO - 回测分析 [26/395]: 31#06968
2025-08-15 17:49:34,878 - INFO - 回测分析 [27/395]: sz001378
2025-08-15 17:49:34,881 - INFO - 回测分析 [28/395]: 31#03662
2025-08-15 17:49:34,885 - INFO - 回测分析 [29/395]: 31#02448
2025-08-15 17:49:34,889 - INFO - 回测分析 [30/395]: 31#01206
2025-08-15 17:49:34,892 - INFO - 回测分析 [31/395]: 48#08523
2025-08-15 17:49:34,895 - INFO - 回测分析 [32/395]: 31#02135
2025-08-15 17:49:34,898 - INFO - 回测分析 [33/395]: 31#01827
2025-08-15 17:49:34,902 - INFO - 回测分析 [34/395]: 31#01622
2025-08-15 17:49:34,905 - INFO - 回测分析 [35/395]: 31#06830
2025-08-15 17:49:34,909 - INFO - 回测分析 [36/395]: 31#06878
2025-08-15 17:49:34,913 - INFO - 回测分析 [37/395]: 31#01790
2025-08-15 17:49:34,916 - INFO - 回测分析 [38/395]: 31#00550
2025-08-15 17:49:34,919 - INFO - 回测分析 [39/395]: 31#02098
2025-08-15 17:49:34,923 - INFO - 回测分析 [40/395]: 31#02078
2025-08-15 17:49:34,926 - INFO - 回测分析 [41/395]: 31#01652
2025-08-15 17:49:34,930 - INFO - 回测分析 [42/395]: 31#01897
2025-08-15 17:49:34,933 - INFO - 回测分析 [43/395]: 31#01028
2025-08-15 17:49:34,937 - INFO - 回测分析 [44/395]: 48#08091
2025-08-15 17:49:34,940 - INFO - 回测分析 [45/395]: 31#02399
2025-08-15 17:49:34,943 - INFO - 回测分析 [46/395]: 48#08496
2025-08-15 17:49:34,947 - INFO - 回测分析 [47/395]: 48#08413
2025-08-15 17:49:34,950 - INFO - 回测分析 [48/395]: 31#00997
2025-08-15 17:49:34,954 - INFO - 回测分析 [49/395]: sz002531
2025-08-15 17:49:34,958 - INFO - 回测分析 [50/395]: 31#00459
2025-08-15 17:49:34,962 - INFO - 回测分析 [51/395]: 48#08452
2025-08-15 17:49:34,965 - INFO - 回测分析 [52/395]: 31#01185
2025-08-15 17:49:34,968 - INFO - 回测分析 [53/395]: 31#03336
2025-08-15 17:49:34,971 - INFO - 回测分析 [54/395]: 31#00834
2025-08-15 17:49:34,974 - INFO - 回测分析 [55/395]: 31#00333
2025-08-15 17:49:34,977 - INFO - 回测分析 [56/395]: 31#02101
2025-08-15 17:49:34,980 - INFO - 回测分析 [57/395]: 31#00726
2025-08-15 17:49:34,984 - INFO - 回测分析 [58/395]: 31#00251
2025-08-15 17:49:34,987 - INFO - 回测分析 [59/395]: 31#01598
2025-08-15 17:49:34,991 - INFO - 回测分析 [60/395]: 48#08645
2025-08-15 17:49:34,994 - INFO - 回测分析 [61/395]: 31#01987
2025-08-15 17:49:34,998 - INFO - 回测分析 [62/395]: 48#08422
2025-08-15 17:49:35,001 - INFO - 回测分析 [63/395]: 31#02340
2025-08-15 17:49:35,004 - INFO - 回测分析 [64/395]: 31#00918
2025-08-15 17:49:35,008 - INFO - 回测分析 [65/395]: 31#09869
2025-08-15 17:49:35,011 - INFO - 回测分析 [66/395]: 31#01937
2025-08-15 17:49:35,014 - INFO - 回测分析 [67/395]: 31#01111
2025-08-15 17:49:35,017 - INFO - 回测分析 [68/395]: 31#00126
2025-08-15 17:49:35,020 - INFO - 回测分析 [69/395]: 48#08063
2025-08-15 17:49:35,024 - INFO - 回测分析 [70/395]: 31#06108
2025-08-15 17:49:35,027 - INFO - 回测分析 [71/395]: 31#00542
2025-08-15 17:49:35,030 - INFO - 回测分析 [72/395]: 31#03309
2025-08-15 17:49:35,034 - INFO - 回测分析 [73/395]: 31#00827
2025-08-15 17:49:35,038 - INFO - 回测分析 [74/395]: sz003032
2025-08-15 17:49:35,042 - INFO - 回测分析 [75/395]: 31#00030
2025-08-15 17:49:35,045 - INFO - 回测分析 [76/395]: sz002789
2025-08-15 17:49:35,050 - INFO - 回测分析 [77/395]: 31#02175
2025-08-15 17:49:35,053 - INFO - 回测分析 [78/395]: 31#00599
2025-08-15 17:49:35,055 - INFO - 回测分析 [79/395]: 31#06093
2025-08-15 17:49:35,059 - INFO - 回测分析 [80/395]: 31#02237
2025-08-15 17:49:35,062 - INFO - 回测分析 [81/395]: 31#00802
2025-08-15 17:49:35,065 - INFO - 回测分析 [82/395]: 31#01204
2025-08-15 17:49:35,068 - INFO - 回测分析 [83/395]: 31#02231
2025-08-15 17:49:35,072 - INFO - 回测分析 [84/395]: sh688526
2025-08-15 17:49:35,094 - INFO - 回测分析 [85/395]: 31#00442
2025-08-15 17:49:35,097 - INFO - 回测分析 [86/395]: 31#01739
2025-08-15 17:49:35,102 - INFO - 回测分析 [87/395]: 48#08445
2025-08-15 17:49:35,106 - INFO - 回测分析 [88/395]: 31#00873
2025-08-15 17:49:35,109 - INFO - 回测分析 [89/395]: 31#00589
2025-08-15 17:49:35,112 - INFO - 回测分析 [90/395]: 31#00310
2025-08-15 17:49:35,116 - INFO - 回测分析 [91/395]: 31#00368
2025-08-15 17:49:35,119 - INFO - 回测分析 [92/395]: sh600123
2025-08-15 17:49:35,123 - INFO - 回测分析 [93/395]: 31#09983
2025-08-15 17:49:35,127 - INFO - 回测分析 [94/395]: 31#00034
2025-08-15 17:49:35,130 - INFO - 回测分析 [95/395]: 31#02708
2025-08-15 17:49:35,134 - INFO - 回测分析 [96/395]: 31#01262
2025-08-15 17:49:35,137 - INFO - 回测分析 [97/395]: 31#00122
2025-08-15 17:49:35,141 - INFO - 回测分析 [98/395]: 31#02019
2025-08-15 17:49:35,144 - INFO - 回测分析 [99/395]: sz002455
2025-08-15 17:49:35,149 - INFO - 回测分析 [100/395]: sz002224
2025-08-15 17:49:35,159 - INFO - 回测分析 [101/395]: 31#00110
2025-08-15 17:49:35,161 - INFO - 回测分析 [102/395]: 31#01660
2025-08-15 17:49:35,165 - INFO - 回测分析 [103/395]: 31#01490
2025-08-15 17:49:35,168 - INFO - 回测分析 [104/395]: sh603366
2025-08-15 17:49:35,173 - INFO - 回测分析 [105/395]: 48#08081
2025-08-15 17:49:35,177 - INFO - 回测分析 [106/395]: 48#08262
2025-08-15 17:49:35,180 - INFO - 回测分析 [107/395]: 31#01163
2025-08-15 17:49:35,183 - INFO - 回测分析 [108/395]: 31#00186
2025-08-15 17:49:35,186 - INFO - 回测分析 [109/395]: 31#00079
2025-08-15 17:49:35,188 - INFO - 回测分析 [110/395]: 31#01082
2025-08-15 17:49:35,192 - INFO - 回测分析 [111/395]: 31#00286
2025-08-15 17:49:35,195 - INFO - 回测分析 [112/395]: 31#02060
2025-08-15 17:49:35,199 - INFO - 回测分析 [113/395]: 48#08620
2025-08-15 17:49:35,202 - INFO - 回测分析 [114/395]: 31#06163
2025-08-15 17:49:35,205 - INFO - 回测分析 [115/395]: 48#08613
2025-08-15 17:49:35,208 - INFO - 回测分析 [116/395]: 31#00093
2025-08-15 17:49:35,211 - INFO - 回测分析 [117/395]: 48#08311
2025-08-15 17:49:35,214 - INFO - 回测分析 [118/395]: 31#01832
2025-08-15 17:49:35,217 - INFO - 回测分析 [119/395]: 31#01472
2025-08-15 17:49:35,220 - INFO - 回测分析 [120/395]: 31#06698
2025-08-15 17:49:35,223 - INFO - 回测分析 [121/395]: 31#00185
2025-08-15 17:49:35,226 - INFO - 回测分析 [122/395]: 31#06913
2025-08-15 17:49:35,230 - INFO - 回测分析 [123/395]: 31#06633
2025-08-15 17:49:35,232 - INFO - 回测分析 [124/395]: 31#06899
2025-08-15 17:49:35,236 - INFO - 回测分析 [125/395]: 31#00733
2025-08-15 17:49:35,239 - INFO - 回测分析 [126/395]: 48#08218
2025-08-15 17:49:35,242 - INFO - 回测分析 [127/395]: sh600702
2025-08-15 17:49:35,246 - INFO - 回测分析 [128/395]: sh603261
2025-08-15 17:49:35,250 - INFO - 回测分析 [129/395]: 31#00201
2025-08-15 17:49:35,253 - INFO - 回测分析 [130/395]: 31#01351
2025-08-15 17:49:35,257 - INFO - 回测分析 [131/395]: 31#01765
2025-08-15 17:49:35,260 - INFO - 回测分析 [132/395]: 31#01708
2025-08-15 17:49:35,264 - INFO - 回测分析 [133/395]: 48#08657
2025-08-15 17:49:35,269 - INFO - 回测分析 [134/395]: sh600054
2025-08-15 17:49:35,279 - INFO - 回测分析 [135/395]: 31#02120
2025-08-15 17:49:35,283 - INFO - 回测分析 [136/395]: 48#08152
2025-08-15 17:49:35,287 - INFO - 回测分析 [137/395]: 31#06958
2025-08-15 17:49:35,290 - INFO - 回测分析 [138/395]: 31#00102
2025-08-15 17:49:35,294 - INFO - 回测分析 [139/395]: 31#01246
2025-08-15 17:49:35,297 - INFO - 回测分析 [140/395]: 31#02623
2025-08-15 17:49:35,301 - INFO - 回测分析 [141/395]: 31#03616
2025-08-15 17:49:35,304 - INFO - 回测分析 [142/395]: 48#08431
2025-08-15 17:49:35,307 - INFO - 回测分析 [143/395]: 31#09998
2025-08-15 17:49:35,310 - INFO - 回测分析 [144/395]: 31#01955
2025-08-15 17:49:35,314 - INFO - 回测分析 [145/395]: 31#02168
2025-08-15 17:49:35,318 - INFO - 回测分析 [146/395]: 31#01547
2025-08-15 17:49:35,321 - INFO - 回测分析 [147/395]: 31#00606
2025-08-15 17:49:35,324 - INFO - 回测分析 [148/395]: 31#01058
2025-08-15 17:49:35,328 - INFO - 回测分析 [149/395]: 31#02187
2025-08-15 17:49:35,331 - INFO - 回测分析 [150/395]: 31#01399
2025-08-15 17:49:35,335 - INFO - 回测分析 [151/395]: 31#01284
2025-08-15 17:49:35,338 - INFO - 回测分析 [152/395]: 48#08411
2025-08-15 17:49:35,340 - INFO - 回测分析 [153/395]: 31#03798
2025-08-15 17:49:35,344 - INFO - 回测分析 [154/395]: 31#00382
2025-08-15 17:49:35,348 - INFO - 回测分析 [155/395]: 48#08347
2025-08-15 17:49:35,352 - INFO - 回测分析 [156/395]: 31#01498
2025-08-15 17:49:35,356 - INFO - 回测分析 [157/395]: 31#01002
2025-08-15 17:49:35,359 - INFO - 回测分析 [158/395]: 31#06610
2025-08-15 17:49:35,361 - INFO - 回测分析 [159/395]: 31#02383
2025-08-15 17:49:35,365 - INFO - 回测分析 [160/395]: 31#01343
2025-08-15 17:49:35,369 - INFO - 回测分析 [161/395]: sz000420
2025-08-15 17:49:35,378 - INFO - 回测分析 [162/395]: 31#01849
2025-08-15 17:49:35,382 - INFO - 回测分析 [163/395]: 31#02223
2025-08-15 17:49:35,385 - INFO - 回测分析 [164/395]: 31#00894
2025-08-15 17:49:35,388 - INFO - 回测分析 [165/395]: 31#01416
2025-08-15 17:49:35,392 - INFO - 回测分析 [166/395]: 48#08516
2025-08-15 17:49:35,395 - INFO - 回测分析 [167/395]: 31#01771
2025-08-15 17:49:35,398 - INFO - 回测分析 [168/395]: 31#02436
2025-08-15 17:49:35,401 - INFO - 回测分析 [169/395]: 48#08328
2025-08-15 17:49:35,405 - INFO - 回测分析 [170/395]: 31#03650
2025-08-15 17:49:35,408 - INFO - 回测分析 [171/395]: 48#08487
2025-08-15 17:49:35,411 - INFO - 回测分析 [172/395]: 31#03628
2025-08-15 17:49:35,414 - INFO - 回测分析 [173/395]: 31#02416
2025-08-15 17:49:35,417 - INFO - 回测分析 [174/395]: 31#01894
2025-08-15 17:49:35,420 - INFO - 回测分析 [175/395]: 31#03773
2025-08-15 17:49:35,424 - INFO - 回测分析 [176/395]: 31#02127
2025-08-15 17:49:35,427 - INFO - 回测分析 [177/395]: 48#08208
2025-08-15 17:49:35,431 - INFO - 回测分析 [178/395]: 31#02521
2025-08-15 17:49:35,433 - INFO - 回测分析 [179/395]: 31#00052
2025-08-15 17:49:35,437 - INFO - 回测分析 [180/395]: 31#02226
2025-08-15 17:49:35,440 - INFO - 回测分析 [181/395]: 31#01566
2025-08-15 17:49:35,444 - INFO - 回测分析 [182/395]: 48#08241
2025-08-15 17:49:35,447 - INFO - 回测分析 [183/395]: 31#02147
2025-08-15 17:49:35,450 - INFO - 回测分析 [184/395]: 31#00663
2025-08-15 17:49:35,453 - INFO - 回测分析 [185/395]: 31#09916
2025-08-15 17:49:35,457 - INFO - 回测分析 [186/395]: 31#00520
2025-08-15 17:49:35,461 - INFO - 回测分析 [187/395]: 31#01231
2025-08-15 17:49:35,463 - INFO - 回测分析 [188/395]: 31#01271
2025-08-15 17:49:35,467 - INFO - 回测分析 [189/395]: 31#00822
2025-08-15 17:49:35,471 - INFO - 回测分析 [190/395]: 31#03300
2025-08-15 17:49:35,475 - INFO - 回测分析 [191/395]: sz001300
2025-08-15 17:49:35,478 - INFO - 回测分析 [192/395]: 31#00812
2025-08-15 17:49:35,482 - INFO - 回测分析 [193/395]: 31#09686
2025-08-15 17:49:35,484 - INFO - 回测分析 [194/395]: 31#00483
2025-08-15 17:49:35,488 - INFO - 回测分析 [195/395]: 31#03913
2025-08-15 17:49:35,491 - INFO - 回测分析 [196/395]: 31#01348
2025-08-15 17:49:35,495 - INFO - 回测分析 [197/395]: 31#06999
2025-08-15 17:49:35,498 - INFO - 回测分析 [198/395]: sz002762
2025-08-15 17:49:35,503 - INFO - 回测分析 [199/395]: 31#01975
2025-08-15 17:49:35,506 - INFO - 回测分析 [200/395]: 31#00383
2025-08-15 17:49:35,509 - INFO - 回测分析 [201/395]: 31#01865
2025-08-15 17:49:35,513 - INFO - 回测分析 [202/395]: 31#00389
2025-08-15 17:49:35,517 - INFO - 回测分析 [203/395]: 48#08191
2025-08-15 17:49:35,520 - INFO - 回测分析 [204/395]: 31#01107
2025-08-15 17:49:35,523 - INFO - 回测分析 [205/395]: 31#00603
2025-08-15 17:49:35,527 - INFO - 回测分析 [206/395]: 31#01224
2025-08-15 17:49:35,530 - INFO - 回测分析 [207/395]: 31#02180
2025-08-15 17:49:35,534 - INFO - 回测分析 [208/395]: 31#00674
2025-08-15 17:49:35,537 - INFO - 回测分析 [209/395]: 31#09663
2025-08-15 17:49:35,540 - INFO - 回测分析 [210/395]: 31#01703
2025-08-15 17:49:35,543 - INFO - 回测分析 [211/395]: 31#02017
2025-08-15 17:49:35,546 - INFO - 回测分析 [212/395]: 31#01542
2025-08-15 17:49:35,548 - INFO - 回测分析 [213/395]: 31#00195
2025-08-15 17:49:35,552 - INFO - 回测分析 [214/395]: 31#01978
2025-08-15 17:49:35,556 - INFO - 回测分析 [215/395]: 31#03390
2025-08-15 17:49:35,559 - INFO - 回测分析 [216/395]: 31#01960
2025-08-15 17:49:35,563 - INFO - 回测分析 [217/395]: 31#01560
2025-08-15 17:49:35,566 - INFO - 回测分析 [218/395]: 31#03603
2025-08-15 17:49:35,570 - INFO - 回测分析 [219/395]: sz000595
2025-08-15 17:49:35,575 - INFO - 回测分析 [220/395]: 31#01008
2025-08-15 17:49:35,578 - INFO - 回测分析 [221/395]: 31#00765
2025-08-15 17:49:35,581 - INFO - 回测分析 [222/395]: 31#02486
2025-08-15 17:49:35,584 - INFO - 回测分析 [223/395]: 48#08536
2025-08-15 17:49:35,587 - INFO - 回测分析 [224/395]: 31#00438
2025-08-15 17:49:35,591 - INFO - 回测分析 [225/395]: 31#02212
2025-08-15 17:49:35,595 - INFO - 回测分析 [226/395]: 31#01323
2025-08-15 17:49:35,598 - INFO - 回测分析 [227/395]: 48#08291
2025-08-15 17:49:35,602 - INFO - 回测分析 [228/395]: 48#08057
2025-08-15 17:49:35,605 - INFO - 回测分析 [229/395]: 31#06918
2025-08-15 17:49:35,609 - INFO - 回测分析 [230/395]: 48#08429
2025-08-15 17:49:35,612 - INFO - 回测分析 [231/395]: 31#01183
2025-08-15 17:49:35,616 - INFO - 回测分析 [232/395]: 31#02482
2025-08-15 17:49:35,619 - INFO - 回测分析 [233/395]: 31#01846
2025-08-15 17:49:35,623 - INFO - 回测分析 [234/395]: 31#00831
2025-08-15 17:49:35,627 - INFO - 回测分析 [235/395]: 31#01408
2025-08-15 17:49:35,630 - INFO - 回测分析 [236/395]: sz001358
2025-08-15 17:49:35,634 - INFO - 回测分析 [237/395]: 31#01156
2025-08-15 17:49:35,637 - INFO - 回测分析 [238/395]: 31#00750
2025-08-15 17:49:35,641 - INFO - 回测分析 [239/395]: 31#02459
2025-08-15 17:49:35,644 - INFO - 回测分析 [240/395]: 31#00724
2025-08-15 17:49:35,647 - INFO - 回测分析 [241/395]: 31#01429
2025-08-15 17:49:35,651 - INFO - 回测分析 [242/395]: 48#08250
2025-08-15 17:49:35,654 - INFO - 回测分析 [243/395]: 31#01645
2025-08-15 17:49:35,658 - INFO - 回测分析 [244/395]: sz000521
2025-08-15 17:49:35,663 - INFO - 回测分析 [245/395]: 31#01733
2025-08-15 17:49:35,667 - INFO - 回测分析 [246/395]: sh603178
2025-08-15 17:49:35,672 - INFO - 回测分析 [247/395]: 31#01198
2025-08-15 17:49:35,675 - INFO - 回测分析 [248/395]: 31#01854
2025-08-15 17:49:35,679 - INFO - 回测分析 [249/395]: 48#08437
2025-08-15 17:49:35,682 - INFO - 回测分析 [250/395]: sz300208
2025-08-15 17:49:35,686 - INFO - 回测分析 [251/395]: 31#01332
2025-08-15 17:49:35,690 - INFO - 回测分析 [252/395]: 31#01845
2025-08-15 17:49:35,693 - INFO - 回测分析 [253/395]: 31#00738
2025-08-15 17:49:35,696 - INFO - 回测分析 [254/395]: 31#01922
2025-08-15 17:49:35,700 - INFO - 回测分析 [255/395]: 31#09857
2025-08-15 17:49:35,703 - INFO - 回测分析 [256/395]: 31#00162
2025-08-15 17:49:35,706 - INFO - 回测分析 [257/395]: 31#00410
2025-08-15 17:49:35,710 - INFO - 回测分析 [258/395]: 48#08238
2025-08-15 17:49:35,713 - INFO - 回测分析 [259/395]: 31#01575
2025-08-15 17:49:35,717 - INFO - 回测分析 [260/395]: 31#06966
2025-08-15 17:49:35,720 - INFO - 回测分析 [261/395]: sh603721
2025-08-15 17:49:35,724 - INFO - 回测分析 [262/395]: 31#00253
2025-08-15 17:49:35,727 - INFO - 回测分析 [263/395]: 31#00830
2025-08-15 17:49:35,731 - INFO - 回测分析 [264/395]: 31#01417
2025-08-15 17:49:35,735 - INFO - 回测分析 [265/395]: 31#00037
2025-08-15 17:49:35,738 - INFO - 回测分析 [266/395]: 31#02385
2025-08-15 17:49:35,741 - INFO - 回测分析 [267/395]: 31#02215
2025-08-15 17:49:35,744 - INFO - 回测分析 [268/395]: 31#03333
2025-08-15 17:49:35,747 - INFO - 回测分析 [269/395]: 31#01245
2025-08-15 17:49:35,751 - INFO - 回测分析 [270/395]: 48#08451
2025-08-15 17:49:35,754 - INFO - 回测分析 [271/395]: 31#01983
2025-08-15 17:49:35,757 - INFO - 回测分析 [272/395]: 31#00488
2025-08-15 17:49:35,760 - INFO - 回测分析 [273/395]: 31#01495
2025-08-15 17:49:35,764 - INFO - 回测分析 [274/395]: 31#02372
2025-08-15 17:49:35,767 - INFO - 回测分析 [275/395]: 31#01222
2025-08-15 17:49:35,771 - INFO - 回测分析 [276/395]: 31#01463
2025-08-15 17:49:35,775 - INFO - 回测分析 [277/395]: 48#08659
2025-08-15 17:49:35,778 - INFO - 回测分析 [278/395]: sh600026
2025-08-15 17:49:35,783 - INFO - 回测分析 [279/395]: 48#08069
2025-08-15 17:49:35,787 - INFO - 回测分析 [280/395]: sz002529
2025-08-15 17:49:35,792 - INFO - 回测分析 [281/395]: 31#09977
2025-08-15 17:49:35,795 - INFO - 回测分析 [282/395]: 31#01638
2025-08-15 17:49:35,799 - INFO - 回测分析 [283/395]: sh605577
2025-08-15 17:49:35,803 - INFO - 回测分析 [284/395]: 31#00810
2025-08-15 17:49:35,806 - INFO - 回测分析 [285/395]: 31#02439
2025-08-15 17:49:35,809 - INFO - 回测分析 [286/395]: 31#02405
2025-08-15 17:49:35,812 - INFO - 回测分析 [287/395]: 31#02370
2025-08-15 17:49:35,815 - INFO - 回测分析 [288/395]: 31#01189
2025-08-15 17:49:35,818 - INFO - 回测分析 [289/395]: 31#01489
2025-08-15 17:49:35,821 - INFO - 回测分析 [290/395]: 31#01410
2025-08-15 17:49:35,824 - INFO - 回测分析 [291/395]: sz300175
2025-08-15 17:49:35,829 - INFO - 回测分析 [292/395]: 31#00685
2025-08-15 17:49:35,832 - INFO - 回测分析 [293/395]: 31#00556
2025-08-15 17:49:35,836 - INFO - 回测分析 [294/395]: 31#02199
2025-08-15 17:49:35,839 - INFO - 回测分析 [295/395]: 31#02422
2025-08-15 17:49:35,842 - INFO - 回测分析 [296/395]: sz002521
2025-08-15 17:49:35,847 - INFO - 回测分析 [297/395]: sh603609
2025-08-15 17:49:35,855 - INFO - 回测分析 [298/395]: sz000518
2025-08-15 17:49:35,860 - INFO - 回测分析 [299/395]: 48#08527
2025-08-15 17:49:35,864 - INFO - 回测分析 [300/395]: sh600546
2025-08-15 17:49:35,868 - INFO - 回测分析 [301/395]: 48#08001
2025-08-15 17:49:35,871 - INFO - 回测分析 [302/395]: 31#02182
2025-08-15 17:49:35,875 - INFO - 回测分析 [303/395]: 31#01655
2025-08-15 17:49:35,878 - INFO - 回测分析 [304/395]: 31#02153
2025-08-15 17:49:35,881 - INFO - 回测分析 [305/395]: 31#01650
2025-08-15 17:49:35,884 - INFO - 回测分析 [306/395]: 31#00118
2025-08-15 17:49:35,887 - INFO - 回测分析 [307/395]: 31#00720
2025-08-15 17:49:35,890 - INFO - 回测分析 [308/395]: 31#01895
2025-08-15 17:49:35,893 - INFO - 回测分析 [309/395]: sh600199
2025-08-15 17:49:35,898 - INFO - 回测分析 [310/395]: sh600810
2025-08-15 17:49:35,906 - INFO - 回测分析 [311/395]: 31#00191
2025-08-15 17:49:35,909 - INFO - 回测分析 [312/395]: 31#01996
2025-08-15 17:49:35,913 - INFO - 回测分析 [313/395]: 31#00431
2025-08-15 17:49:35,917 - INFO - 回测分析 [314/395]: 31#02258
2025-08-15 17:49:35,920 - INFO - 回测分析 [315/395]: 31#01383
2025-08-15 17:49:35,923 - INFO - 回测分析 [316/395]: 31#01143
2025-08-15 17:49:35,927 - INFO - 回测分析 [317/395]: 31#01029
2025-08-15 17:49:35,931 - INFO - 回测分析 [318/395]: 48#08627
2025-08-15 17:49:35,934 - INFO - 回测分析 [319/395]: 48#08392
2025-08-15 17:49:35,938 - INFO - 回测分析 [320/395]: 48#08526
2025-08-15 17:49:35,941 - INFO - 回测分析 [321/395]: 48#08423
2025-08-15 17:49:35,944 - INFO - 回测分析 [322/395]: 31#01543
2025-08-15 17:49:35,948 - INFO - 回测分析 [323/395]: 31#01362
2025-08-15 17:49:35,950 - INFO - 回测分析 [324/395]: 31#00082
2025-08-15 17:49:35,954 - INFO - 回测分析 [325/395]: sz300268
2025-08-15 17:49:35,958 - INFO - 回测分析 [326/395]: 31#02361
2025-08-15 17:49:35,961 - INFO - 回测分析 [327/395]: 31#09938
2025-08-15 17:49:35,964 - INFO - 回测分析 [328/395]: 31#06812
2025-08-15 17:49:35,967 - INFO - 回测分析 [329/395]: 48#08126
2025-08-15 17:49:35,970 - INFO - 回测分析 [330/395]: 31#06689
2025-08-15 17:49:35,972 - INFO - 回测分析 [331/395]: 31#06677
2025-08-15 17:49:35,976 - INFO - 回测分析 [332/395]: 31#03363
2025-08-15 17:49:35,978 - INFO - 回测分析 [333/395]: 31#01161
2025-08-15 17:49:35,982 - INFO - 回测分析 [334/395]: 31#01563
2025-08-15 17:49:35,986 - INFO - 回测分析 [335/395]: 31#01965
2025-08-15 17:49:35,989 - INFO - 回测分析 [336/395]: sz300338
2025-08-15 17:49:35,992 - INFO - 回测分析 [337/395]: 31#06036
2025-08-15 17:49:35,996 - INFO - 回测分析 [338/395]: 31#01820
2025-08-15 17:49:36,000 - INFO - 回测分析 [339/395]: 31#01360
2025-08-15 17:49:36,003 - INFO - 回测分析 [340/395]: sh603348
2025-08-15 17:49:36,008 - INFO - 回测分析 [341/395]: 31#09963
2025-08-15 17:49:36,011 - INFO - 回测分析 [342/395]: 31#01869
2025-08-15 17:49:36,014 - INFO - 回测分析 [343/395]: 31#01830
2025-08-15 17:49:36,018 - INFO - 回测分析 [344/395]: 31#00009
2025-08-15 17:49:36,022 - INFO - 回测分析 [345/395]: sz002630
2025-08-15 17:49:36,026 - INFO - 回测分析 [346/395]: 31#01719
2025-08-15 17:49:36,030 - INFO - 回测分析 [347/395]: sz002581
2025-08-15 17:49:36,034 - INFO - 回测分析 [348/395]: 48#08412
2025-08-15 17:49:36,037 - INFO - 回测分析 [349/395]: 31#01953
2025-08-15 17:49:36,041 - INFO - 回测分析 [350/395]: 48#08047
2025-08-15 17:49:36,044 - INFO - 回测分析 [351/395]: 31#00018
2025-08-15 17:49:36,048 - INFO - 回测分析 [352/395]: 31#06199
2025-08-15 17:49:36,051 - INFO - 回测分析 [353/395]: 31#00936
2025-08-15 17:49:36,054 - INFO - 回测分析 [354/395]: 31#09929
2025-08-15 17:49:36,057 - INFO - 回测分析 [355/395]: 48#08472
2025-08-15 17:49:36,061 - INFO - 回测分析 [356/395]: 31#06190
2025-08-15 17:49:36,063 - INFO - 回测分析 [357/395]: 31#00593
2025-08-15 17:49:36,066 - INFO - 回测分析 [358/395]: 48#08167
2025-08-15 17:49:36,070 - INFO - 回测分析 [359/395]: 31#09982
2025-08-15 17:49:36,073 - INFO - 回测分析 [360/395]: 31#01255
2025-08-15 17:49:36,076 - INFO - 回测分析 [361/395]: 31#02222
2025-08-15 17:49:36,079 - INFO - 回测分析 [362/395]: 31#01692
2025-08-15 17:49:36,083 - INFO - 回测分析 [363/395]: 31#03997
2025-08-15 17:49:36,086 - INFO - 回测分析 [364/395]: 48#08203
2025-08-15 17:49:36,089 - INFO - 回测分析 [365/395]: 31#01034
2025-08-15 17:49:36,092 - INFO - 回测分析 [366/395]: 31#01727
2025-08-15 17:49:36,096 - INFO - 回测分析 [367/395]: 31#01707
2025-08-15 17:49:36,099 - INFO - 回测分析 [368/395]: 48#08225
2025-08-15 17:49:36,103 - INFO - 回测分析 [369/395]: 31#02193
2025-08-15 17:49:36,105 - INFO - 回测分析 [370/395]: 31#01532
2025-08-15 17:49:36,109 - INFO - 回测分析 [371/395]: 48#08616
2025-08-15 17:49:36,112 - INFO - 回测分析 [372/395]: 31#01817
2025-08-15 17:49:36,116 - INFO - 回测分析 [373/395]: 31#01442
2025-08-15 17:49:36,119 - INFO - 回测分析 [374/395]: 48#08612
2025-08-15 17:49:36,123 - INFO - 回测分析 [375/395]: 31#00174
2025-08-15 17:49:36,125 - INFO - 回测分析 [376/395]: sh605108
2025-08-15 17:49:36,129 - INFO - 回测分析 [377/395]: 48#08475
2025-08-15 17:49:36,132 - INFO - 回测分析 [378/395]: 31#01936
2025-08-15 17:49:36,136 - INFO - 回测分析 [379/395]: 31#06063
2025-08-15 17:49:36,139 - INFO - 回测分析 [380/395]: sz003004
2025-08-15 17:49:36,144 - INFO - 回测分析 [381/395]: 31#00007
2025-08-15 17:49:36,147 - INFO - 回测分析 [382/395]: 31#06939
2025-08-15 17:49:36,150 - INFO - 回测分析 [383/395]: 48#08495
2025-08-15 17:49:36,153 - INFO - 回测分析 [384/395]: 31#00929
2025-08-15 17:49:36,157 - INFO - 回测分析 [385/395]: 31#00302
2025-08-15 17:49:36,161 - INFO - 回测分析 [386/395]: 31#01004
2025-08-15 17:49:36,163 - INFO - 回测分析 [387/395]: 31#01569
2025-08-15 17:49:36,167 - INFO - 回测分析 [388/395]: 31#03683
2025-08-15 17:49:36,171 - INFO - 回测分析 [389/395]: 31#01699
2025-08-15 17:49:36,173 - INFO - 回测分析 [390/395]: 31#01317
2025-08-15 17:49:36,177 - INFO - 回测分析 [391/395]: sz000736
2025-08-15 17:49:36,181 - INFO - 回测分析 [392/395]: 31#00587
2025-08-15 17:49:36,185 - INFO - 回测分析 [393/395]: 31#06606
2025-08-15 17:49:36,188 - INFO - 回测分析 [394/395]: 31#01909
2025-08-15 17:49:36,191 - INFO - 回测分析 [395/395]: 31#01971
2025-08-15 17:49:36,195 - INFO - 筛选完成，发现 395 个信号，耗时 29.65 秒
2025-08-15 17:49:36,228 - INFO - 结果已保存至: /home/hypnosis/data/quant_base/data/result/UNIVERSAL_SCREENING
