2025-08-15 15:28:28,893 - INFO - 加载配置文件: /home/hypnosis/data/quant_base/backend/strategies_config.json
2025-08-15 15:28:28,894 - INFO - 配置加载成功: 5 个策略
2025-08-15 15:28:28,894 - INFO - 配置管理器初始化完成，配置文件: /home/hypnosis/data/quant_base/config/unified_strategy_config.json
2025-08-15 15:28:28,895 - INFO - 通用筛选器初始化完成
2025-08-15 15:28:28,895 - INFO - ===== 开始执行通用股票筛选 =====
2025-08-15 15:28:28,914 - INFO - 共找到 11839 个股票文件
2025-08-15 15:28:28,915 - INFO - 启用的策略: ['深渊筑底策略_v2.0', '临界金叉_v1.0', '三重金叉_v1.0', 'MACD零轴启动_v1.0', '周线金叉+日线MA_v1.0']
2025-08-15 15:28:45,843 - INFO - 对 50 个信号结果进行回测摘要分析...
2025-08-15 15:28:45,843 - INFO - 回测分析 [1/50]: sz000595
2025-08-15 15:28:45,848 - WARNING - 策略ID 深渊筑底策略 未找到，使用替代ID: 深渊筑底策略_v2.0
2025-08-15 15:28:45,852 - INFO - 回测分析 [2/50]: sh600171
2025-08-15 15:28:45,854 - WARNING - 策略ID 周线金叉+日线MA 未找到，使用替代ID: 周线金叉+日线MA_v1.0
2025-08-15 15:28:45,863 - INFO - 回测分析 [3/50]: sh600702
2025-08-15 15:28:45,865 - WARNING - 策略ID 深渊筑底策略 未找到，使用替代ID: 深渊筑底策略_v2.0
2025-08-15 15:28:45,869 - INFO - 回测分析 [4/50]: sh600860
2025-08-15 15:28:45,871 - WARNING - 策略ID 周线金叉+日线MA 未找到，使用替代ID: 周线金叉+日线MA_v1.0
2025-08-15 15:28:45,878 - INFO - 回测分析 [5/50]: sz002529
2025-08-15 15:28:45,880 - WARNING - 策略ID 深渊筑底策略 未找到，使用替代ID: 深渊筑底策略_v2.0
2025-08-15 15:28:45,883 - INFO - 回测分析 [6/50]: sz000536
2025-08-15 15:28:45,885 - WARNING - 策略ID 周线金叉+日线MA 未找到，使用替代ID: 周线金叉+日线MA_v1.0
2025-08-15 15:28:45,893 - INFO - 回测分析 [7/50]: sh600123
2025-08-15 15:28:45,895 - WARNING - 策略ID 深渊筑底策略 未找到，使用替代ID: 深渊筑底策略_v2.0
2025-08-15 15:28:45,897 - INFO - 回测分析 [8/50]: sz002521
2025-08-15 15:28:45,899 - WARNING - 策略ID 深渊筑底策略 未找到，使用替代ID: 深渊筑底策略_v2.0
2025-08-15 15:28:45,902 - INFO - 回测分析 [9/50]: sz002531
2025-08-15 15:28:45,904 - WARNING - 策略ID 深渊筑底策略 未找到，使用替代ID: 深渊筑底策略_v2.0
2025-08-15 15:28:45,906 - INFO - 回测分析 [10/50]: sz000810
2025-08-15 15:28:45,909 - WARNING - 策略ID 周线金叉+日线MA 未找到，使用替代ID: 周线金叉+日线MA_v1.0
2025-08-15 15:28:45,914 - INFO - 回测分析 [11/50]: sz002789
2025-08-15 15:28:45,916 - WARNING - 策略ID 深渊筑底策略 未找到，使用替代ID: 深渊筑底策略_v2.0
2025-08-15 15:28:45,919 - INFO - 回测分析 [12/50]: sz000820
2025-08-15 15:28:45,945 - WARNING - 策略ID 深渊筑底策略 未找到，使用替代ID: 深渊筑底策略_v2.0
2025-08-15 15:28:45,949 - INFO - 回测分析 [13/50]: sz002762
2025-08-15 15:28:45,951 - WARNING - 策略ID 深渊筑底策略 未找到，使用替代ID: 深渊筑底策略_v2.0
2025-08-15 15:28:45,953 - INFO - 回测分析 [14/50]: sz300175
2025-08-15 15:28:45,955 - WARNING - 策略ID 深渊筑底策略 未找到，使用替代ID: 深渊筑底策略_v2.0
2025-08-15 15:28:45,958 - INFO - 回测分析 [15/50]: sz000521
2025-08-15 15:28:45,960 - WARNING - 策略ID 深渊筑底策略 未找到，使用替代ID: 深渊筑底策略_v2.0
2025-08-15 15:28:45,963 - INFO - 回测分析 [16/50]: sz002662
2025-08-15 15:28:45,965 - WARNING - 策略ID 周线金叉+日线MA 未找到，使用替代ID: 周线金叉+日线MA_v1.0
2025-08-15 15:28:45,972 - INFO - 回测分析 [17/50]: sh603517
2025-08-15 15:28:45,974 - WARNING - 策略ID 周线金叉+日线MA 未找到，使用替代ID: 周线金叉+日线MA_v1.0
2025-08-15 15:28:45,979 - INFO - 回测分析 [18/50]: sh603261
2025-08-15 15:28:45,980 - WARNING - 策略ID 深渊筑底策略 未找到，使用替代ID: 深渊筑底策略_v2.0
2025-08-15 15:28:45,983 - INFO - 回测分析 [19/50]: sh600054
2025-08-15 15:28:45,985 - WARNING - 策略ID 周线金叉+日线MA 未找到，使用替代ID: 周线金叉+日线MA_v1.0
2025-08-15 15:28:45,991 - INFO - 回测分析 [20/50]: sh603348
2025-08-15 15:28:45,993 - WARNING - 策略ID 深渊筑底策略 未找到，使用替代ID: 深渊筑底策略_v2.0
2025-08-15 15:28:45,996 - INFO - 回测分析 [21/50]: sz300908
2025-08-15 15:28:45,997 - WARNING - 策略ID 周线金叉+日线MA 未找到，使用替代ID: 周线金叉+日线MA_v1.0
2025-08-15 15:28:46,003 - INFO - 回测分析 [22/50]: sz002630
2025-08-15 15:28:46,005 - WARNING - 策略ID 深渊筑底策略 未找到，使用替代ID: 深渊筑底策略_v2.0
2025-08-15 15:28:46,008 - INFO - 回测分析 [23/50]: sz002581
2025-08-15 15:28:46,010 - WARNING - 策略ID 深渊筑底策略 未找到，使用替代ID: 深渊筑底策略_v2.0
2025-08-15 15:28:46,012 - INFO - 回测分析 [24/50]: sh688209
2025-08-15 15:28:46,013 - WARNING - 策略ID 周线金叉+日线MA 未找到，使用替代ID: 周线金叉+日线MA_v1.0
2025-08-15 15:28:46,018 - INFO - 回测分析 [25/50]: sh600026
2025-08-15 15:28:46,020 - WARNING - 策略ID 深渊筑底策略 未找到，使用替代ID: 深渊筑底策略_v2.0
2025-08-15 15:28:46,023 - INFO - 回测分析 [26/50]: sh603231
2025-08-15 15:28:46,023 - WARNING - 策略ID 深渊筑底策略 未找到，使用替代ID: 深渊筑底策略_v2.0
2025-08-15 15:28:46,026 - INFO - 回测分析 [27/50]: sz003025
2025-08-15 15:28:46,028 - WARNING - 策略ID 周线金叉+日线MA 未找到，使用替代ID: 周线金叉+日线MA_v1.0
2025-08-15 15:28:46,032 - INFO - 回测分析 [28/50]: sh600756
2025-08-15 15:28:46,034 - WARNING - 策略ID 周线金叉+日线MA 未找到，使用替代ID: 周线金叉+日线MA_v1.0
2025-08-15 15:28:46,040 - INFO - 回测分析 [29/50]: sz003032
2025-08-15 15:28:46,042 - WARNING - 策略ID 深渊筑底策略 未找到，使用替代ID: 深渊筑底策略_v2.0
2025-08-15 15:28:46,045 - INFO - 回测分析 [30/50]: sz001300
2025-08-15 15:28:46,046 - WARNING - 策略ID 深渊筑底策略 未找到，使用替代ID: 深渊筑底策略_v2.0
2025-08-15 15:28:46,048 - INFO - 回测分析 [31/50]: sh603721
2025-08-15 15:28:46,050 - WARNING - 策略ID 深渊筑底策略 未找到，使用替代ID: 深渊筑底策略_v2.0
2025-08-15 15:28:46,054 - INFO - 回测分析 [32/50]: sz300603
2025-08-15 15:28:46,056 - WARNING - 策略ID 周线金叉+日线MA 未找到，使用替代ID: 周线金叉+日线MA_v1.0
2025-08-15 15:28:46,061 - INFO - 回测分析 [33/50]: sz000518
2025-08-15 15:28:46,063 - WARNING - 策略ID 深渊筑底策略 未找到，使用替代ID: 深渊筑底策略_v2.0
2025-08-15 15:28:46,066 - INFO - 回测分析 [34/50]: sh600355
2025-08-15 15:28:46,068 - WARNING - 策略ID 深渊筑底策略 未找到，使用替代ID: 深渊筑底策略_v2.0
2025-08-15 15:28:46,071 - INFO - 回测分析 [35/50]: sh605577
2025-08-15 15:28:46,072 - WARNING - 策略ID 深渊筑底策略 未找到，使用替代ID: 深渊筑底策略_v2.0
2025-08-15 15:28:46,075 - INFO - 回测分析 [36/50]: sh603178
2025-08-15 15:28:46,077 - WARNING - 策略ID 深渊筑底策略 未找到，使用替代ID: 深渊筑底策略_v2.0
2025-08-15 15:28:46,080 - INFO - 回测分析 [37/50]: sz300338
2025-08-15 15:28:46,082 - WARNING - 策略ID 深渊筑底策略 未找到，使用替代ID: 深渊筑底策略_v2.0
2025-08-15 15:28:46,083 - INFO - 回测分析 [38/50]: sz002101
2025-08-15 15:28:46,086 - WARNING - 策略ID 周线金叉+日线MA 未找到，使用替代ID: 周线金叉+日线MA_v1.0
2025-08-15 15:28:46,092 - INFO - 回测分析 [39/50]: sz000736
2025-08-15 15:28:46,094 - WARNING - 策略ID 深渊筑底策略 未找到，使用替代ID: 深渊筑底策略_v2.0
2025-08-15 15:28:46,097 - INFO - 回测分析 [40/50]: sz300268
2025-08-15 15:28:46,099 - WARNING - 策略ID 深渊筑底策略 未找到，使用替代ID: 深渊筑底策略_v2.0
2025-08-15 15:28:46,100 - INFO - 回测分析 [41/50]: sz300208
2025-08-15 15:28:46,103 - WARNING - 策略ID 深渊筑底策略 未找到，使用替代ID: 深渊筑底策略_v2.0
2025-08-15 15:28:46,104 - INFO - 回测分析 [42/50]: sh600546
2025-08-15 15:28:46,106 - WARNING - 策略ID 深渊筑底策略 未找到，使用替代ID: 深渊筑底策略_v2.0
2025-08-15 15:28:46,109 - INFO - 回测分析 [43/50]: sh605108
2025-08-15 15:28:46,111 - WARNING - 策略ID 深渊筑底策略 未找到，使用替代ID: 深渊筑底策略_v2.0
2025-08-15 15:28:46,113 - INFO - 回测分析 [44/50]: sz000723
2025-08-15 15:28:46,115 - WARNING - 策略ID 深渊筑底策略 未找到，使用替代ID: 深渊筑底策略_v2.0
2025-08-15 15:28:46,118 - INFO - 回测分析 [45/50]: sh600199
2025-08-15 15:28:46,120 - WARNING - 策略ID 深渊筑底策略 未找到，使用替代ID: 深渊筑底策略_v2.0
2025-08-15 15:28:46,137 - INFO - 回测分析 [46/50]: sz003004
2025-08-15 15:28:46,139 - WARNING - 策略ID 深渊筑底策略 未找到，使用替代ID: 深渊筑底策略_v2.0
2025-08-15 15:28:46,142 - INFO - 回测分析 [47/50]: sh603366
2025-08-15 15:28:46,144 - WARNING - 策略ID 深渊筑底策略 未找到，使用替代ID: 深渊筑底策略_v2.0
2025-08-15 15:28:46,147 - INFO - 回测分析 [48/50]: sz001333
2025-08-15 15:28:46,148 - WARNING - 策略ID 周线金叉+日线MA 未找到，使用替代ID: 周线金叉+日线MA_v1.0
2025-08-15 15:28:46,153 - INFO - 回测分析 [49/50]: sz002239
2025-08-15 15:28:46,155 - WARNING - 策略ID 周线金叉+日线MA 未找到，使用替代ID: 周线金叉+日线MA_v1.0
2025-08-15 15:28:46,161 - INFO - 回测分析 [50/50]: sz001378
2025-08-15 15:28:46,162 - WARNING - 策略ID 深渊筑底策略 未找到，使用替代ID: 深渊筑底策略_v2.0
2025-08-15 15:28:46,164 - INFO - 筛选完成，发现 50 个信号，耗时 17.27 秒
2025-08-15 15:28:46,170 - INFO - 结果已保存至: /home/hypnosis/data/quant_base/data/result/UNIVERSAL_SCREENING
